Added Component: Designator=TP106(TestPoint)
Add component (AddParameter): Name = "Category"; Value = "TestPoint"; VariantName = "[No Variations]"
Added Pin To Net: NetName=NetF106_1 Pin=TP106-1
Added Member To Class: ClassName=Accumulator_HotDog Member=Component F100 0437001.WRA
Added Member To Class: ClassName=Accumulator_HotDog Member=Component F101 0437001.WRA
Added Member To Class: ClassName=Accumulator_HotDog Member=Component F102 0437001.WRA
Added Member To Class: ClassName=Accumulator_HotDog Member=Component F103 0437001.WRA
Added Member To Class: ClassName=Accumulator_HotDog Member=Component F104 0437001.WRA
Added Member To Class: ClassName=Accumulator_HotDog Member=Component F105 0437001.WRA
Added Member To Class: ClassName=Accumulator_HotDog Member=Component F106 0437001.WRA
Added Member To Class: ClassName=Accumulator_HotDog Member=Component F107 0437001.WRA
Added Member To Class: ClassName=Accumulator_HotDog Member=Component F108 0437001.WRA
Added Member To Class: ClassName=Accumulator_HotDog Member=Component F109 0437001.WRA
Added Member To Class: ClassName=Accumulator_HotDog Member=Component F110 0437001.WRA
Added Member To Class: ClassName=Accumulator_HotDog Member=Component F200 0437001.WRA
Added Member To Class: ClassName=Accumulator_HotDog Member=Component F201 0437001.WRA
Added Member To Class: ClassName=Accumulator_HotDog Member=Component F202 0437001.WRA
Added Member To Class: ClassName=Accumulator_HotDog Member=Component F203 0437001.WRA
Added Member To Class: ClassName=Accumulator_HotDog Member=Component F204 0437001.WRA
Added Member To Class: ClassName=Accumulator_HotDog Member=Component F205 0437001.WRA
Added Member To Class: ClassName=Accumulator_HotDog Member=Component F206 0437001.WRA
Added Member To Class: ClassName=Accumulator_HotDog Member=Component F207 0437001.WRA
Added Member To Class: ClassName=Accumulator_HotDog Member=Component F208 0437001.WRA
Added Member To Class: ClassName=Accumulator_HotDog Member=Component F300 0437001.WRA
Added Member To Class: ClassName=Accumulator_HotDog Member=Component F301 0437001.WRA
Added Member To Class: ClassName=Accumulator_HotDog Member=Component F302 0437001.WRA
Added Member To Class: ClassName=Accumulator_HotDog Member=Component F303 0437001.WRA
Added Member To Class: ClassName=Accumulator_HotDog Member=Component F304 0437001.WRA
Added Member To Class: ClassName=Accumulator_HotDog Member=Component F305 0437001.WRA
Added Member To Class: ClassName=Accumulator_HotDog Member=Component F306 0437001.WRA
Added Member To Class: ClassName=Accumulator_HotDog Member=Component F307 0437001.WRA
Added Member To Class: ClassName=Accumulator_HotDog Member=Component F308 0437001.WRA
Added Member To Class: ClassName=Accumulator_HotDog Member=Component F309 0437001.WRA
Added Member To Class: ClassName=Accumulator_HotDog Member=Component F310 0437001.WRA
Added Member To Class: ClassName=Accumulator_HotDog Member=Component J101 J_MicroFit_1x12_V
Added Member To Class: ClassName=Accumulator_HotDog Member=Component J102 J_SocketHeader_1x8
Added Member To Class: ClassName=Accumulator_HotDog Member=Component J201 J_MicroFit_1x12_V
Added Member To Class: ClassName=Accumulator_HotDog Member=Component J202 J_SocketHeader_1x8
Added Member To Class: ClassName=Accumulator_HotDog Member=Component J301 J_MicroFit_1x12_V
Added Member To Class: ClassName=Accumulator_HotDog Member=Component J302 J_SocketHeader_1x8
Added Member To Class: ClassName=Accumulator_HotDog Member=Component NTC101 NXRT15XV103FA1B040
Added Member To Class: ClassName=Accumulator_HotDog Member=Component NTC102 NXRT15XV103FA1B040
Added Member To Class: ClassName=Accumulator_HotDog Member=Component NTC103 NXRT15XV103FA1B040
Added Member To Class: ClassName=Accumulator_HotDog Member=Component NTC104 NXRT15XV103FA1B040
Added Member To Class: ClassName=Accumulator_HotDog Member=Component NTC105 NXRT15XV103FA1B040
Added Member To Class: ClassName=Accumulator_HotDog Member=Component NTC106 NXRT15XV103FA1B040
Added Member To Class: ClassName=Accumulator_HotDog Member=Component NTC107 NXRT15XV103FA1B040
Added Member To Class: ClassName=Accumulator_HotDog Member=Component NTC108 NXRT15XV103FA1B040
Added Member To Class: ClassName=Accumulator_HotDog Member=Component NTC201 NXRT15XV103FA1B040
Added Member To Class: ClassName=Accumulator_HotDog Member=Component NTC202 NXRT15XV103FA1B040
Added Member To Class: ClassName=Accumulator_HotDog Member=Component NTC203 NXRT15XV103FA1B040
Added Member To Class: ClassName=Accumulator_HotDog Member=Component NTC204 NXRT15XV103FA1B040
Added Member To Class: ClassName=Accumulator_HotDog Member=Component NTC205 NXRT15XV103FA1B040
Added Member To Class: ClassName=Accumulator_HotDog Member=Component NTC206 NXRT15XV103FA1B040
Added Member To Class: ClassName=Accumulator_HotDog Member=Component NTC207 NXRT15XV103FA1B040
Added Member To Class: ClassName=Accumulator_HotDog Member=Component NTC208 NXRT15XV103FA1B040
Added Member To Class: ClassName=Accumulator_HotDog Member=Component NTC301 NXRT15XV103FA1B040
Added Member To Class: ClassName=Accumulator_HotDog Member=Component NTC302 NXRT15XV103FA1B040
Added Member To Class: ClassName=Accumulator_HotDog Member=Component NTC303 NXRT15XV103FA1B040
Added Member To Class: ClassName=Accumulator_HotDog Member=Component NTC304 NXRT15XV103FA1B040
Added Member To Class: ClassName=Accumulator_HotDog Member=Component NTC305 NXRT15XV103FA1B040
Added Member To Class: ClassName=Accumulator_HotDog Member=Component NTC306 NXRT15XV103FA1B040
Added Member To Class: ClassName=Accumulator_HotDog Member=Component NTC307 NXRT15XV103FA1B040
Added Member To Class: ClassName=Accumulator_HotDog Member=Component NTC308 NXRT15XV103FA1B040
Added Member To Class: ClassName=Accumulator_HotDog Member=Component TP106 TestPoint
