Removed Pin From Net: NetName=GND_Slave_1 Pin=F111-2
Removed Pin From Net: NetName=GND_Slave_2 Pin=F211-2
Removed Pin From Net: NetName=GND_Slave_3 Pin=F311-2
Removed Pin From Net: NetName=NetF101_2 Pin=J101-1
Removed Pin From Net: NetName=NetF102_2 Pin=J101-2
Removed Pin From Net: NetName=NetF103_2 Pin=J101-3
Removed Pin From Net: NetName=NetF104_2 Pin=J101-4
Removed Pin From Net: NetName=NetF105_2 Pin=J101-5
Removed Pin From Net: NetName=NetF106_2 Pin=J101-6
Removed Pin From Net: NetName=NetF107_2 Pin=J101-7
Removed Pin From Net: NetName=NetF108_2 Pin=J101-8
Removed Pin From Net: NetName=NetF109_2 Pin=J101-9
Removed Pin From Net: NetName=NetF110_2 Pin=J101-10
Removed Pin From Net: NetName=GND_Slave_1 Pin=J101-11
Removed Pin From Net: NetName=NetF201_2 Pin=J201-1
Removed Pin From Net: NetName=NetF202_2 Pin=J201-2
Removed Pin From Net: NetName=NetF203_2 Pin=J201-3
Removed Pin From Net: NetName=NetF204_2 Pin=J201-4
Removed Pin From Net: NetName=NetF205_2 Pin=J201-5
Removed Pin From Net: NetName=NetF206_2 Pin=J201-6
Removed Pin From Net: NetName=NetF207_2 Pin=J201-7
Removed Pin From Net: NetName=NetF208_2 Pin=J201-8
Removed Pin From Net: NetName=GND_Slave_2 Pin=J201-11
Removed Pin From Net: NetName=NetF301_2 Pin=J301-1
Removed Pin From Net: NetName=NetF302_2 Pin=J301-2
Removed Pin From Net: NetName=NetF303_2 Pin=J301-3
Removed Pin From Net: NetName=NetF304_2 Pin=J301-4
Removed Pin From Net: NetName=NetF305_2 Pin=J301-5
Removed Pin From Net: NetName=NetF306_2 Pin=J301-6
Removed Pin From Net: NetName=NetF307_2 Pin=J301-7
Removed Pin From Net: NetName=NetF308_2 Pin=J301-8
Removed Pin From Net: NetName=NetF309_2 Pin=J301-9
Removed Pin From Net: NetName=NetF310_2 Pin=J301-10
Removed Pin From Net: NetName=GND_Slave_3 Pin=J301-11
Removed Member From Class: ClassName=Accumulator_HotDog Member=F111
Removed Member From Class: ClassName=Accumulator_HotDog Member=F209
Removed Member From Class: ClassName=Accumulator_HotDog Member=F210
Removed Member From Class: ClassName=Accumulator_HotDog Member=F211
Removed Member From Class: ClassName=Accumulator_HotDog Member=F311
Removed Member From Class: ClassName=Accumulator_HotDog Member=TP111
Removed Member From Class: ClassName=Accumulator_HotDog Member=TP209
Removed Member From Class: ClassName=Accumulator_HotDog Member=TP210
Removed Member From Class: ClassName=Accumulator_HotDog Member=TP211
Removed Member From Class: ClassName=Accumulator_HotDog Member=TP311
Change Component Footprint: Designator=J101 Old Footprint=J_SocketHeader_1x12 New Footprint=J_MicroFit_1x12_V
Change Component Footprint: Designator=J201 Old Footprint=J_SocketHeader_1x12 New Footprint=J_MicroFit_1x12_V
Change Component Footprint: Designator=J301 Old Footprint=J_SocketHeader_1x12 New Footprint=J_MicroFit_1x12_V
Change Component Comment : Designator=J101 Old Comment=61301211821 New Comment=J_MicroFit_1x12_V
Change Component Comment : Designator=J201 Old Comment=61301211821 New Comment=J_MicroFit_1x12_V
Change Component Comment : Designator=J301 Old Comment=61301211821 New Comment=J_MicroFit_1x12_V
Change component parameters: Designator = "J101" ("J101"); Footprint = "J_SocketHeader_1x12"; UniqueID = "\JZUIZUYP" ("\JZUIZUYP")
Change component parameters (AddParameter): Name = "Category"; Value = "Headers and Wire Housings"; VariantName = "[No Variations]"
Change component parameters (AddParameter): Name = "ComponentLink1Description"; Value = "https://datasheet.ciiva.com/712/436500316-sd-712050.pdf?src-supplier=Digi-Key"; VariantName = "[No Variations]"
Change component parameters (AddParameter): Name = "ComponentLink1URL"; Value = "https://datasheet.ciiva.com/712/436500316-sd-712050.pdf?src-supplier=Digi-Key"; VariantName = "[No Variations]"
Change component parameters (AddParameter): Name = "ComponentLink2Description"; Value = "https://datasheet.ciiva.com/5154/0436501215-pcb-headers-148827-5154953.pdf?src-supplier=Mouser"; VariantName = "[No Variations]"
Change component parameters (AddParameter): Name = "ComponentLink2URL"; Value = "https://datasheet.ciiva.com/5154/0436501215-pcb-headers-148827-5154953.pdf?src-supplier=Mouser"; VariantName = "[No Variations]"
Change component parameters (AddParameter): Name = "ComponentLink3Description"; Value = "https://datasheet.ciiva.com/16088/0436501215-pcb-headers-16088773.pdf?src-supplier=Onlinecomponents.com"; VariantName = "[No Variations]"
Change component parameters (AddParameter): Name = "ComponentLink3URL"; Value = "https://datasheet.ciiva.com/16088/0436501215-pcb-headers-16088773.pdf?src-supplier=Onlinecomponents.com"; VariantName = "[No Variations]"
Change component parameters (AddParameter): Name = "ComponentLink4Description"; Value = "https://datasheet.ciiva.com/30150/206240436501215-pcb-headers-30150375.pdf?src-supplier=Onlinecomponents.com"; VariantName = "[No Variations]"
Change component parameters (AddParameter): Name = "ComponentLink4URL"; Value = "https://datasheet.ciiva.com/30150/206240436501215-pcb-headers-30150375.pdf?src-supplier=Onlinecomponents.com"; VariantName = "[No Variations]"
Change component parameters (AddParameter): Name = "Manufacturer 1"; Value = "Molex"; VariantName = "[No Variations]"
Change component parameters (AddParameter): Name = "Manufacturer Part Number 1"; Value = "43650-1215"; VariantName = "[No Variations]"
Change component parameters (AddParameter): Name = "Pricing 1"; Value = "816=1,58731, 1632=1,28652, 3264=1,08716, 4896=1,05565, 6528=0,89063 (USD)"; VariantName = "[No Variations]"
Change component parameters (AddParameter): Name = "RoHS"; Value = "Yes"; VariantName = "[No Variations]"
Change component parameters (AddParameter): Name = "Stock 1"; Value = "1632"; VariantName = "[No Variations]"
Change component parameters (AddParameter): Name = "Supplier 1"; Value = "Avnet"; VariantName = "[No Variations]"
Change component parameters (AddParameter): Name = "Supplier Part Number 1"; Value = "0436501215"; VariantName = "[No Variations]"
Change component parameters: Designator = "J201" ("J201"); Footprint = "J_SocketHeader_1x12"; UniqueID = "\CFOGUAHM" ("\CFOGUAHM")
Change component parameters (AddParameter): Name = "Category"; Value = "Headers and Wire Housings"; VariantName = "[No Variations]"
Change component parameters (AddParameter): Name = "ComponentLink1Description"; Value = "https://datasheet.ciiva.com/712/436500316-sd-712050.pdf?src-supplier=Digi-Key"; VariantName = "[No Variations]"
Change component parameters (AddParameter): Name = "ComponentLink1URL"; Value = "https://datasheet.ciiva.com/712/436500316-sd-712050.pdf?src-supplier=Digi-Key"; VariantName = "[No Variations]"
Change component parameters (AddParameter): Name = "ComponentLink2Description"; Value = "https://datasheet.ciiva.com/5154/0436501215-pcb-headers-148827-5154953.pdf?src-supplier=Mouser"; VariantName = "[No Variations]"
Change component parameters (AddParameter): Name = "ComponentLink2URL"; Value = "https://datasheet.ciiva.com/5154/0436501215-pcb-headers-148827-5154953.pdf?src-supplier=Mouser"; VariantName = "[No Variations]"
Change component parameters (AddParameter): Name = "ComponentLink3Description"; Value = "https://datasheet.ciiva.com/16088/0436501215-pcb-headers-16088773.pdf?src-supplier=Onlinecomponents.com"; VariantName = "[No Variations]"
Change component parameters (AddParameter): Name = "ComponentLink3URL"; Value = "https://datasheet.ciiva.com/16088/0436501215-pcb-headers-16088773.pdf?src-supplier=Onlinecomponents.com"; VariantName = "[No Variations]"
Change component parameters (AddParameter): Name = "ComponentLink4Description"; Value = "https://datasheet.ciiva.com/30150/206240436501215-pcb-headers-30150375.pdf?src-supplier=Onlinecomponents.com"; VariantName = "[No Variations]"
Change component parameters (AddParameter): Name = "ComponentLink4URL"; Value = "https://datasheet.ciiva.com/30150/206240436501215-pcb-headers-30150375.pdf?src-supplier=Onlinecomponents.com"; VariantName = "[No Variations]"
Change component parameters (AddParameter): Name = "Manufacturer 1"; Value = "Molex"; VariantName = "[No Variations]"
Change component parameters (AddParameter): Name = "Manufacturer Part Number 1"; Value = "43650-1215"; VariantName = "[No Variations]"
Change component parameters (AddParameter): Name = "Pricing 1"; Value = "816=1,58731, 1632=1,28652, 3264=1,08716, 4896=1,05565, 6528=0,89063 (USD)"; VariantName = "[No Variations]"
Change component parameters (AddParameter): Name = "RoHS"; Value = "Yes"; VariantName = "[No Variations]"
Change component parameters (AddParameter): Name = "Stock 1"; Value = "1632"; VariantName = "[No Variations]"
Change component parameters (AddParameter): Name = "Supplier 1"; Value = "Avnet"; VariantName = "[No Variations]"
Change component parameters (AddParameter): Name = "Supplier Part Number 1"; Value = "0436501215"; VariantName = "[No Variations]"
Change component parameters: Designator = "J301" ("J301"); Footprint = "J_SocketHeader_1x12"; UniqueID = "\YWCWAMSY" ("\YWCWAMSY")
Change component parameters (AddParameter): Name = "Category"; Value = "Headers and Wire Housings"; VariantName = "[No Variations]"
Change component parameters (AddParameter): Name = "ComponentLink1Description"; Value = "https://datasheet.ciiva.com/712/436500316-sd-712050.pdf?src-supplier=Digi-Key"; VariantName = "[No Variations]"
Change component parameters (AddParameter): Name = "ComponentLink1URL"; Value = "https://datasheet.ciiva.com/712/436500316-sd-712050.pdf?src-supplier=Digi-Key"; VariantName = "[No Variations]"
Change component parameters (AddParameter): Name = "ComponentLink2Description"; Value = "https://datasheet.ciiva.com/5154/0436501215-pcb-headers-148827-5154953.pdf?src-supplier=Mouser"; VariantName = "[No Variations]"
Change component parameters (AddParameter): Name = "ComponentLink2URL"; Value = "https://datasheet.ciiva.com/5154/0436501215-pcb-headers-148827-5154953.pdf?src-supplier=Mouser"; VariantName = "[No Variations]"
Change component parameters (AddParameter): Name = "ComponentLink3Description"; Value = "https://datasheet.ciiva.com/16088/0436501215-pcb-headers-16088773.pdf?src-supplier=Onlinecomponents.com"; VariantName = "[No Variations]"
Change component parameters (AddParameter): Name = "ComponentLink3URL"; Value = "https://datasheet.ciiva.com/16088/0436501215-pcb-headers-16088773.pdf?src-supplier=Onlinecomponents.com"; VariantName = "[No Variations]"
Change component parameters (AddParameter): Name = "ComponentLink4Description"; Value = "https://datasheet.ciiva.com/30150/206240436501215-pcb-headers-30150375.pdf?src-supplier=Onlinecomponents.com"; VariantName = "[No Variations]"
Change component parameters (AddParameter): Name = "ComponentLink4URL"; Value = "https://datasheet.ciiva.com/30150/206240436501215-pcb-headers-30150375.pdf?src-supplier=Onlinecomponents.com"; VariantName = "[No Variations]"
Change component parameters (AddParameter): Name = "Manufacturer 1"; Value = "Molex"; VariantName = "[No Variations]"
Change component parameters (AddParameter): Name = "Manufacturer Part Number 1"; Value = "43650-1215"; VariantName = "[No Variations]"
Change component parameters (AddParameter): Name = "Pricing 1"; Value = "816=1,58731, 1632=1,28652, 3264=1,08716, 4896=1,05565, 6528=0,89063 (USD)"; VariantName = "[No Variations]"
Change component parameters (AddParameter): Name = "RoHS"; Value = "Yes"; VariantName = "[No Variations]"
Change component parameters (AddParameter): Name = "Stock 1"; Value = "1632"; VariantName = "[No Variations]"
Change component parameters (AddParameter): Name = "Supplier 1"; Value = "Avnet"; VariantName = "[No Variations]"
Change component parameters (AddParameter): Name = "Supplier Part Number 1"; Value = "0436501215"; VariantName = "[No Variations]"
Added Component: Designator=F100(Fuse_1206)
Add component (AddParameter): Name = "Approvals"; Value = "CSA,cURus"; VariantName = "[No Variations]"
Add component (AddParameter): Name = "Case Code (Imperial)"; Value = "1206"; VariantName = "[No Variations]"
Add component (AddParameter): Name = "Case Code (Metric)"; Value = "3216"; VariantName = "[No Variations]"
Add component (AddParameter): Name = "Case/Package"; Value = "1206"; VariantName = "[No Variations]"
Add component (AddParameter): Name = "Category"; Value = "Fuses"; VariantName = "[No Variations]"
Add component (AddParameter): Name = "ComponentLink1Description"; Value = "https://www.littelfuse.com/~/media/electronics/datasheets/fuses/littelfuse_fuse_437a_datasheet.pdf.pdf?src-supplier=Digi-Key"; VariantName = "[No Variations]"
Add component (AddParameter): Name = "ComponentLink1URL"; Value = "https://www.littelfuse.com/~/media/electronics/datasheets/fuses/littelfuse_fuse_437a_datasheet.pdf.pdf?src-supplier=Digi-Key"; VariantName = "[No Variations]"
Add component (AddParameter): Name = "ComponentLink2Description"; Value = "Where buy it"; VariantName = "[No Variations]"
Add component (AddParameter): Name = "ComponentLink2URL"; Value = "https://www.mouser.es/ProductDetail/Littelfuse/0437001WRA?qs=DXv0QSHKF4z9CJhPXjxR%252BA%3D%3D"; VariantName = "[No Variations]"
Add component (AddParameter): Name = "Current Rating"; Value = "1A"; VariantName = "[No Variations]"
Add component (AddParameter): Name = "Fuse Type"; Value = "Board Mount (Cartridge Style Excluded)"; VariantName = "[No Variations]"
Add component (AddParameter): Name = "Manufacturer"; Value = "Littelfuse"; VariantName = "[No Variations]"
Add component (AddParameter): Name = "Manufacturer Part Number"; Value = "0437001.WRA"; VariantName = "[No Variations]"
Add component (AddParameter): Name = "Max Operating Temperature"; Value = "150°C"; VariantName = "[No Variations]"
Add component (AddParameter): Name = "Min Operating Temperature"; Value = "-55°C"; VariantName = "[No Variations]"
Add component (AddParameter): Name = "Mount"; Value = "Surface Mount"; VariantName = "[No Variations]"
Add component (AddParameter): Name = "Packaging"; Value = "Tape and Reel"; VariantName = "[No Variations]"
Add component (AddParameter): Name = "Pricing 1"; Value = "1=1,52000, 5=1,47000, 10=1,37600, 50=1,13860, 100=0,94880, 250=0,92508, 500=0,78276, 1000=0,68788 (USD)"; VariantName = "[No Variations]"
Add component (AddParameter): Name = "RoHS"; Value = "Yes"; VariantName = "[No Variations]"
Add component (AddParameter): Name = "Stock 1"; Value = "5820"; VariantName = "[No Variations]"
Add component (AddParameter): Name = "Supplier 1"; Value = "Digi-Key"; VariantName = "[No Variations]"
Add component (AddParameter): Name = "Supplier Part Number 1"; Value = "F10001CT-ND"; VariantName = "[No Variations]"
Add component (AddParameter): Name = "Voltage Rating (AC)"; Value = "63V"; VariantName = "[No Variations]"
Add component (AddParameter): Name = "Voltage Rating (DC)"; Value = "63V"; VariantName = "[No Variations]"
Added Component: Designator=F200(Fuse_1206)
Add component (AddParameter): Name = "Approvals"; Value = "CSA,cURus"; VariantName = "[No Variations]"
Add component (AddParameter): Name = "Case Code (Imperial)"; Value = "1206"; VariantName = "[No Variations]"
Add component (AddParameter): Name = "Case Code (Metric)"; Value = "3216"; VariantName = "[No Variations]"
Add component (AddParameter): Name = "Case/Package"; Value = "1206"; VariantName = "[No Variations]"
Add component (AddParameter): Name = "Category"; Value = "Fuses"; VariantName = "[No Variations]"
Add component (AddParameter): Name = "ComponentLink1Description"; Value = "https://www.littelfuse.com/~/media/electronics/datasheets/fuses/littelfuse_fuse_437a_datasheet.pdf.pdf?src-supplier=Digi-Key"; VariantName = "[No Variations]"
Add component (AddParameter): Name = "ComponentLink1URL"; Value = "https://www.littelfuse.com/~/media/electronics/datasheets/fuses/littelfuse_fuse_437a_datasheet.pdf.pdf?src-supplier=Digi-Key"; VariantName = "[No Variations]"
Add component (AddParameter): Name = "ComponentLink2Description"; Value = "Where buy it"; VariantName = "[No Variations]"
Add component (AddParameter): Name = "ComponentLink2URL"; Value = "https://www.mouser.es/ProductDetail/Littelfuse/0437001WRA?qs=DXv0QSHKF4z9CJhPXjxR%252BA%3D%3D"; VariantName = "[No Variations]"
Add component (AddParameter): Name = "Current Rating"; Value = "1A"; VariantName = "[No Variations]"
Add component (AddParameter): Name = "Fuse Type"; Value = "Board Mount (Cartridge Style Excluded)"; VariantName = "[No Variations]"
Add component (AddParameter): Name = "Manufacturer"; Value = "Littelfuse"; VariantName = "[No Variations]"
Add component (AddParameter): Name = "Manufacturer Part Number"; Value = "0437001.WRA"; VariantName = "[No Variations]"
Add component (AddParameter): Name = "Max Operating Temperature"; Value = "150°C"; VariantName = "[No Variations]"
Add component (AddParameter): Name = "Min Operating Temperature"; Value = "-55°C"; VariantName = "[No Variations]"
Add component (AddParameter): Name = "Mount"; Value = "Surface Mount"; VariantName = "[No Variations]"
Add component (AddParameter): Name = "Packaging"; Value = "Tape and Reel"; VariantName = "[No Variations]"
Add component (AddParameter): Name = "Pricing 1"; Value = "1=1,52000, 5=1,47000, 10=1,37600, 50=1,13860, 100=0,94880, 250=0,92508, 500=0,78276, 1000=0,68788 (USD)"; VariantName = "[No Variations]"
Add component (AddParameter): Name = "RoHS"; Value = "Yes"; VariantName = "[No Variations]"
Add component (AddParameter): Name = "Stock 1"; Value = "5820"; VariantName = "[No Variations]"
Add component (AddParameter): Name = "Supplier 1"; Value = "Digi-Key"; VariantName = "[No Variations]"
Add component (AddParameter): Name = "Supplier Part Number 1"; Value = "F10001CT-ND"; VariantName = "[No Variations]"
Add component (AddParameter): Name = "Voltage Rating (AC)"; Value = "63V"; VariantName = "[No Variations]"
Add component (AddParameter): Name = "Voltage Rating (DC)"; Value = "63V"; VariantName = "[No Variations]"
Added Component: Designator=F300(Fuse_1206)
Add component (AddParameter): Name = "Approvals"; Value = "CSA,cURus"; VariantName = "[No Variations]"
Add component (AddParameter): Name = "Case Code (Imperial)"; Value = "1206"; VariantName = "[No Variations]"
Add component (AddParameter): Name = "Case Code (Metric)"; Value = "3216"; VariantName = "[No Variations]"
Add component (AddParameter): Name = "Case/Package"; Value = "1206"; VariantName = "[No Variations]"
Add component (AddParameter): Name = "Category"; Value = "Fuses"; VariantName = "[No Variations]"
Add component (AddParameter): Name = "ComponentLink1Description"; Value = "https://www.littelfuse.com/~/media/electronics/datasheets/fuses/littelfuse_fuse_437a_datasheet.pdf.pdf?src-supplier=Digi-Key"; VariantName = "[No Variations]"
Add component (AddParameter): Name = "ComponentLink1URL"; Value = "https://www.littelfuse.com/~/media/electronics/datasheets/fuses/littelfuse_fuse_437a_datasheet.pdf.pdf?src-supplier=Digi-Key"; VariantName = "[No Variations]"
Add component (AddParameter): Name = "ComponentLink2Description"; Value = "Where buy it"; VariantName = "[No Variations]"
Add component (AddParameter): Name = "ComponentLink2URL"; Value = "https://www.mouser.es/ProductDetail/Littelfuse/0437001WRA?qs=DXv0QSHKF4z9CJhPXjxR%252BA%3D%3D"; VariantName = "[No Variations]"
Add component (AddParameter): Name = "Current Rating"; Value = "1A"; VariantName = "[No Variations]"
Add component (AddParameter): Name = "Fuse Type"; Value = "Board Mount (Cartridge Style Excluded)"; VariantName = "[No Variations]"
Add component (AddParameter): Name = "Manufacturer"; Value = "Littelfuse"; VariantName = "[No Variations]"
Add component (AddParameter): Name = "Manufacturer Part Number"; Value = "0437001.WRA"; VariantName = "[No Variations]"
Add component (AddParameter): Name = "Max Operating Temperature"; Value = "150°C"; VariantName = "[No Variations]"
Add component (AddParameter): Name = "Min Operating Temperature"; Value = "-55°C"; VariantName = "[No Variations]"
Add component (AddParameter): Name = "Mount"; Value = "Surface Mount"; VariantName = "[No Variations]"
Add component (AddParameter): Name = "Packaging"; Value = "Tape and Reel"; VariantName = "[No Variations]"
Add component (AddParameter): Name = "Pricing 1"; Value = "1=1,52000, 5=1,47000, 10=1,37600, 50=1,13860, 100=0,94880, 250=0,92508, 500=0,78276, 1000=0,68788 (USD)"; VariantName = "[No Variations]"
Add component (AddParameter): Name = "RoHS"; Value = "Yes"; VariantName = "[No Variations]"
Add component (AddParameter): Name = "Stock 1"; Value = "5820"; VariantName = "[No Variations]"
Add component (AddParameter): Name = "Supplier 1"; Value = "Digi-Key"; VariantName = "[No Variations]"
Add component (AddParameter): Name = "Supplier Part Number 1"; Value = "F10001CT-ND"; VariantName = "[No Variations]"
Add component (AddParameter): Name = "Voltage Rating (AC)"; Value = "63V"; VariantName = "[No Variations]"
Add component (AddParameter): Name = "Voltage Rating (DC)"; Value = "63V"; VariantName = "[No Variations]"
Added Component: Designator=TP100*(TestPoint)
Add component (AddParameter): Name = "Category"; Value = "TestPoint"; VariantName = "[No Variations]"
Added Component: Designator=TP100(TestPoint)
Add component (AddParameter): Name = "Category"; Value = "TestPoint"; VariantName = "[No Variations]"
Added Component: Designator=TP101*(TestPoint)
Add component (AddParameter): Name = "Category"; Value = "TestPoint"; VariantName = "[No Variations]"
Added Component: Designator=TP102*(TestPoint)
Add component (AddParameter): Name = "Category"; Value = "TestPoint"; VariantName = "[No Variations]"
Added Component: Designator=TP103*(TestPoint)
Add component (AddParameter): Name = "Category"; Value = "TestPoint"; VariantName = "[No Variations]"
Added Component: Designator=TP104*(TestPoint)
Add component (AddParameter): Name = "Category"; Value = "TestPoint"; VariantName = "[No Variations]"
Added Component: Designator=TP105*(TestPoint)
Add component (AddParameter): Name = "Category"; Value = "TestPoint"; VariantName = "[No Variations]"
Added Component: Designator=TP106*(TestPoint)
Add component (AddParameter): Name = "Category"; Value = "TestPoint"; VariantName = "[No Variations]"
Added Component: Designator=TP107*(TestPoint)
Add component (AddParameter): Name = "Category"; Value = "TestPoint"; VariantName = "[No Variations]"
Added Component: Designator=TP108*(TestPoint)
Add component (AddParameter): Name = "Category"; Value = "TestPoint"; VariantName = "[No Variations]"
Added Component: Designator=TP109*(TestPoint)
Add component (AddParameter): Name = "Category"; Value = "TestPoint"; VariantName = "[No Variations]"
Added Component: Designator=TP110*(TestPoint)
Add component (AddParameter): Name = "Category"; Value = "TestPoint"; VariantName = "[No Variations]"
Added Component: Designator=TP200*(TestPoint)
Add component (AddParameter): Name = "Category"; Value = "TestPoint"; VariantName = "[No Variations]"
Added Component: Designator=TP200(TestPoint)
Add component (AddParameter): Name = "Category"; Value = "TestPoint"; VariantName = "[No Variations]"
Added Component: Designator=TP201*(TestPoint)
Add component (AddParameter): Name = "Category"; Value = "TestPoint"; VariantName = "[No Variations]"
Added Component: Designator=TP202*(TestPoint)
Add component (AddParameter): Name = "Category"; Value = "TestPoint"; VariantName = "[No Variations]"
Added Component: Designator=TP203*(TestPoint)
Add component (AddParameter): Name = "Category"; Value = "TestPoint"; VariantName = "[No Variations]"
Added Component: Designator=TP204*(TestPoint)
Add component (AddParameter): Name = "Category"; Value = "TestPoint"; VariantName = "[No Variations]"
Added Component: Designator=TP205*(TestPoint)
Add component (AddParameter): Name = "Category"; Value = "TestPoint"; VariantName = "[No Variations]"
Added Component: Designator=TP206*(TestPoint)
Add component (AddParameter): Name = "Category"; Value = "TestPoint"; VariantName = "[No Variations]"
Added Component: Designator=TP207*(TestPoint)
Add component (AddParameter): Name = "Category"; Value = "TestPoint"; VariantName = "[No Variations]"
Added Component: Designator=TP208*(TestPoint)
Add component (AddParameter): Name = "Category"; Value = "TestPoint"; VariantName = "[No Variations]"
Added Component: Designator=TP300*(TestPoint)
Add component (AddParameter): Name = "Category"; Value = "TestPoint"; VariantName = "[No Variations]"
Added Component: Designator=TP300(TestPoint)
Add component (AddParameter): Name = "Category"; Value = "TestPoint"; VariantName = "[No Variations]"
Added Component: Designator=TP301*(TestPoint)
Add component (AddParameter): Name = "Category"; Value = "TestPoint"; VariantName = "[No Variations]"
Added Component: Designator=TP302*(TestPoint)
Add component (AddParameter): Name = "Category"; Value = "TestPoint"; VariantName = "[No Variations]"
Added Component: Designator=TP303*(TestPoint)
Add component (AddParameter): Name = "Category"; Value = "TestPoint"; VariantName = "[No Variations]"
Added Component: Designator=TP304*(TestPoint)
Add component (AddParameter): Name = "Category"; Value = "TestPoint"; VariantName = "[No Variations]"
Added Component: Designator=TP305*(TestPoint)
Add component (AddParameter): Name = "Category"; Value = "TestPoint"; VariantName = "[No Variations]"
Added Component: Designator=TP306*(TestPoint)
Add component (AddParameter): Name = "Category"; Value = "TestPoint"; VariantName = "[No Variations]"
Added Component: Designator=TP307*(TestPoint)
Add component (AddParameter): Name = "Category"; Value = "TestPoint"; VariantName = "[No Variations]"
Added Component: Designator=TP308*(TestPoint)
Add component (AddParameter): Name = "Category"; Value = "TestPoint"; VariantName = "[No Variations]"
Added Component: Designator=TP309*(TestPoint)
Add component (AddParameter): Name = "Category"; Value = "TestPoint"; VariantName = "[No Variations]"
Added Component: Designator=TP310*(TestPoint)
Add component (AddParameter): Name = "Category"; Value = "TestPoint"; VariantName = "[No Variations]"
Added Pin To Net: NetName=GND_Slave_1 Pin=F100-2
Added Pin To Net: NetName=GND_Slave_2 Pin=F200-2
Added Pin To Net: NetName=GND_Slave_3 Pin=F300-2
Added Pin To Net: NetName=GND_Slave_1 Pin=J101-1
Added Pin To Net: NetName=NetF101_2 Pin=J101-2
Added Pin To Net: NetName=NetF102_2 Pin=J101-3
Added Pin To Net: NetName=NetF103_2 Pin=J101-4
Added Pin To Net: NetName=NetF104_2 Pin=J101-5
Added Pin To Net: NetName=NetF105_2 Pin=J101-6
Added Pin To Net: NetName=NetF106_2 Pin=J101-7
Added Pin To Net: NetName=NetF107_2 Pin=J101-8
Added Pin To Net: NetName=NetF108_2 Pin=J101-9
Added Pin To Net: NetName=NetF109_2 Pin=J101-10
Added Pin To Net: NetName=NetF110_2 Pin=J101-11
Added Pin To Net: NetName=NetF110_2 Pin=J101-12
Added Pin To Net: NetName=GND_Slave_2 Pin=J201-1
Added Pin To Net: NetName=NetF201_2 Pin=J201-2
Added Pin To Net: NetName=NetF202_2 Pin=J201-3
Added Pin To Net: NetName=NetF203_2 Pin=J201-4
Added Pin To Net: NetName=NetF204_2 Pin=J201-5
Added Pin To Net: NetName=NetF205_2 Pin=J201-6
Added Pin To Net: NetName=NetF206_2 Pin=J201-7
Added Pin To Net: NetName=NetF207_2 Pin=J201-8
Added Pin To Net: NetName=NetF208_2 Pin=J201-9
Added Pin To Net: NetName=NetF208_2 Pin=J201-10
Added Pin To Net: NetName=NetF208_2 Pin=J201-11
Added Pin To Net: NetName=NetF208_2 Pin=J201-12
Added Pin To Net: NetName=GND_Slave_3 Pin=J301-1
Added Pin To Net: NetName=NetF301_2 Pin=J301-2
Added Pin To Net: NetName=NetF302_2 Pin=J301-3
Added Pin To Net: NetName=NetF303_2 Pin=J301-4
Added Pin To Net: NetName=NetF304_2 Pin=J301-5
Added Pin To Net: NetName=NetF305_2 Pin=J301-6
Added Pin To Net: NetName=NetF306_2 Pin=J301-7
Added Pin To Net: NetName=NetF307_2 Pin=J301-8
Added Pin To Net: NetName=NetF308_2 Pin=J301-9
Added Pin To Net: NetName=NetF309_2 Pin=J301-10
Added Pin To Net: NetName=NetF310_2 Pin=J301-11
Added Pin To Net: NetName=NetF310_2 Pin=J301-12
Added Pin To Net: NetName=NetF101_1 Pin=TP101*-1
Added Pin To Net: NetName=NetF102_1 Pin=TP102*-1
Added Pin To Net: NetName=NetF103_1 Pin=TP103*-1
Added Pin To Net: NetName=NetF104_1 Pin=TP104*-1
Added Pin To Net: NetName=NetF105_1 Pin=TP105*-1
Added Pin To Net: NetName=NetF106_1 Pin=TP106*-1
Added Pin To Net: NetName=NetF107_1 Pin=TP107*-1
Added Pin To Net: NetName=NetF108_1 Pin=TP108*-1
Added Pin To Net: NetName=NetF109_1 Pin=TP109*-1
Added Pin To Net: NetName=NetF110_1 Pin=TP110*-1
Added Pin To Net: NetName=NetF201_1 Pin=TP201*-1
Added Pin To Net: NetName=NetF202_1 Pin=TP202*-1
Added Pin To Net: NetName=NetF203_1 Pin=TP203*-1
Added Pin To Net: NetName=NetF204_1 Pin=TP204*-1
Added Pin To Net: NetName=NetF205_1 Pin=TP205*-1
Added Pin To Net: NetName=NetF206_1 Pin=TP206*-1
Added Pin To Net: NetName=NetF207_1 Pin=TP207*-1
Added Pin To Net: NetName=NetF208_1 Pin=TP208*-1
Added Pin To Net: NetName=NetF301_1 Pin=TP301*-1
Added Pin To Net: NetName=NetF302_1 Pin=TP302*-1
Added Pin To Net: NetName=NetF303_1 Pin=TP303*-1
Added Pin To Net: NetName=NetF304_1 Pin=TP304*-1
Added Pin To Net: NetName=NetF305_1 Pin=TP305*-1
Added Pin To Net: NetName=NetF306_1 Pin=TP306*-1
Added Pin To Net: NetName=NetF307_1 Pin=TP307*-1
Added Pin To Net: NetName=NetF308_1 Pin=TP308*-1
Added Pin To Net: NetName=NetF309_1 Pin=TP309*-1
Added Pin To Net: NetName=NetF310_1 Pin=TP310*-1
Added Pin To Net: NetName=NetF100_1 Pin=F100-1
Added Pin To Net: NetName=NetF100_1 Pin=TP100-1
Added Pin To Net: NetName=NetF100_1 Pin=TP100*-1
Added Net: Name=NetF100_1
Added Pin To Net: NetName=NetF200_1 Pin=F200-1
Added Pin To Net: NetName=NetF200_1 Pin=TP200-1
Added Pin To Net: NetName=NetF200_1 Pin=TP200*-1
Added Net: Name=NetF200_1
Added Pin To Net: NetName=NetF300_1 Pin=F300-1
Added Pin To Net: NetName=NetF300_1 Pin=TP300-1
Added Pin To Net: NetName=NetF300_1 Pin=TP300*-1
Added Net: Name=NetF300_1
Added Member To Class: ClassName=Accumulator_HotDog Member=Component F100 0437001.WRA
Added Member To Class: ClassName=Accumulator_HotDog Member=Component F200 0437001.WRA
Added Member To Class: ClassName=Accumulator_HotDog Member=Component F300 0437001.WRA
Added Member To Class: ClassName=Accumulator_HotDog Member=Component TP100* TestPoint
Added Member To Class: ClassName=Accumulator_HotDog Member=Component TP100 TestPoint
Added Member To Class: ClassName=Accumulator_HotDog Member=Component TP101* TestPoint
Added Member To Class: ClassName=Accumulator_HotDog Member=Component TP102* TestPoint
Added Member To Class: ClassName=Accumulator_HotDog Member=Component TP103* TestPoint
Added Member To Class: ClassName=Accumulator_HotDog Member=Component TP104* TestPoint
Added Member To Class: ClassName=Accumulator_HotDog Member=Component TP105* TestPoint
Added Member To Class: ClassName=Accumulator_HotDog Member=Component TP106* TestPoint
Added Member To Class: ClassName=Accumulator_HotDog Member=Component TP107* TestPoint
Added Member To Class: ClassName=Accumulator_HotDog Member=Component TP108* TestPoint
Added Member To Class: ClassName=Accumulator_HotDog Member=Component TP109* TestPoint
Added Member To Class: ClassName=Accumulator_HotDog Member=Component TP110* TestPoint
Added Member To Class: ClassName=Accumulator_HotDog Member=Component TP200* TestPoint
Added Member To Class: ClassName=Accumulator_HotDog Member=Component TP200 TestPoint
Added Member To Class: ClassName=Accumulator_HotDog Member=Component TP201* TestPoint
Added Member To Class: ClassName=Accumulator_HotDog Member=Component TP202* TestPoint
Added Member To Class: ClassName=Accumulator_HotDog Member=Component TP203* TestPoint
Added Member To Class: ClassName=Accumulator_HotDog Member=Component TP204* TestPoint
Added Member To Class: ClassName=Accumulator_HotDog Member=Component TP205* TestPoint
Added Member To Class: ClassName=Accumulator_HotDog Member=Component TP206* TestPoint
Added Member To Class: ClassName=Accumulator_HotDog Member=Component TP207* TestPoint
Added Member To Class: ClassName=Accumulator_HotDog Member=Component TP208* TestPoint
Added Member To Class: ClassName=Accumulator_HotDog Member=Component TP300* TestPoint
Added Member To Class: ClassName=Accumulator_HotDog Member=Component TP300 TestPoint
Added Member To Class: ClassName=Accumulator_HotDog Member=Component TP301* TestPoint
Added Member To Class: ClassName=Accumulator_HotDog Member=Component TP302* TestPoint
Added Member To Class: ClassName=Accumulator_HotDog Member=Component TP303* TestPoint
Added Member To Class: ClassName=Accumulator_HotDog Member=Component TP304* TestPoint
Added Member To Class: ClassName=Accumulator_HotDog Member=Component TP305* TestPoint
Added Member To Class: ClassName=Accumulator_HotDog Member=Component TP306* TestPoint
Added Member To Class: ClassName=Accumulator_HotDog Member=Component TP307* TestPoint
Added Member To Class: ClassName=Accumulator_HotDog Member=Component TP308* TestPoint
Added Member To Class: ClassName=Accumulator_HotDog Member=Component TP309* TestPoint
Added Member To Class: ClassName=Accumulator_HotDog Member=Component TP310* TestPoint
