Change Component Footprint: Designator=J102 Old Footprint=J_SocketHeader_1x8 New Footprint=J_MicroFit_1x8_V
Change Component Footprint: Designator=J202 Old Footprint=J_SocketHeader_1x8 New Footprint=J_MicroFit_1x8_V
Change Component Footprint: Designator=J302 Old Footprint=J_SocketHeader_1x8 New Footprint=J_MicroFit_1x8_V
Change Component Comment : Designator=J102 Old Comment=J_SocketHeader_1x8 New Comment=J_MicroFit_1x8_V
Change Component Comment : Designator=J202 Old Comment=J_SocketHeader_1x8 New Comment=J_MicroFit_1x8_V
Change Component Comment : Designator=J302 Old Comment=J_SocketHeader_1x8 New Comment=J_MicroFit_1x8_V
Change component parameters: Designator = "J102" ("J102"); Footprint = "J_SocketHeader_1x8"; UniqueID = "\LECBIKNT" ("\LECBIKNT")
Change component parameters (AddParameter): Name = ".Creator"; Value = "DR"; VariantName = "[No Variations]"
Change component parameters (AddParameter): Name = ".PCBcheck"; Value = ""; VariantName = "[No Variations]"
Change component parameters (AddParameter): Name = ".SCHcheck"; Value = ""; VariantName = "[No Variations]"
Change component parameters (AddParameter): Name = "Category"; Value = "Headers and Wire Housings"; VariantName = "[No Variations]"
Change component parameters (AddParameter): Name = "ComponentLink1Description"; Value = "https://datasheet.ciiva.com/16085/281240436500815-pcb-headers-16085998.pdf?src-supplier=Onlinecomponents.com"; VariantName = "[No Variations]"
Change component parameters (AddParameter): Name = "ComponentLink1URL"; Value = "https://datasheet.ciiva.com/16085/281240436500815-pcb-headers-16085998.pdf?src-supplier=Onlinecomponents.com"; VariantName = "[No Variations]"
Change component parameters (AddParameter): Name = "ComponentLink2Description"; Value = "https://datasheet.ciiva.com/5151/0436500815-pcb-headers-148729-5151340.pdf?src-supplier=Mouser"; VariantName = "[No Variations]"
Change component parameters (AddParameter): Name = "ComponentLink2URL"; Value = "https://datasheet.ciiva.com/5151/0436500815-pcb-headers-148729-5151340.pdf?src-supplier=Mouser"; VariantName = "[No Variations]"
Change component parameters (AddParameter): Name = "ComponentLink3Description"; Value = "https://datasheet.ciiva.com/26916/getdatasheetpartid-78997-26916336.pdf?src-supplier=Verical"; VariantName = "[No Variations]"
Change component parameters (AddParameter): Name = "ComponentLink3URL"; Value = "https://datasheet.ciiva.com/26916/getdatasheetpartid-78997-26916336.pdf?src-supplier=Verical"; VariantName = "[No Variations]"
Change component parameters (AddParameter): Name = "ComponentLink4Description"; Value = "https://datasheet.ciiva.com/30117/57400436500815-pcb-headers-30117736.pdf?src-supplier=Onlinecomponents.com"; VariantName = "[No Variations]"
Change component parameters (AddParameter): Name = "ComponentLink4URL"; Value = "https://datasheet.ciiva.com/30117/57400436500815-pcb-headers-30117736.pdf?src-supplier=Onlinecomponents.com"; VariantName = "[No Variations]"
Change component parameters (AddParameter): Name = "Manufacturer 1"; Value = "Molex"; VariantName = "[No Variations]"
Change component parameters (AddParameter): Name = "Manufacturer 2"; Value = "Molex"; VariantName = "[No Variations]"
Change component parameters (AddParameter): Name = "Manufacturer Part Number 1"; Value = "43650-1200"; VariantName = "[No Variations]"
Change component parameters (AddParameter): Name = "Manufacturer Part Number 2"; Value = "43650-0815"; VariantName = "[No Variations]"
Change component parameters (AddParameter): Name = "Pricing 1"; Value = "1=3,36000, 10=2,96000, 25=2,76000, 50=2,56000, 100=2,36000, 250=2,08000 (USD)"; VariantName = "[No Variations]"
Change component parameters (AddParameter): Name = "Pricing 2"; Value = "1=1,89510, 10=1,68890, 80=1,45980, 1122=1,20850, 5610=1,08880 (USD)"; VariantName = "[No Variations]"
Change component parameters (AddParameter): Name = "RoHS"; Value = "Yes"; VariantName = "[No Variations]"
Change component parameters (AddParameter): Name = "Stock 1"; Value = "13"; VariantName = "[No Variations]"
Change component parameters (AddParameter): Name = "Stock 2"; Value = "2244"; VariantName = "[No Variations]"
Change component parameters (AddParameter): Name = "Supplier 1"; Value = "Newark"; VariantName = "[No Variations]"
Change component parameters (AddParameter): Name = "Supplier 2"; Value = "Arrow Electronics"; VariantName = "[No Variations]"
Change component parameters (AddParameter): Name = "Supplier Part Number 1"; Value = "01AH1239"; VariantName = "[No Variations]"
Change component parameters (AddParameter): Name = "Supplier Part Number 2"; Value = "43650-0815"; VariantName = "[No Variations]"
Change component parameters: Designator = "J202" ("J202"); Footprint = "J_SocketHeader_1x8"; UniqueID = "\KTOCXGZX" ("\KTOCXGZX")
Change component parameters (AddParameter): Name = ".Creator"; Value = "DR"; VariantName = "[No Variations]"
Change component parameters (AddParameter): Name = ".PCBcheck"; Value = ""; VariantName = "[No Variations]"
Change component parameters (AddParameter): Name = ".SCHcheck"; Value = ""; VariantName = "[No Variations]"
Change component parameters (AddParameter): Name = "Category"; Value = "Headers and Wire Housings"; VariantName = "[No Variations]"
Change component parameters (AddParameter): Name = "ComponentLink1Description"; Value = "https://datasheet.ciiva.com/16085/281240436500815-pcb-headers-16085998.pdf?src-supplier=Onlinecomponents.com"; VariantName = "[No Variations]"
Change component parameters (AddParameter): Name = "ComponentLink1URL"; Value = "https://datasheet.ciiva.com/16085/281240436500815-pcb-headers-16085998.pdf?src-supplier=Onlinecomponents.com"; VariantName = "[No Variations]"
Change component parameters (AddParameter): Name = "ComponentLink2Description"; Value = "https://datasheet.ciiva.com/5151/0436500815-pcb-headers-148729-5151340.pdf?src-supplier=Mouser"; VariantName = "[No Variations]"
Change component parameters (AddParameter): Name = "ComponentLink2URL"; Value = "https://datasheet.ciiva.com/5151/0436500815-pcb-headers-148729-5151340.pdf?src-supplier=Mouser"; VariantName = "[No Variations]"
Change component parameters (AddParameter): Name = "ComponentLink3Description"; Value = "https://datasheet.ciiva.com/26916/getdatasheetpartid-78997-26916336.pdf?src-supplier=Verical"; VariantName = "[No Variations]"
Change component parameters (AddParameter): Name = "ComponentLink3URL"; Value = "https://datasheet.ciiva.com/26916/getdatasheetpartid-78997-26916336.pdf?src-supplier=Verical"; VariantName = "[No Variations]"
Change component parameters (AddParameter): Name = "ComponentLink4Description"; Value = "https://datasheet.ciiva.com/30117/57400436500815-pcb-headers-30117736.pdf?src-supplier=Onlinecomponents.com"; VariantName = "[No Variations]"
Change component parameters (AddParameter): Name = "ComponentLink4URL"; Value = "https://datasheet.ciiva.com/30117/57400436500815-pcb-headers-30117736.pdf?src-supplier=Onlinecomponents.com"; VariantName = "[No Variations]"
Change component parameters (AddParameter): Name = "Manufacturer 1"; Value = "Molex"; VariantName = "[No Variations]"
Change component parameters (AddParameter): Name = "Manufacturer 2"; Value = "Molex"; VariantName = "[No Variations]"
Change component parameters (AddParameter): Name = "Manufacturer Part Number 1"; Value = "43650-1200"; VariantName = "[No Variations]"
Change component parameters (AddParameter): Name = "Manufacturer Part Number 2"; Value = "43650-0815"; VariantName = "[No Variations]"
Change component parameters (AddParameter): Name = "Pricing 1"; Value = "1=3,36000, 10=2,96000, 25=2,76000, 50=2,56000, 100=2,36000, 250=2,08000 (USD)"; VariantName = "[No Variations]"
Change component parameters (AddParameter): Name = "Pricing 2"; Value = "1=1,89510, 10=1,68890, 80=1,45980, 1122=1,20850, 5610=1,08880 (USD)"; VariantName = "[No Variations]"
Change component parameters (AddParameter): Name = "RoHS"; Value = "Yes"; VariantName = "[No Variations]"
Change component parameters (AddParameter): Name = "Stock 1"; Value = "13"; VariantName = "[No Variations]"
Change component parameters (AddParameter): Name = "Stock 2"; Value = "2244"; VariantName = "[No Variations]"
Change component parameters (AddParameter): Name = "Supplier 1"; Value = "Newark"; VariantName = "[No Variations]"
Change component parameters (AddParameter): Name = "Supplier 2"; Value = "Arrow Electronics"; VariantName = "[No Variations]"
Change component parameters (AddParameter): Name = "Supplier Part Number 1"; Value = "01AH1239"; VariantName = "[No Variations]"
Change component parameters (AddParameter): Name = "Supplier Part Number 2"; Value = "43650-0815"; VariantName = "[No Variations]"
Change component parameters: Designator = "J302" ("J302"); Footprint = "J_SocketHeader_1x8"; UniqueID = "\QUZYOEOX" ("\QUZYOEOX")
Change component parameters (AddParameter): Name = ".Creator"; Value = "DR"; VariantName = "[No Variations]"
Change component parameters (AddParameter): Name = ".PCBcheck"; Value = ""; VariantName = "[No Variations]"
Change component parameters (AddParameter): Name = ".SCHcheck"; Value = ""; VariantName = "[No Variations]"
Change component parameters (AddParameter): Name = "Category"; Value = "Headers and Wire Housings"; VariantName = "[No Variations]"
Change component parameters (AddParameter): Name = "ComponentLink1Description"; Value = "https://datasheet.ciiva.com/16085/281240436500815-pcb-headers-16085998.pdf?src-supplier=Onlinecomponents.com"; VariantName = "[No Variations]"
Change component parameters (AddParameter): Name = "ComponentLink1URL"; Value = "https://datasheet.ciiva.com/16085/281240436500815-pcb-headers-16085998.pdf?src-supplier=Onlinecomponents.com"; VariantName = "[No Variations]"
Change component parameters (AddParameter): Name = "ComponentLink2Description"; Value = "https://datasheet.ciiva.com/5151/0436500815-pcb-headers-148729-5151340.pdf?src-supplier=Mouser"; VariantName = "[No Variations]"
Change component parameters (AddParameter): Name = "ComponentLink2URL"; Value = "https://datasheet.ciiva.com/5151/0436500815-pcb-headers-148729-5151340.pdf?src-supplier=Mouser"; VariantName = "[No Variations]"
Change component parameters (AddParameter): Name = "ComponentLink3Description"; Value = "https://datasheet.ciiva.com/26916/getdatasheetpartid-78997-26916336.pdf?src-supplier=Verical"; VariantName = "[No Variations]"
Change component parameters (AddParameter): Name = "ComponentLink3URL"; Value = "https://datasheet.ciiva.com/26916/getdatasheetpartid-78997-26916336.pdf?src-supplier=Verical"; VariantName = "[No Variations]"
Change component parameters (AddParameter): Name = "ComponentLink4Description"; Value = "https://datasheet.ciiva.com/30117/57400436500815-pcb-headers-30117736.pdf?src-supplier=Onlinecomponents.com"; VariantName = "[No Variations]"
Change component parameters (AddParameter): Name = "ComponentLink4URL"; Value = "https://datasheet.ciiva.com/30117/57400436500815-pcb-headers-30117736.pdf?src-supplier=Onlinecomponents.com"; VariantName = "[No Variations]"
Change component parameters (AddParameter): Name = "Manufacturer 1"; Value = "Molex"; VariantName = "[No Variations]"
Change component parameters (AddParameter): Name = "Manufacturer 2"; Value = "Molex"; VariantName = "[No Variations]"
Change component parameters (AddParameter): Name = "Manufacturer Part Number 1"; Value = "43650-1200"; VariantName = "[No Variations]"
Change component parameters (AddParameter): Name = "Manufacturer Part Number 2"; Value = "43650-0815"; VariantName = "[No Variations]"
Change component parameters (AddParameter): Name = "Pricing 1"; Value = "1=3,36000, 10=2,96000, 25=2,76000, 50=2,56000, 100=2,36000, 250=2,08000 (USD)"; VariantName = "[No Variations]"
Change component parameters (AddParameter): Name = "Pricing 2"; Value = "1=1,89510, 10=1,68890, 80=1,45980, 1122=1,20850, 5610=1,08880 (USD)"; VariantName = "[No Variations]"
Change component parameters (AddParameter): Name = "RoHS"; Value = "Yes"; VariantName = "[No Variations]"
Change component parameters (AddParameter): Name = "Stock 1"; Value = "13"; VariantName = "[No Variations]"
Change component parameters (AddParameter): Name = "Stock 2"; Value = "2244"; VariantName = "[No Variations]"
Change component parameters (AddParameter): Name = "Supplier 1"; Value = "Newark"; VariantName = "[No Variations]"
Change component parameters (AddParameter): Name = "Supplier 2"; Value = "Arrow Electronics"; VariantName = "[No Variations]"
Change component parameters (AddParameter): Name = "Supplier Part Number 1"; Value = "01AH1239"; VariantName = "[No Variations]"
Change component parameters (AddParameter): Name = "Supplier Part Number 2"; Value = "43650-0815"; VariantName = "[No Variations]"
Added Member To Class: ClassName=Accumulator_HotDog Member=Component F100 0437001.WRA
Added Member To Class: ClassName=Accumulator_HotDog Member=Component F101 0437001.WRA
Added Member To Class: ClassName=Accumulator_HotDog Member=Component F102 0437001.WRA
Added Member To Class: ClassName=Accumulator_HotDog Member=Component F103 0437001.WRA
Added Member To Class: ClassName=Accumulator_HotDog Member=Component F104 0437001.WRA
Added Member To Class: ClassName=Accumulator_HotDog Member=Component F105 0437001.WRA
Added Member To Class: ClassName=Accumulator_HotDog Member=Component F106 0437001.WRA
Added Member To Class: ClassName=Accumulator_HotDog Member=Component F107 0437001.WRA
Added Member To Class: ClassName=Accumulator_HotDog Member=Component F108 0437001.WRA
Added Member To Class: ClassName=Accumulator_HotDog Member=Component F109 0437001.WRA
Added Member To Class: ClassName=Accumulator_HotDog Member=Component F110 0437001.WRA
Added Member To Class: ClassName=Accumulator_HotDog Member=Component F200 0437001.WRA
Added Member To Class: ClassName=Accumulator_HotDog Member=Component F201 0437001.WRA
Added Member To Class: ClassName=Accumulator_HotDog Member=Component F202 0437001.WRA
Added Member To Class: ClassName=Accumulator_HotDog Member=Component F203 0437001.WRA
Added Member To Class: ClassName=Accumulator_HotDog Member=Component F204 0437001.WRA
Added Member To Class: ClassName=Accumulator_HotDog Member=Component F205 0437001.WRA
Added Member To Class: ClassName=Accumulator_HotDog Member=Component F206 0437001.WRA
Added Member To Class: ClassName=Accumulator_HotDog Member=Component F207 0437001.WRA
Added Member To Class: ClassName=Accumulator_HotDog Member=Component F208 0437001.WRA
Added Member To Class: ClassName=Accumulator_HotDog Member=Component F300 0437001.WRA
Added Member To Class: ClassName=Accumulator_HotDog Member=Component F301 0437001.WRA
Added Member To Class: ClassName=Accumulator_HotDog Member=Component F302 0437001.WRA
Added Member To Class: ClassName=Accumulator_HotDog Member=Component F303 0437001.WRA
Added Member To Class: ClassName=Accumulator_HotDog Member=Component F304 0437001.WRA
Added Member To Class: ClassName=Accumulator_HotDog Member=Component F305 0437001.WRA
Added Member To Class: ClassName=Accumulator_HotDog Member=Component F306 0437001.WRA
Added Member To Class: ClassName=Accumulator_HotDog Member=Component F307 0437001.WRA
Added Member To Class: ClassName=Accumulator_HotDog Member=Component F308 0437001.WRA
Added Member To Class: ClassName=Accumulator_HotDog Member=Component F309 0437001.WRA
Added Member To Class: ClassName=Accumulator_HotDog Member=Component F310 0437001.WRA
Added Member To Class: ClassName=Accumulator_HotDog Member=Component J101 J_MicroFit_1x12_V
Added Member To Class: ClassName=Accumulator_HotDog Member=Component J102 J_MicroFit_1x8_V
Added Member To Class: ClassName=Accumulator_HotDog Member=Component J201 J_MicroFit_1x12_V
Added Member To Class: ClassName=Accumulator_HotDog Member=Component J202 J_MicroFit_1x8_V
Added Member To Class: ClassName=Accumulator_HotDog Member=Component J301 J_MicroFit_1x12_V
Added Member To Class: ClassName=Accumulator_HotDog Member=Component J302 J_MicroFit_1x8_V
Added Member To Class: ClassName=Accumulator_HotDog Member=Component NTC101 NXRT15XV103FA1B040
Added Member To Class: ClassName=Accumulator_HotDog Member=Component NTC102 NXRT15XV103FA1B040
Added Member To Class: ClassName=Accumulator_HotDog Member=Component NTC103 NXRT15XV103FA1B040
Added Member To Class: ClassName=Accumulator_HotDog Member=Component NTC104 NXRT15XV103FA1B040
Added Member To Class: ClassName=Accumulator_HotDog Member=Component NTC105 NXRT15XV103FA1B040
Added Member To Class: ClassName=Accumulator_HotDog Member=Component NTC106 NXRT15XV103FA1B040
Added Member To Class: ClassName=Accumulator_HotDog Member=Component NTC107 NXRT15XV103FA1B040
Added Member To Class: ClassName=Accumulator_HotDog Member=Component NTC108 NXRT15XV103FA1B040
Added Member To Class: ClassName=Accumulator_HotDog Member=Component NTC201 NXRT15XV103FA1B040
Added Member To Class: ClassName=Accumulator_HotDog Member=Component NTC202 NXRT15XV103FA1B040
Added Member To Class: ClassName=Accumulator_HotDog Member=Component NTC203 NXRT15XV103FA1B040
Added Member To Class: ClassName=Accumulator_HotDog Member=Component NTC204 NXRT15XV103FA1B040
Added Member To Class: ClassName=Accumulator_HotDog Member=Component NTC205 NXRT15XV103FA1B040
Added Member To Class: ClassName=Accumulator_HotDog Member=Component NTC206 NXRT15XV103FA1B040
Added Member To Class: ClassName=Accumulator_HotDog Member=Component NTC207 NXRT15XV103FA1B040
Added Member To Class: ClassName=Accumulator_HotDog Member=Component NTC208 NXRT15XV103FA1B040
Added Member To Class: ClassName=Accumulator_HotDog Member=Component NTC301 NXRT15XV103FA1B040
Added Member To Class: ClassName=Accumulator_HotDog Member=Component NTC302 NXRT15XV103FA1B040
Added Member To Class: ClassName=Accumulator_HotDog Member=Component NTC303 NXRT15XV103FA1B040
Added Member To Class: ClassName=Accumulator_HotDog Member=Component NTC304 NXRT15XV103FA1B040
Added Member To Class: ClassName=Accumulator_HotDog Member=Component NTC305 NXRT15XV103FA1B040
Added Member To Class: ClassName=Accumulator_HotDog Member=Component NTC306 NXRT15XV103FA1B040
Added Member To Class: ClassName=Accumulator_HotDog Member=Component NTC307 NXRT15XV103FA1B040
Added Member To Class: ClassName=Accumulator_HotDog Member=Component NTC308 NXRT15XV103FA1B040
