Change Component Designator: OldDesignator=LED701 NewDesignator=J701
Change Component Description : Designator=R404 Old Description=Res, 1K, 100W, To-247, Thick Film Rohs Compliant: Yes New Description=Res, 1K, 100W, To-247, Thick Film Rohs Compliant: Yes |Cgs Te Connectivity MPT100C1K0F
Change Net Name : Old Net Name=NetLED701_1 New Net Name=NetJ701_1
Change Net Name : Old Net Name=NetLED701_2 New Net Name=NetJ701_2
Change Net Color : Old Net Color=RGB(158, 161, 117) New Net Color=RGB(255, 110, 255)
Change Net Color : Old Net Color=RGB(158, 161, 117) New Net Color=RGB(255, 110, 255)
Change Net Color : Old Net Color=RGB(158, 161, 117) New Net Color=RGB(255, 110, 255)
Change Net Color : Old Net Color=RGB(158, 161, 117) New Net Color=RGB(110, 255, 255)
Change Net Color : Old Net Color=RGB(158, 161, 117) New Net Color=RGB(110, 255, 255)
Change Net Color : Old Net Color=RGB(158, 161, 117) New Net Color=RGB(48, 0, 123)
Change Net Color : Old Net Color=RGB(158, 161, 117) New Net Color=RGB(186, 173, 164)
Change Net Color : Old Net Color=RGB(158, 161, 117) New Net Color=Lime
Change Net Color : Old Net Color=RGB(158, 161, 117) New Net Color=Lime
Change Net Color : Old Net Color=RGB(158, 161, 117) New Net Color=RGB(110, 255, 255)
Change Net Color : Old Net Color=RGB(158, 161, 117) New Net Color=Lime
Change Net Color : Old Net Color=RGB(158, 161, 117) New Net Color=Lime
Change Net Color : Old Net Color=RGB(253, 131, 0) New Net Color=Default
Change Net Color : Old Net Color=RGB(253, 131, 0) New Net Color=Default
Change Net Color : Old Net Color=RGB(158, 161, 117) New Net Color=RGB(110, 255, 255)
Change Net Color : Old Net Color=RGB(158, 161, 117) New Net Color=RGB(48, 0, 123)
Change Net Color : Old Net Color=RGB(158, 161, 117) New Net Color=RGB(48, 0, 123)
Change Net Color : Old Net Color=RGB(158, 161, 117) New Net Color=RGB(48, 0, 123)
