Removed Pin From Net: NetName=AIR-_IN Pin=X401-1
Removed Pin From Net: NetName=TS- Pin=X401-2
Removed Pin From Net: NetName=AIR+_IN Pin=X402-1
Removed Pin From Net: NetName=TS+ Pin=X402-2
Removed Pin From Net: NetName=AIR+_IN Pin=X403-1
Removed Pin From Net: NetName=PRECHARGE_OUT Pin=X403-2
Removed Member From Class: ClassName=Relays_Control Member=X401
Removed Member From Class: ClassName=Relays_Control Member=X402
Removed Member From Class: ClassName=Relays_Control Member=X403
Added Component: Designator=X301(RELAY_DCNHR100QF24)
Add component (AddParameter): Name = "Category"; Value = "Power Relays"; VariantName = "[No Variations]"
Add component (AddParameter): Name = "Coil Current"; Value = "30.7mA"; VariantName = "[No Variations]"
Add component (AddParameter): Name = "Coil Resistance"; Value = "780R"; VariantName = "[No Variations]"
Add component (AddParameter): Name = "Coil Type"; Value = "Non-Latching"; VariantName = "[No Variations]"
Add component (AddParameter): Name = "Coil Voltage (DC)"; Value = "24V"; VariantName = "[No Variations]"
Add component (AddParameter): Name = "ComponentLink1Description"; Value = "http://www.cynergy3.com/sites/default/files/DA%28UL%29%20series%202016.pdf?src-supplier=Digi-Key"; VariantName = "[No Variations]"
Add component (AddParameter): Name = "ComponentLink1URL"; Value = "http://www.cynergy3.com/sites/default/files/DA%28UL%29%20series%202016.pdf?src-supplier=Digi-Key"; VariantName = "[No Variations]"
Add component (AddParameter): Name = "ComponentLink2Description"; Value = "http://www.farnell.com/datasheets/2145120.pdf?src-supplier=Element14"; VariantName = "[No Variations]"
Add component (AddParameter): Name = "ComponentLink2URL"; Value = "http://www.farnell.com/datasheets/2145120.pdf?src-supplier=Element14"; VariantName = "[No Variations]"
Add component (AddParameter): Name = "ComponentLink3Description"; Value = "https://datasheet.ciiva.com/2407/eng-ds-6-1773450-9-lev100-0908-2407297.pdf?src-supplier=Digi-Key"; VariantName = "[No Variations]"
Add component (AddParameter): Name = "ComponentLink3URL"; Value = "https://datasheet.ciiva.com/2407/eng-ds-6-1773450-9-lev100-0908-2407297.pdf?src-supplier=Digi-Key"; VariantName = "[No Variations]"
Add component (AddParameter): Name = "ComponentLink4Description"; Value = "https://datasheet.ciiva.com/31835/prt4038-31835873.pdf?src-supplier=Onlinecomponents.com"; VariantName = "[No Variations]"
Add component (AddParameter): Name = "ComponentLink4URL"; Value = "https://datasheet.ciiva.com/31835/prt4038-31835873.pdf?src-supplier=Onlinecomponents.com"; VariantName = "[No Variations]"
Add component (AddParameter): Name = "Contact Current Rating"; Value = "3A"; VariantName = "[No Variations]"
Add component (AddParameter): Name = "Manufacturer"; Value = "Cynergy3"; VariantName = "[No Variations]"
Add component (AddParameter): Name = "Manufacturer Part Number"; Value = "DAR72410FU"; VariantName = "[No Variations]"
Add component (AddParameter): Name = "Max Operating Temperature"; Value = "70°C"; VariantName = "[No Variations]"
Add component (AddParameter): Name = "Min Operating Temperature"; Value = "-20°C"; VariantName = "[No Variations]"
Add component (AddParameter): Name = "Mount"; Value = "Through Hole"; VariantName = "[No Variations]"
Add component (AddParameter): Name = "Operate Time"; Value = "3ms"; VariantName = "[No Variations]"
Add component (AddParameter): Name = "Packaging"; Value = "Bulk"; VariantName = "[No Variations]"
Add component (AddParameter): Name = "Pricing 1"; Value = "10=39,11, 30=38,74, 50=38,57, 100=38,35, 200=37,99 (USD)"; VariantName = "[No Variations]"
Add component (AddParameter): Name = "Pricing 2"; Value = "1=160,97, 10=151,5, 25=142,0312, 50=132,5624 (USD)"; VariantName = "[No Variations]"
Add component (AddParameter): Name = "REACH SVHC"; Value = "No SVHC"; VariantName = "[No Variations]"
Add component (AddParameter): Name = "Relay Type"; Value = "Reed"; VariantName = "[No Variations]"
Add component (AddParameter): Name = "Release Time"; Value = "2ms"; VariantName = "[No Variations]"
Add component (AddParameter): Name = "RoHS"; Value = "No"; VariantName = "[No Variations]"
Add component (AddParameter): Name = "RoHS Compliant"; Value = "No"; VariantName = "[No Variations]"
Add component (AddParameter): Name = "Stock 1"; Value = "30"; VariantName = "[No Variations]"
Add component (AddParameter): Name = "Stock 2"; Value = "114"; VariantName = "[No Variations]"
Add component (AddParameter): Name = "Supplier 1"; Value = "Future Electronics"; VariantName = "[No Variations]"
Add component (AddParameter): Name = "Supplier Part Number 1"; Value = "4170822"; VariantName = "[No Variations]"
Add component (AddParameter): Name = "Termination"; Value = "Wire Leads"; VariantName = "[No Variations]"
Add component (AddParameter): Name = "Throw Configuration"; Value = "SPST"; VariantName = "[No Variations]"
Added Component: Designator=X302(RELAY_DCNHR100QF24)
Add component (AddParameter): Name = "Category"; Value = "Power Relays"; VariantName = "[No Variations]"
Add component (AddParameter): Name = "Coil Current"; Value = "30.7mA"; VariantName = "[No Variations]"
Add component (AddParameter): Name = "Coil Resistance"; Value = "780R"; VariantName = "[No Variations]"
Add component (AddParameter): Name = "Coil Type"; Value = "Non-Latching"; VariantName = "[No Variations]"
Add component (AddParameter): Name = "Coil Voltage (DC)"; Value = "24V"; VariantName = "[No Variations]"
Add component (AddParameter): Name = "ComponentLink1Description"; Value = "http://www.cynergy3.com/sites/default/files/DA%28UL%29%20series%202016.pdf?src-supplier=Digi-Key"; VariantName = "[No Variations]"
Add component (AddParameter): Name = "ComponentLink1URL"; Value = "http://www.cynergy3.com/sites/default/files/DA%28UL%29%20series%202016.pdf?src-supplier=Digi-Key"; VariantName = "[No Variations]"
Add component (AddParameter): Name = "ComponentLink2Description"; Value = "http://www.farnell.com/datasheets/2145120.pdf?src-supplier=Element14"; VariantName = "[No Variations]"
Add component (AddParameter): Name = "ComponentLink2URL"; Value = "http://www.farnell.com/datasheets/2145120.pdf?src-supplier=Element14"; VariantName = "[No Variations]"
Add component (AddParameter): Name = "ComponentLink3Description"; Value = "https://datasheet.ciiva.com/2407/eng-ds-6-1773450-9-lev100-0908-2407297.pdf?src-supplier=Digi-Key"; VariantName = "[No Variations]"
Add component (AddParameter): Name = "ComponentLink3URL"; Value = "https://datasheet.ciiva.com/2407/eng-ds-6-1773450-9-lev100-0908-2407297.pdf?src-supplier=Digi-Key"; VariantName = "[No Variations]"
Add component (AddParameter): Name = "ComponentLink4Description"; Value = "https://datasheet.ciiva.com/31835/prt4038-31835873.pdf?src-supplier=Onlinecomponents.com"; VariantName = "[No Variations]"
Add component (AddParameter): Name = "ComponentLink4URL"; Value = "https://datasheet.ciiva.com/31835/prt4038-31835873.pdf?src-supplier=Onlinecomponents.com"; VariantName = "[No Variations]"
Add component (AddParameter): Name = "Contact Current Rating"; Value = "3A"; VariantName = "[No Variations]"
Add component (AddParameter): Name = "Manufacturer"; Value = "Cynergy3"; VariantName = "[No Variations]"
Add component (AddParameter): Name = "Manufacturer Part Number"; Value = "DAR72410FU"; VariantName = "[No Variations]"
Add component (AddParameter): Name = "Max Operating Temperature"; Value = "70°C"; VariantName = "[No Variations]"
Add component (AddParameter): Name = "Min Operating Temperature"; Value = "-20°C"; VariantName = "[No Variations]"
Add component (AddParameter): Name = "Mount"; Value = "Through Hole"; VariantName = "[No Variations]"
Add component (AddParameter): Name = "Operate Time"; Value = "3ms"; VariantName = "[No Variations]"
Add component (AddParameter): Name = "Packaging"; Value = "Bulk"; VariantName = "[No Variations]"
Add component (AddParameter): Name = "Pricing 1"; Value = "10=39,11, 30=38,74, 50=38,57, 100=38,35, 200=37,99 (USD)"; VariantName = "[No Variations]"
Add component (AddParameter): Name = "Pricing 2"; Value = "1=160,97, 10=151,5, 25=142,0312, 50=132,5624 (USD)"; VariantName = "[No Variations]"
Add component (AddParameter): Name = "REACH SVHC"; Value = "No SVHC"; VariantName = "[No Variations]"
Add component (AddParameter): Name = "Relay Type"; Value = "Reed"; VariantName = "[No Variations]"
Add component (AddParameter): Name = "Release Time"; Value = "2ms"; VariantName = "[No Variations]"
Add component (AddParameter): Name = "RoHS"; Value = "No"; VariantName = "[No Variations]"
Add component (AddParameter): Name = "RoHS Compliant"; Value = "No"; VariantName = "[No Variations]"
Add component (AddParameter): Name = "Stock 1"; Value = "30"; VariantName = "[No Variations]"
Add component (AddParameter): Name = "Stock 2"; Value = "114"; VariantName = "[No Variations]"
Add component (AddParameter): Name = "Supplier 1"; Value = "Future Electronics"; VariantName = "[No Variations]"
Add component (AddParameter): Name = "Supplier Part Number 1"; Value = "4170822"; VariantName = "[No Variations]"
Add component (AddParameter): Name = "Termination"; Value = "Wire Leads"; VariantName = "[No Variations]"
Add component (AddParameter): Name = "Throw Configuration"; Value = "SPST"; VariantName = "[No Variations]"
Added Component: Designator=X303(RELAY_DCNHR100QF24)
Add component (AddParameter): Name = "Category"; Value = "Power Relays"; VariantName = "[No Variations]"
Add component (AddParameter): Name = "Coil Current"; Value = "30.7mA"; VariantName = "[No Variations]"
Add component (AddParameter): Name = "Coil Resistance"; Value = "780R"; VariantName = "[No Variations]"
Add component (AddParameter): Name = "Coil Type"; Value = "Non-Latching"; VariantName = "[No Variations]"
Add component (AddParameter): Name = "Coil Voltage (DC)"; Value = "24V"; VariantName = "[No Variations]"
Add component (AddParameter): Name = "ComponentLink1Description"; Value = "http://www.cynergy3.com/sites/default/files/DA%28UL%29%20series%202016.pdf?src-supplier=Digi-Key"; VariantName = "[No Variations]"
Add component (AddParameter): Name = "ComponentLink1URL"; Value = "http://www.cynergy3.com/sites/default/files/DA%28UL%29%20series%202016.pdf?src-supplier=Digi-Key"; VariantName = "[No Variations]"
Add component (AddParameter): Name = "ComponentLink2Description"; Value = "http://www.farnell.com/datasheets/2145120.pdf?src-supplier=Element14"; VariantName = "[No Variations]"
Add component (AddParameter): Name = "ComponentLink2URL"; Value = "http://www.farnell.com/datasheets/2145120.pdf?src-supplier=Element14"; VariantName = "[No Variations]"
Add component (AddParameter): Name = "ComponentLink3Description"; Value = "https://datasheet.ciiva.com/2407/eng-ds-6-1773450-9-lev100-0908-2407297.pdf?src-supplier=Digi-Key"; VariantName = "[No Variations]"
Add component (AddParameter): Name = "ComponentLink3URL"; Value = "https://datasheet.ciiva.com/2407/eng-ds-6-1773450-9-lev100-0908-2407297.pdf?src-supplier=Digi-Key"; VariantName = "[No Variations]"
Add component (AddParameter): Name = "ComponentLink4Description"; Value = "https://datasheet.ciiva.com/31835/prt4038-31835873.pdf?src-supplier=Onlinecomponents.com"; VariantName = "[No Variations]"
Add component (AddParameter): Name = "ComponentLink4URL"; Value = "https://datasheet.ciiva.com/31835/prt4038-31835873.pdf?src-supplier=Onlinecomponents.com"; VariantName = "[No Variations]"
Add component (AddParameter): Name = "Contact Current Rating"; Value = "3A"; VariantName = "[No Variations]"
Add component (AddParameter): Name = "Manufacturer"; Value = "Cynergy3"; VariantName = "[No Variations]"
Add component (AddParameter): Name = "Manufacturer Part Number"; Value = "DAR72410FU"; VariantName = "[No Variations]"
Add component (AddParameter): Name = "Max Operating Temperature"; Value = "70°C"; VariantName = "[No Variations]"
Add component (AddParameter): Name = "Min Operating Temperature"; Value = "-20°C"; VariantName = "[No Variations]"
Add component (AddParameter): Name = "Mount"; Value = "Through Hole"; VariantName = "[No Variations]"
Add component (AddParameter): Name = "Operate Time"; Value = "3ms"; VariantName = "[No Variations]"
Add component (AddParameter): Name = "Packaging"; Value = "Bulk"; VariantName = "[No Variations]"
Add component (AddParameter): Name = "Pricing 1"; Value = "10=39,11, 30=38,74, 50=38,57, 100=38,35, 200=37,99 (USD)"; VariantName = "[No Variations]"
Add component (AddParameter): Name = "Pricing 2"; Value = "1=160,97, 10=151,5, 25=142,0312, 50=132,5624 (USD)"; VariantName = "[No Variations]"
Add component (AddParameter): Name = "REACH SVHC"; Value = "No SVHC"; VariantName = "[No Variations]"
Add component (AddParameter): Name = "Relay Type"; Value = "Reed"; VariantName = "[No Variations]"
Add component (AddParameter): Name = "Release Time"; Value = "2ms"; VariantName = "[No Variations]"
Add component (AddParameter): Name = "RoHS"; Value = "No"; VariantName = "[No Variations]"
Add component (AddParameter): Name = "RoHS Compliant"; Value = "No"; VariantName = "[No Variations]"
Add component (AddParameter): Name = "Stock 1"; Value = "30"; VariantName = "[No Variations]"
Add component (AddParameter): Name = "Stock 2"; Value = "114"; VariantName = "[No Variations]"
Add component (AddParameter): Name = "Supplier 1"; Value = "Future Electronics"; VariantName = "[No Variations]"
Add component (AddParameter): Name = "Supplier Part Number 1"; Value = "4170822"; VariantName = "[No Variations]"
Add component (AddParameter): Name = "Termination"; Value = "Wire Leads"; VariantName = "[No Variations]"
Add component (AddParameter): Name = "Throw Configuration"; Value = "SPST"; VariantName = "[No Variations]"
Added Pin To Net: NetName=AIR-_IN Pin=X301-1
Added Pin To Net: NetName=TS- Pin=X301-2
Added Pin To Net: NetName=TS- Pin=X301-2
Added Pin To Net: NetName=AIR+_IN Pin=X302-1
Added Pin To Net: NetName=PRECHARGE_OUT Pin=X302-2
Added Pin To Net: NetName=PRECHARGE_OUT Pin=X302-2
Added Pin To Net: NetName=AIR+_IN Pin=X303-1
Added Pin To Net: NetName=TS+ Pin=X303-2
Added Pin To Net: NetName=TS+ Pin=X303-2
Added Member To Class: ClassName=Relays_Control Member=Component X301 DCNHR100QF24
Added Member To Class: ClassName=Relays_Control Member=Component X302 DCNHR100QF24
Added Member To Class: ClassName=Relays_Control Member=Component X303 DCNHR100QF24
