Replace Part R* Array_8_R10k in G:\Mi unidad\e-Tech\Electronics\Electronics Repo\commonfiles\Altium_Libraries_e-Tech_Racing\Schematics\Passives.SchLib with Array_8_R10k from Passives.SchLib
Replace Part C* C0.22u-0805FNPC-X5R in G:\Mi unidad\e-Tech\Electronics\Electronics Repo\commonfiles\Altium_Libraries_e-Tech_Racing\Schematics\Passives.SchLib with C0.22u-0805FNPC-X5R from Passives.SchLib
Replace Part C* C1n-3kV-1808MLCC-X7R in G:\Mi unidad\e-Tech\Electronics\Electronics Repo\commonfiles\Altium_Libraries_e-Tech_Racing\Schematics\Passives.SchLib with C1n-3kV-1808MLCC-X7R from Passives.SchLib
Replace Part C* C1u-10V-1206FNPC-X7R in G:\Mi unidad\e-Tech\Electronics\Electronics Repo\commonfiles\Altium_Libraries_e-Tech_Racing\Schematics\Passives.SchLib with C1u-10V-1206FNPC-X7R from Passives.SchLib
Replace Part C* C1u-16V-1206FNPC-X7R in G:\Mi unidad\e-Tech\Electronics\Electronics Repo\commonfiles\Altium_Libraries_e-Tech_Racing\Schematics\Passives.SchLib with C1u-16V-1206FNPC-X7R from Passives.SchLib
Replace Part C* C1u-50V-0805FNPC-X7R in G:\Mi unidad\e-Tech\Electronics\Electronics Repo\commonfiles\Altium_Libraries_e-Tech_Racing\Schematics\Passives.SchLib with C1u-50V-0805FNPC-X7R from Passives.SchLib
Replace Part C* C2.2u-100V-1812MLCC-X7R in G:\Mi unidad\e-Tech\Electronics\Electronics Repo\commonfiles\Altium_Libraries_e-Tech_Racing\Schematics\Passives.SchLib with C2.2u-100V-1812MLCC-X7R from Passives.SchLib
Replace Part C* C4.7n-16V-1206FNPC-X7R in G:\Mi unidad\e-Tech\Electronics\Electronics Repo\commonfiles\Altium_Libraries_e-Tech_Racing\Schematics\Passives.SchLib with C4.7n-16V-1206FNPC-X7R from Passives.SchLib
Replace Part C* C4.7u-0805FNPC-X5R in G:\Mi unidad\e-Tech\Electronics\Electronics Repo\commonfiles\Altium_Libraries_e-Tech_Racing\Schematics\Passives.SchLib with C4.7u-0805FNPC-X5R from Passives.SchLib
Replace Part C* C6.8n-2kV-1210FNPMLCC-X7R in G:\Mi unidad\e-Tech\Electronics\Electronics Repo\commonfiles\Altium_Libraries_e-Tech_Racing\Schematics\Passives.SchLib with C6.8n-2kV-1210FNPMLCC-X7R from Passives.SchLib
Replace Part C* C10n-50V-0805FNPC-X7R in G:\Mi unidad\e-Tech\Electronics\Electronics Repo\commonfiles\Altium_Libraries_e-Tech_Racing\Schematics\Passives.SchLib with C10n-50V-0805FNPC-X7R from Passives.SchLib
Replace Part C* C10n-50V-1206FNPC-C0G/NP0 in G:\Mi unidad\e-Tech\Electronics\Electronics Repo\commonfiles\Altium_Libraries_e-Tech_Racing\Schematics\Passives.SchLib with C10n-50V-1206FNPC-C0G/NP0 from Passives.SchLib
Replace Part C* C10u-10V-1206FNPC-X7R in G:\Mi unidad\e-Tech\Electronics\Electronics Repo\commonfiles\Altium_Libraries_e-Tech_Racing\Schematics\Passives.SchLib with C10u-10V-1206FNPC-X7R from Passives.SchLib
Replace Part C* C10u-10V-1206FPET in G:\Mi unidad\e-Tech\Electronics\Electronics Repo\commonfiles\Altium_Libraries_e-Tech_Racing\Schematics\Passives.SchLib with C10u-10V-1206FPET from Passives.SchLib
Replace Part C* C10u-16V-0805FNPC-X5R in G:\Mi unidad\e-Tech\Electronics\Electronics Repo\commonfiles\Altium_Libraries_e-Tech_Racing\Schematics\Passives.SchLib with C10u-16V-0805FNPC-X5R from Passives.SchLib
Replace Part C* C10u-50V-1210FNPMLCC-X7R in G:\Mi unidad\e-Tech\Electronics\Electronics Repo\commonfiles\Altium_Libraries_e-Tech_Racing\Schematics\Passives.SchLib with C10u-50V-1210FNPMLCC-X7R from Passives.SchLib
Replace Part C* C15p-50V-0805FNPC-NP0 in G:\Mi unidad\e-Tech\Electronics\Electronics Repo\commonfiles\Altium_Libraries_e-Tech_Racing\Schematics\Passives.SchLib with C15p-50V-0805FNPC-NP0 from Passives.SchLib
Replace Part C* C15p-50V-1206FNPC-NP0 in G:\Mi unidad\e-Tech\Electronics\Electronics Repo\commonfiles\Altium_Libraries_e-Tech_Racing\Schematics\Passives.SchLib with C15p-50V-1206FNPC-NP0 from Passives.SchLib
Replace Part C* C22u-10V-0805FNPC-X5R in G:\Mi unidad\e-Tech\Electronics\Electronics Repo\commonfiles\Altium_Libraries_e-Tech_Racing\Schematics\Passives.SchLib with C22u-10V-0805FNPC-X5R from Passives.SchLib
Replace Part C* C47u-10V-1206FNPC-X5R in G:\Mi unidad\e-Tech\Electronics\Electronics Repo\commonfiles\Altium_Libraries_e-Tech_Racing\Schematics\Passives.SchLib with C47u-10V-1206FNPC-X5R from Passives.SchLib
Replace Part C* C68n-50V-1206FNPC-X7R in G:\Mi unidad\e-Tech\Electronics\Electronics Repo\commonfiles\Altium_Libraries_e-Tech_Racing\Schematics\Passives.SchLib with C68n-50V-1206FNPC-X7R from Passives.SchLib
Replace Part C* C100n-10V-1206FNPC-X7R in G:\Mi unidad\e-Tech\Electronics\Electronics Repo\commonfiles\Altium_Libraries_e-Tech_Racing\Schematics\Passives.SchLib with C100n-10V-1206FNPC-X7R from Passives.SchLib
Replace Part C* C100n-25V-1206FNPC-X7R in G:\Mi unidad\e-Tech\Electronics\Electronics Repo\commonfiles\Altium_Libraries_e-Tech_Racing\Schematics\Passives.SchLib with C100n-25V-1206FNPC-X7R from Passives.SchLib
Replace Part C* C100n-50V-0805FNPC-X7R in G:\Mi unidad\e-Tech\Electronics\Electronics Repo\commonfiles\Altium_Libraries_e-Tech_Racing\Schematics\Passives.SchLib with C100n-50V-0805FNPC-X7R from Passives.SchLib
Replace Part C* C100p-50V-0805FNPC-C0G/NP0 in G:\Mi unidad\e-Tech\Electronics\Electronics Repo\commonfiles\Altium_Libraries_e-Tech_Racing\Schematics\Passives.SchLib with C100p-50V-0805FNPC-C0G/NP0 from Passives.SchLib
Replace Part C* C100u-100V-0.9A in G:\Mi unidad\e-Tech\Electronics\Electronics Repo\commonfiles\Altium_Libraries_e-Tech_Racing\Schematics\Passives.SchLib with C100u-100V-0.9A from Passives.SchLib
Replace Part C* C220u-100V-0.8A in G:\Mi unidad\e-Tech\Electronics\Electronics Repo\commonfiles\Altium_Libraries_e-Tech_Racing\Schematics\Passives.SchLib with C220u-100V-0.8A from Passives.SchLib
Replace Part C* C470n-10V-1206FNPC-X7R in G:\Mi unidad\e-Tech\Electronics\Electronics Repo\commonfiles\Altium_Libraries_e-Tech_Racing\Schematics\Passives.SchLib with C470n-10V-1206FNPC-X7R from Passives.SchLib
Replace Part L* L47u-60mA_CF in G:\Mi unidad\e-Tech\Electronics\Electronics Repo\commonfiles\Altium_Libraries_e-Tech_Racing\Schematics\Passives.SchLib with L47u-60mA_CF from Passives.SchLib
Replace Part L* L_47u-490mA_CF in G:\Mi unidad\e-Tech\Electronics\Electronics Repo\commonfiles\Altium_Libraries_e-Tech_Racing\Schematics\Passives.SchLib with L_47u-490mA_CF from Passives.SchLib
Replace Part R* R1.6K-1206FTK in G:\Mi unidad\e-Tech\Electronics\Electronics Repo\commonfiles\Altium_Libraries_e-Tech_Racing\Schematics\Passives.SchLib with R1.6K-1206FTK from Passives.SchLib
Replace Part R* R1k1-1206FTK in G:\Mi unidad\e-Tech\Electronics\Electronics Repo\commonfiles\Altium_Libraries_e-Tech_Racing\Schematics\Passives.SchLib with R1k1-1206FTK from Passives.SchLib
Replace Part R* R1k-0805FTK in G:\Mi unidad\e-Tech\Electronics\Electronics Repo\commonfiles\Altium_Libraries_e-Tech_Racing\Schematics\Passives.SchLib with R1k-0805FTK from Passives.SchLib
Replace Part R* R1k-1206FTK in G:\Mi unidad\e-Tech\Electronics\Electronics Repo\commonfiles\Altium_Libraries_e-Tech_Racing\Schematics\Passives.SchLib with R1k-1206FTK from Passives.SchLib
Replace Part R* R1k-VTR in G:\Mi unidad\e-Tech\Electronics\Electronics Repo\commonfiles\Altium_Libraries_e-Tech_Racing\Schematics\Passives.SchLib with R1k-VTR from Passives.SchLib
Replace Part R* R1k-VTR_RM065 in G:\Mi unidad\e-Tech\Electronics\Electronics Repo\commonfiles\Altium_Libraries_e-Tech_Racing\Schematics\Passives.SchLib with R1k-VTR_RM065 from Passives.SchLib
Replace Part R* R2.2K-1206FTK in G:\Mi unidad\e-Tech\Electronics\Electronics Repo\commonfiles\Altium_Libraries_e-Tech_Racing\Schematics\Passives.SchLib with R2.2K-1206FTK from Passives.SchLib
Replace Part R* R2M-1206FTK in G:\Mi unidad\e-Tech\Electronics\Electronics Repo\commonfiles\Altium_Libraries_e-Tech_Racing\Schematics\Passives.SchLib with R2M-1206FTK from Passives.SchLib
Replace Part R* R4.3K-1206FTK in G:\Mi unidad\e-Tech\Electronics\Electronics Repo\commonfiles\Altium_Libraries_e-Tech_Racing\Schematics\Passives.SchLib with R4.3K-1206FTK from Passives.SchLib
Replace Part R* R4.7K-0805FTK in G:\Mi unidad\e-Tech\Electronics\Electronics Repo\commonfiles\Altium_Libraries_e-Tech_Racing\Schematics\Passives.SchLib with R4.7K-0805FTK from Passives.SchLib
Replace Part R* R4.7K-1206FTK in G:\Mi unidad\e-Tech\Electronics\Electronics Repo\commonfiles\Altium_Libraries_e-Tech_Racing\Schematics\Passives.SchLib with R4.7K-1206FTK from Passives.SchLib
Replace Part R* R6.2K-1206FTK in G:\Mi unidad\e-Tech\Electronics\Electronics Repo\commonfiles\Altium_Libraries_e-Tech_Racing\Schematics\Passives.SchLib with R6.2K-1206FTK from Passives.SchLib
Replace Part R* R9.09K-1206FTK in G:\Mi unidad\e-Tech\Electronics\Electronics Repo\commonfiles\Altium_Libraries_e-Tech_Racing\Schematics\Passives.SchLib with R9.09K-1206FTK from Passives.SchLib
Replace Part R* R10k-0805FTK in G:\Mi unidad\e-Tech\Electronics\Electronics Repo\commonfiles\Altium_Libraries_e-Tech_Racing\Schematics\Passives.SchLib with R10k-0805FTK from Passives.SchLib
Replace Part R* R10k-1206FTK in G:\Mi unidad\e-Tech\Electronics\Electronics Repo\commonfiles\Altium_Libraries_e-Tech_Racing\Schematics\Passives.SchLib with R10k-1206FTK from Passives.SchLib
Replace Part R* R10k-VTR in G:\Mi unidad\e-Tech\Electronics\Electronics Repo\commonfiles\Altium_Libraries_e-Tech_Racing\Schematics\Passives.SchLib with R10k-VTR from Passives.SchLib
Replace Part R* R10k-VTR_RM065 in G:\Mi unidad\e-Tech\Electronics\Electronics Repo\commonfiles\Altium_Libraries_e-Tech_Racing\Schematics\Passives.SchLib with R10k-VTR_RM065 from Passives.SchLib
Replace Part R* R15-0805FTN in G:\Mi unidad\e-Tech\Electronics\Electronics Repo\commonfiles\Altium_Libraries_e-Tech_Racing\Schematics\Passives.SchLib with R15-0805FTN from Passives.SchLib
Replace Part R* R15-2512FTK in G:\Mi unidad\e-Tech\Electronics\Electronics Repo\commonfiles\Altium_Libraries_e-Tech_Racing\Schematics\Passives.SchLib with R15-2512FTK from Passives.SchLib
Replace Part R* R22-1206FTK in G:\Mi unidad\e-Tech\Electronics\Electronics Repo\commonfiles\Altium_Libraries_e-Tech_Racing\Schematics\Passives.SchLib with R22-1206FTK from Passives.SchLib
Replace Part R* R30k-1206FTK in G:\Mi unidad\e-Tech\Electronics\Electronics Repo\commonfiles\Altium_Libraries_e-Tech_Racing\Schematics\Passives.SchLib with R30k-1206FTK from Passives.SchLib
Replace Part R* R51k-1206FTK in G:\Mi unidad\e-Tech\Electronics\Electronics Repo\commonfiles\Altium_Libraries_e-Tech_Racing\Schematics\Passives.SchLib with R51k-1206FTK from Passives.SchLib
Replace Part R* R60-0805FTN in G:\Mi unidad\e-Tech\Electronics\Electronics Repo\commonfiles\Altium_Libraries_e-Tech_Racing\Schematics\Passives.SchLib with R60-0805FTN from Passives.SchLib
Replace Part R* R60-1206FTN in G:\Mi unidad\e-Tech\Electronics\Electronics Repo\commonfiles\Altium_Libraries_e-Tech_Racing\Schematics\Passives.SchLib with R60-1206FTN from Passives.SchLib
Replace Part R* R68k-1206FTK in G:\Mi unidad\e-Tech\Electronics\Electronics Repo\commonfiles\Altium_Libraries_e-Tech_Racing\Schematics\Passives.SchLib with R68k-1206FTK from Passives.SchLib
Replace Part R* R100-0805FTK in G:\Mi unidad\e-Tech\Electronics\Electronics Repo\commonfiles\Altium_Libraries_e-Tech_Racing\Schematics\Passives.SchLib with R100-0805FTK from Passives.SchLib
Replace Part R* R100-1206FTK in G:\Mi unidad\e-Tech\Electronics\Electronics Repo\commonfiles\Altium_Libraries_e-Tech_Racing\Schematics\Passives.SchLib with R100-1206FTK from Passives.SchLib
Replace Part R* R100k-VTR in G:\Mi unidad\e-Tech\Electronics\Electronics Repo\commonfiles\Altium_Libraries_e-Tech_Racing\Schematics\Passives.SchLib with R100k-VTR from Passives.SchLib
Replace Part R* R150-1206FTK in G:\Mi unidad\e-Tech\Electronics\Electronics Repo\commonfiles\Altium_Libraries_e-Tech_Racing\Schematics\Passives.SchLib with R150-1206FTK from Passives.SchLib
Replace Part R* R200-1206FTK in G:\Mi unidad\e-Tech\Electronics\Electronics Repo\commonfiles\Altium_Libraries_e-Tech_Racing\Schematics\Passives.SchLib with R200-1206FTK from Passives.SchLib
Replace Part R* R220-1206FTK in G:\Mi unidad\e-Tech\Electronics\Electronics Repo\commonfiles\Altium_Libraries_e-Tech_Racing\Schematics\Passives.SchLib with R220-1206FTK from Passives.SchLib
Replace Part R* R300-1206FTK in G:\Mi unidad\e-Tech\Electronics\Electronics Repo\commonfiles\Altium_Libraries_e-Tech_Racing\Schematics\Passives.SchLib with R300-1206FTK from Passives.SchLib
Replace Part R* R470-0805FTK in G:\Mi unidad\e-Tech\Electronics\Electronics Repo\commonfiles\Altium_Libraries_e-Tech_Racing\Schematics\Passives.SchLib with R470-0805FTK from Passives.SchLib
Replace Part R* R470-1206FTK in G:\Mi unidad\e-Tech\Electronics\Electronics Repo\commonfiles\Altium_Libraries_e-Tech_Racing\Schematics\Passives.SchLib with R470-1206FTK from Passives.SchLib
Replace Part R* R470-TO220 in G:\Mi unidad\e-Tech\Electronics\Electronics Repo\commonfiles\Altium_Libraries_e-Tech_Racing\Schematics\Passives.SchLib with R470-TO220 from Passives.SchLib
Replace Part XTAL* XTAL20M_SMD in G:\Mi unidad\e-Tech\Electronics\Electronics Repo\commonfiles\Altium_Libraries_e-Tech_Racing\Schematics\Passives.SchLib with XTAL20M_SMD from Passives.SchLib
