Removed Pin From Net: NetName=SC_OUT Pin=J1-6
Removed Pin From Net: NetName=SC_IN Pin=J1-7
Change Component Footprint: Designator=J1 Old Footprint=J_MicroFit_1x8_V New Footprint=J_NanoFit_2x8_V
Change Component Comment : Designator=J1 Old Comment=J_MicroFit_1x8_V New Comment=1053101116
Change component parameters: Designator = "J1" ("J1"); Footprint = "J_MicroFit_1x8_V"; UniqueID = "\UCZTPPUW" ("\UCZTPPUW")
Change component parameters (AddParameter): Name = ".Creator"; Value = "AC"; VariantName = "[No Variations]"
Change component parameters (AddParameter): Name = ".PCBcheck"; Value = ""; VariantName = "[No Variations]"
Change component parameters (AddParameter): Name = ".SCHcheck"; Value = ""; VariantName = "[No Variations]"
Change component parameters (AddParameter): Name = "Category"; Value = "Headers and Wire Housings"; VariantName = "[No Variations]"
Change component parameters (AddParameter): Name = "ComponentLink1Description"; Value = "https://www.molex.com/pdm_docs/sd/1053101210_sd.pdf?src-supplier=Digi-Key"; VariantName = "[No Variations]"
Change component parameters (AddParameter): Name = "ComponentLink1URL"; Value = "https://www.molex.com/pdm_docs/sd/1053101210_sd.pdf?src-supplier=Digi-Key"; VariantName = "[No Variations]"
Change component parameters (AddParameter): Name = "ComponentLink2Description"; Value = "Molex"; VariantName = "[No Variations]"
Change component parameters (AddParameter): Name = "ComponentLink2URL"; Value = "https://www.molex.com/molex/products/part-detail/pcb_headers/1053101116"; VariantName = "[No Variations]"
Change component parameters (AddParameter): Name = "Connector Type"; Value = "Header,Male Pin"; VariantName = "[No Variations]"
Change component parameters (AddParameter): Name = "Contact Material"; Value = "Brass"; VariantName = "[No Variations]"
Change component parameters (AddParameter): Name = "Contact Plating"; Value = "Tin"; VariantName = "[No Variations]"
Change component parameters (AddParameter): Name = "Contact Shape"; Value = "Square"; VariantName = "[No Variations]"
Change component parameters (AddParameter): Name = "Fastening Type"; Value = "Latch"; VariantName = "[No Variations]"
Change component parameters (AddParameter): Name = "Insulation Color"; Value = "Black"; VariantName = "[No Variations]"
Change component parameters (AddParameter): Name = "Insulation Material"; Value = "Polymer"; VariantName = "[No Variations]"
Change component parameters (AddParameter): Name = "Manufacturer 1"; Value = "Molex"; VariantName = "[No Variations]"
Change component parameters (AddParameter): Name = "Manufacturer Part Number 1"; Value = "105310-1116"; VariantName = "[No Variations]"
Change component parameters (AddParameter): Name = "Max Operating Temperature"; Value = "105°C"; VariantName = "[No Variations]"
Change component parameters (AddParameter): Name = "Min Operating Temperature"; Value = "-40°C"; VariantName = "[No Variations]"
Change component parameters (AddParameter): Name = "Mount"; Value = "Through Hole"; VariantName = "[No Variations]"
Change component parameters (AddParameter): Name = "Number of Positions"; Value = "16"; VariantName = "[No Variations]"
Change component parameters (AddParameter): Name = "Number of Rows"; Value = "2"; VariantName = "[No Variations]"
Change component parameters (AddParameter): Name = "Packaging"; Value = "Tray"; VariantName = "[No Variations]"
Change component parameters (AddParameter): Name = "Pricing 1"; Value = "1=3,21000, 10=2,82400, 84=2,24619, 1008=1,86110, 4956=1,66858 (USD)"; VariantName = "[No Variations]"
Change component parameters (AddParameter): Name = "RoHS"; Value = "No"; VariantName = "[No Variations]"
Change component parameters (AddParameter): Name = "Stock 1"; Value = "84"; VariantName = "[No Variations]"
Change component parameters (AddParameter): Name = "Supplier 1"; Value = "Digi-Key"; VariantName = "[No Variations]"
Change component parameters (AddParameter): Name = "Supplier Part Number 1"; Value = "WM16885-ND"; VariantName = "[No Variations]"
Change component parameters (AddParameter): Name = "Termination"; Value = "Kinked Pin"; VariantName = "[No Variations]"
Added Pin To Net: NetName=SC_IN Pin=J1-2
Added Pin To Net: NetName=SC_OUT Pin=J1-3
Added Pin To Net: NetName=SC_End Pin=J1-4
Added Pin To Net: NetName=SC_End Pin=J1-9
Added Pin To Net: NetName=HV_detection Pin=J1-10
Added Pin To Net: NetName=Precharge_Coil_1 Pin=J1-11
Added Pin To Net: NetName=AIR+_Coil_1 Pin=J1-12
Added Pin To Net: NetName=AIR-_Coil_1 Pin=J1-13
Added Pin To Net: NetName=Precharge_AUX_1 Pin=J1-14
Added Pin To Net: NetName=AIR+_AUX_1 Pin=J1-15
Added Pin To Net: NetName=AIR-_AUX_1 Pin=J1-16
Added Pin To Net: NetName=+12 Pin=J3-1
Added Pin To Net: NetName=GND Pin=J3-2
