Removed Pin From Net: NetName=NetF201_2 Pin=J201-1
Removed Pin From Net: NetName=NetF202_2 Pin=J201-2
Removed Pin From Net: NetName=NetF203_2 Pin=J201-3
Removed Pin From Net: NetName=NetF204_2 Pin=J201-4
Removed Pin From Net: NetName=NetF205_2 Pin=J201-5
Removed Pin From Net: NetName=NetF206_2 Pin=J201-6
Removed Pin From Net: NetName=NetF207_2 Pin=J201-7
Removed Pin From Net: NetName=NetF208_2 Pin=J201-8
Removed Pin From Net: NetName=NetF209_2 Pin=J201-9
Removed Pin From Net: NetName=NetF210_2 Pin=J201-10
Removed Pin From Net: NetName=GND_Slave_2 Pin=J201-11
Removed Pin From Net: NetName=NetF301_2 Pin=J301-1
Removed Pin From Net: NetName=NetF302_2 Pin=J301-2
Removed Pin From Net: NetName=NetF303_2 Pin=J301-3
Removed Pin From Net: NetName=NetF304_2 Pin=J301-4
Removed Pin From Net: NetName=NetF305_2 Pin=J301-5
Removed Pin From Net: NetName=NetF306_2 Pin=J301-6
Removed Pin From Net: NetName=NetF307_2 Pin=J301-7
Removed Pin From Net: NetName=NetF308_2 Pin=J301-8
Removed Pin From Net: NetName=NetF309_2 Pin=J301-9
Removed Pin From Net: NetName=NetF310_2 Pin=J301-10
Removed Pin From Net: NetName=GND_Slave_3 Pin=J301-11
Removed Member From Class: ClassName=Accumulator_HotDog Member=J301
Change Component Footprint: Designator=J101 Old Footprint=J_SocketHeader_1x12 New Footprint=J_MicroFit_1x12
Change Component Footprint: Designator=J201 Old Footprint=J_SocketHeader_1x12 New Footprint=J_MicroFit_1x12
Change Component Comment : Designator=J101 Old Comment=61301211821 New Comment=436501200
Change Component Comment : Designator=J201 Old Comment=61301211821 New Comment=436501200
Change component parameters: Designator = "J101" ("J101"); Footprint = "J_SocketHeader_1x12"; UniqueID = "\KDXDEKZI" ("\KDXDEKZI")
Change component parameters (AddParameter): Name = ".Creator"; Value = "DR"; VariantName = "[No Variations]"
Change component parameters (AddParameter): Name = ".PCBcheck"; Value = ""; VariantName = "[No Variations]"
Change component parameters (AddParameter): Name = ".SCHcheck"; Value = ""; VariantName = "[No Variations]"
Change component parameters (AddParameter): Name = "Category"; Value = "Headers and Wire Housings"; VariantName = "[No Variations]"
Change component parameters (AddParameter): Name = "ComponentLink1Description"; Value = "https://datasheet.ciiva.com/713/436500501-sd-713883.pdf?src-supplier=Digi-Key"; VariantName = "[No Variations]"
Change component parameters (AddParameter): Name = "ComponentLink1URL"; Value = "https://datasheet.ciiva.com/713/436500501-sd-713883.pdf?src-supplier=Digi-Key"; VariantName = "[No Variations]"
Change component parameters (AddParameter): Name = "ComponentLink2Description"; Value = "https://datasheet.ciiva.com/30240/0436501200-pcb-headers-30240499.pdf?src-supplier=Onlinecomponents.com"; VariantName = "[No Variations]"
Change component parameters (AddParameter): Name = "ComponentLink2URL"; Value = "https://datasheet.ciiva.com/30240/0436501200-pcb-headers-30240499.pdf?src-supplier=Onlinecomponents.com"; VariantName = "[No Variations]"
Change component parameters (AddParameter): Name = "ComponentLink3Description"; Value = "https://datasheet.ciiva.com/5150/0436501200-pcb-headers-168537-5150117.pdf?src-supplier=Mouser"; VariantName = "[No Variations]"
Change component parameters (AddParameter): Name = "ComponentLink3URL"; Value = "https://datasheet.ciiva.com/5150/0436501200-pcb-headers-168537-5150117.pdf?src-supplier=Mouser"; VariantName = "[No Variations]"
Change component parameters (AddParameter): Name = "ComponentLink4Description"; Value = "https://datasheet.ciiva.com/16086/1031430436501200-pcb-headers-16086097.pdf?src-supplier=Onlinecomponents.com"; VariantName = "[No Variations]"
Change component parameters (AddParameter): Name = "ComponentLink4URL"; Value = "https://datasheet.ciiva.com/16086/1031430436501200-pcb-headers-16086097.pdf?src-supplier=Onlinecomponents.com"; VariantName = "[No Variations]"
Change component parameters (AddParameter): Name = "ComponentLink5Description"; Value = "https://datasheet.ciiva.com/14155/04402066-14155230.pdf?src-supplier=Distrelec"; VariantName = "[No Variations]"
Change component parameters (AddParameter): Name = "ComponentLink5URL"; Value = "https://datasheet.ciiva.com/14155/04402066-14155230.pdf?src-supplier=Distrelec"; VariantName = "[No Variations]"
Change component parameters (AddParameter): Name = "Manufacturer 1"; Value = "Molex"; VariantName = "[No Variations]"
Change component parameters (AddParameter): Name = "Manufacturer Part Number 1"; Value = "43650-1200"; VariantName = "[No Variations]"
Change component parameters (AddParameter): Name = "Pricing 1"; Value = "1=3,36000, 10=2,96000, 25=2,76000, 50=2,56000, 100=2,36000, 250=2,08000 (USD)"; VariantName = "[No Variations]"
Change component parameters (AddParameter): Name = "RoHS"; Value = "Yes"; VariantName = "[No Variations]"
Change component parameters (AddParameter): Name = "Stock 1"; Value = "13"; VariantName = "[No Variations]"
Change component parameters (AddParameter): Name = "Supplier 1"; Value = "Newark"; VariantName = "[No Variations]"
Change component parameters (AddParameter): Name = "Supplier Part Number 1"; Value = "01AH1239"; VariantName = "[No Variations]"
Change component parameters: Designator = "J201" ("J201"); Footprint = "J_SocketHeader_1x12"; UniqueID = "\QJUDMMGE" ("\QJUDMMGE")
Change component parameters (AddParameter): Name = ".Creator"; Value = "DR"; VariantName = "[No Variations]"
Change component parameters (AddParameter): Name = ".PCBcheck"; Value = ""; VariantName = "[No Variations]"
Change component parameters (AddParameter): Name = ".SCHcheck"; Value = ""; VariantName = "[No Variations]"
Change component parameters (AddParameter): Name = "Category"; Value = "Headers and Wire Housings"; VariantName = "[No Variations]"
Change component parameters (AddParameter): Name = "ComponentLink1Description"; Value = "https://datasheet.ciiva.com/713/436500501-sd-713883.pdf?src-supplier=Digi-Key"; VariantName = "[No Variations]"
Change component parameters (AddParameter): Name = "ComponentLink1URL"; Value = "https://datasheet.ciiva.com/713/436500501-sd-713883.pdf?src-supplier=Digi-Key"; VariantName = "[No Variations]"
Change component parameters (AddParameter): Name = "ComponentLink2Description"; Value = "https://datasheet.ciiva.com/30240/0436501200-pcb-headers-30240499.pdf?src-supplier=Onlinecomponents.com"; VariantName = "[No Variations]"
Change component parameters (AddParameter): Name = "ComponentLink2URL"; Value = "https://datasheet.ciiva.com/30240/0436501200-pcb-headers-30240499.pdf?src-supplier=Onlinecomponents.com"; VariantName = "[No Variations]"
Change component parameters (AddParameter): Name = "ComponentLink3Description"; Value = "https://datasheet.ciiva.com/5150/0436501200-pcb-headers-168537-5150117.pdf?src-supplier=Mouser"; VariantName = "[No Variations]"
Change component parameters (AddParameter): Name = "ComponentLink3URL"; Value = "https://datasheet.ciiva.com/5150/0436501200-pcb-headers-168537-5150117.pdf?src-supplier=Mouser"; VariantName = "[No Variations]"
Change component parameters (AddParameter): Name = "ComponentLink4Description"; Value = "https://datasheet.ciiva.com/16086/1031430436501200-pcb-headers-16086097.pdf?src-supplier=Onlinecomponents.com"; VariantName = "[No Variations]"
Change component parameters (AddParameter): Name = "ComponentLink4URL"; Value = "https://datasheet.ciiva.com/16086/1031430436501200-pcb-headers-16086097.pdf?src-supplier=Onlinecomponents.com"; VariantName = "[No Variations]"
Change component parameters (AddParameter): Name = "ComponentLink5Description"; Value = "https://datasheet.ciiva.com/14155/04402066-14155230.pdf?src-supplier=Distrelec"; VariantName = "[No Variations]"
Change component parameters (AddParameter): Name = "ComponentLink5URL"; Value = "https://datasheet.ciiva.com/14155/04402066-14155230.pdf?src-supplier=Distrelec"; VariantName = "[No Variations]"
Change component parameters (AddParameter): Name = "Manufacturer 1"; Value = "Molex"; VariantName = "[No Variations]"
Change component parameters (AddParameter): Name = "Manufacturer Part Number 1"; Value = "43650-1200"; VariantName = "[No Variations]"
Change component parameters (AddParameter): Name = "Pricing 1"; Value = "1=3,36000, 10=2,96000, 25=2,76000, 50=2,56000, 100=2,36000, 250=2,08000 (USD)"; VariantName = "[No Variations]"
Change component parameters (AddParameter): Name = "RoHS"; Value = "Yes"; VariantName = "[No Variations]"
Change component parameters (AddParameter): Name = "Stock 1"; Value = "13"; VariantName = "[No Variations]"
Change component parameters (AddParameter): Name = "Supplier 1"; Value = "Newark"; VariantName = "[No Variations]"
Change component parameters (AddParameter): Name = "Supplier Part Number 1"; Value = "01AH1239"; VariantName = "[No Variations]"
Added Component: Designator=J201(J_MicroFit_1x12)
Add component (AddParameter): Name = ".Creator"; Value = "DR"; VariantName = "[No Variations]"
Add component (AddParameter): Name = ".PCBcheck"; Value = ""; VariantName = "[No Variations]"
Add component (AddParameter): Name = ".SCHcheck"; Value = ""; VariantName = "[No Variations]"
Add component (AddParameter): Name = "Category"; Value = "Headers and Wire Housings"; VariantName = "[No Variations]"
Add component (AddParameter): Name = "ComponentLink1Description"; Value = "https://datasheet.ciiva.com/713/436500501-sd-713883.pdf?src-supplier=Digi-Key"; VariantName = "[No Variations]"
Add component (AddParameter): Name = "ComponentLink1URL"; Value = "https://datasheet.ciiva.com/713/436500501-sd-713883.pdf?src-supplier=Digi-Key"; VariantName = "[No Variations]"
Add component (AddParameter): Name = "ComponentLink2Description"; Value = "https://datasheet.ciiva.com/30240/0436501200-pcb-headers-30240499.pdf?src-supplier=Onlinecomponents.com"; VariantName = "[No Variations]"
Add component (AddParameter): Name = "ComponentLink2URL"; Value = "https://datasheet.ciiva.com/30240/0436501200-pcb-headers-30240499.pdf?src-supplier=Onlinecomponents.com"; VariantName = "[No Variations]"
Add component (AddParameter): Name = "ComponentLink3Description"; Value = "https://datasheet.ciiva.com/5150/0436501200-pcb-headers-168537-5150117.pdf?src-supplier=Mouser"; VariantName = "[No Variations]"
Add component (AddParameter): Name = "ComponentLink3URL"; Value = "https://datasheet.ciiva.com/5150/0436501200-pcb-headers-168537-5150117.pdf?src-supplier=Mouser"; VariantName = "[No Variations]"
Add component (AddParameter): Name = "ComponentLink4Description"; Value = "https://datasheet.ciiva.com/16086/1031430436501200-pcb-headers-16086097.pdf?src-supplier=Onlinecomponents.com"; VariantName = "[No Variations]"
Add component (AddParameter): Name = "ComponentLink4URL"; Value = "https://datasheet.ciiva.com/16086/1031430436501200-pcb-headers-16086097.pdf?src-supplier=Onlinecomponents.com"; VariantName = "[No Variations]"
Add component (AddParameter): Name = "ComponentLink5Description"; Value = "https://datasheet.ciiva.com/14155/04402066-14155230.pdf?src-supplier=Distrelec"; VariantName = "[No Variations]"
Add component (AddParameter): Name = "ComponentLink5URL"; Value = "https://datasheet.ciiva.com/14155/04402066-14155230.pdf?src-supplier=Distrelec"; VariantName = "[No Variations]"
Add component (AddParameter): Name = "Manufacturer 1"; Value = "Molex"; VariantName = "[No Variations]"
Add component (AddParameter): Name = "Manufacturer Part Number 1"; Value = "43650-1200"; VariantName = "[No Variations]"
Add component (AddParameter): Name = "Pricing 1"; Value = "1=3,36000, 10=2,96000, 25=2,76000, 50=2,56000, 100=2,36000, 250=2,08000 (USD)"; VariantName = "[No Variations]"
Add component (AddParameter): Name = "RoHS"; Value = "Yes"; VariantName = "[No Variations]"
Add component (AddParameter): Name = "Stock 1"; Value = "13"; VariantName = "[No Variations]"
Add component (AddParameter): Name = "Supplier 1"; Value = "Newark"; VariantName = "[No Variations]"
Add component (AddParameter): Name = "Supplier Part Number 1"; Value = "01AH1239"; VariantName = "[No Variations]"
Added Pin To Net: NetName=NetF201_2 Pin=J201-1
Added Pin To Net: NetName=NetF301_2 Pin=J201-1
Added Pin To Net: NetName=NetF202_2 Pin=J201-2
Added Pin To Net: NetName=NetF302_2 Pin=J201-2
Added Pin To Net: NetName=NetF203_2 Pin=J201-3
Added Pin To Net: NetName=NetF303_2 Pin=J201-3
Added Pin To Net: NetName=NetF204_2 Pin=J201-4
Added Pin To Net: NetName=NetF304_2 Pin=J201-4
Added Pin To Net: NetName=NetF205_2 Pin=J201-5
Added Pin To Net: NetName=NetF305_2 Pin=J201-5
Added Pin To Net: NetName=NetF206_2 Pin=J201-6
Added Pin To Net: NetName=NetF306_2 Pin=J201-6
Added Pin To Net: NetName=NetF207_2 Pin=J201-7
Added Pin To Net: NetName=NetF307_2 Pin=J201-7
Added Pin To Net: NetName=NetF208_2 Pin=J201-8
Added Pin To Net: NetName=NetF308_2 Pin=J201-8
Added Pin To Net: NetName=NetF209_2 Pin=J201-9
Added Pin To Net: NetName=NetF309_2 Pin=J201-9
Added Pin To Net: NetName=NetF210_2 Pin=J201-10
Added Pin To Net: NetName=NetF310_2 Pin=J201-10
Added Pin To Net: NetName=GND_Slave_2 Pin=J201-11
Added Pin To Net: NetName=GND_Slave_3 Pin=J201-11
Added Member To Class: ClassName=Accumulator_HotDog Member=Component J201 436501200
