Removed Pin From Net: NetName=NetJ102_5 Pin=NTC105-1
Removed Pin From Net: NetName=NetJ102_6 Pin=NTC106-1
Removed Pin From Net: NetName=NetJ102_7 Pin=NTC107-1
Removed Pin From Net: NetName=NetJ102_8 Pin=NTC108-1
Removed Pin From Net: NetName=NetJ202_5 Pin=NTC205-1
Removed Pin From Net: NetName=NetJ202_6 Pin=NTC206-1
Removed Pin From Net: NetName=NetJ202_7 Pin=NTC207-1
Removed Pin From Net: NetName=NetJ202_8 Pin=NTC208-1
Removed Pin From Net: NetName=NetJ302_5 Pin=NTC305-1
Removed Pin From Net: NetName=NetJ302_6 Pin=NTC306-1
Removed Pin From Net: NetName=NetJ302_7 Pin=NTC307-1
Removed Pin From Net: NetName=NetJ302_8 Pin=NTC308-1
Change Component Footprint: Designator=J101 Old Footprint=J_MicroFit_1x12 New Footprint=J_SocketHeader_1x12
Change Component Footprint: Designator=J201 Old Footprint=J_MicroFit_1x12 New Footprint=J_SocketHeader_1x12
Change Component Footprint: Designator=J301 Old Footprint=J_MicroFit_1x12 New Footprint=J_SocketHeader_1x12
Change Component Footprint: Designator=J102 Old Footprint=J_MicroFit_2x4 New Footprint=J_SocketHeader_1x8
Change Component Footprint: Designator=J202 Old Footprint=J_MicroFit_2x4 New Footprint=J_SocketHeader_1x8
Change Component Footprint: Designator=J302 Old Footprint=J_MicroFit_2x4 New Footprint=J_SocketHeader_1x8
Change Component Comment : Designator=J102 Old Comment=0430450800 New Comment=J_SocketHeader_1x8
Change Component Comment : Designator=J202 Old Comment=0430450800 New Comment=J_SocketHeader_1x8
Change Component Comment : Designator=J302 Old Comment=0430450800 New Comment=J_SocketHeader_1x8
Change Component Comment : Designator=J101 Old Comment=436501200 New Comment=61301211821
Change Component Comment : Designator=J201 Old Comment=436501200 New Comment=61301211821
Change Component Comment : Designator=J301 Old Comment=436501200 New Comment=61301211821
Change component parameters: Designator = "J101" ("J101"); Footprint = "J_MicroFit_1x12"; UniqueID = "\FZBHOFKI" ("\FZBHOFKI")
Change component parameters (AddParameter): Name = "Contact Material"; Value = "Copper Alloy"; VariantName = "[No Variations]"
Change component parameters (AddParameter): Name = "Gender"; Value = "Female"; VariantName = "[No Variations]"
Change component parameters (AddParameter): Name = "Manufacturer"; Value = "Wurth Electronics"; VariantName = "[No Variations]"
Change component parameters (AddParameter): Name = "Manufacturer Part Number"; Value = "61301211821"; VariantName = "[No Variations]"
Change component parameters (AddParameter): Name = "Pricing 1"; Value = "280=0,38600 (GBP)"; VariantName = "[No Variations]"
Change component parameters (AddParameter): Name = "RoHS"; Value = "Yes"; VariantName = "[No Variations]"
Change component parameters (AddParameter): Name = "RoHS Compliant"; Value = "Yes"; VariantName = "[No Variations]"
Change component parameters (AddParameter): Name = "Stock 1"; Value = "2"; VariantName = "[No Variations]"
Change component parameters (AddParameter): Name = "Supplier 1"; Value = "RSComponents"; VariantName = "[No Variations]"
Change component parameters (AddParameter): Name = "Supplier Part Number 1"; Value = "2053162"; VariantName = "[No Variations]"
Change component parameters: Designator = "J102" ("J102"); Footprint = "J_MicroFit_2x4"; UniqueID = "\FYWMQRFL" ("\FYWMQRFL")
Change component parameters (AddParameter): Name = "Contact Material"; Value = "Copper Alloy"; VariantName = "[No Variations]"
Change component parameters (AddParameter): Name = "Gender"; Value = "Female"; VariantName = "[No Variations]"
Change component parameters (AddParameter): Name = "Manufacturer"; Value = "Wurth Electronics"; VariantName = "[No Variations]"
Change component parameters (AddParameter): Name = "Manufacturer Part Number"; Value = "61300811821"; VariantName = "[No Variations]"
Change component parameters (AddParameter): Name = "Pricing 1"; Value = "400=0,23900 (GBP)"; VariantName = "[No Variations]"
Change component parameters (AddParameter): Name = "RoHS"; Value = "Yes"; VariantName = "[No Variations]"
Change component parameters (AddParameter): Name = "RoHS Compliant"; Value = "Yes"; VariantName = "[No Variations]"
Change component parameters (AddParameter): Name = "Stock 1"; Value = "10"; VariantName = "[No Variations]"
Change component parameters (AddParameter): Name = "Supplier 1"; Value = "RSComponents"; VariantName = "[No Variations]"
Change component parameters (AddParameter): Name = "Supplier Part Number 1"; Value = "2053205"; VariantName = "[No Variations]"
Change component parameters: Designator = "J201" ("J201"); Footprint = "J_MicroFit_1x12"; UniqueID = "\BLYYIUBO" ("\BLYYIUBO")
Change component parameters (AddParameter): Name = "Contact Material"; Value = "Copper Alloy"; VariantName = "[No Variations]"
Change component parameters (AddParameter): Name = "Gender"; Value = "Female"; VariantName = "[No Variations]"
Change component parameters (AddParameter): Name = "Manufacturer"; Value = "Wurth Electronics"; VariantName = "[No Variations]"
Change component parameters (AddParameter): Name = "Manufacturer Part Number"; Value = "61301211821"; VariantName = "[No Variations]"
Change component parameters (AddParameter): Name = "Pricing 1"; Value = "280=0,38600 (GBP)"; VariantName = "[No Variations]"
Change component parameters (AddParameter): Name = "RoHS"; Value = "Yes"; VariantName = "[No Variations]"
Change component parameters (AddParameter): Name = "RoHS Compliant"; Value = "Yes"; VariantName = "[No Variations]"
Change component parameters (AddParameter): Name = "Stock 1"; Value = "2"; VariantName = "[No Variations]"
Change component parameters (AddParameter): Name = "Supplier 1"; Value = "RSComponents"; VariantName = "[No Variations]"
Change component parameters (AddParameter): Name = "Supplier Part Number 1"; Value = "2053162"; VariantName = "[No Variations]"
Change component parameters: Designator = "J202" ("J202"); Footprint = "J_MicroFit_2x4"; UniqueID = "\MLFIFGLL" ("\MLFIFGLL")
Change component parameters (AddParameter): Name = "Contact Material"; Value = "Copper Alloy"; VariantName = "[No Variations]"
Change component parameters (AddParameter): Name = "Gender"; Value = "Female"; VariantName = "[No Variations]"
Change component parameters (AddParameter): Name = "Manufacturer"; Value = "Wurth Electronics"; VariantName = "[No Variations]"
Change component parameters (AddParameter): Name = "Manufacturer Part Number"; Value = "61300811821"; VariantName = "[No Variations]"
Change component parameters (AddParameter): Name = "Pricing 1"; Value = "400=0,23900 (GBP)"; VariantName = "[No Variations]"
Change component parameters (AddParameter): Name = "RoHS"; Value = "Yes"; VariantName = "[No Variations]"
Change component parameters (AddParameter): Name = "RoHS Compliant"; Value = "Yes"; VariantName = "[No Variations]"
Change component parameters (AddParameter): Name = "Stock 1"; Value = "10"; VariantName = "[No Variations]"
Change component parameters (AddParameter): Name = "Supplier 1"; Value = "RSComponents"; VariantName = "[No Variations]"
Change component parameters (AddParameter): Name = "Supplier Part Number 1"; Value = "2053205"; VariantName = "[No Variations]"
Change component parameters: Designator = "J301" ("J301"); Footprint = "J_MicroFit_1x12"; UniqueID = "\WJCXAHHA" ("\WJCXAHHA")
Change component parameters (AddParameter): Name = "Contact Material"; Value = "Copper Alloy"; VariantName = "[No Variations]"
Change component parameters (AddParameter): Name = "Gender"; Value = "Female"; VariantName = "[No Variations]"
Change component parameters (AddParameter): Name = "Manufacturer"; Value = "Wurth Electronics"; VariantName = "[No Variations]"
Change component parameters (AddParameter): Name = "Manufacturer Part Number"; Value = "61301211821"; VariantName = "[No Variations]"
Change component parameters (AddParameter): Name = "Pricing 1"; Value = "280=0,38600 (GBP)"; VariantName = "[No Variations]"
Change component parameters (AddParameter): Name = "RoHS"; Value = "Yes"; VariantName = "[No Variations]"
Change component parameters (AddParameter): Name = "RoHS Compliant"; Value = "Yes"; VariantName = "[No Variations]"
Change component parameters (AddParameter): Name = "Stock 1"; Value = "2"; VariantName = "[No Variations]"
Change component parameters (AddParameter): Name = "Supplier 1"; Value = "RSComponents"; VariantName = "[No Variations]"
Change component parameters (AddParameter): Name = "Supplier Part Number 1"; Value = "2053162"; VariantName = "[No Variations]"
Change component parameters: Designator = "J302" ("J302"); Footprint = "J_MicroFit_2x4"; UniqueID = "\DJDBPWUR" ("\DJDBPWUR")
Change component parameters (AddParameter): Name = "Contact Material"; Value = "Copper Alloy"; VariantName = "[No Variations]"
Change component parameters (AddParameter): Name = "Gender"; Value = "Female"; VariantName = "[No Variations]"
Change component parameters (AddParameter): Name = "Manufacturer"; Value = "Wurth Electronics"; VariantName = "[No Variations]"
Change component parameters (AddParameter): Name = "Manufacturer Part Number"; Value = "61300811821"; VariantName = "[No Variations]"
Change component parameters (AddParameter): Name = "Pricing 1"; Value = "400=0,23900 (GBP)"; VariantName = "[No Variations]"
Change component parameters (AddParameter): Name = "RoHS"; Value = "Yes"; VariantName = "[No Variations]"
Change component parameters (AddParameter): Name = "RoHS Compliant"; Value = "Yes"; VariantName = "[No Variations]"
Change component parameters (AddParameter): Name = "Stock 1"; Value = "10"; VariantName = "[No Variations]"
Change component parameters (AddParameter): Name = "Supplier 1"; Value = "RSComponents"; VariantName = "[No Variations]"
Change component parameters (AddParameter): Name = "Supplier Part Number 1"; Value = "2053205"; VariantName = "[No Variations]"
Added Pin To Net: NetName=NetJ102_8 Pin=NTC105-1
Added Pin To Net: NetName=NetJ102_7 Pin=NTC106-1
Added Pin To Net: NetName=NetJ102_6 Pin=NTC107-1
Added Pin To Net: NetName=NetJ102_5 Pin=NTC108-1
Added Pin To Net: NetName=NetJ202_8 Pin=NTC205-1
Added Pin To Net: NetName=NetJ202_7 Pin=NTC206-1
Added Pin To Net: NetName=NetJ202_6 Pin=NTC207-1
Added Pin To Net: NetName=NetJ202_5 Pin=NTC208-1
Added Pin To Net: NetName=NetJ302_8 Pin=NTC305-1
Added Pin To Net: NetName=NetJ302_7 Pin=NTC306-1
Added Pin To Net: NetName=NetJ302_6 Pin=NTC307-1
Added Pin To Net: NetName=NetJ302_5 Pin=NTC308-1
