Added Component: Designator=WR-PHD Socket Header?(61301311821)
Added Component: Designator=WR-PHD Socket Header?(61301311821)
Added Component: Designator=WR-PHD Socket Header(61301311821)
Add Pin To Net: Unknown Pin: Pin WR-PHD Socket Header-1
Add Pin To Net: Unknown Pin: Pin WR-PHD Socket Header-2
Add Pin To Net: Unknown Pin: Pin WR-PHD Socket Header-3
Add Pin To Net: Unknown Pin: Pin WR-PHD Socket Header-4
Add Pin To Net: Unknown Pin: Pin WR-PHD Socket Header-5
Add Pin To Net: Unknown Pin: Pin WR-PHD Socket Header-6
Add Pin To Net: Unknown Pin: Pin WR-PHD Socket Header-7
Add Pin To Net: Unknown Pin: Pin WR-PHD Socket Header-8
Add Pin To Net: Unknown Pin: Pin WR-PHD Socket Header-9
Add Pin To Net: Unknown Pin: Pin WR-PHD Socket Header-10
Add Pin To Net: Unknown Pin: Pin WR-PHD Socket Header-11
Add Pin To Net: Unknown Pin: Pin WR-PHD Socket Header-12
Add Pin To Net: Unknown Pin: Pin WR-PHD Socket Header-13
Add Pin To Net: Unknown Pin: Pin WR-PHD Socket Header?-1
Add Pin To Net: Unknown Pin: Pin WR-PHD Socket Header?-1
Add Pin To Net: Unknown Pin: Pin WR-PHD Socket Header?-2
Add Pin To Net: Unknown Pin: Pin WR-PHD Socket Header?-2
Add Pin To Net: Unknown Pin: Pin WR-PHD Socket Header?-3
Add Pin To Net: Unknown Pin: Pin WR-PHD Socket Header?-3
Add Pin To Net: Unknown Pin: Pin WR-PHD Socket Header?-4
Add Pin To Net: Unknown Pin: Pin WR-PHD Socket Header?-4
Add Pin To Net: Unknown Pin: Pin WR-PHD Socket Header?-5
Add Pin To Net: Unknown Pin: Pin WR-PHD Socket Header?-5
Add Pin To Net: Unknown Pin: Pin WR-PHD Socket Header?-6
Add Pin To Net: Unknown Pin: Pin WR-PHD Socket Header?-6
Add Pin To Net: Unknown Pin: Pin WR-PHD Socket Header?-7
Add Pin To Net: Unknown Pin: Pin WR-PHD Socket Header?-7
Add Pin To Net: Unknown Pin: Pin WR-PHD Socket Header?-8
Add Pin To Net: Unknown Pin: Pin WR-PHD Socket Header?-8
Add Pin To Net: Unknown Pin: Pin WR-PHD Socket Header?-9
Add Pin To Net: Unknown Pin: Pin WR-PHD Socket Header?-9
Add Pin To Net: Unknown Pin: Pin WR-PHD Socket Header?-10
Add Pin To Net: Unknown Pin: Pin WR-PHD Socket Header?-10
Add Pin To Net: Unknown Pin: Pin WR-PHD Socket Header?-11
Add Pin To Net: Unknown Pin: Pin WR-PHD Socket Header?-11
Add Pin To Net: Unknown Pin: Pin WR-PHD Socket Header?-12
Add Pin To Net: Unknown Pin: Pin WR-PHD Socket Header?-12
Add Pin To Net: Unknown Pin: Pin WR-PHD Socket Header?-13
Add Pin To Net: Unknown Pin: Pin WR-PHD Socket Header?-13
Add Class Member: Failed to add class member : Component WR-PHD Socket Header? J201
Add Class Member: Failed to add class member : Component WR-PHD Socket Header? J201
Add Class Member: Failed to add class member : Component WR-PHD Socket Header J101
