Change Component Designator: Old Designator=C46 New Designator=C1
Change Component Designator: Old Designator=C47 New Designator=C2
Change Component Designator: Old Designator=C48 New Designator=C3
Change Component Designator: Old Designator=C49 New Designator=C4
Change Component Designator: Old Designator=C50 New Designator=C5
Change Component Designator: Old Designator=C51 New Designator=C6
Change Component Designator: Old Designator=C52 New Designator=C7
Change Component Designator: Old Designator=C53 New Designator=C8
Change Component Designator: Old Designator=C54 New Designator=C9
Change Component Designator: Old Designator=C55 New Designator=C10
Change Component Designator: Old Designator=C56 New Designator=C11
Change Component Designator: Old Designator=C57 New Designator=C12
Change Component Designator: Old Designator=D16 New Designator=D1
Change Component Designator: Old Designator=D17 New Designator=D2
Change Component Designator: Old Designator=D18 New Designator=D3
Change Component Designator: Old Designator=J4 New Designator=J1
Change Component Designator: Old Designator=J5 New Designator=J2
Change Component Designator: Old Designator=J6 New Designator=J3
Change Component Designator: Old Designator=R66 New Designator=R1
Change Component Designator: Old Designator=R67 New Designator=R2
Change Component Designator: Old Designator=R68 New Designator=R3
Change Component Designator: Old Designator=R69 New Designator=R4
Change Component Designator: Old Designator=R70 New Designator=R5
Change Component Designator: Old Designator=R71 New Designator=R6
Change Component Designator: Old Designator=R72 New Designator=R7
Change Component Designator: Old Designator=U5 New Designator=U1
Change Component Designator: Old Designator=U6 New Designator=U2
