Change Component Designator: Old Designator=C44 New Designator=C45
Change Component Designator: Old Designator=C45 New Designator=C46
Change Component Designator: Old Designator=C46 New Designator=C47
Change Component Designator: Old Designator=C47 New Designator=C48
Change Component Designator: Old Designator=C48 New Designator=C49
Change Component Designator: Old Designator=C49 New Designator=C50
Change Component Designator: Old Designator=C50 New Designator=C51
Change Component Designator: Old Designator=C51 New Designator=C52
Change Component Designator: Old Designator=C52 New Designator=C53
Change Component Designator: Old Designator=C? New Designator=C44
Change Component Designator: Old Designator=J? New Designator=J4
Change Component Designator: Old Designator=J? New Designator=J5
Change Component Designator: Old Designator=J? New Designator=J6
Change Component Designator: Old Designator=R66 New Designator=R68
Change Component Designator: Old Designator=R67 New Designator=R70
Change Component Designator: Old Designator=R68 New Designator=R69
Change Component Designator: Old Designator=R69 New Designator=R71
Change Component Designator: Old Designator=R70 New Designator=R72
Change Component Designator: Old Designator=R? New Designator=R66
Change Component Designator: Old Designator=R? New Designator=R67
