Removed Pin From Net: NetName=NetFB1_1 Pin=J5-1
Removed Pin From Net: NetName=NetFB1_1 Pin=J5-2
Removed Pin From Net: NetName=NetFB3_1 Pin=J5-3
Removed Pin From Net: NetName=NetFB3_1 Pin=J5-4
Removed Pin From Net: NetName=NetFB4_1 Pin=J5-5
Removed Pin From Net: NetName=NetFB4_1 Pin=J5-6
Removed Pin From Net: NetName=NetFB5_1 Pin=J5-7
Removed Pin From Net: NetName=NetFB5_1 Pin=J5-8
Removed Pin From Net: NetName=NetFB6_1 Pin=J5-9
Removed Pin From Net: NetName=NetFB6_1 Pin=J5-10
Added Component: Designator=J?(61301021121)
Add component. Clean all parameters for all variants
Add component (AddParameter): Name = "ComponentLink1Description"; Value = "Manufacturer"; VariantName = "[No Variations]"
Add component (AddParameter): Name = "ComponentLink1URL"; Value = "http://www.we-online.de"; VariantName = "[No Variations]"
Add component (AddParameter): Name = "ComponentLink2Description"; Value = "Datasheet"; VariantName = "[No Variations]"
Add component (AddParameter): Name = "ComponentLink2URL"; Value = "https://katalog.we-online.de/em/datasheet/6130xx21121.pdf"; VariantName = "[No Variations]"
Add component (AddParameter): Name = "Contact Resistance"; Value = "20 mOhm"; VariantName = "[No Variations]"
Add component (AddParameter): Name = "Gender"; Value = "Male"; VariantName = "[No Variations]"
Add component (AddParameter): Name = "Mounting Technology"; Value = "THT"; VariantName = "[No Variations]"
Add component (AddParameter): Name = "Operating Temperature"; Value = "-40 to 105 degC"; VariantName = "[No Variations]"
Add component (AddParameter): Name = "Orientation"; Value = "Vertical"; VariantName = "[No Variations]"
Add component (AddParameter): Name = "Packaging"; Value = "Bag"; VariantName = "[No Variations]"
Add component (AddParameter): Name = "Part Number"; Value = "61301021121"; VariantName = "[No Variations]"
Add component (AddParameter): Name = "Pin Number"; Value = "10"; VariantName = "[No Variations]"
Add component (AddParameter): Name = "Pitch"; Value = "2.54 mm"; VariantName = "[No Variations]"
Add component (AddParameter): Name = "Publisher"; Value = "Wurth Elektronik"; VariantName = "[No Variations]"
Add component (AddParameter): Name = "Rated Current"; Value = "3 A"; VariantName = "[No Variations]"
Add component (AddParameter): Name = "Row Number"; Value = "Dual"; VariantName = "[No Variations]"
Add component (AddParameter): Name = "Withstanding Voltage"; Value = "500 VAC"; VariantName = "[No Variations]"
Add component (AddParameter): Name = "Working Voltage"; Value = "250 VAC"; VariantName = "[No Variations]"
Added Pin To Net: NetName=NetFB1_1 Pin=J?-1
Added Pin To Net: NetName=NetFB1_1 Pin=J?-2
Added Pin To Net: NetName=NetFB3_1 Pin=J?-3
Added Pin To Net: NetName=NetFB3_1 Pin=J?-4
Added Pin To Net: NetName=NetFB4_1 Pin=J?-5
Added Pin To Net: NetName=NetFB4_1 Pin=J?-6
Added Pin To Net: NetName=NetFB5_1 Pin=J?-7
Added Pin To Net: NetName=NetFB5_1 Pin=J?-8
Added Pin To Net: NetName=NetFB6_1 Pin=J?-9
Added Pin To Net: NetName=NetFB6_1 Pin=J?-10
Added Member To Class: ClassName=AMS_balancing Member=Component J? 61301021121
