Replace Part D101 LEDVS-0805-40 in G:\Mi unidad\e-Tech\Electronics\Electronics Repo\BMS\AMS_Master\AMS_Master_PCB\[1] Supply.SchDoc with LEDVS-0805-40 from Semiconductor.SchLib
Replace Part D102 LEDVS-0805-40 in G:\Mi unidad\e-Tech\Electronics\Electronics Repo\BMS\AMS_Master\AMS_Master_PCB\[1] Supply.SchDoc with LEDVS-0805-40 from Semiconductor.SchLib
Replace Part D103 LEDVS-0805-40 in G:\Mi unidad\e-Tech\Electronics\Electronics Repo\BMS\AMS_Master\AMS_Master_PCB\[1] Supply.SchDoc with LEDVS-0805-40 from Semiconductor.SchLib
Replace Part D104 LEDVS-0805-40 in G:\Mi unidad\e-Tech\Electronics\Electronics Repo\BMS\AMS_Master\AMS_Master_PCB\[1] Supply.SchDoc with LEDVS-0805-40 from Semiconductor.SchLib
Replace Part D105 DTVS-6V-DO-214AC in G:\Mi unidad\e-Tech\Electronics\Electronics Repo\BMS\AMS_Master\AMS_Master_PCB\[1] Supply.SchDoc with DTVS-6V-DO-214AC from Filter components.SchLib
Replace Part D106 DSC-0.5/30-SOD123 in G:\Mi unidad\e-Tech\Electronics\Electronics Repo\BMS\AMS_Master\AMS_Master_PCB\[1] Supply.SchDoc with DSC-0.5/30-SOD123 from Filter components.SchLib
Replace Part D107 DTVS-13V-DO-214AC in G:\Mi unidad\e-Tech\Electronics\Electronics Repo\BMS\AMS_Master\AMS_Master_PCB\[1] Supply.SchDoc with DTVS-13V-DO-214AC from Filter components.SchLib
Replace Part D108 DSC-0.5/30-SOD123 in G:\Mi unidad\e-Tech\Electronics\Electronics Repo\BMS\AMS_Master\AMS_Master_PCB\[1] Supply.SchDoc with DSC-0.5/30-SOD123 from Filter components.SchLib
Replace Part D109 DTVS-6V-DO-214AC in G:\Mi unidad\e-Tech\Electronics\Electronics Repo\BMS\AMS_Master\AMS_Master_PCB\[1] Supply.SchDoc with DTVS-6V-DO-214AC from Filter components.SchLib
Replace Part D110 DSC-0.5/30-SOD123 in G:\Mi unidad\e-Tech\Electronics\Electronics Repo\BMS\AMS_Master\AMS_Master_PCB\[1] Supply.SchDoc with DSC-0.5/30-SOD123 from Filter components.SchLib
Replace Part F101 Fuse_1A_63V_1206 in G:\Mi unidad\e-Tech\Electronics\Electronics Repo\BMS\AMS_Master\AMS_Master_PCB\[1] Supply.SchDoc with Fuse_1A_63V_1206 from Filter components.SchLib
Replace Part F102 Fuse_1A_63V_1206 in G:\Mi unidad\e-Tech\Electronics\Electronics Repo\BMS\AMS_Master\AMS_Master_PCB\[1] Supply.SchDoc with Fuse_1A_63V_1206 from Filter components.SchLib
Replace Part F103 Fuse_1A_63V_1206 in G:\Mi unidad\e-Tech\Electronics\Electronics Repo\BMS\AMS_Master\AMS_Master_PCB\[1] Supply.SchDoc with Fuse_1A_63V_1206 from Filter components.SchLib
Replace Part J101 J_Jumper in G:\Mi unidad\e-Tech\Electronics\Electronics Repo\BMS\AMS_Master\AMS_Master_PCB\[1] Supply.SchDoc with J_Jumper from Electromechanical.SchLib
Replace Part J102 J_Jumper in G:\Mi unidad\e-Tech\Electronics\Electronics Repo\BMS\AMS_Master\AMS_Master_PCB\[1] Supply.SchDoc with J_Jumper from Electromechanical.SchLib
Replace Part J103 J_Jumper in G:\Mi unidad\e-Tech\Electronics\Electronics Repo\BMS\AMS_Master\AMS_Master_PCB\[1] Supply.SchDoc with J_Jumper from Electromechanical.SchLib
Replace Part J104 J_Jumper in G:\Mi unidad\e-Tech\Electronics\Electronics Repo\BMS\AMS_Master\AMS_Master_PCB\[1] Supply.SchDoc with J_Jumper from Electromechanical.SchLib
Replace Part J105 J_Jumper in G:\Mi unidad\e-Tech\Electronics\Electronics Repo\BMS\AMS_Master\AMS_Master_PCB\[1] Supply.SchDoc with J_Jumper from Electromechanical.SchLib
Replace Part J106 J_Jumper in G:\Mi unidad\e-Tech\Electronics\Electronics Repo\BMS\AMS_Master\AMS_Master_PCB\[1] Supply.SchDoc with J_Jumper from Electromechanical.SchLib
Replace Part J107 J_Supply in G:\Mi unidad\e-Tech\Electronics\Electronics Repo\BMS\AMS_Master\AMS_Master_PCB\[1] Supply.SchDoc with J_Supply from Electromechanical.SchLib
Replace Part J108 J_Jumper in G:\Mi unidad\e-Tech\Electronics\Electronics Repo\BMS\AMS_Master\AMS_Master_PCB\[1] Supply.SchDoc with J_Jumper from Electromechanical.SchLib
Replace Part L101 L_47u-490mA_CF in G:\Mi unidad\e-Tech\Electronics\Electronics Repo\BMS\AMS_Master\AMS_Master_PCB\[1] Supply.SchDoc with L_47u-490mA_CF from Passives.SchLib
Replace Part L102 L_47u-490mA_CF in G:\Mi unidad\e-Tech\Electronics\Electronics Repo\BMS\AMS_Master\AMS_Master_PCB\[1] Supply.SchDoc with L_47u-490mA_CF from Passives.SchLib
Replace Part L103 L_47u-490mA_CF in G:\Mi unidad\e-Tech\Electronics\Electronics Repo\BMS\AMS_Master\AMS_Master_PCB\[1] Supply.SchDoc with L_47u-490mA_CF from Passives.SchLib
Replace Part R101 R470-0805FTK in G:\Mi unidad\e-Tech\Electronics\Electronics Repo\BMS\AMS_Master\AMS_Master_PCB\[1] Supply.SchDoc with R470-0805FTK from Passives.SchLib
Replace Part R102 R1k-0805FTK in G:\Mi unidad\e-Tech\Electronics\Electronics Repo\BMS\AMS_Master\AMS_Master_PCB\[1] Supply.SchDoc with R1k-0805FTK from Passives.SchLib
Replace Part R103 R470-0805FTK in G:\Mi unidad\e-Tech\Electronics\Electronics Repo\BMS\AMS_Master\AMS_Master_PCB\[1] Supply.SchDoc with R470-0805FTK from Passives.SchLib
Replace Part R104 R470-0805FTK in G:\Mi unidad\e-Tech\Electronics\Electronics Repo\BMS\AMS_Master\AMS_Master_PCB\[1] Supply.SchDoc with R470-0805FTK from Passives.SchLib
Replace Part U101 LDO_10V-0.8/3V3-SOT223 in G:\Mi unidad\e-Tech\Electronics\Electronics Repo\BMS\AMS_Master\AMS_Master_PCB\[1] Supply.SchDoc with LDO_10V-0.8/3V3-SOT223 from Semiconductor.SchLib
