Replace Part C101 C10u-50V-1210FNPMLCC-X7R in C:\Users\dwegg\Google Drive\e-Tech\Electronics\Electronics Repo\BMS\AMS_Master\AMS_Master_PCB\[1] Supply.SchDoc with C10u-50V-1210FNPMLCC-X7R from Passives.SchLib
Replace Part C102 C10u-50V-1210FNPMLCC-X7R in C:\Users\dwegg\Google Drive\e-Tech\Electronics\Electronics Repo\BMS\AMS_Master\AMS_Master_PCB\[1] Supply.SchDoc with C10u-50V-1210FNPMLCC-X7R from Passives.SchLib
Replace Part D101 LEDVS-0805-40 in C:\Users\dwegg\Google Drive\e-Tech\Electronics\Electronics Repo\BMS\AMS_Master\AMS_Master_PCB\[1] Supply.SchDoc with LEDVS-0805-40 from Semiconductor.SchLib
Replace Part D102 LEDVS-0805-40 in C:\Users\dwegg\Google Drive\e-Tech\Electronics\Electronics Repo\BMS\AMS_Master\AMS_Master_PCB\[1] Supply.SchDoc with LEDVS-0805-40 from Semiconductor.SchLib
Replace Part D103 LEDVS-0805-40 in C:\Users\dwegg\Google Drive\e-Tech\Electronics\Electronics Repo\BMS\AMS_Master\AMS_Master_PCB\[1] Supply.SchDoc with LEDVS-0805-40 from Semiconductor.SchLib
Replace Part D104 DTVS-40V-DO-214AB in C:\Users\dwegg\Google Drive\e-Tech\Electronics\Electronics Repo\BMS\AMS_Master\AMS_Master_PCB\[1] Supply.SchDoc with DTVS-40V-DO-214AB from Filter components.SchLib
Replace Part D105 DSC-0.5/30-SOD123 in C:\Users\dwegg\Google Drive\e-Tech\Electronics\Electronics Repo\BMS\AMS_Master\AMS_Master_PCB\[1] Supply.SchDoc with DSC-0.5/30-SOD123 from Filter components.SchLib
Replace Part DCDC101 DCDC-42V/5V-1A in C:\Users\dwegg\Google Drive\e-Tech\Electronics\Electronics Repo\BMS\AMS_Master\AMS_Master_PCB\[1] Supply.SchDoc with DCDC-42V/5V-1A from Semiconductor.SchLib
Replace Part DCDC102 DCDC-36V/12V-0.5A in C:\Users\dwegg\Google Drive\e-Tech\Electronics\Electronics Repo\BMS\AMS_Master\AMS_Master_PCB\[1] Supply.SchDoc with DCDC-36V/12V-0.5A from Semiconductor.SchLib
Replace Part F101 Fuse_1A_63V_1206 in C:\Users\dwegg\Google Drive\e-Tech\Electronics\Electronics Repo\BMS\AMS_Master\AMS_Master_PCB\[1] Supply.SchDoc with Fuse_1A_63V_1206 from Filter components.SchLib
Replace Part J101 J_Jumper in C:\Users\dwegg\Google Drive\e-Tech\Electronics\Electronics Repo\BMS\AMS_Master\AMS_Master_PCB\[1] Supply.SchDoc with J_Jumper from Electromechanical.SchLib
Replace Part J102 J_Jumper in C:\Users\dwegg\Google Drive\e-Tech\Electronics\Electronics Repo\BMS\AMS_Master\AMS_Master_PCB\[1] Supply.SchDoc with J_Jumper from Electromechanical.SchLib
Replace Part J103 J_Jumper in C:\Users\dwegg\Google Drive\e-Tech\Electronics\Electronics Repo\BMS\AMS_Master\AMS_Master_PCB\[1] Supply.SchDoc with J_Jumper from Electromechanical.SchLib
Replace Part J104 J_Jumper in C:\Users\dwegg\Google Drive\e-Tech\Electronics\Electronics Repo\BMS\AMS_Master\AMS_Master_PCB\[1] Supply.SchDoc with J_Jumper from Electromechanical.SchLib
Replace Part L101 L_47u-490mA_CF in C:\Users\dwegg\Google Drive\e-Tech\Electronics\Electronics Repo\BMS\AMS_Master\AMS_Master_PCB\[1] Supply.SchDoc with L_47u-490mA_CF from Passives.SchLib
Replace Part R101 R1k-0805FTK in C:\Users\dwegg\Google Drive\e-Tech\Electronics\Electronics Repo\BMS\AMS_Master\AMS_Master_PCB\[1] Supply.SchDoc with R1k-0805FTK from Passives.SchLib
Replace Part R102 R470-0805FTK in C:\Users\dwegg\Google Drive\e-Tech\Electronics\Electronics Repo\BMS\AMS_Master\AMS_Master_PCB\[1] Supply.SchDoc with R470-0805FTK from Passives.SchLib
Replace Part R103 R470-0805FTK in C:\Users\dwegg\Google Drive\e-Tech\Electronics\Electronics Repo\BMS\AMS_Master\AMS_Master_PCB\[1] Supply.SchDoc with R470-0805FTK from Passives.SchLib
Replace Part TP101 TestPoint in C:\Users\dwegg\Google Drive\e-Tech\Electronics\Electronics Repo\BMS\AMS_Master\AMS_Master_PCB\[1] Supply.SchDoc with TestPoint from e-Tech_Racing.SchLib
Replace Part TP102 TestPoint in C:\Users\dwegg\Google Drive\e-Tech\Electronics\Electronics Repo\BMS\AMS_Master\AMS_Master_PCB\[1] Supply.SchDoc with TestPoint from e-Tech_Racing.SchLib
Replace Part TP103 TestPoint in C:\Users\dwegg\Google Drive\e-Tech\Electronics\Electronics Repo\BMS\AMS_Master\AMS_Master_PCB\[1] Supply.SchDoc with TestPoint from e-Tech_Racing.SchLib
Replace Part TP104 TestPoint in C:\Users\dwegg\Google Drive\e-Tech\Electronics\Electronics Repo\BMS\AMS_Master\AMS_Master_PCB\[1] Supply.SchDoc with TestPoint from e-Tech_Racing.SchLib
Replace Part TP105 TestPoint in C:\Users\dwegg\Google Drive\e-Tech\Electronics\Electronics Repo\BMS\AMS_Master\AMS_Master_PCB\[1] Supply.SchDoc with TestPoint from e-Tech_Racing.SchLib
Replace Part TP106 TestPoint in C:\Users\dwegg\Google Drive\e-Tech\Electronics\Electronics Repo\BMS\AMS_Master\AMS_Master_PCB\[1] Supply.SchDoc with TestPoint from e-Tech_Racing.SchLib
Replace Part TP107 TestPoint in C:\Users\dwegg\Google Drive\e-Tech\Electronics\Electronics Repo\BMS\AMS_Master\AMS_Master_PCB\[1] Supply.SchDoc with TestPoint from e-Tech_Racing.SchLib
Replace Part TP116 TestPoint in C:\Users\dwegg\Google Drive\e-Tech\Electronics\Electronics Repo\BMS\AMS_Master\AMS_Master_PCB\[1] Supply.SchDoc with TestPoint from e-Tech_Racing.SchLib
Replace Part U101 LDO_10V-0.8/3V3-SOT223 in C:\Users\dwegg\Google Drive\e-Tech\Electronics\Electronics Repo\BMS\AMS_Master\AMS_Master_PCB\[1] Supply.SchDoc with LDO_10V-0.8/3V3-SOT223 from Semiconductor.SchLib
