Replace Part C201 C10u-10V-1206FNPC-X7R in G:\Mi unidad\e-Tech\Electronics\Electronics Repo\BMS\AMS_Master\AMS_Master_PCB\[2] MCU.SchDoc with C10u-10V-1206FNPC-X7R from Passives.SchLib
Replace Part C202 C15p-50V-0805FNPC-NP0 in G:\Mi unidad\e-Tech\Electronics\Electronics Repo\BMS\AMS_Master\AMS_Master_PCB\[2] MCU.SchDoc with C15p-50V-0805FNPC-NP0 from Passives.SchLib
Replace Part C203 C15p-50V-0805FNPC-NP0 in G:\Mi unidad\e-Tech\Electronics\Electronics Repo\BMS\AMS_Master\AMS_Master_PCB\[2] MCU.SchDoc with C15p-50V-0805FNPC-NP0 from Passives.SchLib
Replace Part C204 C1u-50V-0805FNPC-X7R in G:\Mi unidad\e-Tech\Electronics\Electronics Repo\BMS\AMS_Master\AMS_Master_PCB\[2] MCU.SchDoc with C1u-50V-0805FNPC-X7R from Passives.SchLib
Replace Part C205 C100n-50V-0805FNPC-X7R in G:\Mi unidad\e-Tech\Electronics\Electronics Repo\BMS\AMS_Master\AMS_Master_PCB\[2] MCU.SchDoc with C100n-50V-0805FNPC-X7R from Passives.SchLib
Replace Part C206 C10n-50V-0805FNPC-X7R in G:\Mi unidad\e-Tech\Electronics\Electronics Repo\BMS\AMS_Master\AMS_Master_PCB\[2] MCU.SchDoc with C10n-50V-0805FNPC-X7R from Passives.SchLib
Replace Part C207 C1u-50V-0805FNPC-X7R in G:\Mi unidad\e-Tech\Electronics\Electronics Repo\BMS\AMS_Master\AMS_Master_PCB\[2] MCU.SchDoc with C1u-50V-0805FNPC-X7R from Passives.SchLib
Replace Part C208 C100n-50V-0805FNPC-X7R in G:\Mi unidad\e-Tech\Electronics\Electronics Repo\BMS\AMS_Master\AMS_Master_PCB\[2] MCU.SchDoc with C100n-50V-0805FNPC-X7R from Passives.SchLib
Replace Part C209 C10n-50V-0805FNPC-X7R in G:\Mi unidad\e-Tech\Electronics\Electronics Repo\BMS\AMS_Master\AMS_Master_PCB\[2] MCU.SchDoc with C10n-50V-0805FNPC-X7R from Passives.SchLib
Replace Part C210 C1u-50V-0805FNPC-X7R in G:\Mi unidad\e-Tech\Electronics\Electronics Repo\BMS\AMS_Master\AMS_Master_PCB\[2] MCU.SchDoc with C1u-50V-0805FNPC-X7R from Passives.SchLib
Replace Part C211 C100n-50V-0805FNPC-X7R in G:\Mi unidad\e-Tech\Electronics\Electronics Repo\BMS\AMS_Master\AMS_Master_PCB\[2] MCU.SchDoc with C100n-50V-0805FNPC-X7R from Passives.SchLib
Replace Part C212 C10n-50V-0805FNPC-X7R in G:\Mi unidad\e-Tech\Electronics\Electronics Repo\BMS\AMS_Master\AMS_Master_PCB\[2] MCU.SchDoc with C10n-50V-0805FNPC-X7R from Passives.SchLib
Replace Part D201 LEDBS-0805-145 in G:\Mi unidad\e-Tech\Electronics\Electronics Repo\BMS\AMS_Master\AMS_Master_PCB\[2] MCU.SchDoc with LEDBS-0805-145 from Semiconductor.SchLib
Replace Part D202 LEDBS-0805-145 in G:\Mi unidad\e-Tech\Electronics\Electronics Repo\BMS\AMS_Master\AMS_Master_PCB\[2] MCU.SchDoc with LEDBS-0805-145 from Semiconductor.SchLib
Replace Part D203 LEDRS-0805-150 in G:\Mi unidad\e-Tech\Electronics\Electronics Repo\BMS\AMS_Master\AMS_Master_PCB\[2] MCU.SchDoc with LEDRS-0805-150 from Semiconductor.SchLib
Replace Part R201 R470-0805FTK in G:\Mi unidad\e-Tech\Electronics\Electronics Repo\BMS\AMS_Master\AMS_Master_PCB\[2] MCU.SchDoc with R470-0805FTK from Passives.SchLib
Replace Part R202 R470-0805FTK in G:\Mi unidad\e-Tech\Electronics\Electronics Repo\BMS\AMS_Master\AMS_Master_PCB\[2] MCU.SchDoc with R470-0805FTK from Passives.SchLib
Replace Part R203 R470-0805FTK in G:\Mi unidad\e-Tech\Electronics\Electronics Repo\BMS\AMS_Master\AMS_Master_PCB\[2] MCU.SchDoc with R470-0805FTK from Passives.SchLib
Replace Part R204 R10k-0805FTK in G:\Mi unidad\e-Tech\Electronics\Electronics Repo\BMS\AMS_Master\AMS_Master_PCB\[2] MCU.SchDoc with R10k-0805FTK from Passives.SchLib
Replace Part R205 R10k-0805FTK in G:\Mi unidad\e-Tech\Electronics\Electronics Repo\BMS\AMS_Master\AMS_Master_PCB\[2] MCU.SchDoc with R10k-0805FTK from Passives.SchLib
Replace Part R206 R10k-0805FTK in G:\Mi unidad\e-Tech\Electronics\Electronics Repo\BMS\AMS_Master\AMS_Master_PCB\[2] MCU.SchDoc with R10k-0805FTK from Passives.SchLib
Replace Part R207 R10k-0805FTK in G:\Mi unidad\e-Tech\Electronics\Electronics Repo\BMS\AMS_Master\AMS_Master_PCB\[2] MCU.SchDoc with R10k-0805FTK from Passives.SchLib
Replace Part R208 R10k-0805FTK in G:\Mi unidad\e-Tech\Electronics\Electronics Repo\BMS\AMS_Master\AMS_Master_PCB\[2] MCU.SchDoc with R10k-0805FTK from Passives.SchLib
Replace Part R209 R10k-0805FTK in G:\Mi unidad\e-Tech\Electronics\Electronics Repo\BMS\AMS_Master\AMS_Master_PCB\[2] MCU.SchDoc with R10k-0805FTK from Passives.SchLib
Replace Part R210 R10k-0805FTK in G:\Mi unidad\e-Tech\Electronics\Electronics Repo\BMS\AMS_Master\AMS_Master_PCB\[2] MCU.SchDoc with R10k-0805FTK from Passives.SchLib
Replace Part R211 R10k-0805FTK in G:\Mi unidad\e-Tech\Electronics\Electronics Repo\BMS\AMS_Master\AMS_Master_PCB\[2] MCU.SchDoc with R10k-0805FTK from Passives.SchLib
Replace Part R212 R10k-0805FTK in G:\Mi unidad\e-Tech\Electronics\Electronics Repo\BMS\AMS_Master\AMS_Master_PCB\[2] MCU.SchDoc with R10k-0805FTK from Passives.SchLib
Replace Part R213 R10k-0805FTK in G:\Mi unidad\e-Tech\Electronics\Electronics Repo\BMS\AMS_Master\AMS_Master_PCB\[2] MCU.SchDoc with R10k-0805FTK from Passives.SchLib
Replace Part R214 R10k-0805FTK in G:\Mi unidad\e-Tech\Electronics\Electronics Repo\BMS\AMS_Master\AMS_Master_PCB\[2] MCU.SchDoc with R10k-0805FTK from Passives.SchLib
Replace Part R215 R10k-0805FTK in G:\Mi unidad\e-Tech\Electronics\Electronics Repo\BMS\AMS_Master\AMS_Master_PCB\[2] MCU.SchDoc with R10k-0805FTK from Passives.SchLib
Replace Part R216 R10k-0805FTK in G:\Mi unidad\e-Tech\Electronics\Electronics Repo\BMS\AMS_Master\AMS_Master_PCB\[2] MCU.SchDoc with R10k-0805FTK from Passives.SchLib
Replace Part XTAL201 XTAL20M_SMD in G:\Mi unidad\e-Tech\Electronics\Electronics Repo\BMS\AMS_Master\AMS_Master_PCB\[2] MCU.SchDoc with XTAL20M_SMD from Passives.SchLib
