Replace Part C301 C10n-50V-0805FNPC-X7R in C:\Users\dwegg\Desktop\Electronics Repo\BMS\AMS_Master\AMS_Master_PCB\[3] CAN.SchDoc with C10n-50V-0805FNPC-X7R from Passives.SchLib
Replace Part C302 C10n-50V-0805FNPC-X7R in C:\Users\dwegg\Desktop\Electronics Repo\BMS\AMS_Master\AMS_Master_PCB\[3] CAN.SchDoc with C10n-50V-0805FNPC-X7R from Passives.SchLib
Replace Part C303 C10n-50V-0805FNPC-X7R in C:\Users\dwegg\Desktop\Electronics Repo\BMS\AMS_Master\AMS_Master_PCB\[3] CAN.SchDoc with C10n-50V-0805FNPC-X7R from Passives.SchLib
Replace Part C304 C10n-50V-0805FNPC-X7R in C:\Users\dwegg\Desktop\Electronics Repo\BMS\AMS_Master\AMS_Master_PCB\[3] CAN.SchDoc with C10n-50V-0805FNPC-X7R from Passives.SchLib
Replace Part C305 C10n-50V-0805FNPC-X7R in C:\Users\dwegg\Desktop\Electronics Repo\BMS\AMS_Master\AMS_Master_PCB\[3] CAN.SchDoc with C10n-50V-0805FNPC-X7R from Passives.SchLib
Replace Part C306 C10n-50V-0805FNPC-X7R in C:\Users\dwegg\Desktop\Electronics Repo\BMS\AMS_Master\AMS_Master_PCB\[3] CAN.SchDoc with C10n-50V-0805FNPC-X7R from Passives.SchLib
Replace Part C307 C10n-50V-0805FNPC-X7R in C:\Users\dwegg\Desktop\Electronics Repo\BMS\AMS_Master\AMS_Master_PCB\[3] CAN.SchDoc with C10n-50V-0805FNPC-X7R from Passives.SchLib
Replace Part C308 C10n-50V-0805FNPC-X7R in C:\Users\dwegg\Desktop\Electronics Repo\BMS\AMS_Master\AMS_Master_PCB\[3] CAN.SchDoc with C10n-50V-0805FNPC-X7R from Passives.SchLib
Replace Part C309 C100n-50V-0805FNPC-X7R in C:\Users\dwegg\Desktop\Electronics Repo\BMS\AMS_Master\AMS_Master_PCB\[3] CAN.SchDoc with C100n-50V-0805FNPC-X7R from Passives.SchLib
Replace Part C310 C1u-50V-0805FNPC-X7R in C:\Users\dwegg\Desktop\Electronics Repo\BMS\AMS_Master\AMS_Master_PCB\[3] CAN.SchDoc with C1u-50V-0805FNPC-X7R from Passives.SchLib
Replace Part C311 C1u-50V-0805FNPC-X7R in C:\Users\dwegg\Desktop\Electronics Repo\BMS\AMS_Master\AMS_Master_PCB\[3] CAN.SchDoc with C1u-50V-0805FNPC-X7R from Passives.SchLib
Replace Part C312 C100n-50V-0805FNPC-X7R in C:\Users\dwegg\Desktop\Electronics Repo\BMS\AMS_Master\AMS_Master_PCB\[3] CAN.SchDoc with C100n-50V-0805FNPC-X7R from Passives.SchLib
Replace Part C313 C10n-50V-0805FNPC-X7R in C:\Users\dwegg\Desktop\Electronics Repo\BMS\AMS_Master\AMS_Master_PCB\[3] CAN.SchDoc with C10n-50V-0805FNPC-X7R from Passives.SchLib
Replace Part C314 C10n-50V-0805FNPC-X7R in C:\Users\dwegg\Desktop\Electronics Repo\BMS\AMS_Master\AMS_Master_PCB\[3] CAN.SchDoc with C10n-50V-0805FNPC-X7R from Passives.SchLib
Replace Part C315 C10n-50V-0805FNPC-X7R in C:\Users\dwegg\Desktop\Electronics Repo\BMS\AMS_Master\AMS_Master_PCB\[3] CAN.SchDoc with C10n-50V-0805FNPC-X7R from Passives.SchLib
Replace Part C316 C10n-50V-0805FNPC-X7R in C:\Users\dwegg\Desktop\Electronics Repo\BMS\AMS_Master\AMS_Master_PCB\[3] CAN.SchDoc with C10n-50V-0805FNPC-X7R from Passives.SchLib
Replace Part C317 C10n-50V-0805FNPC-X7R in C:\Users\dwegg\Desktop\Electronics Repo\BMS\AMS_Master\AMS_Master_PCB\[3] CAN.SchDoc with C10n-50V-0805FNPC-X7R from Passives.SchLib
Replace Part C318 C10n-50V-0805FNPC-X7R in C:\Users\dwegg\Desktop\Electronics Repo\BMS\AMS_Master\AMS_Master_PCB\[3] CAN.SchDoc with C10n-50V-0805FNPC-X7R from Passives.SchLib
Replace Part C319 C10n-50V-0805FNPC-X7R in C:\Users\dwegg\Desktop\Electronics Repo\BMS\AMS_Master\AMS_Master_PCB\[3] CAN.SchDoc with C10n-50V-0805FNPC-X7R from Passives.SchLib
Replace Part C320 C10n-50V-0805FNPC-X7R in C:\Users\dwegg\Desktop\Electronics Repo\BMS\AMS_Master\AMS_Master_PCB\[3] CAN.SchDoc with C10n-50V-0805FNPC-X7R from Passives.SchLib
Replace Part C321 C10n-50V-0805FNPC-X7R in C:\Users\dwegg\Desktop\Electronics Repo\BMS\AMS_Master\AMS_Master_PCB\[3] CAN.SchDoc with C10n-50V-0805FNPC-X7R from Passives.SchLib
Replace Part C322 C100n-50V-0805FNPC-X7R in C:\Users\dwegg\Desktop\Electronics Repo\BMS\AMS_Master\AMS_Master_PCB\[3] CAN.SchDoc with C100n-50V-0805FNPC-X7R from Passives.SchLib
Replace Part C323 C1u-50V-0805FNPC-X7R in C:\Users\dwegg\Desktop\Electronics Repo\BMS\AMS_Master\AMS_Master_PCB\[3] CAN.SchDoc with C1u-50V-0805FNPC-X7R from Passives.SchLib
Replace Part C324 C1u-50V-0805FNPC-X7R in C:\Users\dwegg\Desktop\Electronics Repo\BMS\AMS_Master\AMS_Master_PCB\[3] CAN.SchDoc with C1u-50V-0805FNPC-X7R from Passives.SchLib
Replace Part C325 C100n-50V-0805FNPC-X7R in C:\Users\dwegg\Desktop\Electronics Repo\BMS\AMS_Master\AMS_Master_PCB\[3] CAN.SchDoc with C100n-50V-0805FNPC-X7R from Passives.SchLib
Replace Part C326 C10n-50V-0805FNPC-X7R in C:\Users\dwegg\Desktop\Electronics Repo\BMS\AMS_Master\AMS_Master_PCB\[3] CAN.SchDoc with C10n-50V-0805FNPC-X7R from Passives.SchLib
Replace Part CMC301 CMC_10u_1.6A in C:\Users\dwegg\Desktop\Electronics Repo\BMS\AMS_Master\AMS_Master_PCB\[3] CAN.SchDoc with CMC_10u_1.6A from Filter components.SchLib
Replace Part CMC302 CMC_10u_1.6A in C:\Users\dwegg\Desktop\Electronics Repo\BMS\AMS_Master\AMS_Master_PCB\[3] CAN.SchDoc with CMC_10u_1.6A from Filter components.SchLib
Replace Part D301 DTVS-6V-DO-214AC in C:\Users\dwegg\Desktop\Electronics Repo\BMS\AMS_Master\AMS_Master_PCB\[3] CAN.SchDoc with DTVS-6V-DO-214AC from Filter components.SchLib
Replace Part D302 DTVS-6V-DO-214AC in C:\Users\dwegg\Desktop\Electronics Repo\BMS\AMS_Master\AMS_Master_PCB\[3] CAN.SchDoc with DTVS-6V-DO-214AC from Filter components.SchLib
Replace Part Q301 TRT-NCH-3/35-CPH in C:\Users\dwegg\Desktop\Electronics Repo\BMS\AMS_Master\AMS_Master_PCB\[3] CAN.SchDoc with TRT-NCH-3/35-CPH from Semiconductor.SchLib
Replace Part R301 R60-0805FTN in C:\Users\dwegg\Desktop\Electronics Repo\BMS\AMS_Master\AMS_Master_PCB\[3] CAN.SchDoc with R60-0805FTN from Passives.SchLib
Replace Part R302 R60-0805FTN in C:\Users\dwegg\Desktop\Electronics Repo\BMS\AMS_Master\AMS_Master_PCB\[3] CAN.SchDoc with R60-0805FTN from Passives.SchLib
Replace Part R303 R60-0805FTN in C:\Users\dwegg\Desktop\Electronics Repo\BMS\AMS_Master\AMS_Master_PCB\[3] CAN.SchDoc with R60-0805FTN from Passives.SchLib
Replace Part R304 R60-0805FTN in C:\Users\dwegg\Desktop\Electronics Repo\BMS\AMS_Master\AMS_Master_PCB\[3] CAN.SchDoc with R60-0805FTN from Passives.SchLib
Replace Part R305 R10k-0805FTK in C:\Users\dwegg\Desktop\Electronics Repo\BMS\AMS_Master\AMS_Master_PCB\[3] CAN.SchDoc with R10k-0805FTK from Passives.SchLib
Replace Part TP301 TestPoint in C:\Users\dwegg\Desktop\Electronics Repo\BMS\AMS_Master\AMS_Master_PCB\[3] CAN.SchDoc with TestPoint from e-Tech_Racing.SchLib
Replace Part TP302 TestPoint in C:\Users\dwegg\Desktop\Electronics Repo\BMS\AMS_Master\AMS_Master_PCB\[3] CAN.SchDoc with TestPoint from e-Tech_Racing.SchLib
Replace Part TP303 TestPoint in C:\Users\dwegg\Desktop\Electronics Repo\BMS\AMS_Master\AMS_Master_PCB\[3] CAN.SchDoc with TestPoint from e-Tech_Racing.SchLib
Replace Part TP304 TestPoint in C:\Users\dwegg\Desktop\Electronics Repo\BMS\AMS_Master\AMS_Master_PCB\[3] CAN.SchDoc with TestPoint from e-Tech_Racing.SchLib
Replace Part TP305 TestPoint in C:\Users\dwegg\Desktop\Electronics Repo\BMS\AMS_Master\AMS_Master_PCB\[3] CAN.SchDoc with TestPoint from e-Tech_Racing.SchLib
Replace Part TP306 TestPoint in C:\Users\dwegg\Desktop\Electronics Repo\BMS\AMS_Master\AMS_Master_PCB\[3] CAN.SchDoc with TestPoint from e-Tech_Racing.SchLib
Replace Part TP307 TestPoint in C:\Users\dwegg\Desktop\Electronics Repo\BMS\AMS_Master\AMS_Master_PCB\[3] CAN.SchDoc with TestPoint from e-Tech_Racing.SchLib
Replace Part TP308 TestPoint in C:\Users\dwegg\Desktop\Electronics Repo\BMS\AMS_Master\AMS_Master_PCB\[3] CAN.SchDoc with TestPoint from e-Tech_Racing.SchLib
Replace Part TP309 TestPoint in C:\Users\dwegg\Desktop\Electronics Repo\BMS\AMS_Master\AMS_Master_PCB\[3] CAN.SchDoc with TestPoint from e-Tech_Racing.SchLib
Replace Part TP310 TestPoint in C:\Users\dwegg\Desktop\Electronics Repo\BMS\AMS_Master\AMS_Master_PCB\[3] CAN.SchDoc with TestPoint from e-Tech_Racing.SchLib
Replace Part TP311 TestPoint in C:\Users\dwegg\Desktop\Electronics Repo\BMS\AMS_Master\AMS_Master_PCB\[3] CAN.SchDoc with TestPoint from e-Tech_Racing.SchLib
Replace Part U301 Transceiver_CAN_ISO1050 in C:\Users\dwegg\Desktop\Electronics Repo\BMS\AMS_Master\AMS_Master_PCB\[3] CAN.SchDoc with Transceiver_CAN_ISO1050 from Integrated circuits.SchLib
Replace Part U302 Transceiver_CAN_ISO1050 in C:\Users\dwegg\Desktop\Electronics Repo\BMS\AMS_Master\AMS_Master_PCB\[3] CAN.SchDoc with Transceiver_CAN_ISO1050 from Integrated circuits.SchLib
