Replace Part C301 C10n-50V-0805FNPC-X7R in G:\Mi unidad\e-Tech\Electronics\Electronics Repo\BMS\AMS_Master\AMS_Master_PCB\[3] CAN.SchDoc with C10n-50V-0805FNPC-X7R from Passives.SchLib
Replace Part C302 C10n-50V-0805FNPC-X7R in G:\Mi unidad\e-Tech\Electronics\Electronics Repo\BMS\AMS_Master\AMS_Master_PCB\[3] CAN.SchDoc with C10n-50V-0805FNPC-X7R from Passives.SchLib
Replace Part C303 C10n-50V-0805FNPC-X7R in G:\Mi unidad\e-Tech\Electronics\Electronics Repo\BMS\AMS_Master\AMS_Master_PCB\[3] CAN.SchDoc with C10n-50V-0805FNPC-X7R from Passives.SchLib
Replace Part C304 C10n-50V-0805FNPC-X7R in G:\Mi unidad\e-Tech\Electronics\Electronics Repo\BMS\AMS_Master\AMS_Master_PCB\[3] CAN.SchDoc with C10n-50V-0805FNPC-X7R from Passives.SchLib
Replace Part C305 C10n-50V-0805FNPC-X7R in G:\Mi unidad\e-Tech\Electronics\Electronics Repo\BMS\AMS_Master\AMS_Master_PCB\[3] CAN.SchDoc with C10n-50V-0805FNPC-X7R from Passives.SchLib
Replace Part C306 C10n-50V-0805FNPC-X7R in G:\Mi unidad\e-Tech\Electronics\Electronics Repo\BMS\AMS_Master\AMS_Master_PCB\[3] CAN.SchDoc with C10n-50V-0805FNPC-X7R from Passives.SchLib
Replace Part C307 C10n-50V-0805FNPC-X7R in G:\Mi unidad\e-Tech\Electronics\Electronics Repo\BMS\AMS_Master\AMS_Master_PCB\[3] CAN.SchDoc with C10n-50V-0805FNPC-X7R from Passives.SchLib
Replace Part C308 C10n-50V-0805FNPC-X7R in G:\Mi unidad\e-Tech\Electronics\Electronics Repo\BMS\AMS_Master\AMS_Master_PCB\[3] CAN.SchDoc with C10n-50V-0805FNPC-X7R from Passives.SchLib
Replace Part C309 C10n-50V-0805FNPC-X7R in G:\Mi unidad\e-Tech\Electronics\Electronics Repo\BMS\AMS_Master\AMS_Master_PCB\[3] CAN.SchDoc with C10n-50V-0805FNPC-X7R from Passives.SchLib
Replace Part C310 C10n-50V-0805FNPC-X7R in G:\Mi unidad\e-Tech\Electronics\Electronics Repo\BMS\AMS_Master\AMS_Master_PCB\[3] CAN.SchDoc with C10n-50V-0805FNPC-X7R from Passives.SchLib
Replace Part C311 C10n-50V-0805FNPC-X7R in G:\Mi unidad\e-Tech\Electronics\Electronics Repo\BMS\AMS_Master\AMS_Master_PCB\[3] CAN.SchDoc with C10n-50V-0805FNPC-X7R from Passives.SchLib
Replace Part C312 C10n-50V-0805FNPC-X7R in G:\Mi unidad\e-Tech\Electronics\Electronics Repo\BMS\AMS_Master\AMS_Master_PCB\[3] CAN.SchDoc with C10n-50V-0805FNPC-X7R from Passives.SchLib
Replace Part C313 C10n-50V-0805FNPC-X7R in G:\Mi unidad\e-Tech\Electronics\Electronics Repo\BMS\AMS_Master\AMS_Master_PCB\[3] CAN.SchDoc with C10n-50V-0805FNPC-X7R from Passives.SchLib
Replace Part C314 C10n-50V-0805FNPC-X7R in G:\Mi unidad\e-Tech\Electronics\Electronics Repo\BMS\AMS_Master\AMS_Master_PCB\[3] CAN.SchDoc with C10n-50V-0805FNPC-X7R from Passives.SchLib
Replace Part C315 C10n-50V-0805FNPC-X7R in G:\Mi unidad\e-Tech\Electronics\Electronics Repo\BMS\AMS_Master\AMS_Master_PCB\[3] CAN.SchDoc with C10n-50V-0805FNPC-X7R from Passives.SchLib
Replace Part CMC301 CMC-350u-8.5A in G:\Mi unidad\e-Tech\Electronics\Electronics Repo\BMS\AMS_Master\AMS_Master_PCB\[3] CAN.SchDoc with CMC-350u-8.5A from Filter components.SchLib
Replace Part CMC302 CMC-350u-8.5A in G:\Mi unidad\e-Tech\Electronics\Electronics Repo\BMS\AMS_Master\AMS_Master_PCB\[3] CAN.SchDoc with CMC-350u-8.5A from Filter components.SchLib
Replace Part J301 J_MicroFit_2x2 in G:\Mi unidad\e-Tech\Electronics\Electronics Repo\BMS\AMS_Master\AMS_Master_PCB\[3] CAN.SchDoc with J_MicroFit_2x2 from Electromechanical.SchLib
Replace Part J302 J_CAN in G:\Mi unidad\e-Tech\Electronics\Electronics Repo\BMS\AMS_Master\AMS_Master_PCB\[3] CAN.SchDoc with J_CAN from Electromechanical.SchLib
Replace Part J303 J_NanoFit_1x4_V_W in G:\Mi unidad\e-Tech\Electronics\Electronics Repo\BMS\AMS_Master\AMS_Master_PCB\[3] CAN.SchDoc with J_NanoFit_1x4_V_W from Electromechanical.SchLib
Replace Part J304 J_DB9 in G:\Mi unidad\e-Tech\Electronics\Electronics Repo\BMS\AMS_Master\AMS_Master_PCB\[3] CAN.SchDoc with J_DB9 from Electromechanical.SchLib
Replace Part Q301 TRT-NCH-3/35-CPH in G:\Mi unidad\e-Tech\Electronics\Electronics Repo\BMS\AMS_Master\AMS_Master_PCB\[3] CAN.SchDoc with TRT-NCH-3/35-CPH from Semiconductor.SchLib
Replace Part R301 R60-0805FTN in G:\Mi unidad\e-Tech\Electronics\Electronics Repo\BMS\AMS_Master\AMS_Master_PCB\[3] CAN.SchDoc with R60-0805FTN from Passives.SchLib
Replace Part R302 R60-0805FTN in G:\Mi unidad\e-Tech\Electronics\Electronics Repo\BMS\AMS_Master\AMS_Master_PCB\[3] CAN.SchDoc with R60-0805FTN from Passives.SchLib
Replace Part R303 R60-0805FTN in G:\Mi unidad\e-Tech\Electronics\Electronics Repo\BMS\AMS_Master\AMS_Master_PCB\[3] CAN.SchDoc with R60-0805FTN from Passives.SchLib
Replace Part R304 R60-0805FTN in G:\Mi unidad\e-Tech\Electronics\Electronics Repo\BMS\AMS_Master\AMS_Master_PCB\[3] CAN.SchDoc with R60-0805FTN from Passives.SchLib
Replace Part R305 R10k-0805FTK in G:\Mi unidad\e-Tech\Electronics\Electronics Repo\BMS\AMS_Master\AMS_Master_PCB\[3] CAN.SchDoc with R10k-0805FTK from Passives.SchLib
Replace Part U301 Transceiver_CAN_ISO1050 in G:\Mi unidad\e-Tech\Electronics\Electronics Repo\BMS\AMS_Master\AMS_Master_PCB\[3] CAN.SchDoc with Transceiver_CAN_ISO1050 from Integrated circuits.SchLib
Replace Part U302 Transceiver_CAN_ISO1050 in G:\Mi unidad\e-Tech\Electronics\Electronics Repo\BMS\AMS_Master\AMS_Master_PCB\[3] CAN.SchDoc with Transceiver_CAN_ISO1050 from Integrated circuits.SchLib
