Replace Part C401 C1u-50V-0805FNPC-X7R in C:\Users\dwegg\Google Drive\e-Tech\Electronics\Electronics Repo\BMS\AMS_Master\AMS_Master_PCB\[4] Shutdown.SchDoc with C1u-50V-0805FNPC-X7R from Passives.SchLib
Replace Part C402 C1u-50V-0805FNPC-X7R in C:\Users\dwegg\Google Drive\e-Tech\Electronics\Electronics Repo\BMS\AMS_Master\AMS_Master_PCB\[4] Shutdown.SchDoc with C1u-50V-0805FNPC-X7R from Passives.SchLib
Replace Part C403 C100n-50V-0805FNPC-X7R in C:\Users\dwegg\Google Drive\e-Tech\Electronics\Electronics Repo\BMS\AMS_Master\AMS_Master_PCB\[4] Shutdown.SchDoc with C100n-50V-0805FNPC-X7R from Passives.SchLib
Replace Part D401 DSC-0.5/30-SOD123 in C:\Users\dwegg\Google Drive\e-Tech\Electronics\Electronics Repo\BMS\AMS_Master\AMS_Master_PCB\[4] Shutdown.SchDoc with DSC-0.5/30-SOD123 from Filter components.SchLib
Replace Part D402 DSC-0.5/30-SOD123 in C:\Users\dwegg\Google Drive\e-Tech\Electronics\Electronics Repo\BMS\AMS_Master\AMS_Master_PCB\[4] Shutdown.SchDoc with DSC-0.5/30-SOD123 from Filter components.SchLib
Replace Part D403 DZ-6.2V-DO-214AC in C:\Users\dwegg\Google Drive\e-Tech\Electronics\Electronics Repo\BMS\AMS_Master\AMS_Master_PCB\[4] Shutdown.SchDoc with DZ-6.2V-DO-214AC from Semiconductor.SchLib
Replace Part J401 J_Jumper in C:\Users\dwegg\Google Drive\e-Tech\Electronics\Electronics Repo\BMS\AMS_Master\AMS_Master_PCB\[4] Shutdown.SchDoc with J_Jumper from Electromechanical.SchLib
Replace Part J402 J_Jumper in C:\Users\dwegg\Google Drive\e-Tech\Electronics\Electronics Repo\BMS\AMS_Master\AMS_Master_PCB\[4] Shutdown.SchDoc with J_Jumper from Electromechanical.SchLib
Replace Part J403 J_Jumper in C:\Users\dwegg\Google Drive\e-Tech\Electronics\Electronics Repo\BMS\AMS_Master\AMS_Master_PCB\[4] Shutdown.SchDoc with J_Jumper from Electromechanical.SchLib
Replace Part Q401 TRT-NCH-3/35-CPH in C:\Users\dwegg\Google Drive\e-Tech\Electronics\Electronics Repo\BMS\AMS_Master\AMS_Master_PCB\[4] Shutdown.SchDoc with TRT-NCH-3/35-CPH from Semiconductor.SchLib
Replace Part Q402 TRT-NCH-3/35-CPH in C:\Users\dwegg\Google Drive\e-Tech\Electronics\Electronics Repo\BMS\AMS_Master\AMS_Master_PCB\[4] Shutdown.SchDoc with TRT-NCH-3/35-CPH from Semiconductor.SchLib
Replace Part Q403 TRT-NCH-3/35-CPH in C:\Users\dwegg\Google Drive\e-Tech\Electronics\Electronics Repo\BMS\AMS_Master\AMS_Master_PCB\[4] Shutdown.SchDoc with TRT-NCH-3/35-CPH from Semiconductor.SchLib
Replace Part Q404 TRT-NCH-3/35-CPH in C:\Users\dwegg\Google Drive\e-Tech\Electronics\Electronics Repo\BMS\AMS_Master\AMS_Master_PCB\[4] Shutdown.SchDoc with TRT-NCH-3/35-CPH from Semiconductor.SchLib
Replace Part R401 R10k-0805FTK in C:\Users\dwegg\Google Drive\e-Tech\Electronics\Electronics Repo\BMS\AMS_Master\AMS_Master_PCB\[4] Shutdown.SchDoc with R10k-0805FTK from Passives.SchLib
Replace Part R402 R10k-0805FTK in C:\Users\dwegg\Google Drive\e-Tech\Electronics\Electronics Repo\BMS\AMS_Master\AMS_Master_PCB\[4] Shutdown.SchDoc with R10k-0805FTK from Passives.SchLib
Replace Part R403 R100-0805FTK in C:\Users\dwegg\Google Drive\e-Tech\Electronics\Electronics Repo\BMS\AMS_Master\AMS_Master_PCB\[4] Shutdown.SchDoc with R100-0805FTK from Passives.SchLib
Replace Part R404 R10k-0805FTK in C:\Users\dwegg\Google Drive\e-Tech\Electronics\Electronics Repo\BMS\AMS_Master\AMS_Master_PCB\[4] Shutdown.SchDoc with R10k-0805FTK from Passives.SchLib
Replace Part R405 R100-0805FTK in C:\Users\dwegg\Google Drive\e-Tech\Electronics\Electronics Repo\BMS\AMS_Master\AMS_Master_PCB\[4] Shutdown.SchDoc with R100-0805FTK from Passives.SchLib
Replace Part R406 R10k-0805FTK in C:\Users\dwegg\Google Drive\e-Tech\Electronics\Electronics Repo\BMS\AMS_Master\AMS_Master_PCB\[4] Shutdown.SchDoc with R10k-0805FTK from Passives.SchLib
Replace Part R407 R100-0805FTK in C:\Users\dwegg\Google Drive\e-Tech\Electronics\Electronics Repo\BMS\AMS_Master\AMS_Master_PCB\[4] Shutdown.SchDoc with R100-0805FTK from Passives.SchLib
Replace Part R408 R10k-0805FTK in C:\Users\dwegg\Google Drive\e-Tech\Electronics\Electronics Repo\BMS\AMS_Master\AMS_Master_PCB\[4] Shutdown.SchDoc with R10k-0805FTK from Passives.SchLib
Replace Part R409 R100-0805FTK in C:\Users\dwegg\Google Drive\e-Tech\Electronics\Electronics Repo\BMS\AMS_Master\AMS_Master_PCB\[4] Shutdown.SchDoc with R100-0805FTK from Passives.SchLib
Replace Part R410 R10k-0805FTK in C:\Users\dwegg\Google Drive\e-Tech\Electronics\Electronics Repo\BMS\AMS_Master\AMS_Master_PCB\[4] Shutdown.SchDoc with R10k-0805FTK from Passives.SchLib
Replace Part R411 R10k-0805FTK in C:\Users\dwegg\Google Drive\e-Tech\Electronics\Electronics Repo\BMS\AMS_Master\AMS_Master_PCB\[4] Shutdown.SchDoc with R10k-0805FTK from Passives.SchLib
Replace Part R412 R10k-0805FTK in C:\Users\dwegg\Google Drive\e-Tech\Electronics\Electronics Repo\BMS\AMS_Master\AMS_Master_PCB\[4] Shutdown.SchDoc with R10k-0805FTK from Passives.SchLib
Replace Part R413 R10k-0805FTK in C:\Users\dwegg\Google Drive\e-Tech\Electronics\Electronics Repo\BMS\AMS_Master\AMS_Master_PCB\[4] Shutdown.SchDoc with R10k-0805FTK from Passives.SchLib
Replace Part R414 R10k-0805FTK in C:\Users\dwegg\Google Drive\e-Tech\Electronics\Electronics Repo\BMS\AMS_Master\AMS_Master_PCB\[4] Shutdown.SchDoc with R10k-0805FTK from Passives.SchLib
Replace Part R415 R10k-0805FTK in C:\Users\dwegg\Google Drive\e-Tech\Electronics\Electronics Repo\BMS\AMS_Master\AMS_Master_PCB\[4] Shutdown.SchDoc with R10k-0805FTK from Passives.SchLib
Replace Part R416 R10k-0805FTK in C:\Users\dwegg\Google Drive\e-Tech\Electronics\Electronics Repo\BMS\AMS_Master\AMS_Master_PCB\[4] Shutdown.SchDoc with R10k-0805FTK from Passives.SchLib
Replace Part R417 R10k-0805FTK in C:\Users\dwegg\Google Drive\e-Tech\Electronics\Electronics Repo\BMS\AMS_Master\AMS_Master_PCB\[4] Shutdown.SchDoc with R10k-0805FTK from Passives.SchLib
Replace Part R418 R10k-0805FTK in C:\Users\dwegg\Google Drive\e-Tech\Electronics\Electronics Repo\BMS\AMS_Master\AMS_Master_PCB\[4] Shutdown.SchDoc with R10k-0805FTK from Passives.SchLib
Replace Part TP401 TestPoint in C:\Users\dwegg\Google Drive\e-Tech\Electronics\Electronics Repo\BMS\AMS_Master\AMS_Master_PCB\[4] Shutdown.SchDoc with TestPoint from e-Tech_Racing.SchLib
Replace Part TP402 TestPoint in C:\Users\dwegg\Google Drive\e-Tech\Electronics\Electronics Repo\BMS\AMS_Master\AMS_Master_PCB\[4] Shutdown.SchDoc with TestPoint from e-Tech_Racing.SchLib
Replace Part TP403 TestPoint in C:\Users\dwegg\Google Drive\e-Tech\Electronics\Electronics Repo\BMS\AMS_Master\AMS_Master_PCB\[4] Shutdown.SchDoc with TestPoint from e-Tech_Racing.SchLib
Replace Part TP404 TestPoint in C:\Users\dwegg\Google Drive\e-Tech\Electronics\Electronics Repo\BMS\AMS_Master\AMS_Master_PCB\[4] Shutdown.SchDoc with TestPoint from e-Tech_Racing.SchLib
Replace Part TP405 TestPoint in C:\Users\dwegg\Google Drive\e-Tech\Electronics\Electronics Repo\BMS\AMS_Master\AMS_Master_PCB\[4] Shutdown.SchDoc with TestPoint from e-Tech_Racing.SchLib
Replace Part TP406 TestPoint in C:\Users\dwegg\Google Drive\e-Tech\Electronics\Electronics Repo\BMS\AMS_Master\AMS_Master_PCB\[4] Shutdown.SchDoc with TestPoint from e-Tech_Racing.SchLib
Replace Part TP407 TestPoint in C:\Users\dwegg\Google Drive\e-Tech\Electronics\Electronics Repo\BMS\AMS_Master\AMS_Master_PCB\[4] Shutdown.SchDoc with TestPoint from e-Tech_Racing.SchLib
Replace Part TP408 TestPoint in C:\Users\dwegg\Google Drive\e-Tech\Electronics\Electronics Repo\BMS\AMS_Master\AMS_Master_PCB\[4] Shutdown.SchDoc with TestPoint from e-Tech_Racing.SchLib
Replace Part TP409 TestPoint in C:\Users\dwegg\Google Drive\e-Tech\Electronics\Electronics Repo\BMS\AMS_Master\AMS_Master_PCB\[4] Shutdown.SchDoc with TestPoint from e-Tech_Racing.SchLib
Replace Part TP410 TestPoint in C:\Users\dwegg\Google Drive\e-Tech\Electronics\Electronics Repo\BMS\AMS_Master\AMS_Master_PCB\[4] Shutdown.SchDoc with TestPoint from e-Tech_Racing.SchLib
Replace Part TP411 TestPoint in C:\Users\dwegg\Google Drive\e-Tech\Electronics\Electronics Repo\BMS\AMS_Master\AMS_Master_PCB\[4] Shutdown.SchDoc with TestPoint from e-Tech_Racing.SchLib
Replace Part TP412 TestPoint in C:\Users\dwegg\Google Drive\e-Tech\Electronics\Electronics Repo\BMS\AMS_Master\AMS_Master_PCB\[4] Shutdown.SchDoc with TestPoint from e-Tech_Racing.SchLib
Replace Part TP413 TestPoint in C:\Users\dwegg\Google Drive\e-Tech\Electronics\Electronics Repo\BMS\AMS_Master\AMS_Master_PCB\[4] Shutdown.SchDoc with TestPoint from e-Tech_Racing.SchLib
Replace Part TP414 TestPoint in C:\Users\dwegg\Google Drive\e-Tech\Electronics\Electronics Repo\BMS\AMS_Master\AMS_Master_PCB\[4] Shutdown.SchDoc with TestPoint from e-Tech_Racing.SchLib
Replace Part TP415 TestPoint in C:\Users\dwegg\Google Drive\e-Tech\Electronics\Electronics Repo\BMS\AMS_Master\AMS_Master_PCB\[4] Shutdown.SchDoc with TestPoint from e-Tech_Racing.SchLib
Replace Part TP416 TestPoint in C:\Users\dwegg\Google Drive\e-Tech\Electronics\Electronics Repo\BMS\AMS_Master\AMS_Master_PCB\[4] Shutdown.SchDoc with TestPoint from e-Tech_Racing.SchLib
Replace Part TP417 TestPoint in C:\Users\dwegg\Google Drive\e-Tech\Electronics\Electronics Repo\BMS\AMS_Master\AMS_Master_PCB\[4] Shutdown.SchDoc with TestPoint from e-Tech_Racing.SchLib
Replace Part TP418 TestPoint in C:\Users\dwegg\Google Drive\e-Tech\Electronics\Electronics Repo\BMS\AMS_Master\AMS_Master_PCB\[4] Shutdown.SchDoc with TestPoint from e-Tech_Racing.SchLib
Replace Part TP419 TestPoint in C:\Users\dwegg\Google Drive\e-Tech\Electronics\Electronics Repo\BMS\AMS_Master\AMS_Master_PCB\[4] Shutdown.SchDoc with TestPoint from e-Tech_Racing.SchLib
Replace Part U401 Array_4_NAND in C:\Users\dwegg\Google Drive\e-Tech\Electronics\Electronics Repo\BMS\AMS_Master\AMS_Master_PCB\[4] Shutdown.SchDoc with Array_4_NAND from Integrated circuits.SchLib
Replace Part U402 Array_4_Amp_LM339D in C:\Users\dwegg\Google Drive\e-Tech\Electronics\Electronics Repo\BMS\AMS_Master\AMS_Master_PCB\[4] Shutdown.SchDoc with Array_4_Amp_LM339D from Integrated circuits.SchLib
Replace Part X401 Relay_V23079 in C:\Users\dwegg\Google Drive\e-Tech\Electronics\Electronics Repo\BMS\AMS_Master\AMS_Master_PCB\[4] Shutdown.SchDoc with Relay_V23079 from Electromechanical.SchLib
Replace Part X402 Relay_V23079 in C:\Users\dwegg\Google Drive\e-Tech\Electronics\Electronics Repo\BMS\AMS_Master\AMS_Master_PCB\[4] Shutdown.SchDoc with Relay_V23079 from Electromechanical.SchLib
