Change Component Designator: Old Designator=C501 New Designator=C?
Change Component Designator: Old Designator=C502 New Designator=C?
Change Component Designator: Old Designator=D501 New Designator=D?
Change Component Designator: Old Designator=D502 New Designator=D?
Change Component Designator: Old Designator=D503 New Designator=D?
Change Component Designator: Old Designator=D504 New Designator=D?
Change Component Designator: Old Designator=Q409 New Designator=Q?
Change Component Designator: Old Designator=Q501 New Designator=Q?
Change Component Designator: Old Designator=Q502 New Designator=Q?
Change Component Designator: Old Designator=Q503 New Designator=Q?
Change Component Designator: Old Designator=Q504 New Designator=Q?
Change Component Designator: Old Designator=Q505 New Designator=Q?
Change Component Designator: Old Designator=Q506 New Designator=Q?
Change Component Designator: Old Designator=Q507 New Designator=Q?
Change Component Designator: Old Designator=Q508 New Designator=Q?
Change Component Designator: Old Designator=R414 New Designator=R?
Change Component Designator: Old Designator=R501 New Designator=R?
Change Component Designator: Old Designator=R502 New Designator=R?
Change Component Designator: Old Designator=R503 New Designator=R?
Change Component Designator: Old Designator=R504 New Designator=R?
Change Component Designator: Old Designator=R505 New Designator=R?
Change Component Designator: Old Designator=R506 New Designator=R?
Change Component Designator: Old Designator=R507 New Designator=R?
Change Component Designator: Old Designator=R508 New Designator=R?
Change Component Designator: Old Designator=R509 New Designator=R?
Change Component Designator: Old Designator=R510 New Designator=R?
Change Component Designator: Old Designator=R511 New Designator=R?
Change Component Designator: Old Designator=R512 New Designator=R?
Change Component Designator: Old Designator=R513 New Designator=R?
Change Component Designator: Old Designator=R515 New Designator=R?
Change Component Designator: Old Designator=R516 New Designator=R?
Change Component Designator: Old Designator=R517 New Designator=R?
Change Component Designator: Old Designator=R518 New Designator=R?
Change Component Designator: Old Designator=U501 New Designator=U?
