Replace Part C401 C100n-50V-0805FNPC-X7R in G:\Mi unidad\e-Tech\Electronics\Electronics Repo\BMS\AMS_Master\AMS_Master_PCB\[4] Relays_Shutdown_TSAL.SchDoc with C100n-50V-0805FNPC-X7R from Passives.SchLib
Replace Part C402 C15p-50V-0805FNPC-NP0 in G:\Mi unidad\e-Tech\Electronics\Electronics Repo\BMS\AMS_Master\AMS_Master_PCB\[4] Relays_Shutdown_TSAL.SchDoc with C15p-50V-0805FNPC-NP0 from Passives.SchLib
Replace Part D401 DSC-0.5/40-SOD_323 in G:\Mi unidad\e-Tech\Electronics\Electronics Repo\BMS\AMS_Master\AMS_Master_PCB\[4] Relays_Shutdown_TSAL.SchDoc with DSC-0.5/40-SOD_323 from Semiconductor.SchLib
Replace Part D402 DSC-0.5/40-SOD_323 in G:\Mi unidad\e-Tech\Electronics\Electronics Repo\BMS\AMS_Master\AMS_Master_PCB\[4] Relays_Shutdown_TSAL.SchDoc with DSC-0.5/40-SOD_323 from Semiconductor.SchLib
Replace Part D403 DSC-0.5/40-SOD_323 in G:\Mi unidad\e-Tech\Electronics\Electronics Repo\BMS\AMS_Master\AMS_Master_PCB\[4] Relays_Shutdown_TSAL.SchDoc with DSC-0.5/40-SOD_323 from Semiconductor.SchLib
Replace Part D404 DZ-6.2V-DO-214AC in G:\Mi unidad\e-Tech\Electronics\Electronics Repo\BMS\AMS_Master\AMS_Master_PCB\[4] Relays_Shutdown_TSAL.SchDoc with DZ-6.2V-DO-214AC from Semiconductor.SchLib
Replace Part Q401 TRT-NCH-3/35-CPH in G:\Mi unidad\e-Tech\Electronics\Electronics Repo\BMS\AMS_Master\AMS_Master_PCB\[4] Relays_Shutdown_TSAL.SchDoc with TRT-NCH-3/35-CPH from Semiconductor.SchLib
Replace Part Q402 TRT-NCH-3/35-CPH in G:\Mi unidad\e-Tech\Electronics\Electronics Repo\BMS\AMS_Master\AMS_Master_PCB\[4] Relays_Shutdown_TSAL.SchDoc with TRT-NCH-3/35-CPH from Semiconductor.SchLib
Replace Part Q403 TRT-NCH-3/35-CPH in G:\Mi unidad\e-Tech\Electronics\Electronics Repo\BMS\AMS_Master\AMS_Master_PCB\[4] Relays_Shutdown_TSAL.SchDoc with TRT-NCH-3/35-CPH from Semiconductor.SchLib
Replace Part Q404 TRT-NCH-3/35-CPH in G:\Mi unidad\e-Tech\Electronics\Electronics Repo\BMS\AMS_Master\AMS_Master_PCB\[4] Relays_Shutdown_TSAL.SchDoc with TRT-NCH-3/35-CPH from Semiconductor.SchLib
Replace Part Q405 TRT-NCH-3/35-CPH in G:\Mi unidad\e-Tech\Electronics\Electronics Repo\BMS\AMS_Master\AMS_Master_PCB\[4] Relays_Shutdown_TSAL.SchDoc with TRT-NCH-3/35-CPH from Semiconductor.SchLib
Replace Part Q406 TRT-NCH-3/35-CPH in G:\Mi unidad\e-Tech\Electronics\Electronics Repo\BMS\AMS_Master\AMS_Master_PCB\[4] Relays_Shutdown_TSAL.SchDoc with TRT-NCH-3/35-CPH from Semiconductor.SchLib
Replace Part Q407 TRT-NCH-3/35-CPH in G:\Mi unidad\e-Tech\Electronics\Electronics Repo\BMS\AMS_Master\AMS_Master_PCB\[4] Relays_Shutdown_TSAL.SchDoc with TRT-NCH-3/35-CPH from Semiconductor.SchLib
Replace Part Q408 TRT-NCH-3/35-CPH in G:\Mi unidad\e-Tech\Electronics\Electronics Repo\BMS\AMS_Master\AMS_Master_PCB\[4] Relays_Shutdown_TSAL.SchDoc with TRT-NCH-3/35-CPH from Semiconductor.SchLib
Replace Part Q409 TRT-NCH-3/35-CPH in G:\Mi unidad\e-Tech\Electronics\Electronics Repo\BMS\AMS_Master\AMS_Master_PCB\[4] Relays_Shutdown_TSAL.SchDoc with TRT-NCH-3/35-CPH from Semiconductor.SchLib
Replace Part R401 R10k-0805FTK in G:\Mi unidad\e-Tech\Electronics\Electronics Repo\BMS\AMS_Master\AMS_Master_PCB\[4] Relays_Shutdown_TSAL.SchDoc with R10k-0805FTK from Passives.SchLib
Replace Part R402 R10k-0805FTK in G:\Mi unidad\e-Tech\Electronics\Electronics Repo\BMS\AMS_Master\AMS_Master_PCB\[4] Relays_Shutdown_TSAL.SchDoc with R10k-0805FTK from Passives.SchLib
Replace Part R403 R10k-0805FTK in G:\Mi unidad\e-Tech\Electronics\Electronics Repo\BMS\AMS_Master\AMS_Master_PCB\[4] Relays_Shutdown_TSAL.SchDoc with R10k-0805FTK from Passives.SchLib
Replace Part R404 R10k-0805FTK in G:\Mi unidad\e-Tech\Electronics\Electronics Repo\BMS\AMS_Master\AMS_Master_PCB\[4] Relays_Shutdown_TSAL.SchDoc with R10k-0805FTK from Passives.SchLib
Replace Part R405 R10k-0805FTK in G:\Mi unidad\e-Tech\Electronics\Electronics Repo\BMS\AMS_Master\AMS_Master_PCB\[4] Relays_Shutdown_TSAL.SchDoc with R10k-0805FTK from Passives.SchLib
Replace Part R406 R10k-0805FTK in G:\Mi unidad\e-Tech\Electronics\Electronics Repo\BMS\AMS_Master\AMS_Master_PCB\[4] Relays_Shutdown_TSAL.SchDoc with R10k-0805FTK from Passives.SchLib
Replace Part R407 R10k-0805FTK in G:\Mi unidad\e-Tech\Electronics\Electronics Repo\BMS\AMS_Master\AMS_Master_PCB\[4] Relays_Shutdown_TSAL.SchDoc with R10k-0805FTK from Passives.SchLib
Replace Part R408 R10k-0805FTK in G:\Mi unidad\e-Tech\Electronics\Electronics Repo\BMS\AMS_Master\AMS_Master_PCB\[4] Relays_Shutdown_TSAL.SchDoc with R10k-0805FTK from Passives.SchLib
Replace Part R409 R10k-0805FTK in G:\Mi unidad\e-Tech\Electronics\Electronics Repo\BMS\AMS_Master\AMS_Master_PCB\[4] Relays_Shutdown_TSAL.SchDoc with R10k-0805FTK from Passives.SchLib
Replace Part R410 R10k-0805FTK in G:\Mi unidad\e-Tech\Electronics\Electronics Repo\BMS\AMS_Master\AMS_Master_PCB\[4] Relays_Shutdown_TSAL.SchDoc with R10k-0805FTK from Passives.SchLib
Replace Part R411 R10k-0805FTK in G:\Mi unidad\e-Tech\Electronics\Electronics Repo\BMS\AMS_Master\AMS_Master_PCB\[4] Relays_Shutdown_TSAL.SchDoc with R10k-0805FTK from Passives.SchLib
Replace Part R412 R10k-0805FTK in G:\Mi unidad\e-Tech\Electronics\Electronics Repo\BMS\AMS_Master\AMS_Master_PCB\[4] Relays_Shutdown_TSAL.SchDoc with R10k-0805FTK from Passives.SchLib
Replace Part R413 R10k-0805FTK in G:\Mi unidad\e-Tech\Electronics\Electronics Repo\BMS\AMS_Master\AMS_Master_PCB\[4] Relays_Shutdown_TSAL.SchDoc with R10k-0805FTK from Passives.SchLib
Replace Part R414 R10k-0805FTK in G:\Mi unidad\e-Tech\Electronics\Electronics Repo\BMS\AMS_Master\AMS_Master_PCB\[4] Relays_Shutdown_TSAL.SchDoc with R10k-0805FTK from Passives.SchLib
Replace Part R415 R10k-0805FTK in G:\Mi unidad\e-Tech\Electronics\Electronics Repo\BMS\AMS_Master\AMS_Master_PCB\[4] Relays_Shutdown_TSAL.SchDoc with R10k-0805FTK from Passives.SchLib
Replace Part R416 R10k-0805FTK in G:\Mi unidad\e-Tech\Electronics\Electronics Repo\BMS\AMS_Master\AMS_Master_PCB\[4] Relays_Shutdown_TSAL.SchDoc with R10k-0805FTK from Passives.SchLib
Replace Part R417 R10k-0805FTK in G:\Mi unidad\e-Tech\Electronics\Electronics Repo\BMS\AMS_Master\AMS_Master_PCB\[4] Relays_Shutdown_TSAL.SchDoc with R10k-0805FTK from Passives.SchLib
Replace Part R418 R10k-0805FTK in G:\Mi unidad\e-Tech\Electronics\Electronics Repo\BMS\AMS_Master\AMS_Master_PCB\[4] Relays_Shutdown_TSAL.SchDoc with R10k-0805FTK from Passives.SchLib
Replace Part TP313 TestPoint in G:\Mi unidad\e-Tech\Electronics\Electronics Repo\BMS\AMS_Master\AMS_Master_PCB\[4] Relays_Shutdown_TSAL.SchDoc with TestPoint from e-Tech_Racing.SchLib
Replace Part TP401 TestPoint in G:\Mi unidad\e-Tech\Electronics\Electronics Repo\BMS\AMS_Master\AMS_Master_PCB\[4] Relays_Shutdown_TSAL.SchDoc with TestPoint from e-Tech_Racing.SchLib
Replace Part TP402 TestPoint in G:\Mi unidad\e-Tech\Electronics\Electronics Repo\BMS\AMS_Master\AMS_Master_PCB\[4] Relays_Shutdown_TSAL.SchDoc with TestPoint from e-Tech_Racing.SchLib
Replace Part TP403 TestPoint in G:\Mi unidad\e-Tech\Electronics\Electronics Repo\BMS\AMS_Master\AMS_Master_PCB\[4] Relays_Shutdown_TSAL.SchDoc with TestPoint from e-Tech_Racing.SchLib
Replace Part TP404 TestPoint in G:\Mi unidad\e-Tech\Electronics\Electronics Repo\BMS\AMS_Master\AMS_Master_PCB\[4] Relays_Shutdown_TSAL.SchDoc with TestPoint from e-Tech_Racing.SchLib
Replace Part TP405 TestPoint in G:\Mi unidad\e-Tech\Electronics\Electronics Repo\BMS\AMS_Master\AMS_Master_PCB\[4] Relays_Shutdown_TSAL.SchDoc with TestPoint from e-Tech_Racing.SchLib
Replace Part TP406 TestPoint in G:\Mi unidad\e-Tech\Electronics\Electronics Repo\BMS\AMS_Master\AMS_Master_PCB\[4] Relays_Shutdown_TSAL.SchDoc with TestPoint from e-Tech_Racing.SchLib
Replace Part TP407 TestPoint in G:\Mi unidad\e-Tech\Electronics\Electronics Repo\BMS\AMS_Master\AMS_Master_PCB\[4] Relays_Shutdown_TSAL.SchDoc with TestPoint from e-Tech_Racing.SchLib
Replace Part TP408 TestPoint in G:\Mi unidad\e-Tech\Electronics\Electronics Repo\BMS\AMS_Master\AMS_Master_PCB\[4] Relays_Shutdown_TSAL.SchDoc with TestPoint from e-Tech_Racing.SchLib
Replace Part TP409 TestPoint in G:\Mi unidad\e-Tech\Electronics\Electronics Repo\BMS\AMS_Master\AMS_Master_PCB\[4] Relays_Shutdown_TSAL.SchDoc with TestPoint from e-Tech_Racing.SchLib
Replace Part TP410 TestPoint in G:\Mi unidad\e-Tech\Electronics\Electronics Repo\BMS\AMS_Master\AMS_Master_PCB\[4] Relays_Shutdown_TSAL.SchDoc with TestPoint from e-Tech_Racing.SchLib
Replace Part TP411 TestPoint in G:\Mi unidad\e-Tech\Electronics\Electronics Repo\BMS\AMS_Master\AMS_Master_PCB\[4] Relays_Shutdown_TSAL.SchDoc with TestPoint from e-Tech_Racing.SchLib
Replace Part TP412 TestPoint in G:\Mi unidad\e-Tech\Electronics\Electronics Repo\BMS\AMS_Master\AMS_Master_PCB\[4] Relays_Shutdown_TSAL.SchDoc with TestPoint from e-Tech_Racing.SchLib
Replace Part U401 Array_4_Amp_LM339D in G:\Mi unidad\e-Tech\Electronics\Electronics Repo\BMS\AMS_Master\AMS_Master_PCB\[4] Relays_Shutdown_TSAL.SchDoc with Array_4_Amp_LM339D from Integrated circuits.SchLib
