Replace Part C501 C100n-50V-0805FNPC-X7R in G:\Mi unidad\e-Tech\Electronics\Electronics Repo\BMS\AMS_Master\AMS_Master_PCB\[5] Relays_Shutdown.SchDoc with C100n-50V-0805FNPC-X7R from Passives.SchLib
Replace Part C502 C15p-50V-0805FNPC-NP0 in G:\Mi unidad\e-Tech\Electronics\Electronics Repo\BMS\AMS_Master\AMS_Master_PCB\[5] Relays_Shutdown.SchDoc with C15p-50V-0805FNPC-NP0 from Passives.SchLib
Replace Part D501 DSC-0.5/40-SOD_323 in G:\Mi unidad\e-Tech\Electronics\Electronics Repo\BMS\AMS_Master\AMS_Master_PCB\[5] Relays_Shutdown.SchDoc with DSC-0.5/40-SOD_323 from Semiconductor.SchLib
Replace Part D502 DSC-0.5/40-SOD_323 in G:\Mi unidad\e-Tech\Electronics\Electronics Repo\BMS\AMS_Master\AMS_Master_PCB\[5] Relays_Shutdown.SchDoc with DSC-0.5/40-SOD_323 from Semiconductor.SchLib
Replace Part D503 DSC-0.5/40-SOD_323 in G:\Mi unidad\e-Tech\Electronics\Electronics Repo\BMS\AMS_Master\AMS_Master_PCB\[5] Relays_Shutdown.SchDoc with DSC-0.5/40-SOD_323 from Semiconductor.SchLib
Replace Part D504 DZ-6.2V-DO-214AC in G:\Mi unidad\e-Tech\Electronics\Electronics Repo\BMS\AMS_Master\AMS_Master_PCB\[5] Relays_Shutdown.SchDoc with DZ-6.2V-DO-214AC from Semiconductor.SchLib
Replace Part J501 J_NanoFit_2x4 in G:\Mi unidad\e-Tech\Electronics\Electronics Repo\BMS\AMS_Master\AMS_Master_PCB\[5] Relays_Shutdown.SchDoc with J_NanoFit_2x4 from Electromechanical.SchLib
Replace Part J502 J_NanoFit_2x3_V in G:\Mi unidad\e-Tech\Electronics\Electronics Repo\BMS\AMS_Master\AMS_Master_PCB\[5] Relays_Shutdown.SchDoc with J_NanoFit_2x3_V from Electromechanical.SchLib
Replace Part Q501 TRT-NCH-3/35-CPH in G:\Mi unidad\e-Tech\Electronics\Electronics Repo\BMS\AMS_Master\AMS_Master_PCB\[5] Relays_Shutdown.SchDoc with TRT-NCH-3/35-CPH from Semiconductor.SchLib
Replace Part Q502 TRT-NCH-3/35-CPH in G:\Mi unidad\e-Tech\Electronics\Electronics Repo\BMS\AMS_Master\AMS_Master_PCB\[5] Relays_Shutdown.SchDoc with TRT-NCH-3/35-CPH from Semiconductor.SchLib
Replace Part Q503 TRT-NCH-3/35-CPH in G:\Mi unidad\e-Tech\Electronics\Electronics Repo\BMS\AMS_Master\AMS_Master_PCB\[5] Relays_Shutdown.SchDoc with TRT-NCH-3/35-CPH from Semiconductor.SchLib
Replace Part Q504 TRT-NCH-3/35-CPH in G:\Mi unidad\e-Tech\Electronics\Electronics Repo\BMS\AMS_Master\AMS_Master_PCB\[5] Relays_Shutdown.SchDoc with TRT-NCH-3/35-CPH from Semiconductor.SchLib
Replace Part Q505 TRT-NCH-3/35-CPH in G:\Mi unidad\e-Tech\Electronics\Electronics Repo\BMS\AMS_Master\AMS_Master_PCB\[5] Relays_Shutdown.SchDoc with TRT-NCH-3/35-CPH from Semiconductor.SchLib
Replace Part Q506 TRT-NCH-3/35-CPH in G:\Mi unidad\e-Tech\Electronics\Electronics Repo\BMS\AMS_Master\AMS_Master_PCB\[5] Relays_Shutdown.SchDoc with TRT-NCH-3/35-CPH from Semiconductor.SchLib
Replace Part Q507 TRT-NCH-3/35-CPH in G:\Mi unidad\e-Tech\Electronics\Electronics Repo\BMS\AMS_Master\AMS_Master_PCB\[5] Relays_Shutdown.SchDoc with TRT-NCH-3/35-CPH from Semiconductor.SchLib
Replace Part Q508 TRT-NCH-3/35-CPH in G:\Mi unidad\e-Tech\Electronics\Electronics Repo\BMS\AMS_Master\AMS_Master_PCB\[5] Relays_Shutdown.SchDoc with TRT-NCH-3/35-CPH from Semiconductor.SchLib
Replace Part Q509 TRT-NCH-3/35-CPH in G:\Mi unidad\e-Tech\Electronics\Electronics Repo\BMS\AMS_Master\AMS_Master_PCB\[5] Relays_Shutdown.SchDoc with TRT-NCH-3/35-CPH from Semiconductor.SchLib
Replace Part R501 R10k-0805FTK in G:\Mi unidad\e-Tech\Electronics\Electronics Repo\BMS\AMS_Master\AMS_Master_PCB\[5] Relays_Shutdown.SchDoc with R10k-0805FTK from Passives.SchLib
Replace Part R502 R10k-0805FTK in G:\Mi unidad\e-Tech\Electronics\Electronics Repo\BMS\AMS_Master\AMS_Master_PCB\[5] Relays_Shutdown.SchDoc with R10k-0805FTK from Passives.SchLib
Replace Part R503 R10k-0805FTK in G:\Mi unidad\e-Tech\Electronics\Electronics Repo\BMS\AMS_Master\AMS_Master_PCB\[5] Relays_Shutdown.SchDoc with R10k-0805FTK from Passives.SchLib
Replace Part R504 R10k-0805FTK in G:\Mi unidad\e-Tech\Electronics\Electronics Repo\BMS\AMS_Master\AMS_Master_PCB\[5] Relays_Shutdown.SchDoc with R10k-0805FTK from Passives.SchLib
Replace Part R505 R10k-0805FTK in G:\Mi unidad\e-Tech\Electronics\Electronics Repo\BMS\AMS_Master\AMS_Master_PCB\[5] Relays_Shutdown.SchDoc with R10k-0805FTK from Passives.SchLib
Replace Part R506 R10k-0805FTK in G:\Mi unidad\e-Tech\Electronics\Electronics Repo\BMS\AMS_Master\AMS_Master_PCB\[5] Relays_Shutdown.SchDoc with R10k-0805FTK from Passives.SchLib
Replace Part R507 R10k-0805FTK in G:\Mi unidad\e-Tech\Electronics\Electronics Repo\BMS\AMS_Master\AMS_Master_PCB\[5] Relays_Shutdown.SchDoc with R10k-0805FTK from Passives.SchLib
Replace Part R508 R10k-0805FTK in G:\Mi unidad\e-Tech\Electronics\Electronics Repo\BMS\AMS_Master\AMS_Master_PCB\[5] Relays_Shutdown.SchDoc with R10k-0805FTK from Passives.SchLib
Replace Part R509 R10k-0805FTK in G:\Mi unidad\e-Tech\Electronics\Electronics Repo\BMS\AMS_Master\AMS_Master_PCB\[5] Relays_Shutdown.SchDoc with R10k-0805FTK from Passives.SchLib
Replace Part R510 R10k-0805FTK in G:\Mi unidad\e-Tech\Electronics\Electronics Repo\BMS\AMS_Master\AMS_Master_PCB\[5] Relays_Shutdown.SchDoc with R10k-0805FTK from Passives.SchLib
Replace Part R511 R10k-0805FTK in G:\Mi unidad\e-Tech\Electronics\Electronics Repo\BMS\AMS_Master\AMS_Master_PCB\[5] Relays_Shutdown.SchDoc with R10k-0805FTK from Passives.SchLib
Replace Part R512 R10k-0805FTK in G:\Mi unidad\e-Tech\Electronics\Electronics Repo\BMS\AMS_Master\AMS_Master_PCB\[5] Relays_Shutdown.SchDoc with R10k-0805FTK from Passives.SchLib
Replace Part R513 R10k-0805FTK in G:\Mi unidad\e-Tech\Electronics\Electronics Repo\BMS\AMS_Master\AMS_Master_PCB\[5] Relays_Shutdown.SchDoc with R10k-0805FTK from Passives.SchLib
Replace Part R514 R10k-0805FTK in G:\Mi unidad\e-Tech\Electronics\Electronics Repo\BMS\AMS_Master\AMS_Master_PCB\[5] Relays_Shutdown.SchDoc with R10k-0805FTK from Passives.SchLib
Replace Part R515 R10k-0805FTK in G:\Mi unidad\e-Tech\Electronics\Electronics Repo\BMS\AMS_Master\AMS_Master_PCB\[5] Relays_Shutdown.SchDoc with R10k-0805FTK from Passives.SchLib
Replace Part R516 R10k-0805FTK in G:\Mi unidad\e-Tech\Electronics\Electronics Repo\BMS\AMS_Master\AMS_Master_PCB\[5] Relays_Shutdown.SchDoc with R10k-0805FTK from Passives.SchLib
Replace Part R517 R10k-0805FTK in G:\Mi unidad\e-Tech\Electronics\Electronics Repo\BMS\AMS_Master\AMS_Master_PCB\[5] Relays_Shutdown.SchDoc with R10k-0805FTK from Passives.SchLib
Replace Part R518 R10k-0805FTK in G:\Mi unidad\e-Tech\Electronics\Electronics Repo\BMS\AMS_Master\AMS_Master_PCB\[5] Relays_Shutdown.SchDoc with R10k-0805FTK from Passives.SchLib
Replace Part U501 Array_4_Amp_LM339D in G:\Mi unidad\e-Tech\Electronics\Electronics Repo\BMS\AMS_Master\AMS_Master_PCB\[5] Relays_Shutdown.SchDoc with Array_4_Amp_LM339D from Integrated circuits.SchLib
