Replace Part C701 C1u-50V-0805FNPC-X7R in G:\Mi unidad\e-Tech\Electronics\Electronics Repo\BMS\AMS_Master\AMS_Master_PCB\[6] High Voltage.SchDoc with C1u-50V-0805FNPC-X7R from Passives.SchLib
Replace Part C702 C100n-50V-0805FNPC-X7R in G:\Mi unidad\e-Tech\Electronics\Electronics Repo\BMS\AMS_Master\AMS_Master_PCB\[6] High Voltage.SchDoc with C100n-50V-0805FNPC-X7R from Passives.SchLib
Replace Part C703 C10n-50V-0805FNPC-X7R in G:\Mi unidad\e-Tech\Electronics\Electronics Repo\BMS\AMS_Master\AMS_Master_PCB\[6] High Voltage.SchDoc with C10n-50V-0805FNPC-X7R from Passives.SchLib
Replace Part C704 C1u-50V-0805FNPC-X7R in G:\Mi unidad\e-Tech\Electronics\Electronics Repo\BMS\AMS_Master\AMS_Master_PCB\[6] High Voltage.SchDoc with C1u-50V-0805FNPC-X7R from Passives.SchLib
Replace Part C705 C100n-50V-0805FNPC-X7R in G:\Mi unidad\e-Tech\Electronics\Electronics Repo\BMS\AMS_Master\AMS_Master_PCB\[6] High Voltage.SchDoc with C100n-50V-0805FNPC-X7R from Passives.SchLib
Replace Part C706 C10n-50V-0805FNPC-X7R in G:\Mi unidad\e-Tech\Electronics\Electronics Repo\BMS\AMS_Master\AMS_Master_PCB\[6] High Voltage.SchDoc with C10n-50V-0805FNPC-X7R from Passives.SchLib
Replace Part DCDC701 DCDC-ISO-1000V/5V-1A in G:\Mi unidad\e-Tech\Electronics\Electronics Repo\BMS\AMS_Master\AMS_Master_PCB\[6] High Voltage.SchDoc with DCDC-ISO-1000V/5V-1A from Semiconductor.SchLib
Replace Part DCDC702 DCDC_RNM-0505S/P in G:\Mi unidad\e-Tech\Electronics\Electronics Repo\BMS\AMS_Master\AMS_Master_PCB\[6] High Voltage.SchDoc with DCDC_RNM-0505S/P from Semiconductor.SchLib
Replace Part F701 Fuse_1A_600V in G:\Mi unidad\e-Tech\Electronics\Electronics Repo\BMS\AMS_Master\AMS_Master_PCB\[6] High Voltage.SchDoc with Fuse_1A_600V from Filter components.SchLib
Replace Part F702 Fuse_1A_600V in G:\Mi unidad\e-Tech\Electronics\Electronics Repo\BMS\AMS_Master\AMS_Master_PCB\[6] High Voltage.SchDoc with Fuse_1A_600V from Filter components.SchLib
Replace Part Q701 TRT-NCH-3/35-CPH in G:\Mi unidad\e-Tech\Electronics\Electronics Repo\BMS\AMS_Master\AMS_Master_PCB\[6] High Voltage.SchDoc with TRT-NCH-3/35-CPH from Semiconductor.SchLib
Replace Part Q702 TRT-NCH-3/35-CPH in G:\Mi unidad\e-Tech\Electronics\Electronics Repo\BMS\AMS_Master\AMS_Master_PCB\[6] High Voltage.SchDoc with TRT-NCH-3/35-CPH from Semiconductor.SchLib
Replace Part Q703 TRT-NCH-3/35-CPH in G:\Mi unidad\e-Tech\Electronics\Electronics Repo\BMS\AMS_Master\AMS_Master_PCB\[6] High Voltage.SchDoc with TRT-NCH-3/35-CPH from Semiconductor.SchLib
Replace Part R701 R1k-VTR in G:\Mi unidad\e-Tech\Electronics\Electronics Repo\BMS\AMS_Master\AMS_Master_PCB\[6] High Voltage.SchDoc with R1k-VTR from Passives.SchLib
Replace Part R702 R2M-1206FTK in G:\Mi unidad\e-Tech\Electronics\Electronics Repo\BMS\AMS_Master\AMS_Master_PCB\[6] High Voltage.SchDoc with R2M-1206FTK from Passives.SchLib
Replace Part R703 R51k-1206FTK in G:\Mi unidad\e-Tech\Electronics\Electronics Repo\BMS\AMS_Master\AMS_Master_PCB\[6] High Voltage.SchDoc with R51k-1206FTK from Passives.SchLib
Replace Part R704 R10k-0805FTK in G:\Mi unidad\e-Tech\Electronics\Electronics Repo\BMS\AMS_Master\AMS_Master_PCB\[6] High Voltage.SchDoc with R10k-0805FTK from Passives.SchLib
Replace Part R705 R10k-0805FTK in G:\Mi unidad\e-Tech\Electronics\Electronics Repo\BMS\AMS_Master\AMS_Master_PCB\[6] High Voltage.SchDoc with R10k-0805FTK from Passives.SchLib
Replace Part R706 R1k-0805FTK in G:\Mi unidad\e-Tech\Electronics\Electronics Repo\BMS\AMS_Master\AMS_Master_PCB\[6] High Voltage.SchDoc with R1k-0805FTK from Passives.SchLib
Replace Part R707 R10k-0805FTK in G:\Mi unidad\e-Tech\Electronics\Electronics Repo\BMS\AMS_Master\AMS_Master_PCB\[6] High Voltage.SchDoc with R10k-0805FTK from Passives.SchLib
Replace Part R708 R1k-0805FTK in G:\Mi unidad\e-Tech\Electronics\Electronics Repo\BMS\AMS_Master\AMS_Master_PCB\[6] High Voltage.SchDoc with R1k-0805FTK from Passives.SchLib
Replace Part R_precharge R470-TO220 in G:\Mi unidad\e-Tech\Electronics\Electronics Repo\BMS\AMS_Master\AMS_Master_PCB\[6] High Voltage.SchDoc with R470-TO220 from Passives.SchLib
Replace Part TP601 TestPoint in G:\Mi unidad\e-Tech\Electronics\Electronics Repo\BMS\AMS_Master\AMS_Master_PCB\[6] High Voltage.SchDoc with TestPoint from e-Tech_Racing.SchLib
Replace Part TP602 TestPoint in G:\Mi unidad\e-Tech\Electronics\Electronics Repo\BMS\AMS_Master\AMS_Master_PCB\[6] High Voltage.SchDoc with TestPoint from e-Tech_Racing.SchLib
Replace Part TP603 TestPoint in G:\Mi unidad\e-Tech\Electronics\Electronics Repo\BMS\AMS_Master\AMS_Master_PCB\[6] High Voltage.SchDoc with TestPoint from e-Tech_Racing.SchLib
Replace Part TP604 TestPoint in G:\Mi unidad\e-Tech\Electronics\Electronics Repo\BMS\AMS_Master\AMS_Master_PCB\[6] High Voltage.SchDoc with TestPoint from e-Tech_Racing.SchLib
Replace Part TP605 TestPoint in G:\Mi unidad\e-Tech\Electronics\Electronics Repo\BMS\AMS_Master\AMS_Master_PCB\[6] High Voltage.SchDoc with TestPoint from e-Tech_Racing.SchLib
Replace Part TP606 TestPoint in G:\Mi unidad\e-Tech\Electronics\Electronics Repo\BMS\AMS_Master\AMS_Master_PCB\[6] High Voltage.SchDoc with TestPoint from e-Tech_Racing.SchLib
Replace Part TP607 TestPoint in G:\Mi unidad\e-Tech\Electronics\Electronics Repo\BMS\AMS_Master\AMS_Master_PCB\[6] High Voltage.SchDoc with TestPoint from e-Tech_Racing.SchLib
Replace Part TP608 TestPoint in G:\Mi unidad\e-Tech\Electronics\Electronics Repo\BMS\AMS_Master\AMS_Master_PCB\[6] High Voltage.SchDoc with TestPoint from e-Tech_Racing.SchLib
Replace Part TP609 TestPoint in G:\Mi unidad\e-Tech\Electronics\Electronics Repo\BMS\AMS_Master\AMS_Master_PCB\[6] High Voltage.SchDoc with TestPoint from e-Tech_Racing.SchLib
Replace Part TP610 TestPoint in G:\Mi unidad\e-Tech\Electronics\Electronics Repo\BMS\AMS_Master\AMS_Master_PCB\[6] High Voltage.SchDoc with TestPoint from e-Tech_Racing.SchLib
Replace Part TP611 TestPoint in G:\Mi unidad\e-Tech\Electronics\Electronics Repo\BMS\AMS_Master\AMS_Master_PCB\[6] High Voltage.SchDoc with TestPoint from e-Tech_Racing.SchLib
Replace Part TP612 TestPoint in G:\Mi unidad\e-Tech\Electronics\Electronics Repo\BMS\AMS_Master\AMS_Master_PCB\[6] High Voltage.SchDoc with TestPoint from e-Tech_Racing.SchLib
Replace Part TP613 TestPoint in G:\Mi unidad\e-Tech\Electronics\Electronics Repo\BMS\AMS_Master\AMS_Master_PCB\[6] High Voltage.SchDoc with TestPoint from e-Tech_Racing.SchLib
Replace Part TP614 TestPoint in G:\Mi unidad\e-Tech\Electronics\Electronics Repo\BMS\AMS_Master\AMS_Master_PCB\[6] High Voltage.SchDoc with TestPoint from e-Tech_Racing.SchLib
Replace Part U701 Array_4_Amp_LM339D in G:\Mi unidad\e-Tech\Electronics\Electronics Repo\BMS\AMS_Master\AMS_Master_PCB\[6] High Voltage.SchDoc with Array_4_Amp_LM339D from Integrated circuits.SchLib
Replace Part U702 Optocoupler_4N35 in G:\Mi unidad\e-Tech\Electronics\Electronics Repo\BMS\AMS_Master\AMS_Master_PCB\[6] High Voltage.SchDoc with Optocoupler_4N35 from Semiconductor.SchLib
Replace Part X701 Relay_DAR72410FU in G:\Mi unidad\e-Tech\Electronics\Electronics Repo\BMS\AMS_Master\AMS_Master_PCB\[6] High Voltage.SchDoc with Relay_DAR72410FU from Electromechanical.SchLib
