Replace Part C602 C100n-50V-0805FNPC-X7R in C:\Users\dwegg\Google Drive\e-Tech\Electronics\Electronics Repo\BMS\AMS_Master\AMS_Master_PCB\[7] High_Voltage.SchDoc with C100n-50V-0805FNPC-X7R from Passives.SchLib
Replace Part C603 C10n-50V-0805FNPC-X7R in C:\Users\dwegg\Google Drive\e-Tech\Electronics\Electronics Repo\BMS\AMS_Master\AMS_Master_PCB\[7] High_Voltage.SchDoc with C10n-50V-0805FNPC-X7R from Passives.SchLib
Replace Part C604 C1u-50V-0805FNPC-X7R in C:\Users\dwegg\Google Drive\e-Tech\Electronics\Electronics Repo\BMS\AMS_Master\AMS_Master_PCB\[7] High_Voltage.SchDoc with C1u-50V-0805FNPC-X7R from Passives.SchLib
Replace Part C605 C100n-50V-0805FNPC-X7R in C:\Users\dwegg\Google Drive\e-Tech\Electronics\Electronics Repo\BMS\AMS_Master\AMS_Master_PCB\[7] High_Voltage.SchDoc with C100n-50V-0805FNPC-X7R from Passives.SchLib
Replace Part C606 C10n-50V-0805FNPC-X7R in C:\Users\dwegg\Google Drive\e-Tech\Electronics\Electronics Repo\BMS\AMS_Master\AMS_Master_PCB\[7] High_Voltage.SchDoc with C10n-50V-0805FNPC-X7R from Passives.SchLib
Replace Part C6099 C1u-50V-0805FNPC-X7R in C:\Users\dwegg\Google Drive\e-Tech\Electronics\Electronics Repo\BMS\AMS_Master\AMS_Master_PCB\[7] High_Voltage.SchDoc with C1u-50V-0805FNPC-X7R from Passives.SchLib
Replace Part DCDC602 DCDC_RNM-0505S/P in C:\Users\dwegg\Google Drive\e-Tech\Electronics\Electronics Repo\BMS\AMS_Master\AMS_Master_PCB\[7] High_Voltage.SchDoc with DCDC_RNM-0505S/P from Semiconductor.SchLib
Replace Part Q601 TRT-NCH-8/40-SQ in C:\Users\dwegg\Google Drive\e-Tech\Electronics\Electronics Repo\BMS\AMS_Master\AMS_Master_PCB\[7] High_Voltage.SchDoc with TRT-NCH-8/40-SQ from Semiconductor.SchLib
Replace Part Q602 TRT-NCH-8/40-SQ in C:\Users\dwegg\Google Drive\e-Tech\Electronics\Electronics Repo\BMS\AMS_Master\AMS_Master_PCB\[7] High_Voltage.SchDoc with TRT-NCH-8/40-SQ from Semiconductor.SchLib
Replace Part Q603 TRT-NCH-8/40-SQ in C:\Users\dwegg\Google Drive\e-Tech\Electronics\Electronics Repo\BMS\AMS_Master\AMS_Master_PCB\[7] High_Voltage.SchDoc with TRT-NCH-8/40-SQ from Semiconductor.SchLib
Replace Part Q604 TRT-NCH-8/40-SQ in C:\Users\dwegg\Google Drive\e-Tech\Electronics\Electronics Repo\BMS\AMS_Master\AMS_Master_PCB\[7] High_Voltage.SchDoc with TRT-NCH-8/40-SQ from Semiconductor.SchLib
Replace Part R602 R2M-1206FTK in C:\Users\dwegg\Google Drive\e-Tech\Electronics\Electronics Repo\BMS\AMS_Master\AMS_Master_PCB\[7] High_Voltage.SchDoc with R2M-1206FTK from Passives.SchLib
Replace Part R603 R51k-1206FTK in C:\Users\dwegg\Google Drive\e-Tech\Electronics\Electronics Repo\BMS\AMS_Master\AMS_Master_PCB\[7] High_Voltage.SchDoc with R51k-1206FTK from Passives.SchLib
Replace Part R604 R10k-0805FTK in C:\Users\dwegg\Google Drive\e-Tech\Electronics\Electronics Repo\BMS\AMS_Master\AMS_Master_PCB\[7] High_Voltage.SchDoc with R10k-0805FTK from Passives.SchLib
Replace Part R605 R10k-0805FTK in C:\Users\dwegg\Google Drive\e-Tech\Electronics\Electronics Repo\BMS\AMS_Master\AMS_Master_PCB\[7] High_Voltage.SchDoc with R10k-0805FTK from Passives.SchLib
Replace Part R606 R10k-0805FTK in C:\Users\dwegg\Google Drive\e-Tech\Electronics\Electronics Repo\BMS\AMS_Master\AMS_Master_PCB\[7] High_Voltage.SchDoc with R10k-0805FTK from Passives.SchLib
Replace Part R608 R2M-1206FTK in C:\Users\dwegg\Google Drive\e-Tech\Electronics\Electronics Repo\BMS\AMS_Master\AMS_Master_PCB\[7] High_Voltage.SchDoc with R2M-1206FTK from Passives.SchLib
Replace Part R609 R51k-1206FTK in C:\Users\dwegg\Google Drive\e-Tech\Electronics\Electronics Repo\BMS\AMS_Master\AMS_Master_PCB\[7] High_Voltage.SchDoc with R51k-1206FTK from Passives.SchLib
Replace Part R610 R10k-0805FTK in C:\Users\dwegg\Google Drive\e-Tech\Electronics\Electronics Repo\BMS\AMS_Master\AMS_Master_PCB\[7] High_Voltage.SchDoc with R10k-0805FTK from Passives.SchLib
Replace Part R611 R10k-0805FTK in C:\Users\dwegg\Google Drive\e-Tech\Electronics\Electronics Repo\BMS\AMS_Master\AMS_Master_PCB\[7] High_Voltage.SchDoc with R10k-0805FTK from Passives.SchLib
Replace Part R612 R10k-0805FTK in C:\Users\dwegg\Google Drive\e-Tech\Electronics\Electronics Repo\BMS\AMS_Master\AMS_Master_PCB\[7] High_Voltage.SchDoc with R10k-0805FTK from Passives.SchLib
Replace Part TP604 TestPoint in C:\Users\dwegg\Google Drive\e-Tech\Electronics\Electronics Repo\BMS\AMS_Master\AMS_Master_PCB\[7] High_Voltage.SchDoc with TestPoint from e-Tech_Racing.SchLib
Replace Part TP605 TestPoint in C:\Users\dwegg\Google Drive\e-Tech\Electronics\Electronics Repo\BMS\AMS_Master\AMS_Master_PCB\[7] High_Voltage.SchDoc with TestPoint from e-Tech_Racing.SchLib
Replace Part TP606 TestPoint in C:\Users\dwegg\Google Drive\e-Tech\Electronics\Electronics Repo\BMS\AMS_Master\AMS_Master_PCB\[7] High_Voltage.SchDoc with TestPoint from e-Tech_Racing.SchLib
Replace Part TP608 TestPoint in C:\Users\dwegg\Google Drive\e-Tech\Electronics\Electronics Repo\BMS\AMS_Master\AMS_Master_PCB\[7] High_Voltage.SchDoc with TestPoint from e-Tech_Racing.SchLib
Replace Part TP609 TestPoint in C:\Users\dwegg\Google Drive\e-Tech\Electronics\Electronics Repo\BMS\AMS_Master\AMS_Master_PCB\[7] High_Voltage.SchDoc with TestPoint from e-Tech_Racing.SchLib
Replace Part TP610 TestPoint in C:\Users\dwegg\Google Drive\e-Tech\Electronics\Electronics Repo\BMS\AMS_Master\AMS_Master_PCB\[7] High_Voltage.SchDoc with TestPoint from e-Tech_Racing.SchLib
Replace Part TP611 TestPoint in C:\Users\dwegg\Google Drive\e-Tech\Electronics\Electronics Repo\BMS\AMS_Master\AMS_Master_PCB\[7] High_Voltage.SchDoc with TestPoint from e-Tech_Racing.SchLib
Replace Part TP612 TestPoint in C:\Users\dwegg\Google Drive\e-Tech\Electronics\Electronics Repo\BMS\AMS_Master\AMS_Master_PCB\[7] High_Voltage.SchDoc with TestPoint from e-Tech_Racing.SchLib
Replace Part TP615 TestPoint in C:\Users\dwegg\Google Drive\e-Tech\Electronics\Electronics Repo\BMS\AMS_Master\AMS_Master_PCB\[7] High_Voltage.SchDoc with TestPoint from e-Tech_Racing.SchLib
Replace Part TP616 TestPoint in C:\Users\dwegg\Google Drive\e-Tech\Electronics\Electronics Repo\BMS\AMS_Master\AMS_Master_PCB\[7] High_Voltage.SchDoc with TestPoint from e-Tech_Racing.SchLib
Replace Part TP617 TestPoint in C:\Users\dwegg\Google Drive\e-Tech\Electronics\Electronics Repo\BMS\AMS_Master\AMS_Master_PCB\[7] High_Voltage.SchDoc with TestPoint from e-Tech_Racing.SchLib
Replace Part TP618 TestPoint in C:\Users\dwegg\Google Drive\e-Tech\Electronics\Electronics Repo\BMS\AMS_Master\AMS_Master_PCB\[7] High_Voltage.SchDoc with TestPoint from e-Tech_Racing.SchLib
Replace Part TP619 TestPoint in C:\Users\dwegg\Google Drive\e-Tech\Electronics\Electronics Repo\BMS\AMS_Master\AMS_Master_PCB\[7] High_Voltage.SchDoc with TestPoint from e-Tech_Racing.SchLib
Replace Part TP620 TestPoint in C:\Users\dwegg\Google Drive\e-Tech\Electronics\Electronics Repo\BMS\AMS_Master\AMS_Master_PCB\[7] High_Voltage.SchDoc with TestPoint from e-Tech_Racing.SchLib
Replace Part TP621 TestPoint in C:\Users\dwegg\Google Drive\e-Tech\Electronics\Electronics Repo\BMS\AMS_Master\AMS_Master_PCB\[7] High_Voltage.SchDoc with TestPoint from e-Tech_Racing.SchLib
Replace Part U601 Array_4_Amp_LM339D in C:\Users\dwegg\Google Drive\e-Tech\Electronics\Electronics Repo\BMS\AMS_Master\AMS_Master_PCB\[7] High_Voltage.SchDoc with Array_4_Amp_LM339D from Integrated circuits.SchLib
Replace Part U602 Optocoupler_TCLT1000 in C:\Users\dwegg\Google Drive\e-Tech\Electronics\Electronics Repo\BMS\AMS_Master\AMS_Master_PCB\[7] High_Voltage.SchDoc with Optocoupler_TCLT1000 from Semiconductor.SchLib
Replace Part U603 Optocoupler_TCLT1000 in C:\Users\dwegg\Google Drive\e-Tech\Electronics\Electronics Repo\BMS\AMS_Master\AMS_Master_PCB\[7] High_Voltage.SchDoc with Optocoupler_TCLT1000 from Semiconductor.SchLib
