Replace Part C701 C1u-50V-0805FNPC-X7R in C:\Users\dwegg\Desktop\Electronics Repo\BMS\AMS_Master\AMS_Master_PCB\[7] High_Voltage.SchDoc with C1u-50V-0805FNPC-X7R from Passives.SchLib
Replace Part C702 C100n-50V-0805FNPC-X7R in C:\Users\dwegg\Desktop\Electronics Repo\BMS\AMS_Master\AMS_Master_PCB\[7] High_Voltage.SchDoc with C100n-50V-0805FNPC-X7R from Passives.SchLib
Replace Part C703 C10n-50V-0805FNPC-X7R in C:\Users\dwegg\Desktop\Electronics Repo\BMS\AMS_Master\AMS_Master_PCB\[7] High_Voltage.SchDoc with C10n-50V-0805FNPC-X7R from Passives.SchLib
Replace Part C704 C1u-50V-0805FNPC-X7R in C:\Users\dwegg\Desktop\Electronics Repo\BMS\AMS_Master\AMS_Master_PCB\[7] High_Voltage.SchDoc with C1u-50V-0805FNPC-X7R from Passives.SchLib
Replace Part C705 C100n-50V-0805FNPC-X7R in C:\Users\dwegg\Desktop\Electronics Repo\BMS\AMS_Master\AMS_Master_PCB\[7] High_Voltage.SchDoc with C100n-50V-0805FNPC-X7R from Passives.SchLib
Replace Part C706 C10n-50V-0805FNPC-X7R in C:\Users\dwegg\Desktop\Electronics Repo\BMS\AMS_Master\AMS_Master_PCB\[7] High_Voltage.SchDoc with C10n-50V-0805FNPC-X7R from Passives.SchLib
Replace Part DCDC601 DCDC_RNM-0505S/P in C:\Users\dwegg\Desktop\Electronics Repo\BMS\AMS_Master\AMS_Master_PCB\[7] High_Voltage.SchDoc with DCDC_RNM-0505S/P from Semiconductor.SchLib
Replace Part Q701 TRT-NCH-8/40-SQ in C:\Users\dwegg\Desktop\Electronics Repo\BMS\AMS_Master\AMS_Master_PCB\[7] High_Voltage.SchDoc with TRT-NCH-8/40-SQ from Semiconductor.SchLib
Replace Part Q702 TRT-NCH-8/40-SQ in C:\Users\dwegg\Desktop\Electronics Repo\BMS\AMS_Master\AMS_Master_PCB\[7] High_Voltage.SchDoc with TRT-NCH-8/40-SQ from Semiconductor.SchLib
Replace Part Q704 TRT-NCH-8/40-SQ in C:\Users\dwegg\Desktop\Electronics Repo\BMS\AMS_Master\AMS_Master_PCB\[7] High_Voltage.SchDoc with TRT-NCH-8/40-SQ from Semiconductor.SchLib
Replace Part R702 R2M-2512FTK in C:\Users\dwegg\Desktop\Electronics Repo\BMS\AMS_Master\AMS_Master_PCB\[7] High_Voltage.SchDoc with R2M-2512FTK from Passives.SchLib
Replace Part R703 R51k-1206FTK in C:\Users\dwegg\Desktop\Electronics Repo\BMS\AMS_Master\AMS_Master_PCB\[7] High_Voltage.SchDoc with R51k-1206FTK from Passives.SchLib
Replace Part R704 R10k-0805FTK in C:\Users\dwegg\Desktop\Electronics Repo\BMS\AMS_Master\AMS_Master_PCB\[7] High_Voltage.SchDoc with R10k-0805FTK from Passives.SchLib
Replace Part R705 R10k-0805FTK in C:\Users\dwegg\Desktop\Electronics Repo\BMS\AMS_Master\AMS_Master_PCB\[7] High_Voltage.SchDoc with R10k-0805FTK from Passives.SchLib
Replace Part R706 R10k-0805FTK in C:\Users\dwegg\Desktop\Electronics Repo\BMS\AMS_Master\AMS_Master_PCB\[7] High_Voltage.SchDoc with R10k-0805FTK from Passives.SchLib
Replace Part R708 R2M-2512FTK in C:\Users\dwegg\Desktop\Electronics Repo\BMS\AMS_Master\AMS_Master_PCB\[7] High_Voltage.SchDoc with R2M-2512FTK from Passives.SchLib
Replace Part R709 R51k-1206FTK in C:\Users\dwegg\Desktop\Electronics Repo\BMS\AMS_Master\AMS_Master_PCB\[7] High_Voltage.SchDoc with R51k-1206FTK from Passives.SchLib
Replace Part R710 R10k-0805FTK in C:\Users\dwegg\Desktop\Electronics Repo\BMS\AMS_Master\AMS_Master_PCB\[7] High_Voltage.SchDoc with R10k-0805FTK from Passives.SchLib
Replace Part R711 R10k-0805FTK in C:\Users\dwegg\Desktop\Electronics Repo\BMS\AMS_Master\AMS_Master_PCB\[7] High_Voltage.SchDoc with R10k-0805FTK from Passives.SchLib
Replace Part R712 R10k-0805FTK in C:\Users\dwegg\Desktop\Electronics Repo\BMS\AMS_Master\AMS_Master_PCB\[7] High_Voltage.SchDoc with R10k-0805FTK from Passives.SchLib
Replace Part R713 R10k-VTR in C:\Users\dwegg\Desktop\Electronics Repo\BMS\AMS_Master\AMS_Master_PCB\[7] High_Voltage.SchDoc with R10k-VTR from Passives.SchLib
Replace Part R714 R1k-0805FTK in C:\Users\dwegg\Desktop\Electronics Repo\BMS\AMS_Master\AMS_Master_PCB\[7] High_Voltage.SchDoc with R1k-0805FTK from Passives.SchLib
Replace Part R715 R1k-0805FTK in C:\Users\dwegg\Desktop\Electronics Repo\BMS\AMS_Master\AMS_Master_PCB\[7] High_Voltage.SchDoc with R1k-0805FTK from Passives.SchLib
Replace Part R716 R2M-2512FTK in C:\Users\dwegg\Desktop\Electronics Repo\BMS\AMS_Master\AMS_Master_PCB\[7] High_Voltage.SchDoc with R2M-2512FTK from Passives.SchLib
Replace Part TP704 TestPoint in C:\Users\dwegg\Desktop\Electronics Repo\BMS\AMS_Master\AMS_Master_PCB\[7] High_Voltage.SchDoc with TestPoint from e-Tech_Racing.SchLib
Replace Part TP705 TestPoint in C:\Users\dwegg\Desktop\Electronics Repo\BMS\AMS_Master\AMS_Master_PCB\[7] High_Voltage.SchDoc with TestPoint from e-Tech_Racing.SchLib
Replace Part TP706 TestPoint in C:\Users\dwegg\Desktop\Electronics Repo\BMS\AMS_Master\AMS_Master_PCB\[7] High_Voltage.SchDoc with TestPoint from e-Tech_Racing.SchLib
Replace Part TP708 TestPoint in C:\Users\dwegg\Desktop\Electronics Repo\BMS\AMS_Master\AMS_Master_PCB\[7] High_Voltage.SchDoc with TestPoint from e-Tech_Racing.SchLib
Replace Part TP709 TestPoint in C:\Users\dwegg\Desktop\Electronics Repo\BMS\AMS_Master\AMS_Master_PCB\[7] High_Voltage.SchDoc with TestPoint from e-Tech_Racing.SchLib
Replace Part TP710 TestPoint in C:\Users\dwegg\Desktop\Electronics Repo\BMS\AMS_Master\AMS_Master_PCB\[7] High_Voltage.SchDoc with TestPoint from e-Tech_Racing.SchLib
Replace Part TP711 TestPoint in C:\Users\dwegg\Desktop\Electronics Repo\BMS\AMS_Master\AMS_Master_PCB\[7] High_Voltage.SchDoc with TestPoint from e-Tech_Racing.SchLib
Replace Part TP712 TestPoint in C:\Users\dwegg\Desktop\Electronics Repo\BMS\AMS_Master\AMS_Master_PCB\[7] High_Voltage.SchDoc with TestPoint from e-Tech_Racing.SchLib
Replace Part TP715 TestPoint in C:\Users\dwegg\Desktop\Electronics Repo\BMS\AMS_Master\AMS_Master_PCB\[7] High_Voltage.SchDoc with TestPoint from e-Tech_Racing.SchLib
Replace Part TP716 TestPoint in C:\Users\dwegg\Desktop\Electronics Repo\BMS\AMS_Master\AMS_Master_PCB\[7] High_Voltage.SchDoc with TestPoint from e-Tech_Racing.SchLib
Replace Part TP717 TestPoint in C:\Users\dwegg\Desktop\Electronics Repo\BMS\AMS_Master\AMS_Master_PCB\[7] High_Voltage.SchDoc with TestPoint from e-Tech_Racing.SchLib
Replace Part TP718 TestPoint in C:\Users\dwegg\Desktop\Electronics Repo\BMS\AMS_Master\AMS_Master_PCB\[7] High_Voltage.SchDoc with TestPoint from e-Tech_Racing.SchLib
Replace Part TP719 TestPoint in C:\Users\dwegg\Desktop\Electronics Repo\BMS\AMS_Master\AMS_Master_PCB\[7] High_Voltage.SchDoc with TestPoint from e-Tech_Racing.SchLib
Replace Part TP720 TestPoint in C:\Users\dwegg\Desktop\Electronics Repo\BMS\AMS_Master\AMS_Master_PCB\[7] High_Voltage.SchDoc with TestPoint from e-Tech_Racing.SchLib
Replace Part TP721 TestPoint in C:\Users\dwegg\Desktop\Electronics Repo\BMS\AMS_Master\AMS_Master_PCB\[7] High_Voltage.SchDoc with TestPoint from e-Tech_Racing.SchLib
Replace Part U702 Optocoupler_4N35 in C:\Users\dwegg\Desktop\Electronics Repo\BMS\AMS_Master\AMS_Master_PCB\[7] High_Voltage.SchDoc with Optocoupler_4N35 from Semiconductor.SchLib
Replace Part U703 Optocoupler_4N35 in C:\Users\dwegg\Desktop\Electronics Repo\BMS\AMS_Master\AMS_Master_PCB\[7] High_Voltage.SchDoc with Optocoupler_4N35 from Semiconductor.SchLib
