Added Component: Designator=U201(U_dsPIC33EP256GM604-I/PT)
Add component (AddParameter): Name = ".Creator"; Value = "DR"; VariantName = "[No Variations]"
Add component (AddParameter): Name = ".PCBcheck"; Value = ""; VariantName = "[No Variations]"
Add component (AddParameter): Name = ".SCHcheck"; Value = ""; VariantName = "[No Variations]"
Add component (AddParameter): Name = "Case/Package"; Value = "TQFP"; VariantName = "[No Variations]"
Add component (AddParameter): Name = "Category"; Value = "Microcontrollers"; VariantName = "[No Variations]"
Add component (AddParameter): Name = "ComponentLink1Description"; Value = "Datasheet"; VariantName = "[No Variations]"
Add component (AddParameter): Name = "ComponentLink1URL"; Value = "https://datasheet.ciiva.com/18628/dspic33epxxxgm3xx6xx7xxdatasheet-18628712.pdf?src-supplier=Digi-Key"; VariantName = "[No Variations]"
Add component (AddParameter): Name = "ComponentLink2Description"; Value = "Where buy it"; VariantName = "[No Variations]"
Add component (AddParameter): Name = "ComponentLink2URL"; Value = ""; VariantName = "[No Variations]"
Add component (AddParameter): Name = "ComponentLink3Description"; Value = "https://datasheet.ciiva.com/18628/dspic33epxxxgm3xx6xx7xxdatasheet-18628712.pdf?src-supplier=Digi-Key"; VariantName = "[No Variations]"
Add component (AddParameter): Name = "ComponentLink3URL"; Value = "https://datasheet.ciiva.com/18628/dspic33epxxxgm3xx6xx7xxdatasheet-18628712.pdf?src-supplier=Digi-Key"; VariantName = "[No Variations]"
Add component (AddParameter): Name = "Manufacturer 1"; Value = "Microchip"; VariantName = "[No Variations]"
Add component (AddParameter): Name = "Manufacturer Part Number 1"; Value = "dsPIC33EP256GM604-I/PT"; VariantName = "[No Variations]"
Add component (AddParameter): Name = "Max Operating Temperature"; Value = "85°C"; VariantName = "[No Variations]"
Add component (AddParameter): Name = "Min Operating Temperature"; Value = "-40°C"; VariantName = "[No Variations]"
Add component (AddParameter): Name = "Number of ADC Channels"; Value = "18"; VariantName = "[No Variations]"
Add component (AddParameter): Name = "Number of Pins"; Value = "44"; VariantName = "[No Variations]"
Add component (AddParameter): Name = "Package Quantity"; Value = "160"; VariantName = "[No Variations]"
Add component (AddParameter): Name = "Packaging"; Value = "Tray"; VariantName = "[No Variations]"
Add component (AddParameter): Name = "Pricing 1"; Value = "160=6,16500 (USD)"; VariantName = "[No Variations]"
Add component (AddParameter): Name = "RAM Size"; Value = "32KB"; VariantName = "[No Variations]"
Add component (AddParameter): Name = "RoHS"; Value = "Yes"; VariantName = "[No Variations]"
Add component (AddParameter): Name = "RoHS Compliant"; Value = "Yes"; VariantName = "[No Variations]"
Add component (AddParameter): Name = "Supplier 1"; Value = "Digi-Key"; VariantName = "[No Variations]"
Add component (AddParameter): Name = "Supplier Part Number 1"; Value = "dsPIC33EP256GM604-I/PT-ND"; VariantName = "[No Variations]"
Add Pin To Net: Unknown Pin: Pin D404-A
Add Pin To Net: Unknown Pin: Pin D404-K
Add Pin To Net: Unknown Pin: Pin R_precharge-1
Added Pin To Net: NetName=Interlock_Monitoring Pin=U201-1
Added Pin To Net: NetName=AUX9 Pin=U201-2
Added Pin To Net: NetName=AUX10 Pin=U201-3
Added Pin To Net: NetName=AUX11 Pin=U201-4
Added Pin To Net: NetName=AUX12 Pin=U201-5
Added Pin To Net: NetName=GND Pin=U201-6
Added Pin To Net: NetName=NetC201_1 Pin=U201-7
Added Pin To Net: NetName=Fans_1_Control Pin=U201-8
Added Pin To Net: NetName=BMS_OK_PIC Pin=U201-9
Added Pin To Net: NetName=Fans_2_Control Pin=U201-10
Added Pin To Net: NetName=Fans_3_Control Pin=U201-11
Added Pin To Net: NetName=AIRPlus_Control Pin=U201-12
Added Pin To Net: NetName=AIRMinus_Control Pin=U201-13
Added Pin To Net: NetName=Precharge_Control Pin=U201-14
Added Pin To Net: NetName=AUX13 Pin=U201-15
Added Pin To Net: NetName=GND Pin=U201-16
Added Pin To Net: NetName=VCC Pin=U201-17
Added Pin To Net: NetName=MCLR Pin=U201-18
Added Pin To Net: NetName=Error_LED Pin=U201-19
Added Pin To Net: NetName=LED1 Pin=U201-20
Added Pin To Net: NetName=LED2 Pin=U201-21
Added Pin To Net: NetName=AMS_CAN_Control Pin=U201-22
Added Pin To Net: NetName=PGC Pin=U201-23
Added Pin To Net: NetName=PGD Pin=U201-24
Added Pin To Net: NetName=AMS_CAN_RXD Pin=U201-25
Added Pin To Net: NetName=AMS_CAN_TXD Pin=U201-26
Added Pin To Net: NetName=UART_RX Pin=U201-27
Added Pin To Net: NetName=VCC Pin=U201-28
Added Pin To Net: NetName=GND Pin=U201-29
Added Pin To Net: NetName=OSC2 Pin=U201-30
Added Pin To Net: NetName=OSC1 Pin=U201-31
Added Pin To Net: NetName=AUX1 Pin=U201-32
Added Pin To Net: NetName=UART_TX Pin=U201-33
Added Pin To Net: NetName=AUX2 Pin=U201-34
Added Pin To Net: NetName=AUX3 Pin=U201-35
Added Pin To Net: NetName=AUX4 Pin=U201-36
Added Pin To Net: NetName=CAN1_RXD Pin=U201-37
Added Pin To Net: NetName=AUX5 Pin=U201-38
Added Pin To Net: NetName=GND Pin=U201-39
Added Pin To Net: NetName=VCC Pin=U201-40
Added Pin To Net: NetName=CAN1_TXD Pin=U201-41
Added Pin To Net: NetName=AUX6 Pin=U201-42
Added Pin To Net: NetName=AUX7 Pin=U201-43
Added Pin To Net: NetName=AUX8 Pin=U201-44
Add Class Member: Failed to add class member : Component D404 BZG05C6V2-E3-TR
Add Class Member: Failed to add class member : Component R_precharge R470-TO220
Added Member To Class: ClassName=MCU Member=Component U201 dsPIC33EP256GM604-I/PT
