Change Component Designator: Old Designator=C1 New Designator=C4
Change Component Designator: Old Designator=C2 New Designator=C5
Change Component Designator: Old Designator=C3 New Designator=C6
Change Component Designator: Old Designator=C4 New Designator=C7
Change Component Designator: Old Designator=C5 New Designator=C8
Change Component Designator: Old Designator=C6 New Designator=C11
Change Component Designator: Old Designator=C7 New Designator=C12
Change Component Designator: Old Designator=C8 New Designator=C13
Change Component Designator: Old Designator=C9 New Designator=C14
Change Component Designator: Old Designator=C10 New Designator=C15
Change Component Designator: Old Designator=C11 New Designator=C16
Change Component Designator: Old Designator=C12 New Designator=C22
Change Component Designator: Old Designator=C13 New Designator=C23
Change Component Designator: Old Designator=C14 New Designator=C24
Change Component Designator: Old Designator=C15 New Designator=C25
Change Component Designator: Old Designator=C16 New Designator=C26
Change Component Designator: Old Designator=C17 New Designator=C27
Change Component Designator: Old Designator=C? New Designator=C1
Change Component Designator: Old Designator=C? New Designator=C2
Change Component Designator: Old Designator=C? New Designator=C3
Change Component Designator: Old Designator=C? New Designator=C9
Change Component Designator: Old Designator=C? New Designator=C10
Change Component Designator: Old Designator=C? New Designator=C17
Change Component Designator: Old Designator=C? New Designator=C18
Change Component Designator: Old Designator=C? New Designator=C19
Change Component Designator: Old Designator=C? New Designator=C20
Change Component Designator: Old Designator=C? New Designator=C21
Change Component Designator: Old Designator=J? New Designator=J1
Change Component Designator: Old Designator=J? New Designator=J2
Change Component Designator: Old Designator=R1 New Designator=R5
Change Component Designator: Old Designator=R2 New Designator=R6
Change Component Designator: Old Designator=R? New Designator=R1
Change Component Designator: Old Designator=R? New Designator=R2
Change Component Designator: Old Designator=R? New Designator=R3
Change Component Designator: Old Designator=R? New Designator=R4
Change Component Designator: Old Designator=U1 New Designator=U2
Change Component Designator: Old Designator=U? New Designator=U1
Change Component Designator: Old Designator=U? New Designator=U3
Change Component Designator: Old Designator=XTAL? New Designator=XTAL1
