Change Physical Footprint: Designator=C101 Old Footprint=C0805FNPC-R New Footprint=C0805FNPC-R
Change Physical Footprint: Designator=C102 Old Footprint=C0805FNPC-R New Footprint=C0805FNPC-R
Change Physical Footprint: Designator=C103 Old Footprint=C0805FNPC-R New Footprint=C0805FNPC-R
Change Physical Footprint: Designator=C104 Old Footprint=C0805FNPC-R New Footprint=C0805FNPC-R
Change Physical Footprint: Designator=C105 Old Footprint=C0805FNPC-R New Footprint=C0805FNPC-R
Change Physical Footprint: Designator=C106 Old Footprint=C0805FNPC-R New Footprint=C0805FNPC-R
Change Physical Footprint: Designator=C202 Old Footprint=C0805FNPC-R New Footprint=C0805FNPC-R
Change Physical Footprint: Designator=C203 Old Footprint=C0805FNPC-R New Footprint=C0805FNPC-R
Change Physical Footprint: Designator=C204 Old Footprint=C0805FNPC-R New Footprint=C0805FNPC-R
Change Physical Footprint: Designator=C205 Old Footprint=C0805FNPC-R New Footprint=C0805FNPC-R
Change Physical Footprint: Designator=C206 Old Footprint=C0805FNPC-R New Footprint=C0805FNPC-R
Change Physical Footprint: Designator=C207 Old Footprint=C0805FNPC-R New Footprint=C0805FNPC-R
Change Physical Footprint: Designator=C208 Old Footprint=C0805FNPC-R New Footprint=C0805FNPC-R
Change Physical Footprint: Designator=C209 Old Footprint=C0805FNPC-R New Footprint=C0805FNPC-R
Change Physical Footprint: Designator=C210 Old Footprint=C0805FNPC-R New Footprint=C0805FNPC-R
Change Physical Footprint: Designator=C211 Old Footprint=C0805FNPC-R New Footprint=C0805FNPC-R
Change Physical Footprint: Designator=C212 Old Footprint=C0805FNPC-R New Footprint=C0805FNPC-R
Change Physical Footprint: Designator=C213 Old Footprint=C0805FNPC-R New Footprint=C0805FNPC-R
Change Physical Footprint: Designator=C301 Old Footprint=C0805FNPC-R New Footprint=C0805FNPC-R
Change Physical Footprint: Designator=C302 Old Footprint=C0805FNPC-R New Footprint=C0805FNPC-R
Change Physical Footprint: Designator=C303 Old Footprint=C0805FNPC-R New Footprint=C0805FNPC-R
Change Physical Footprint: Designator=C304 Old Footprint=C0805FNPC-R New Footprint=C0805FNPC-R
Change Physical Footprint: Designator=C305 Old Footprint=C0805FNPC-R New Footprint=C0805FNPC-R
Change Physical Footprint: Designator=C306 Old Footprint=C0805FNPC-R New Footprint=C0805FNPC-R
Change Physical Footprint: Designator=C307 Old Footprint=C0805FNPC-R New Footprint=C0805FNPC-R
Change Physical Footprint: Designator=C309 Old Footprint=C0805FNPC-R New Footprint=C0805FNPC-R
Change Physical Footprint: Designator=C314 Old Footprint=C0805FNPC-R New Footprint=C0805FNPC-R
Change Physical Footprint: Designator=C315 Old Footprint=C0805FNPC-R New Footprint=C0805FNPC-R
Change Physical Footprint: Designator=C316 Old Footprint=C0805FNPC-R New Footprint=C0805FNPC-R
Change Physical Footprint: Designator=C317 Old Footprint=C0805FNPC-R New Footprint=C0805FNPC-R
Change Physical Footprint: Designator=C318 Old Footprint=C0805FNPC-R New Footprint=C0805FNPC-R
Change Physical Footprint: Designator=C319 Old Footprint=C0805FNPC-R New Footprint=C0805FNPC-R
Change Physical Footprint: Designator=C320 Old Footprint=C0805FNPC-R New Footprint=C0805FNPC-R
Change Physical Footprint: Designator=C321 Old Footprint=C0805FNPC-R New Footprint=C0805FNPC-R
Change Physical Footprint: Designator=C322 Old Footprint=C0805FNPC-R New Footprint=C0805FNPC-R
Change Physical Footprint: Designator=C323 Old Footprint=C0805FNPC-R New Footprint=C0805FNPC-R
Change Physical Footprint: Designator=C324 Old Footprint=C0805FNPC-R New Footprint=C0805FNPC-R
Change Physical Footprint: Designator=C325 Old Footprint=C0805FNPC-R New Footprint=C0805FNPC-R
Change Physical Footprint: Designator=C326 Old Footprint=C0805FNPC-R New Footprint=C0805FNPC-R
Change Physical Footprint: Designator=C601 Old Footprint=C0805FNPC-R New Footprint=C0805FNPC-R
Change Physical Footprint: Designator=C602 Old Footprint=C0805FNPC-R New Footprint=C0805FNPC-R
Change Physical Footprint: Designator=C603 Old Footprint=C0805FNPC-R New Footprint=C0805FNPC-R
Change Physical Footprint: Designator=C604 Old Footprint=C0805FNPC-R New Footprint=C0805FNPC-R
Change Physical Footprint: Designator=C605 Old Footprint=C0805FNPC-R New Footprint=C0805FNPC-R
Change Physical Footprint: Designator=C606 Old Footprint=C0805FNPC-R New Footprint=C0805FNPC-R
Change Physical Footprint: Designator=C607 Old Footprint=C0805FNPC-R New Footprint=C0805FNPC-R
Change Physical Footprint: Designator=D106 Old Footprint=DSC-SOD123 New Footprint=DSC-SOD123
Change Physical Footprint: Designator=D108 Old Footprint=DSC-SOD123 New Footprint=DSC-SOD123
Change Physical Footprint: Designator=D110 Old Footprint=DSC-SOD123 New Footprint=DSC-SOD123
Change Physical Footprint: Designator=DCDC701 Old Footprint=DCDC_1000-5_ISO New Footprint=DCDC_1000-5_ISO
Change Physical Footprint: Designator=F103 Old Footprint=Fuse_1206 New Footprint=Fuse_1206
Change Physical Footprint: Designator=F601 Old Footprint=Fuse_485001 New Footprint=Fuse_485001
Change Physical Footprint: Designator=F602 Old Footprint=Fuse_485001 New Footprint=Fuse_485001
Change Physical Footprint: Designator=J3 Old Footprint=J_MicroFit_2x2_v New Footprint=J_MicroFit_2x2_v
Change Physical Footprint: Designator=J4 Old Footprint=J_NanoFit_1x4_V New Footprint=J_NanoFit_1x4_V
Change Physical Footprint: Designator=J5 Old Footprint=J_DB9 New Footprint=J_DB9
Change Physical Footprint: Designator=J8 Old Footprint=J_MicroFit_2x4 New Footprint=J_MicroFit_2x4
Change Physical Footprint: Designator=J9 Old Footprint=J_NanoFit_2X4 New Footprint=J_NanoFit_2X4
Change Physical Footprint: Designator=J10 Old Footprint=J_MicroFit_2x2_v New Footprint=J_MicroFit_2x2_v
Change Physical Footprint: Designator=J105 Old Footprint=J_Pinheader_1x2 New Footprint=J_Pinheader_1x2
Change Physical Footprint: Designator=NTC601 Old Footprint=NTC_NXRT15XV103FA1B040 New Footprint=NTC_NXRT15XV103FA1B040
Change Physical Footprint: Designator=Q404 Old Footprint=TRT-NCH-3/35-CPH New Footprint=TRT-NCH-3/35-CPH
Change Physical Footprint: Designator=R417 Old Footprint=R0805FTK New Footprint=R0805FTK
Change Physical Footprint: Designator=R602 Old Footprint=R1206FTK-W New Footprint=R1206FTK-W
Change Physical Footprint: Designator=R603 Old Footprint=R1206FTK-W New Footprint=R1206FTK-W
Change Physical Footprint: Designator=R608 Old Footprint=R1206FTK-W New Footprint=R1206FTK-W
Change Physical Footprint: Designator=R_precharge Old Footprint=RTO247 New Footprint=RTO247
Change Physical Footprint: Designator=TP306 Old Footprint=TestPoint New Footprint=TestPoint
Change Physical Footprint: Designator=U101 Old Footprint=LDO_10V-0.8/3V3-SOT223 New Footprint=LDO_10V-0.8/3V3-SOT223
Change Physical Footprint: Designator=U201 Old Footprint=U_dsPIC33EP256GM604-I/PT New Footprint=U_dsPIC33EP256GM604-I/PT
Change Physical Footprint: Designator=U301 Old Footprint=TRANSCEIVER_CAN_SOIC16 New Footprint=TRANSCEIVER_CAN_SOIC16
Change Physical Footprint: Designator=U302 Old Footprint=TRANSCEIVER_CAN_SOIC16 New Footprint=TRANSCEIVER_CAN_SOIC16
Change Physical Footprint: Designator=U601 Old Footprint=Array_4_Amp_LM339D New Footprint=Array_4_Amp_LM339D
