Removed Pin From Net: NetName=VCC Pin=J202-1
Removed Pin From Net: NetName=GND Pin=J202-2
Removed Pin From Net: NetName=GND Pin=R204-1
Removed Pin From Net: NetName=AUX1 Pin=R204-2
Removed Pin From Net: NetName=GND Pin=R205-1
Removed Pin From Net: NetName=AUX2 Pin=R205-2
Removed Pin From Net: NetName=GND Pin=R206-1
Removed Pin From Net: NetName=AUX3 Pin=R206-2
Removed Pin From Net: NetName=GND Pin=R207-1
Removed Pin From Net: NetName=AUX4 Pin=R207-2
Removed Pin From Net: NetName=GND Pin=R208-1
Removed Pin From Net: NetName=AUX5 Pin=R208-2
Removed Pin From Net: NetName=GND Pin=R209-1
Removed Pin From Net: NetName=AUX6 Pin=R209-2
Removed Pin From Net: NetName=GND Pin=R210-1
Removed Pin From Net: NetName=AUX7 Pin=R210-2
Removed Pin From Net: NetName=GND Pin=R211-1
Removed Pin From Net: NetName=AUX8 Pin=R211-2
Removed Pin From Net: NetName=GND Pin=R212-1
Removed Pin From Net: NetName=AUX9 Pin=R212-2
Removed Pin From Net: NetName=GND Pin=R213-1
Removed Pin From Net: NetName=AUX10 Pin=R213-2
Removed Pin From Net: NetName=GND Pin=R219-1
Removed Pin From Net: NetName=AUX11 Pin=R219-2
Removed Member From Class: ClassName=MCU Member=J202
Removed Member From Class: ClassName=MCU Member=R204
Removed Member From Class: ClassName=MCU Member=R205
Removed Member From Class: ClassName=MCU Member=R206
Removed Member From Class: ClassName=MCU Member=R207
Removed Member From Class: ClassName=MCU Member=R208
Removed Member From Class: ClassName=MCU Member=R209
Removed Member From Class: ClassName=MCU Member=R210
Removed Member From Class: ClassName=MCU Member=R211
Removed Member From Class: ClassName=MCU Member=R212
Removed Member From Class: ClassName=MCU Member=R213
Removed Member From Class: ClassName=MCU Member=R219
Added Pin To Net: NetName=NetTP223_1 Pin=TP223-1
Added Pin To Net: NetName=NetTP223_1 Pin=U201-27
Added Net: Name=NetTP223_1
Added Pin To Net: NetName=NetTP226_1 Pin=TP226-1
Added Pin To Net: NetName=NetTP226_1 Pin=U201-33
Added Net: Name=NetTP226_1
