Removed Pin From Net: NetName=Voltage indicator - Pin=J11-1
Removed Pin From Net: NetName=Voltage indicator + Pin=J11-2
Removed Member From Class: ClassName=Precharge Member=C6099
Removed Member From Class: ClassName=AMS_Master Member=J11
Add Component: Footprint Not Found DCDC_42-5_V
Add Component: Footprint Not Found DCDC_42-5_V
Added Component: Designator=J_VI(J_MicroFit_2x1)
Add component (AddParameter): Name = "Category"; Value = "Headers and Wire Housings"; VariantName = "[No Variations]"
Add component (AddParameter): Name = "ComponentLink1Description"; Value = "https://datasheet.ciiva.com/19462/884109-19462034.pdf?src-supplier=Jameco"; VariantName = "[No Variations]"
Add component (AddParameter): Name = "ComponentLink1URL"; Value = "https://datasheet.ciiva.com/19462/884109-19462034.pdf?src-supplier=Jameco"; VariantName = "[No Variations]"
Add component (AddParameter): Name = "ComponentLink2Description"; Value = "https://datasheet.ciiva.com/5157/0436500215-pcb-headers-148687-5157608.pdf?src-supplier=Mouser"; VariantName = "[No Variations]"
Add component (AddParameter): Name = "ComponentLink2URL"; Value = "https://datasheet.ciiva.com/5157/0436500215-pcb-headers-148687-5157608.pdf?src-supplier=Mouser"; VariantName = "[No Variations]"
Add component (AddParameter): Name = "ComponentLink3Description"; Value = "https://datasheet.ciiva.com/16085/0436500215-pcb-headers-16085668.pdf?src-supplier=Onlinecomponents.com"; VariantName = "[No Variations]"
Add component (AddParameter): Name = "ComponentLink3URL"; Value = "https://datasheet.ciiva.com/16085/0436500215-pcb-headers-16085668.pdf?src-supplier=Onlinecomponents.com"; VariantName = "[No Variations]"
Add component (AddParameter): Name = "ComponentLink4Description"; Value = "https://datasheet.ciiva.com/11748/0900766b80307ce2-11748388.pdf?src-supplier=RSComponents"; VariantName = "[No Variations]"
Add component (AddParameter): Name = "ComponentLink4URL"; Value = "https://datasheet.ciiva.com/11748/0900766b80307ce2-11748388.pdf?src-supplier=RSComponents"; VariantName = "[No Variations]"
Add component (AddParameter): Name = "ComponentLink5Description"; Value = "https://datasheet.ciiva.com/9432/0436500215-pcb-headers-9432850.pdf?src-supplier=Avnet"; VariantName = "[No Variations]"
Add component (AddParameter): Name = "ComponentLink5URL"; Value = "https://datasheet.ciiva.com/9432/0436500215-pcb-headers-9432850.pdf?src-supplier=Avnet"; VariantName = "[No Variations]"
Add component (AddParameter): Name = "ComponentLink6Description"; Value = "https://datasheet.ciiva.com/7920/1889390-7920892.pdf?src-supplier=Element14"; VariantName = "[No Variations]"
Add component (AddParameter): Name = "ComponentLink6URL"; Value = "https://datasheet.ciiva.com/7920/1889390-7920892.pdf?src-supplier=Element14"; VariantName = "[No Variations]"
Add component (AddParameter): Name = "Manufacturer 1"; Value = "Molex"; VariantName = "[No Variations]"
Add component (AddParameter): Name = "Manufacturer Part Number 1"; Value = "43650-0215"; VariantName = "[No Variations]"
Add component (AddParameter): Name = "Pricing 1"; Value = "1=0,87800, 10=0,74400, 80=0,63070, 3264=0,47000, 6528=0,45100, 13056=0,41760 (USD)"; VariantName = "[No Variations]"
Add component (AddParameter): Name = "RoHS"; Value = "Yes"; VariantName = "[No Variations]"
Add component (AddParameter): Name = "Stock 1"; Value = "11086"; VariantName = "[No Variations]"
Add component (AddParameter): Name = "Supplier 1"; Value = "Arrow Electronics"; VariantName = "[No Variations]"
Add component (AddParameter): Name = "Supplier Part Number 1"; Value = "43650-0215"; VariantName = "[No Variations]"
Add Pin To Net: Unknown Pin: Pin DCDC101-1
Add Pin To Net: Unknown Pin: Pin DCDC101-2
Add Pin To Net: Unknown Pin: Pin DCDC101-3
Add Pin To Net: Unknown Pin: Pin DCDC102-1
Add Pin To Net: Unknown Pin: Pin DCDC102-2
Add Pin To Net: Unknown Pin: Pin DCDC102-3
Added Pin To Net: NetName=Voltage indicator - Pin=J_VI-1
Added Pin To Net: NetName=Voltage indicator + Pin=J_VI-2
Add Net: Net with name "AIR+_AUX_1" already exists
Add Net: Net with name "AIR+_State" already exists
Add Class: Class already exists: Designator
Added Member To Class: ClassName=Precharge Member=Component C601 885012207098
Added Member To Class: ClassName=Supply Member=Component D103 150080VS75000
Added Member To Class: ClassName=Supply Member=Component D104 824551301
Add Class Member: Failed to add class member : Component DCDC101 173010542
Add Class Member: Failed to add class member : Component DCDC102 173951236
Added Member To Class: ClassName=Supply Member=Component J101 61300211121
Added Member To Class: ClassName=Supply Member=Component J102 61300211121
Added Member To Class: ClassName=AMS_Master Member=Component J_VI 436500215
Added Member To Class: ClassName=Relays_Shutdown_TSAL Member=Component Q401 CPH3455-TL-H
Added Member To Class: ClassName=Relays_Shutdown_TSAL Member=Component Q404 CPH3455-TL-H
Added Member To Class: ClassName=Supply Member=Component R103 CR0805-FX-4700GLF
Added Member To Class: ClassName=Relays_Shutdown_TSAL Member=Component R402 CR0805-JW-103ELF
Added Member To Class: ClassName=Relays_Shutdown_TSAL Member=Component R404 CR0805-JW-103ELF
Added Member To Class: ClassName=Relays_Shutdown_TSAL Member=Component R407 CR0805-FX-1000ELF
Added Member To Class: ClassName=Relays_Shutdown_TSAL Member=Component R411 CR0805-JW-103ELF
Added Member To Class: ClassName=Precharge Member=Component R601 CR0805-JW-103ELF
Added Member To Class: ClassName=Supply Member=Component TP103 TestPoint
Added Member To Class: ClassName=Supply Member=Component TP104 TestPoint
Added Member To Class: ClassName=Supply Member=Component TP105 TestPoint
Added Member To Class: ClassName=Supply Member=Component TP106 TestPoint
Added Member To Class: ClassName=Relays_Shutdown_TSAL Member=Component TP401 TestPoint
Added Member To Class: ClassName=Relays_Shutdown_TSAL Member=Component TP405 TestPoint
Added Member To Class: ClassName=Relays_Shutdown_TSAL Member=Component TP406 TestPoint
Added Member To Class: ClassName=Relays_Shutdown_TSAL Member=Component TP407 TestPoint
Change Room Name: Old Name=Designator_1 New Name=Designator
