Removed Pin From Net: NetName=AMS_CAN_L Pin=R302-1
Removed Pin From Net: NetName=GND Pin=TP101-1
Removed Pin From Net: NetName=LV+ in Pin=TP102-1
Removed Pin From Net: NetName=NetD105_K Pin=TP103-1
Removed Pin From Net: NetName=NetC101_2 Pin=TP104-1
Removed Pin From Net: NetName=NetC102_2 Pin=TP105-1
Removed Pin From Net: NetName=+5 Pin=TP106-1
Removed Pin From Net: NetName=+12 Pin=TP107-1
Removed Pin From Net: NetName=VCC Pin=TP116-1
Removed Pin From Net: NetName=AUX9 Pin=TP201-1
Removed Pin From Net: NetName=AUX10 Pin=TP202-1
Removed Pin From Net: NetName=SC_Monitoring Pin=TP203-1
Removed Pin From Net: NetName=IMD_Monitoring Pin=TP204-1
Removed Pin From Net: NetName=AUX11 Pin=TP206-1
Removed Pin From Net: NetName=AIRPlus_Control Pin=TP210-1
Removed Pin From Net: NetName=AIRMinus_Control Pin=TP211-1
Removed Pin From Net: NetName=Precharge_Control Pin=TP212-1
Removed Pin From Net: NetName=Precharge_Temp_Sense Pin=TP213-1
Removed Pin From Net: NetName=MCLR Pin=TP214-1
Removed Pin From Net: NetName=Error_LED Pin=TP215-1
Removed Pin From Net: NetName=LED2 Pin=TP216-1
Removed Pin From Net: NetName=LED1 Pin=TP217-1
Removed Pin From Net: NetName=BMS_ERROR Pin=TP218-1
Removed Pin From Net: NetName=PGC Pin=TP219-1
Removed Pin From Net: NetName=PGD Pin=TP220-1
Removed Pin From Net: NetName=AMS_CAN_TXD Pin=TP221-1
Removed Pin From Net: NetName=AMS_CAN_RXD Pin=TP222-1
Removed Pin From Net: NetName=AUX1 Pin=TP225-1
Removed Pin From Net: NetName=AUX2 Pin=TP227-1
Removed Pin From Net: NetName=AUX3 Pin=TP228-1
Removed Pin From Net: NetName=AUX4 Pin=TP229-1
Removed Pin From Net: NetName=CAN1_TXD Pin=TP230-1
Removed Pin From Net: NetName=AUX5 Pin=TP231-1
Removed Pin From Net: NetName=CAN1_RXD Pin=TP232-1
Removed Pin From Net: NetName=AUX6 Pin=TP233-1
Removed Pin From Net: NetName=AUX7 Pin=TP234-1
Removed Pin From Net: NetName=AUX8 Pin=TP235-1
Removed Pin From Net: NetName=NetC213_2 Pin=TP236-1
Removed Pin From Net: NetName=VCC Pin=TP237-1
Removed Pin From Net: NetName=GND Pin=TP238-1
Removed Pin From Net: NetName=GND Pin=TP239-1
Removed Pin From Net: NetName=NetC201_1 Pin=TP240-1
Removed Pin From Net: NetName=AMS_CAN_H Pin=TP301-1
Removed Pin From Net: NetName=AMS_CAN_L Pin=TP302-1
Removed Pin From Net: NetName=AMS_CAN_H Pin=TP303-1
Removed Pin From Net: NetName=AMS_CAN_L Pin=TP304-1
Removed Pin From Net: NetName=GND Pin=TP305-1
Removed Pin From Net: NetName=CAN1_H Pin=TP306-1
Removed Pin From Net: NetName=CAN1_L Pin=TP307-1
Removed Pin From Net: NetName=NetC316_2 Pin=TP308-1
Removed Pin From Net: NetName=CAN1_H Pin=TP309-1
Removed Pin From Net: NetName=CAN1_L Pin=TP310-1
Removed Pin From Net: NetName=GND Pin=TP311-1
Removed Pin From Net: NetName=BMS_OK_unlatched Pin=TP401-1
Removed Pin From Net: NetName=NetR403_2 Pin=TP402-1
Removed Pin From Net: NetName=BMS_OK Pin=TP403-1
Removed Pin From Net: NetName=NetC401_2 Pin=TP404-1
Removed Pin From Net: NetName=IMD_OK_unlatched Pin=TP405-1
Removed Pin From Net: NetName=NetR405_1 Pin=TP406-1
Removed Pin From Net: NetName=IMD_OK Pin=TP407-1
Removed Pin From Net: NetName=NetC402_2 Pin=TP408-1
Removed Pin From Net: NetName=SC_IN Pin=TP409-1
Removed Pin From Net: NetName=NetD401_A Pin=TP410-1
Removed Pin From Net: NetName=NetTP411_1 Pin=TP411-1
Removed Pin From Net: NetName=NetQ402_G Pin=TP412-1
Removed Pin From Net: NetName=GND Pin=TP413-1
Removed Pin From Net: NetName=SC_OUT Pin=TP414-1
Removed Pin From Net: NetName=NetD402_A Pin=TP415-1
Removed Pin From Net: NetName=NetQ403_G Pin=TP416-1
Removed Pin From Net: NetName=GND Pin=TP417-1
Removed Pin From Net: NetName=NetR415_1 Pin=TP418-1
Removed Pin From Net: NetName=AIR+_Coil_1 Pin=TP501-1
Removed Pin From Net: NetName=AIR-_Coil_1 Pin=TP502-1
Removed Pin From Net: NetName=Precharge_Coil_1 Pin=TP503-1
Removed Pin From Net: NetName=SC_End Pin=TP504-1
Removed Pin From Net: NetName=NetR701_3 Pin=TP701-1
Removed Pin From Net: NetName=+5 TS Pin=TP702-1
Removed Pin From Net: NetName=NetR702_1 Pin=TP703-1
Removed Pin From Net: NetName=TS- Pin=TP704-1
Removed Pin From Net: NetName=TS+ Pin=TP705-1
Removed Pin From Net: NetName=NetQ701_G Pin=TP706-1
Removed Pin From Net: NetName=NetQ701_D Pin=TP707-1
Removed Pin From Net: NetName=HV_detection Pin=TP708-1
Removed Pin From Net: NetName=HV_Accumulator_State Pin=TP801-1
Removed Pin From Net: NetName=AIR-_State Pin=TP802-1
Removed Pin From Net: NetName=AIR+_State Pin=TP803-1
Removed Pin From Net: NetName=Precharge_state Pin=TP804-1
Removed Pin From Net: NetName=AUX11 Pin=U201-8
Removed Pin From Net: NetName=AUX1 Pin=U201-32
Removed Member From Class: ClassName=Supply Member=TP101
Removed Member From Class: ClassName=Supply Member=TP102
Removed Member From Class: ClassName=Supply Member=TP103
Removed Member From Class: ClassName=Supply Member=TP104
Removed Member From Class: ClassName=Supply Member=TP105
Removed Member From Class: ClassName=Supply Member=TP106
Removed Member From Class: ClassName=Supply Member=TP107
Removed Member From Class: ClassName=Supply Member=TP116
Removed Member From Class: ClassName=MCU Member=TP201
Removed Member From Class: ClassName=MCU Member=TP202
Removed Member From Class: ClassName=MCU Member=TP203
Removed Member From Class: ClassName=MCU Member=TP204
Removed Member From Class: ClassName=MCU Member=TP205
Removed Member From Class: ClassName=MCU Member=TP206
Removed Member From Class: ClassName=MCU Member=TP207
Removed Member From Class: ClassName=MCU Member=TP208
Removed Member From Class: ClassName=MCU Member=TP209
Removed Member From Class: ClassName=MCU Member=TP210
Removed Member From Class: ClassName=MCU Member=TP211
Removed Member From Class: ClassName=MCU Member=TP212
Removed Member From Class: ClassName=MCU Member=TP213
Removed Member From Class: ClassName=MCU Member=TP214
Removed Member From Class: ClassName=MCU Member=TP215
Removed Member From Class: ClassName=MCU Member=TP216
Removed Member From Class: ClassName=MCU Member=TP217
Removed Member From Class: ClassName=MCU Member=TP218
Removed Member From Class: ClassName=MCU Member=TP219
Removed Member From Class: ClassName=MCU Member=TP220
Removed Member From Class: ClassName=MCU Member=TP221
Removed Member From Class: ClassName=MCU Member=TP222
Removed Member From Class: ClassName=MCU Member=TP223
Removed Member From Class: ClassName=MCU Member=TP225
Removed Member From Class: ClassName=MCU Member=TP226
Removed Member From Class: ClassName=MCU Member=TP227
Removed Member From Class: ClassName=MCU Member=TP228
Removed Member From Class: ClassName=MCU Member=TP229
Removed Member From Class: ClassName=MCU Member=TP230
Removed Member From Class: ClassName=MCU Member=TP231
Removed Member From Class: ClassName=MCU Member=TP232
Removed Member From Class: ClassName=MCU Member=TP233
Removed Member From Class: ClassName=MCU Member=TP234
Removed Member From Class: ClassName=MCU Member=TP235
Removed Member From Class: ClassName=MCU Member=TP236
Removed Member From Class: ClassName=MCU Member=TP237
Removed Member From Class: ClassName=MCU Member=TP238
Removed Member From Class: ClassName=MCU Member=TP239
Removed Member From Class: ClassName=MCU Member=TP240
Removed Member From Class: ClassName=CAN Member=TP301
Removed Member From Class: ClassName=CAN Member=TP302
Removed Member From Class: ClassName=CAN Member=TP303
Removed Member From Class: ClassName=CAN Member=TP304
Removed Member From Class: ClassName=CAN Member=TP305
Removed Member From Class: ClassName=CAN Member=TP306
Removed Member From Class: ClassName=CAN Member=TP307
Removed Member From Class: ClassName=CAN Member=TP308
Removed Member From Class: ClassName=CAN Member=TP309
Removed Member From Class: ClassName=CAN Member=TP310
Removed Member From Class: ClassName=CAN Member=TP311
Removed Member From Class: ClassName=Shutdown Member=TP401
Removed Member From Class: ClassName=Shutdown Member=TP402
Removed Member From Class: ClassName=Shutdown Member=TP403
Removed Member From Class: ClassName=Shutdown Member=TP404
Removed Member From Class: ClassName=Shutdown Member=TP405
Removed Member From Class: ClassName=Shutdown Member=TP406
Removed Member From Class: ClassName=Shutdown Member=TP407
Removed Member From Class: ClassName=Shutdown Member=TP408
Removed Member From Class: ClassName=Shutdown Member=TP409
Removed Member From Class: ClassName=Shutdown Member=TP410
Removed Member From Class: ClassName=Shutdown Member=TP411
Removed Member From Class: ClassName=Shutdown Member=TP412
Removed Member From Class: ClassName=Shutdown Member=TP413
Removed Member From Class: ClassName=Shutdown Member=TP414
Removed Member From Class: ClassName=Shutdown Member=TP415
Removed Member From Class: ClassName=Shutdown Member=TP416
Removed Member From Class: ClassName=Shutdown Member=TP417
Removed Member From Class: ClassName=Shutdown Member=TP418
Removed Member From Class: ClassName=Relays_Control Member=TP501
Removed Member From Class: ClassName=Relays_Control Member=TP502
Removed Member From Class: ClassName=Relays_Control Member=TP503
Removed Member From Class: ClassName=Relays_Control Member=TP504
Removed Member From Class: ClassName=High_Voltage Member=TP701
Removed Member From Class: ClassName=High_Voltage Member=TP702
Removed Member From Class: ClassName=High_Voltage Member=TP703
Removed Member From Class: ClassName=High_Voltage Member=TP704
Removed Member From Class: ClassName=High_Voltage Member=TP705
Removed Member From Class: ClassName=High_Voltage Member=TP706
Removed Member From Class: ClassName=High_Voltage Member=TP707
Removed Member From Class: ClassName=High_Voltage Member=TP708
Removed Member From Class: ClassName=TSAL Member=TP801
Removed Member From Class: ClassName=TSAL Member=TP802
Removed Member From Class: ClassName=TSAL Member=TP803
Removed Member From Class: ClassName=TSAL Member=TP804
Added Pin To Net: NetName=AUX11 Pin=U201-5
Added Pin To Net: NetName=AUX1 Pin=U201-33
Change Net Name : Old Net Name=NetTP411_1 New Net Name=NetX401_10
Change Net Color : Old Net Color=RGB(125, 0, 137) New Net Color=Default
Added Pin To Net: NetName=AUX12 Pin=U201-8
Added Net: Name=AUX12
Added Pin To Net: NetName=AUX13 Pin=U201-9
Added Net: Name=AUX13
Added Pin To Net: NetName=AUX14 Pin=U201-10
Added Net: Name=AUX14
Added Pin To Net: NetName=AUX15 Pin=U201-11
Added Net: Name=AUX15
Added Pin To Net: NetName=AUX16 Pin=U201-27
Added Net: Name=AUX16
Added Pin To Net: NetName=AUX17 Pin=U201-32
Added Net: Name=AUX17
