Change Component Designator: OldDesignator=C602 NewDesignator=C702
Change Component Designator: OldDesignator=C603 NewDesignator=C703
Change Component Designator: OldDesignator=C604 NewDesignator=C704
Change Component Designator: OldDesignator=C605 NewDesignator=C705
Change Component Designator: OldDesignator=C606 NewDesignator=C706
Change Component Designator: OldDesignator=C6099 NewDesignator=C701
Change Component Designator: OldDesignator=Q601 NewDesignator=Q701
Change Component Designator: OldDesignator=Q602 NewDesignator=Q702
Change Component Designator: OldDesignator=Q603 NewDesignator=Q703
Change Component Designator: OldDesignator=Q604 NewDesignator=Q704
Change Component Designator: OldDesignator=R602 NewDesignator=R702
Change Component Designator: OldDesignator=R603 NewDesignator=R703
Change Component Designator: OldDesignator=R604 NewDesignator=R704
Change Component Designator: OldDesignator=R605 NewDesignator=R705
Change Component Designator: OldDesignator=R606 NewDesignator=R706
Change Component Designator: OldDesignator=R608 NewDesignator=R708
Change Component Designator: OldDesignator=R609 NewDesignator=R709
Change Component Designator: OldDesignator=R610 NewDesignator=R710
Change Component Designator: OldDesignator=R611 NewDesignator=R711
Change Component Designator: OldDesignator=R612 NewDesignator=R712
Change Component Designator: OldDesignator=TP604 NewDesignator=TP704
Change Component Designator: OldDesignator=TP605 NewDesignator=TP705
Change Component Designator: OldDesignator=TP606 NewDesignator=TP706
Change Component Designator: OldDesignator=TP608 NewDesignator=TP708
Change Component Designator: OldDesignator=TP609 NewDesignator=TP709
Change Component Designator: OldDesignator=TP610 NewDesignator=TP710
Change Component Designator: OldDesignator=TP611 NewDesignator=TP711
Change Component Designator: OldDesignator=TP612 NewDesignator=TP712
Change Component Designator: OldDesignator=TP615 NewDesignator=TP715
Change Component Designator: OldDesignator=TP616 NewDesignator=TP716
Change Component Designator: OldDesignator=TP617 NewDesignator=TP717
Change Component Designator: OldDesignator=TP618 NewDesignator=TP718
Change Component Designator: OldDesignator=TP619 NewDesignator=TP719
Change Component Designator: OldDesignator=TP620 NewDesignator=TP720
Change Component Designator: OldDesignator=TP621 NewDesignator=TP721
Change Component Designator: OldDesignator=U601 NewDesignator=U701
Change Component Designator: OldDesignator=U602 NewDesignator=U702
Change Component Designator: OldDesignator=U603 NewDesignator=U703
Change Net Name : Old Net Name=NetQ601_D New Net Name=NetQ701_D
Change Net Name : Old Net Name=NetQ601_G New Net Name=NetQ701_G
Change Net Name : Old Net Name=NetQ602_G New Net Name=NetQ702_G
Change Net Name : Old Net Name=NetQ603_D New Net Name=NetQ703_D
Change Net Name : Old Net Name=NetQ603_G New Net Name=NetQ703_G
Change Net Name : Old Net Name=NetQ604_G New Net Name=NetQ704_G
Change Net Name : Old Net Name=NetR602_1 New Net Name=NetR702_1
Change Net Name : Old Net Name=NetR608_1 New Net Name=NetR708_1
