Removed Pin From Net: NetName=+12_CAR Pin=R13-2
Change Component Comment : Designator=D7 Old Comment=400W, 5V New Comment=5V
Change Component Comment : Designator=D12 Old Comment=Balancing New Comment=Blue
Change Component Designator: OldDesignator=D12 NewDesignator=D13
Change Component Designator: OldDesignator=D13 NewDesignator=D14
Change Component Description : Designator=Q1 Old Description=Power MOSFET 35V, 104m?, 3A, Single N-Channel New Description=Power MOSFET 35V, 104m?, 3A, Single N-Channel
Change Component Description : Designator=Q2 Old Description=Power MOSFET 35V, 104m?, 3A, Single N-Channel New Description=Power MOSFET 35V, 104m?, 3A, Single N-Channel
Change Component Description : Designator=Q3 Old Description=Power MOSFET 35V, 104m?, 3A, Single N-Channel New Description=Power MOSFET 35V, 104m?, 3A, Single N-Channel
Change Component Description : Designator=Q4 Old Description=Power MOSFET 35V, 104m?, 3A, Single N-Channel New Description=Power MOSFET 35V, 104m?, 3A, Single N-Channel
Change Component Description : Designator=Q5 Old Description=Power MOSFET 35V, 104m?, 3A, Single N-Channel New Description=Power MOSFET 35V, 104m?, 3A, Single N-Channel
Change Component Description : Designator=Q6 Old Description=Power MOSFET 35V, 104m?, 3A, Single N-Channel New Description=Power MOSFET 35V, 104m?, 3A, Single N-Channel
Change Component Description : Designator=Q7 Old Description=Power MOSFET 35V, 104m?, 3A, Single N-Channel New Description=Power MOSFET 35V, 104m?, 3A, Single N-Channel
Added Component: Designator=D12(WL-SMCW_0805)
Add component. Clean all parameters for all variants
Add component (AddParameter): Name = "Chip Technology"; Value = "InGaN"; VariantName = "[No Variations]"
Add component (AddParameter): Name = "ComponentLink1Description"; Value = "Manufacturer"; VariantName = "[No Variations]"
Add component (AddParameter): Name = "ComponentLink1URL"; Value = "http://www.we-online.de"; VariantName = "[No Variations]"
Add component (AddParameter): Name = "ComponentLink2Description"; Value = "Datasheet"; VariantName = "[No Variations]"
Add component (AddParameter): Name = "ComponentLink2URL"; Value = "https://katalog.we-online.de/led/datasheet/150080BS75000.pdf"; VariantName = "[No Variations]"
Add component (AddParameter): Name = "Dominant Wavelength"; Value = "470 nm"; VariantName = "[No Variations]"
Add component (AddParameter): Name = "Emitting Color"; Value = "Blue"; VariantName = "[No Variations]"
Add component (AddParameter): Name = "Forward Voltage"; Value = "3.2 V"; VariantName = "[No Variations]"
Add component (AddParameter): Name = "Luminous Intensity"; Value = "145 mcd"; VariantName = "[No Variations]"
Add component (AddParameter): Name = "Mounting Technology"; Value = "SMT"; VariantName = "[No Variations]"
Add component (AddParameter): Name = "Operating Temperature"; Value = "-40 to 85 degC"; VariantName = "[No Variations]"
Add component (AddParameter): Name = "Packaging"; Value = "Tape and Reel"; VariantName = "[No Variations]"
Add component (AddParameter): Name = "Part Number"; Value = "150080BS75000"; VariantName = "[No Variations]"
Add component (AddParameter): Name = "Peak Wavelength"; Value = "465 nm"; VariantName = "[No Variations]"
Add component (AddParameter): Name = "Published Date"; Value = "November 2018"; VariantName = "[No Variations]"
Add component (AddParameter): Name = "Publisher"; Value = "Wurth Elektronik"; VariantName = "[No Variations]"
Add component (AddParameter): Name = "Size"; Value = "0805"; VariantName = "[No Variations]"
Add component (AddParameter): Name = "Viewing Angle"; Value = "140 deg"; VariantName = "[No Variations]"
Added Pin To Net: NetName=+12_CAR Pin=D12-2
Change Net Name : Old Net Name=NetD12_1 New Net Name=NetD13_1
Change Net Name : Old Net Name=NetD13_1 New Net Name=NetD14_1
Added Pin To Net: NetName=NetD12_1 Pin=D12-1
Added Pin To Net: NetName=NetD12_1 Pin=R13-2
Added Net: Name=NetD12_1
Added Member To Class: ClassName=AMS_Control Member=Component D13 Blue
Added Member To Class: ClassName=AMS_CAN Member=Component J9 43045-0427
