Change Physical Footprint: Designator=C101 Old Footprint=C0805FNPC-R New Footprint=C0805FNPC-R
Change Physical Footprint: Designator=C102 Old Footprint=C0805FNPC-R New Footprint=C0805FNPC-R
Change Physical Footprint: Designator=C103 Old Footprint=C0805FNPC-R New Footprint=C0805FNPC-R
Change Physical Footprint: Designator=C104 Old Footprint=C0805FNPC-R New Footprint=C0805FNPC-R
Change Physical Footprint: Designator=C105 Old Footprint=C0805FNPC-R New Footprint=C0805FNPC-R
Change Physical Footprint: Designator=C106 Old Footprint=C0805FNPC-R New Footprint=C0805FNPC-R
Change Physical Footprint: Designator=C201 Old Footprint=C1206FNPC-RW New Footprint=C1206FNPC-RW
Change Physical Footprint: Designator=C202 Old Footprint=C0805FNPC-R New Footprint=C0805FNPC-R
Change Physical Footprint: Designator=C203 Old Footprint=C0805FNPC-R New Footprint=C0805FNPC-R
Change Physical Footprint: Designator=C204 Old Footprint=C0805FNPC-R New Footprint=C0805FNPC-R
Change Physical Footprint: Designator=C205 Old Footprint=C0805FNPC-R New Footprint=C0805FNPC-R
Change Physical Footprint: Designator=C206 Old Footprint=C0805FNPC-R New Footprint=C0805FNPC-R
Change Physical Footprint: Designator=C207 Old Footprint=C0805FNPC-R New Footprint=C0805FNPC-R
Change Physical Footprint: Designator=C208 Old Footprint=C0805FNPC-R New Footprint=C0805FNPC-R
Change Physical Footprint: Designator=C209 Old Footprint=C0805FNPC-R New Footprint=C0805FNPC-R
Change Physical Footprint: Designator=C210 Old Footprint=C0805FNPC-R New Footprint=C0805FNPC-R
Change Physical Footprint: Designator=C211 Old Footprint=C0805FNPC-R New Footprint=C0805FNPC-R
Change Physical Footprint: Designator=C212 Old Footprint=C0805FNPC-R New Footprint=C0805FNPC-R
Change Physical Footprint: Designator=C213 Old Footprint=C0805FNPC-R New Footprint=C0805FNPC-R
Change Physical Footprint: Designator=C301 Old Footprint=C0805FNPC-R New Footprint=C0805FNPC-R
Change Physical Footprint: Designator=C302 Old Footprint=C0805FNPC-R New Footprint=C0805FNPC-R
Change Physical Footprint: Designator=C303 Old Footprint=C0805FNPC-R New Footprint=C0805FNPC-R
Change Physical Footprint: Designator=C304 Old Footprint=C0805FNPC-R New Footprint=C0805FNPC-R
Change Physical Footprint: Designator=C305 Old Footprint=C0805FNPC-R New Footprint=C0805FNPC-R
Change Physical Footprint: Designator=C306 Old Footprint=C0805FNPC-R New Footprint=C0805FNPC-R
Change Physical Footprint: Designator=C307 Old Footprint=C0805FNPC-R New Footprint=C0805FNPC-R
Change Physical Footprint: Designator=C308 Old Footprint=C0805FNPC-R New Footprint=C0805FNPC-R
Change Physical Footprint: Designator=C309 Old Footprint=C0805FNPC-R New Footprint=C0805FNPC-R
Change Physical Footprint: Designator=C310 Old Footprint=C0805FNPC-R New Footprint=C0805FNPC-R
Change Physical Footprint: Designator=C311 Old Footprint=C0805FNPC-R New Footprint=C0805FNPC-R
Change Physical Footprint: Designator=C312 Old Footprint=C0805FNPC-R New Footprint=C0805FNPC-R
Change Physical Footprint: Designator=C313 Old Footprint=C0805FNPC-R New Footprint=C0805FNPC-R
Change Physical Footprint: Designator=C314 Old Footprint=C0805FNPC-R New Footprint=C0805FNPC-R
Change Physical Footprint: Designator=C315 Old Footprint=C0805FNPC-R New Footprint=C0805FNPC-R
Change Physical Footprint: Designator=C316 Old Footprint=C0805FNPC-R New Footprint=C0805FNPC-R
Change Physical Footprint: Designator=C317 Old Footprint=C0805FNPC-R New Footprint=C0805FNPC-R
Change Physical Footprint: Designator=C318 Old Footprint=C0805FNPC-R New Footprint=C0805FNPC-R
Change Physical Footprint: Designator=C319 Old Footprint=C0805FNPC-R New Footprint=C0805FNPC-R
Change Physical Footprint: Designator=C320 Old Footprint=C0805FNPC-R New Footprint=C0805FNPC-R
Change Physical Footprint: Designator=C321 Old Footprint=C0805FNPC-R New Footprint=C0805FNPC-R
Change Physical Footprint: Designator=C322 Old Footprint=C0805FNPC-R New Footprint=C0805FNPC-R
Change Physical Footprint: Designator=C323 Old Footprint=C0805FNPC-R New Footprint=C0805FNPC-R
Change Physical Footprint: Designator=C324 Old Footprint=C0805FNPC-R New Footprint=C0805FNPC-R
Change Physical Footprint: Designator=C325 Old Footprint=C0805FNPC-R New Footprint=C0805FNPC-R
Change Physical Footprint: Designator=C326 Old Footprint=C0805FNPC-R New Footprint=C0805FNPC-R
Change Physical Footprint: Designator=C401 Old Footprint=C0805FNPC-R New Footprint=C0805FNPC-R
Change Physical Footprint: Designator=C402 Old Footprint=C0805FNPC-R New Footprint=C0805FNPC-R
Change Physical Footprint: Designator=C701 Old Footprint=C0805FNPC-R New Footprint=C0805FNPC-R
Change Physical Footprint: Designator=C702 Old Footprint=C0805FNPC-R New Footprint=C0805FNPC-R
Change Physical Footprint: Designator=C703 Old Footprint=C0805FNPC-R New Footprint=C0805FNPC-R
Change Physical Footprint: Designator=C704 Old Footprint=C0805FNPC-R New Footprint=C0805FNPC-R
Change Physical Footprint: Designator=C705 Old Footprint=C0805FNPC-R New Footprint=C0805FNPC-R
Change Physical Footprint: Designator=C706 Old Footprint=C0805FNPC-R New Footprint=C0805FNPC-R
Change Physical Footprint: Designator=CMC301 Old Footprint=CMC_10u_1.6A New Footprint=CMC_10u_1.6A
Change Physical Footprint: Designator=CMC302 Old Footprint=CMC_10u_1.6A New Footprint=CMC_10u_1.6A
Change Physical Footprint: Designator=D101 Old Footprint=LED_0805_WE New Footprint=LED_0805_WE
Change Physical Footprint: Designator=D102 Old Footprint=LED_0805_WE New Footprint=LED_0805_WE
Change Physical Footprint: Designator=D103 Old Footprint=LED_0805_WE New Footprint=LED_0805_WE
Change Physical Footprint: Designator=D104 Old Footprint=LED_0805_WE New Footprint=LED_0805_WE
Change Physical Footprint: Designator=D105 Old Footprint=DTVS-DO-214AC New Footprint=DTVS-DO-214AC
Change Physical Footprint: Designator=D106 Old Footprint=DSC-SOD123 New Footprint=DSC-SOD123
Change Physical Footprint: Designator=D107 Old Footprint=DTVS-DO-214AC New Footprint=DTVS-DO-214AC
Change Physical Footprint: Designator=D108 Old Footprint=DSC-SOD123 New Footprint=DSC-SOD123
Change Physical Footprint: Designator=D109 Old Footprint=DTVS-DO-214AC New Footprint=DTVS-DO-214AC
Change Physical Footprint: Designator=D110 Old Footprint=DSC-SOD123 New Footprint=DSC-SOD123
Change Physical Footprint: Designator=D201 Old Footprint=LED_0805_WE New Footprint=LED_0805_WE
Change Physical Footprint: Designator=D202 Old Footprint=LED_0805_WE New Footprint=LED_0805_WE
Change Physical Footprint: Designator=D203 Old Footprint=LED_0805_WE New Footprint=LED_0805_WE
Change Physical Footprint: Designator=D401 Old Footprint=DSC-SOD123 New Footprint=DSC-SOD123
Change Physical Footprint: Designator=D402 Old Footprint=DSC-SOD123 New Footprint=DSC-SOD123
Change Physical Footprint: Designator=D403 Old Footprint=DSC-SOD123 New Footprint=DSC-SOD123
Change Physical Footprint: Designator=D404 Old Footprint=DZ-6.2V-DO-214AC New Footprint=DZ-6.2V-DO-214AC
Change Physical Footprint: Designator=D501 Old Footprint=DSC-SOD123 New Footprint=DSC-SOD123
Change Physical Footprint: Designator=D502 Old Footprint=DSC-SOD123 New Footprint=DSC-SOD123
Change Physical Footprint: Designator=D503 Old Footprint=DSC-SOD123 New Footprint=DSC-SOD123
Change Physical Footprint: Designator=DCDC701 Old Footprint=DCDC_1000-5_ISO New Footprint=DCDC_1000-5_ISO
Change Physical Footprint: Designator=DCDC702 Old Footprint=DCDC_RNM-0505S/P New Footprint=DCDC_RNM-0505S/P
Change Physical Footprint: Designator=F101 Old Footprint=Fuse_1206 New Footprint=Fuse_1206
Change Physical Footprint: Designator=F102 Old Footprint=Fuse_1206 New Footprint=Fuse_1206
Change Physical Footprint: Designator=F103 Old Footprint=Fuse_1206 New Footprint=Fuse_1206
Change Physical Footprint: Designator=F701 Old Footprint=Fuse_485001 New Footprint=Fuse_485001
Change Physical Footprint: Designator=F702 Old Footprint=Fuse_485001 New Footprint=Fuse_485001
Change Physical Footprint: Designator=J1 Old Footprint=J_NanoFit_2x2 New Footprint=J_NanoFit_2x2
Change Physical Footprint: Designator=J2 Old Footprint=J_MicroFit_1x2 New Footprint=J_MicroFit_1x2
Change Physical Footprint: Designator=J3 Old Footprint=J_MicroFit_2x2_v New Footprint=J_MicroFit_2x2_v
Change Physical Footprint: Designator=J4 Old Footprint=J_NanoFit_1x4_V New Footprint=J_NanoFit_1x4_V
Change Physical Footprint: Designator=J5 Old Footprint=J_DB9 New Footprint=J_DB9
Change Physical Footprint: Designator=J6 Old Footprint=J_screw_1x3 New Footprint=J_screw_1x3
Change Physical Footprint: Designator=J7 Old Footprint=J_screw_1x3 New Footprint=J_screw_1x3
Change Physical Footprint: Designator=J8 Old Footprint=J_MicroFit_2x4 New Footprint=J_MicroFit_2x4
Change Physical Footprint: Designator=J9 Old Footprint=J_NanoFit_2X4_V New Footprint=J_NanoFit_2X4_V
Change Physical Footprint: Designator=J10 Old Footprint=J_MicroFit_2x2_v New Footprint=J_MicroFit_2x2_v
Change Physical Footprint: Designator=J11 Old Footprint=J_screw_1x2 New Footprint=J_screw_1x2
Change Physical Footprint: Designator=J101 Old Footprint=J_Pinheader_1x2 New Footprint=J_Pinheader_1x2
Change Physical Footprint: Designator=J102 Old Footprint=J_Pinheader_1x2 New Footprint=J_Pinheader_1x2
Change Physical Footprint: Designator=J103 Old Footprint=J_Pinheader_1x2 New Footprint=J_Pinheader_1x2
Change Physical Footprint: Designator=J104 Old Footprint=J_Pinheader_1x2 New Footprint=J_Pinheader_1x2
Change Physical Footprint: Designator=J105 Old Footprint=J_Pinheader_1x2 New Footprint=J_Pinheader_1x2
Change Physical Footprint: Designator=J106 Old Footprint=J_Pinheader_1x2 New Footprint=J_Pinheader_1x2
Change Physical Footprint: Designator=J202 Old Footprint=J_PinHeader_1x4 New Footprint=J_PinHeader_1x4
Change Physical Footprint: Designator=J* Old Footprint=J_PinHeader_1x5 New Footprint=J_PinHeader_1x5
Change Physical Footprint: Designator=L101 Old Footprint=L_47u-490mA_CF New Footprint=L_47u-490mA_CF
Change Physical Footprint: Designator=L102 Old Footprint=L_47u-490mA_CF New Footprint=L_47u-490mA_CF
Change Physical Footprint: Designator=L103 Old Footprint=L_47u-490mA_CF New Footprint=L_47u-490mA_CF
Change Physical Footprint: Designator=Q301 Old Footprint=TRT-NCH-3/35-CPH New Footprint=TRT-NCH-3/35-CPH
Change Physical Footprint: Designator=Q401 Old Footprint=TRT-NCH-3/35-CPH New Footprint=TRT-NCH-3/35-CPH
Change Physical Footprint: Designator=Q402 Old Footprint=TRT-NCH-3/35-CPH New Footprint=TRT-NCH-3/35-CPH
Change Physical Footprint: Designator=Q403 Old Footprint=TRT-NCH-3/35-CPH New Footprint=TRT-NCH-3/35-CPH
Change Physical Footprint: Designator=Q404 Old Footprint=TRT-NCH-3/35-CPH New Footprint=TRT-NCH-3/35-CPH
Change Physical Footprint: Designator=Q405 Old Footprint=TRT-NCH-3/35-CPH New Footprint=TRT-NCH-3/35-CPH
Change Physical Footprint: Designator=Q406 Old Footprint=TRT-NCH-3/35-CPH New Footprint=TRT-NCH-3/35-CPH
Change Physical Footprint: Designator=Q407 Old Footprint=TRT-NCH-3/35-CPH New Footprint=TRT-NCH-3/35-CPH
Change Physical Footprint: Designator=Q408 Old Footprint=TRT-NCH-3/35-CPH New Footprint=TRT-NCH-3/35-CPH
Change Physical Footprint: Designator=Q409 Old Footprint=TRT-NCH-3/35-CPH New Footprint=TRT-NCH-3/35-CPH
Change Physical Footprint: Designator=Q501 Old Footprint=TRT-NCH-3/35-CPH New Footprint=TRT-NCH-3/35-CPH
Change Physical Footprint: Designator=Q502 Old Footprint=TRT-NCH-3/35-CPH New Footprint=TRT-NCH-3/35-CPH
Change Physical Footprint: Designator=Q503 Old Footprint=TRT-NCH-3/35-CPH New Footprint=TRT-NCH-3/35-CPH
Change Physical Footprint: Designator=Q701 Old Footprint=TRT-NCH-3/35-CPH New Footprint=TRT-NCH-3/35-CPH
Change Physical Footprint: Designator=Q702 Old Footprint=TRT-NCH-3/35-CPH New Footprint=TRT-NCH-3/35-CPH
Change Physical Footprint: Designator=Q703 Old Footprint=TRT-NCH-3/35-CPH New Footprint=TRT-NCH-3/35-CPH
Change Physical Footprint: Designator=R101 Old Footprint=R0805FTK New Footprint=R0805FTK
Change Physical Footprint: Designator=R102 Old Footprint=R0805FTK New Footprint=R0805FTK
Change Physical Footprint: Designator=R103 Old Footprint=R0805FTK New Footprint=R0805FTK
Change Physical Footprint: Designator=R104 Old Footprint=R0805FTK New Footprint=R0805FTK
Change Physical Footprint: Designator=R201 Old Footprint=R0805FTK New Footprint=R0805FTK
Change Physical Footprint: Designator=R202 Old Footprint=R0805FTK New Footprint=R0805FTK
Change Physical Footprint: Designator=R203 Old Footprint=R0805FTK New Footprint=R0805FTK
Change Physical Footprint: Designator=R204 Old Footprint=R0805FTK New Footprint=R0805FTK
Change Physical Footprint: Designator=R205 Old Footprint=R0805FTK New Footprint=R0805FTK
Change Physical Footprint: Designator=R206 Old Footprint=R0805FTK New Footprint=R0805FTK
Change Physical Footprint: Designator=R207 Old Footprint=R0805FTK New Footprint=R0805FTK
Change Physical Footprint: Designator=R208 Old Footprint=R0805FTK New Footprint=R0805FTK
Change Physical Footprint: Designator=R209 Old Footprint=R0805FTK New Footprint=R0805FTK
Change Physical Footprint: Designator=R210 Old Footprint=R0805FTK New Footprint=R0805FTK
Change Physical Footprint: Designator=R211 Old Footprint=R0805FTK New Footprint=R0805FTK
Change Physical Footprint: Designator=R212 Old Footprint=R0805FTK New Footprint=R0805FTK
Change Physical Footprint: Designator=R213 Old Footprint=R0805FTK New Footprint=R0805FTK
Change Physical Footprint: Designator=R214 Old Footprint=R0805FTK New Footprint=R0805FTK
Change Physical Footprint: Designator=R215 Old Footprint=R0805FTK New Footprint=R0805FTK
Change Physical Footprint: Designator=R216 Old Footprint=R0805FTK New Footprint=R0805FTK
Change Physical Footprint: Designator=R217 Old Footprint=R0805FTK New Footprint=R0805FTK
Change Physical Footprint: Designator=R218 Old Footprint=R0805FTK New Footprint=R0805FTK
Change Physical Footprint: Designator=R301 Old Footprint=R0805FTK New Footprint=R0805FTK
Change Physical Footprint: Designator=R302 Old Footprint=R0805FTK New Footprint=R0805FTK
Change Physical Footprint: Designator=R303 Old Footprint=R0805FTK New Footprint=R0805FTK
Change Physical Footprint: Designator=R304 Old Footprint=R0805FTK New Footprint=R0805FTK
Change Physical Footprint: Designator=R305 Old Footprint=R0805FTK New Footprint=R0805FTK
Change Physical Footprint: Designator=R401 Old Footprint=R0805FTK New Footprint=R0805FTK
Change Physical Footprint: Designator=R402 Old Footprint=R0805FTK New Footprint=R0805FTK
Change Physical Footprint: Designator=R403 Old Footprint=R0805FTK New Footprint=R0805FTK
Change Physical Footprint: Designator=R404 Old Footprint=R0805FTK New Footprint=R0805FTK
Change Physical Footprint: Designator=R405 Old Footprint=R0805FTK New Footprint=R0805FTK
Change Physical Footprint: Designator=R406 Old Footprint=R0805FTK New Footprint=R0805FTK
Change Physical Footprint: Designator=R407 Old Footprint=R0805FTK New Footprint=R0805FTK
Change Physical Footprint: Designator=R408 Old Footprint=R0805FTK New Footprint=R0805FTK
Change Physical Footprint: Designator=R409 Old Footprint=R0805FTK New Footprint=R0805FTK
Change Physical Footprint: Designator=R410 Old Footprint=R0805FTK New Footprint=R0805FTK
Change Physical Footprint: Designator=R411 Old Footprint=R0805FTK New Footprint=R0805FTK
Change Physical Footprint: Designator=R412 Old Footprint=R0805FTK New Footprint=R0805FTK
Change Physical Footprint: Designator=R413 Old Footprint=R0805FTK New Footprint=R0805FTK
Change Physical Footprint: Designator=R414 Old Footprint=R0805FTK New Footprint=R0805FTK
Change Physical Footprint: Designator=R415 Old Footprint=R0805FTK New Footprint=R0805FTK
Change Physical Footprint: Designator=R416 Old Footprint=R0805FTK New Footprint=R0805FTK
Change Physical Footprint: Designator=R417 Old Footprint=R0805FTK New Footprint=R0805FTK
Change Physical Footprint: Designator=R418 Old Footprint=R0805FTK New Footprint=R0805FTK
Change Physical Footprint: Designator=R501 Old Footprint=R0805FTK New Footprint=R0805FTK
Change Physical Footprint: Designator=R502 Old Footprint=R0805FTK New Footprint=R0805FTK
Change Physical Footprint: Designator=R503 Old Footprint=R0805FTK New Footprint=R0805FTK
Change Physical Footprint: Designator=R701 Old Footprint=R1k-VTR New Footprint=R1k-VTR
Change Physical Footprint: Designator=R702 Old Footprint=R1206FTK-W New Footprint=R1206FTK-W
Change Physical Footprint: Designator=R703 Old Footprint=R1206FTK-W New Footprint=R1206FTK-W
Change Physical Footprint: Designator=R704 Old Footprint=R0805FTK New Footprint=R0805FTK
Change Physical Footprint: Designator=R705 Old Footprint=R0805FTK New Footprint=R0805FTK
Change Physical Footprint: Designator=R706 Old Footprint=R0805FTK New Footprint=R0805FTK
Change Physical Footprint: Designator=R707 Old Footprint=R0805FTK New Footprint=R0805FTK
Change Physical Footprint: Designator=R708 Old Footprint=R0805FTK New Footprint=R0805FTK
Change Physical Footprint: Designator=R_precharge Old Footprint=RTO220 New Footprint=RTO220
Change Physical Footprint: Designator=TP101 Old Footprint=TestPoint New Footprint=TestPoint
Change Physical Footprint: Designator=TP102 Old Footprint=TestPoint New Footprint=TestPoint
Change Physical Footprint: Designator=TP103 Old Footprint=TestPoint New Footprint=TestPoint
Change Physical Footprint: Designator=TP104 Old Footprint=TestPoint New Footprint=TestPoint
Change Physical Footprint: Designator=TP105 Old Footprint=TestPoint New Footprint=TestPoint
Change Physical Footprint: Designator=TP106 Old Footprint=TestPoint New Footprint=TestPoint
Change Physical Footprint: Designator=TP107 Old Footprint=TestPoint New Footprint=TestPoint
Change Physical Footprint: Designator=TP108 Old Footprint=TestPoint New Footprint=TestPoint
Change Physical Footprint: Designator=TP109 Old Footprint=TestPoint New Footprint=TestPoint
Change Physical Footprint: Designator=TP110 Old Footprint=TestPoint New Footprint=TestPoint
Change Physical Footprint: Designator=TP111 Old Footprint=TestPoint New Footprint=TestPoint
Change Physical Footprint: Designator=TP112 Old Footprint=TestPoint New Footprint=TestPoint
Change Physical Footprint: Designator=TP113 Old Footprint=TestPoint New Footprint=TestPoint
Change Physical Footprint: Designator=TP114 Old Footprint=TestPoint New Footprint=TestPoint
Change Physical Footprint: Designator=TP115 Old Footprint=TestPoint New Footprint=TestPoint
Change Physical Footprint: Designator=TP116 Old Footprint=TestPoint New Footprint=TestPoint
Change Physical Footprint: Designator=TP201 Old Footprint=TestPoint New Footprint=TestPoint
Change Physical Footprint: Designator=TP202 Old Footprint=TestPoint New Footprint=TestPoint
Change Physical Footprint: Designator=TP203 Old Footprint=TestPoint New Footprint=TestPoint
Change Physical Footprint: Designator=TP204 Old Footprint=TestPoint New Footprint=TestPoint
Change Physical Footprint: Designator=TP205 Old Footprint=TestPoint New Footprint=TestPoint
Change Physical Footprint: Designator=TP206 Old Footprint=TestPoint New Footprint=TestPoint
Change Physical Footprint: Designator=TP207 Old Footprint=TestPoint New Footprint=TestPoint
Change Physical Footprint: Designator=TP208 Old Footprint=TestPoint New Footprint=TestPoint
Change Physical Footprint: Designator=TP209 Old Footprint=TestPoint New Footprint=TestPoint
Change Physical Footprint: Designator=TP210 Old Footprint=TestPoint New Footprint=TestPoint
Change Physical Footprint: Designator=TP211 Old Footprint=TestPoint New Footprint=TestPoint
Change Physical Footprint: Designator=TP212 Old Footprint=TestPoint New Footprint=TestPoint
Change Physical Footprint: Designator=TP213 Old Footprint=TestPoint New Footprint=TestPoint
Change Physical Footprint: Designator=TP214 Old Footprint=TestPoint New Footprint=TestPoint
Change Physical Footprint: Designator=TP215 Old Footprint=TestPoint New Footprint=TestPoint
Change Physical Footprint: Designator=TP216 Old Footprint=TestPoint New Footprint=TestPoint
Change Physical Footprint: Designator=TP217 Old Footprint=TestPoint New Footprint=TestPoint
Change Physical Footprint: Designator=TP218 Old Footprint=TestPoint New Footprint=TestPoint
Change Physical Footprint: Designator=TP219 Old Footprint=TestPoint New Footprint=TestPoint
Change Physical Footprint: Designator=TP220 Old Footprint=TestPoint New Footprint=TestPoint
Change Physical Footprint: Designator=TP221 Old Footprint=TestPoint New Footprint=TestPoint
Change Physical Footprint: Designator=TP222 Old Footprint=TestPoint New Footprint=TestPoint
Change Physical Footprint: Designator=TP223 Old Footprint=TestPoint New Footprint=TestPoint
Change Physical Footprint: Designator=TP224 Old Footprint=TestPoint New Footprint=TestPoint
Change Physical Footprint: Designator=TP225 Old Footprint=TestPoint New Footprint=TestPoint
Change Physical Footprint: Designator=TP226 Old Footprint=TestPoint New Footprint=TestPoint
Change Physical Footprint: Designator=TP227 Old Footprint=TestPoint New Footprint=TestPoint
Change Physical Footprint: Designator=TP228 Old Footprint=TestPoint New Footprint=TestPoint
Change Physical Footprint: Designator=TP229 Old Footprint=TestPoint New Footprint=TestPoint
Change Physical Footprint: Designator=TP230 Old Footprint=TestPoint New Footprint=TestPoint
Change Physical Footprint: Designator=TP231 Old Footprint=TestPoint New Footprint=TestPoint
Change Physical Footprint: Designator=TP232 Old Footprint=TestPoint New Footprint=TestPoint
Change Physical Footprint: Designator=TP233 Old Footprint=TestPoint New Footprint=TestPoint
Change Physical Footprint: Designator=TP234 Old Footprint=TestPoint New Footprint=TestPoint
Change Physical Footprint: Designator=TP235 Old Footprint=TestPoint New Footprint=TestPoint
Change Physical Footprint: Designator=TP236 Old Footprint=TestPoint New Footprint=TestPoint
Change Physical Footprint: Designator=TP237 Old Footprint=TestPoint New Footprint=TestPoint
Change Physical Footprint: Designator=TP238 Old Footprint=TestPoint New Footprint=TestPoint
Change Physical Footprint: Designator=TP239 Old Footprint=TestPoint New Footprint=TestPoint
Change Physical Footprint: Designator=TP240 Old Footprint=TestPoint New Footprint=TestPoint
Change Physical Footprint: Designator=TP241 Old Footprint=TestPoint New Footprint=TestPoint
Change Physical Footprint: Designator=TP301 Old Footprint=TestPoint New Footprint=TestPoint
Change Physical Footprint: Designator=TP302 Old Footprint=TestPoint New Footprint=TestPoint
Change Physical Footprint: Designator=TP303 Old Footprint=TestPoint New Footprint=TestPoint
Change Physical Footprint: Designator=TP304 Old Footprint=TestPoint New Footprint=TestPoint
Change Physical Footprint: Designator=TP305 Old Footprint=TestPoint New Footprint=TestPoint
Change Physical Footprint: Designator=TP306 Old Footprint=TestPoint New Footprint=TestPoint
Change Physical Footprint: Designator=TP307 Old Footprint=TestPoint New Footprint=TestPoint
Change Physical Footprint: Designator=TP308 Old Footprint=TestPoint New Footprint=TestPoint
Change Physical Footprint: Designator=TP309 Old Footprint=TestPoint New Footprint=TestPoint
Change Physical Footprint: Designator=TP310 Old Footprint=TestPoint New Footprint=TestPoint
Change Physical Footprint: Designator=TP311 Old Footprint=TestPoint New Footprint=TestPoint
Change Physical Footprint: Designator=TP313 Old Footprint=TestPoint New Footprint=TestPoint
Change Physical Footprint: Designator=TP401 Old Footprint=TestPoint New Footprint=TestPoint
Change Physical Footprint: Designator=TP402 Old Footprint=TestPoint New Footprint=TestPoint
Change Physical Footprint: Designator=TP403 Old Footprint=TestPoint New Footprint=TestPoint
Change Physical Footprint: Designator=TP404 Old Footprint=TestPoint New Footprint=TestPoint
Change Physical Footprint: Designator=TP405 Old Footprint=TestPoint New Footprint=TestPoint
Change Physical Footprint: Designator=TP406 Old Footprint=TestPoint New Footprint=TestPoint
Change Physical Footprint: Designator=TP407 Old Footprint=TestPoint New Footprint=TestPoint
Change Physical Footprint: Designator=TP408 Old Footprint=TestPoint New Footprint=TestPoint
Change Physical Footprint: Designator=TP409 Old Footprint=TestPoint New Footprint=TestPoint
Change Physical Footprint: Designator=TP410 Old Footprint=TestPoint New Footprint=TestPoint
Change Physical Footprint: Designator=TP411 Old Footprint=TestPoint New Footprint=TestPoint
Change Physical Footprint: Designator=TP412 Old Footprint=TestPoint New Footprint=TestPoint
Change Physical Footprint: Designator=TP501 Old Footprint=TestPoint New Footprint=TestPoint
Change Physical Footprint: Designator=TP502 Old Footprint=TestPoint New Footprint=TestPoint
Change Physical Footprint: Designator=TP503 Old Footprint=TestPoint New Footprint=TestPoint
Change Physical Footprint: Designator=TP504 Old Footprint=TestPoint New Footprint=TestPoint
Change Physical Footprint: Designator=TP601 Old Footprint=TestPoint New Footprint=TestPoint
Change Physical Footprint: Designator=TP602 Old Footprint=TestPoint New Footprint=TestPoint
Change Physical Footprint: Designator=TP603 Old Footprint=TestPoint New Footprint=TestPoint
Change Physical Footprint: Designator=TP604 Old Footprint=TestPoint New Footprint=TestPoint
Change Physical Footprint: Designator=TP605 Old Footprint=TestPoint New Footprint=TestPoint
Change Physical Footprint: Designator=TP606 Old Footprint=TestPoint New Footprint=TestPoint
Change Physical Footprint: Designator=TP607 Old Footprint=TestPoint New Footprint=TestPoint
Change Physical Footprint: Designator=TP608 Old Footprint=TestPoint New Footprint=TestPoint
Change Physical Footprint: Designator=TP609 Old Footprint=TestPoint New Footprint=TestPoint
Change Physical Footprint: Designator=TP610 Old Footprint=TestPoint New Footprint=TestPoint
Change Physical Footprint: Designator=TP611 Old Footprint=TestPoint New Footprint=TestPoint
Change Physical Footprint: Designator=TP612 Old Footprint=TestPoint New Footprint=TestPoint
Change Physical Footprint: Designator=TP613 Old Footprint=TestPoint New Footprint=TestPoint
Change Physical Footprint: Designator=TP614 Old Footprint=TestPoint New Footprint=TestPoint
Change Physical Footprint: Designator=U101 Old Footprint=LDO_10V-0.8/3V3-SOT223 New Footprint=LDO_10V-0.8/3V3-SOT223
Change Physical Footprint: Designator=U201 Old Footprint=U_dsPIC33EP256GM604-I/PT New Footprint=U_dsPIC33EP256GM604-I/PT
Change Physical Footprint: Designator=U301 Old Footprint=TRANSCEIVER_CAN_SOIC16 New Footprint=TRANSCEIVER_CAN_SOIC16
Change Physical Footprint: Designator=U302 Old Footprint=TRANSCEIVER_CAN_SOIC16 New Footprint=TRANSCEIVER_CAN_SOIC16
Change Physical Footprint: Designator=U401 Old Footprint=Array_4_Amp_LM339D New Footprint=Array_4_Amp_LM339D
Change Physical Footprint: Designator=U701 Old Footprint=Array_4_Amp_LM339D New Footprint=Array_4_Amp_LM339D
Change Physical Footprint: Designator=U702 Old Footprint=Optocoupler_4N35 New Footprint=Optocoupler_4N35
Change Physical Footprint: Designator=X701 Old Footprint=Relay_DAR72410FU New Footprint=Relay_DAR72410FU
Change Physical Footprint: Designator=XTAL1 Old Footprint=XTAL20M_SMD New Footprint=XTAL20M_SMD
