Replace Part TXS? 4bitBVL_TXS0104E in G:\Mi unidad\e-Tech\Electronics\Electronics Repo\commonfiles\Altium_Libraries_e-Tech_Racing\Schematics\Integrated circuits.SchLib with 4bitBVL_TXS0104E from Integrated circuits.SchLib
Replace Part U? ADC-LTC1296 in G:\Mi unidad\e-Tech\Electronics\Electronics Repo\commonfiles\Altium_Libraries_e-Tech_Racing\Schematics\Integrated circuits.SchLib with ADC-LTC1296 from Integrated circuits.SchLib
Replace Part U? Array_4_Amp_LM339D in G:\Mi unidad\e-Tech\Electronics\Electronics Repo\commonfiles\Altium_Libraries_e-Tech_Racing\Schematics\Integrated circuits.SchLib with Array_4_Amp_LM339D from Integrated circuits.SchLib
Replace Part U? Array_4_NAND in G:\Mi unidad\e-Tech\Electronics\Electronics Repo\commonfiles\Altium_Libraries_e-Tech_Racing\Schematics\Integrated circuits.SchLib with Array_4_NAND from Integrated circuits.SchLib
Replace Part U? Array_4_OR in G:\Mi unidad\e-Tech\Electronics\Electronics Repo\commonfiles\Altium_Libraries_e-Tech_Racing\Schematics\Integrated circuits.SchLib with Array_4_OR from Integrated circuits.SchLib
Replace Part DS? EA_DOGL128W-6 in G:\Mi unidad\e-Tech\Electronics\Electronics Repo\commonfiles\Altium_Libraries_e-Tech_Racing\Schematics\Integrated circuits.SchLib with EA_DOGL128W-6 from Integrated circuits.SchLib
Replace Part LED_DR? LED_Driver_40mA_1Output in G:\Mi unidad\e-Tech\Electronics\Electronics Repo\commonfiles\Altium_Libraries_e-Tech_Racing\Schematics\Integrated circuits.SchLib with LED_Driver_40mA_1Output from Integrated circuits.SchLib
Replace Part LED_DR? LED_Driver_300mA_2Outputs in G:\Mi unidad\e-Tech\Electronics\Electronics Repo\commonfiles\Altium_Libraries_e-Tech_Racing\Schematics\Integrated circuits.SchLib with LED_Driver_300mA_2Outputs from Integrated circuits.SchLib
Replace Part U? PISO-Register_74HC165D in G:\Mi unidad\e-Tech\Electronics\Electronics Repo\commonfiles\Altium_Libraries_e-Tech_Racing\Schematics\Integrated circuits.SchLib with PISO-Register_74HC165D from Integrated circuits.SchLib
Replace Part U? SN74HC164D in G:\Mi unidad\e-Tech\Electronics\Electronics Repo\commonfiles\Altium_Libraries_e-Tech_Racing\Schematics\Integrated circuits.SchLib with SN74HC164D from Integrated circuits.SchLib
Replace Part U? SN74LS47D in G:\Mi unidad\e-Tech\Electronics\Electronics Repo\commonfiles\Altium_Libraries_e-Tech_Racing\Schematics\Integrated circuits.SchLib with SN74LS47D from Integrated circuits.SchLib
Replace Part U? Timer_LMC555CM/NOPB in G:\Mi unidad\e-Tech\Electronics\Electronics Repo\commonfiles\Altium_Libraries_e-Tech_Racing\Schematics\Integrated circuits.SchLib with Timer_LMC555CM/NOPB from Integrated circuits.SchLib
Replace Part U? Timer_SA555 in G:\Mi unidad\e-Tech\Electronics\Electronics Repo\commonfiles\Altium_Libraries_e-Tech_Racing\Schematics\Integrated circuits.SchLib with Timer_SA555 from Integrated circuits.SchLib
Replace Part U? Transceiver_CAN in G:\Mi unidad\e-Tech\Electronics\Electronics Repo\commonfiles\Altium_Libraries_e-Tech_Racing\Schematics\Integrated circuits.SchLib with Transceiver_CAN from Integrated circuits.SchLib
Replace Part U? Transceiver_CAN_ISO1050 in G:\Mi unidad\e-Tech\Electronics\Electronics Repo\commonfiles\Altium_Libraries_e-Tech_Racing\Schematics\Integrated circuits.SchLib with Transceiver_CAN_ISO1050 from Integrated circuits.SchLib
Replace Part U? Transceiver_CAN_TJA1052IT/2Y in G:\Mi unidad\e-Tech\Electronics\Electronics Repo\commonfiles\Altium_Libraries_e-Tech_Racing\Schematics\Integrated circuits.SchLib with Transceiver_CAN_TJA1052IT/2Y from Integrated circuits.SchLib
Replace Part U? Transceiver_I2C/UART in G:\Mi unidad\e-Tech\Electronics\Electronics Repo\commonfiles\Altium_Libraries_e-Tech_Racing\Schematics\Integrated circuits.SchLib with Transceiver_I2C/UART from Integrated circuits.SchLib
Replace Part U? U_dsPIC33EP256GM604-I/PT in G:\Mi unidad\e-Tech\Electronics\Electronics Repo\commonfiles\Altium_Libraries_e-Tech_Racing\Schematics\Integrated circuits.SchLib with U_dsPIC33EP256GM604-I/PT from Integrated circuits.SchLib
Replace Part U? U_LTC6811-2 in G:\Mi unidad\e-Tech\Electronics\Electronics Repo\commonfiles\Altium_Libraries_e-Tech_Racing\Schematics\Integrated circuits.SchLib with U_LTC6811-2 from Integrated circuits.SchLib
Replace Part U? U_PIC18F2685 in G:\Mi unidad\e-Tech\Electronics\Electronics Repo\commonfiles\Altium_Libraries_e-Tech_Racing\Schematics\Integrated circuits.SchLib with U_PIC18F2685 from Integrated circuits.SchLib
Replace Part U? U_PIC18LF4685-I/PT in G:\Mi unidad\e-Tech\Electronics\Electronics Repo\commonfiles\Altium_Libraries_e-Tech_Racing\Schematics\Integrated circuits.SchLib with U_PIC18LF4685-I/PT from Integrated circuits.SchLib
Replace Part U? U_PIC18LF4685-I/PT_1 in G:\Mi unidad\e-Tech\Electronics\Electronics Repo\commonfiles\Altium_Libraries_e-Tech_Racing\Schematics\Integrated circuits.SchLib with U_PIC18LF4685-I/PT_1 from Integrated circuits.SchLib
Replace Part U? U_PIC24HJ128GP502 in G:\Mi unidad\e-Tech\Electronics\Electronics Repo\commonfiles\Altium_Libraries_e-Tech_Racing\Schematics\Integrated circuits.SchLib with U_PIC24HJ128GP502 from Integrated circuits.SchLib
Replace Part U? Up-Counter_CD4520BM in G:\Mi unidad\e-Tech\Electronics\Electronics Repo\commonfiles\Altium_Libraries_e-Tech_Racing\Schematics\Integrated circuits.SchLib with Up-Counter_CD4520BM from Integrated circuits.SchLib
