Removed Pin From Net: NetName=TS+ Pin=J1-1
Removed Pin From Net: NetName=GND_LV Pin=J2-1
Removed Pin From Net: NetName=+5 Pin=J2-2
Removed Member From Class: ClassName=Accumulator_DC-DC Member=J2
Change component parameters: Designator = "C1"; Footprint = "WCAP-AT1H_13x20x5"; UniqueID = "\YPCKQCCK"
Change component parameters. Clean all parameters for all variants
Change component parameters (AddParameter): Name = "ComponentLink1Description"; Value = "Manufacturer"; VariantName = "[No Variations]"
Change component parameters (AddParameter): Name = "ComponentLink1URL"; Value = "http://www.we-online.de"; VariantName = "[No Variations]"
Change component parameters (AddParameter): Name = "ComponentLink2Description"; Value = "Datasheet"; VariantName = "[No Variations]"
Change component parameters (AddParameter): Name = "ComponentLink2URL"; Value = "http://katalog.we-online.de/pbs/datasheet/860241078002.pdf"; VariantName = "[No Variations]"
Change component parameters (AddParameter): Name = "Life Cycle"; Value = "10000h"; VariantName = "[No Variations]"
Change component parameters (AddParameter): Name = "Operating Temperature"; Value = "-25 °C up to +105 °C"; VariantName = "[No Variations]"
Change component parameters (AddParameter): Name = "Part Number"; Value = "860241078002"; VariantName = "[No Variations]"
Change component parameters (AddParameter): Name = "Published Date"; Value = "June 2017"; VariantName = "[No Variations]"
Change component parameters (AddParameter): Name = "Publisher"; Value = "Wurth Elektronik"; VariantName = "[No Variations]"
Change component parameters (AddParameter): Name = "Rated Voltage"; Value = "200V DC"; VariantName = "[No Variations]"
Change component parameters (AddParameter): Name = "Size"; Value = "?13x20mm"; VariantName = "[No Variations]"
Change component parameters (AddParameter): Name = "Value"; Value = "47uF"; VariantName = "[No Variations]"
Change component parameters: Designator = "C2"; Footprint = "WCAP-AT1H_13x20x5"; UniqueID = "\NCOMVYPS"
Change component parameters. Clean all parameters for all variants
Change component parameters (AddParameter): Name = "ComponentLink1Description"; Value = "Manufacturer"; VariantName = "[No Variations]"
Change component parameters (AddParameter): Name = "ComponentLink1URL"; Value = "http://www.we-online.de"; VariantName = "[No Variations]"
Change component parameters (AddParameter): Name = "ComponentLink2Description"; Value = "Datasheet"; VariantName = "[No Variations]"
Change component parameters (AddParameter): Name = "ComponentLink2URL"; Value = "http://katalog.we-online.de/pbs/datasheet/860241078002.pdf"; VariantName = "[No Variations]"
Change component parameters (AddParameter): Name = "Life Cycle"; Value = "10000h"; VariantName = "[No Variations]"
Change component parameters (AddParameter): Name = "Operating Temperature"; Value = "-25 °C up to +105 °C"; VariantName = "[No Variations]"
Change component parameters (AddParameter): Name = "Part Number"; Value = "860241078002"; VariantName = "[No Variations]"
Change component parameters (AddParameter): Name = "Published Date"; Value = "June 2017"; VariantName = "[No Variations]"
Change component parameters (AddParameter): Name = "Publisher"; Value = "Wurth Elektronik"; VariantName = "[No Variations]"
Change component parameters (AddParameter): Name = "Rated Voltage"; Value = "200V DC"; VariantName = "[No Variations]"
Change component parameters (AddParameter): Name = "Size"; Value = "?13x20mm"; VariantName = "[No Variations]"
Change component parameters (AddParameter): Name = "Value"; Value = "47uF"; VariantName = "[No Variations]"
Change component parameters: Designator = "C3"; Footprint = "WCAP-AT1H_13x20x5"; UniqueID = "\DTDAGAXM"
Change component parameters. Clean all parameters for all variants
Change component parameters (AddParameter): Name = "ComponentLink1Description"; Value = "Manufacturer"; VariantName = "[No Variations]"
Change component parameters (AddParameter): Name = "ComponentLink1URL"; Value = "http://www.we-online.de"; VariantName = "[No Variations]"
Change component parameters (AddParameter): Name = "ComponentLink2Description"; Value = "Datasheet"; VariantName = "[No Variations]"
Change component parameters (AddParameter): Name = "ComponentLink2URL"; Value = "http://katalog.we-online.de/pbs/datasheet/860241078002.pdf"; VariantName = "[No Variations]"
Change component parameters (AddParameter): Name = "Life Cycle"; Value = "10000h"; VariantName = "[No Variations]"
Change component parameters (AddParameter): Name = "Operating Temperature"; Value = "-25 °C up to +105 °C"; VariantName = "[No Variations]"
Change component parameters (AddParameter): Name = "Part Number"; Value = "860241078002"; VariantName = "[No Variations]"
Change component parameters (AddParameter): Name = "Published Date"; Value = "June 2017"; VariantName = "[No Variations]"
Change component parameters (AddParameter): Name = "Publisher"; Value = "Wurth Elektronik"; VariantName = "[No Variations]"
Change component parameters (AddParameter): Name = "Rated Voltage"; Value = "200V DC"; VariantName = "[No Variations]"
Change component parameters (AddParameter): Name = "Size"; Value = "?13x20mm"; VariantName = "[No Variations]"
Change component parameters (AddParameter): Name = "Value"; Value = "47uF"; VariantName = "[No Variations]"
Change component parameters: Designator = "C4"; Footprint = "WCAP-AT1H_13x20x5"; UniqueID = "\NQNCFDBU"
Change component parameters. Clean all parameters for all variants
Change component parameters (AddParameter): Name = "ComponentLink1Description"; Value = "Manufacturer"; VariantName = "[No Variations]"
Change component parameters (AddParameter): Name = "ComponentLink1URL"; Value = "http://www.we-online.de"; VariantName = "[No Variations]"
Change component parameters (AddParameter): Name = "ComponentLink2Description"; Value = "Datasheet"; VariantName = "[No Variations]"
Change component parameters (AddParameter): Name = "ComponentLink2URL"; Value = "http://katalog.we-online.de/pbs/datasheet/860241078002.pdf"; VariantName = "[No Variations]"
Change component parameters (AddParameter): Name = "Life Cycle"; Value = "10000h"; VariantName = "[No Variations]"
Change component parameters (AddParameter): Name = "Operating Temperature"; Value = "-25 °C up to +105 °C"; VariantName = "[No Variations]"
Change component parameters (AddParameter): Name = "Part Number"; Value = "860241078002"; VariantName = "[No Variations]"
Change component parameters (AddParameter): Name = "Published Date"; Value = "June 2017"; VariantName = "[No Variations]"
Change component parameters (AddParameter): Name = "Publisher"; Value = "Wurth Elektronik"; VariantName = "[No Variations]"
Change component parameters (AddParameter): Name = "Rated Voltage"; Value = "200V DC"; VariantName = "[No Variations]"
Change component parameters (AddParameter): Name = "Size"; Value = "?13x20mm"; VariantName = "[No Variations]"
Change component parameters (AddParameter): Name = "Value"; Value = "47uF"; VariantName = "[No Variations]"
Change component parameters: Designator = "J1"; Footprint = "43650-0327"; UniqueID = "\CUYTAWCY"
Change component parameters. Clean all parameters for all variants
Change component parameters (AddParameter): Name = "Circuits"; Value = "3"; VariantName = "[No Variations]"
Change component parameters (AddParameter): Name = "ComponentLink1Description"; Value = "Datasheet"; VariantName = "[No Variations]"
Change component parameters (AddParameter): Name = "ComponentLink1URL"; Value = "https://www.molex.com/webdocs/datasheets/pdf/en-us/0436500327_PCB_HEADERS.pdf"; VariantName = "[No Variations]"
Change component parameters (AddParameter): Name = "Manufacturer"; Value = "Molex"; VariantName = "[No Variations]"
Change component parameters (AddParameter): Name = "Number of Row"; Value = "1"; VariantName = "[No Variations]"
Change component parameters (AddParameter): Name = "Operating Temperature"; Value = "-40° to +105°C"; VariantName = "[No Variations]"
Change component parameters (AddParameter): Name = "Rated Current"; Value = "8.5A"; VariantName = "[No Variations]"
Change component parameters (AddParameter): Name = "Rated Voltage"; Value = "600V DC"; VariantName = "[No Variations]"
Added Component: Designator=J?(105310-1104)
Add component. Clean all parameters for all variants
Add component (AddParameter): Name = "ComponentLink2Description"; Value = "Datasheet"; VariantName = "[No Variations]"
Add component (AddParameter): Name = "ComponentLink2URL"; Value = "https://www.molex.com/webdocs/datasheets/pdf/en-us/1053101104_PCB_HEADERS.pdf"; VariantName = "[No Variations]"
Add component (AddParameter): Name = "Manufacturer"; Value = "Molex"; VariantName = "[No Variations]"
Add component (AddParameter): Name = "Operating Temperature"; Value = "-40° to +105°C"; VariantName = "[No Variations]"
Add component (AddParameter): Name = "Rated Current"; Value = "6.5A"; VariantName = "[No Variations]"
Add component (AddParameter): Name = "Rated Voltage"; Value = "250V DC"; VariantName = "[No Variations]"
Added Pin To Net: NetName=+5 Pin=J?-3
Added Pin To Net: NetName=GND_LV Pin=J?-4
Added Member To Class: ClassName=Accumulator_DC-DC Member=Component J? 105310-1104
