Removed Pin From Net: NetName=GND Pin=DCDC101-2
Removed Pin From Net: NetName=DTEN Pin=DCDC101-7
Removed Member From Class: ClassName=Supply Member=DCDC101
Added Component: Designator=DCDC*(F_S-1WR3)
Add component (AddParameter): Name = "Category"; Value = "Board Mount Modules"; VariantName = "[No Variations]"
Add component (AddParameter): Name = "ComponentLink1Description"; Value = "New link"; VariantName = "[No Variations]"
Add component (AddParameter): Name = "ComponentLink1URL"; Value = ""; VariantName = "[No Variations]"
Add component (AddParameter): Name = "Manufacturer"; Value = "MORNSUN"; VariantName = "[No Variations]"
Add component (AddParameter): Name = "Manufacturer Part Number"; Value = "F0505S-1WR3"; VariantName = "[No Variations]"
Add component (AddParameter): Name = "Pricing 1"; Value = "1=2,32, 5=2,288, 10=2,255, 25=2,1884, 50=2,1222, 100=2,0559, 250=1,98956, 500=1,85692 (USD)"; VariantName = "[No Variations]"
Add component (AddParameter): Name = "RoHS"; Value = "No"; VariantName = "[No Variations]"
Add component (AddParameter): Name = "Stock 1"; Value = "23492"; VariantName = "[No Variations]"
Add component (AddParameter): Name = "Supplier 1"; Value = "Digi-Key"; VariantName = "[No Variations]"
Add component (AddParameter): Name = "Supplier Part Number 1"; Value = "2725-F0505S-1WR3-ND"; VariantName = "[No Variations]"
Added Pin To Net: NetName=GND Pin=DCDC*-2
Added Pin To Net: NetName=NetC103_1 Pin=DCDC*-5
Added Pin To Net: NetName=DTEN Pin=DCDC*-7
Add Net: Net with name "Cell0" already exists
Add Net: Net with name "Cell1" already exists
Add Net: Net with name "Cell2" already exists
Add Net: Net with name "Cell3" already exists
Add Net: Net with name "Cell4" already exists
Add Net: Net with name "Cell5" already exists
Add Net: Net with name "Cell6" already exists
Add Net: Net with name "Cell7" already exists
Add Net: Net with name "Cell8" already exists
Add Net: Net with name "Cell9" already exists
Add Net: Net with name "Cell10" already exists
Add Net: Net with name "Cell11" already exists
Add Net: Net with name "Cell12" already exists
Added Pin To Net: NetName=NetDCDC*_1 Pin=DCDC*-1
Added Pin To Net: NetName=NetDCDC*_1 Pin=F101-2
Added Net: Name=NetDCDC*_1
Add Net: Net with name "NTC1" already exists
Add Net: Net with name "NTC2" already exists
Add Net: Net with name "NTC3" already exists
Add Net: Net with name "NTC4" already exists
Add Net: Net with name "NTC5" already exists
Add Net: Net with name "NTC6" already exists
Add Net: Net with name "NTC7" already exists
Add Net: Net with name "NTC8" already exists
Add Net: Net with name "Vref2" already exists
Added Member To Class: ClassName=Supply Member=Component DCDC* DCDC-5V/5V-0.2A
