Removed Pin From Net: NetName=Cell12 Pin=L214-1
Removed Pin From Net: NetName=Cells+ Pin=R237-2
Removed Pin From Net: NetName=Cells+ Pin=R252-1
Change Component Designator: OldDesignator=C? NewDesignator=C314
Change Component Description : Designator=C225 Old Description=Cap, 1Uf, 100V, Mlcc, 1210 Rohs Compliant: Yes New Description=Cap, 1Uf, 100V, Mlcc, 1210 Rohs Compliant: Yes |Wurth Elektronik 885012209069
Change Component Description : Designator=C226 Old Description=Cap, 1Uf, 100V, Mlcc, 1210 Rohs Compliant: Yes New Description=Cap, 1Uf, 100V, Mlcc, 1210 Rohs Compliant: Yes |Wurth Elektronik 885012209069
Change Component Description : Designator=C227 Old Description=Cap, 1Uf, 100V, Mlcc, 1210 Rohs Compliant: Yes New Description=Cap, 1Uf, 100V, Mlcc, 1210 Rohs Compliant: Yes |Wurth Elektronik 885012209069
Change Component Description : Designator=C310 Old Description=Cap, 1Uf, 100V, Mlcc, 1210 Rohs Compliant: Yes New Description=Cap, 1Uf, 100V, Mlcc, 1210 Rohs Compliant: Yes |Wurth Elektronik 885012209069
Change Component Description : Designator=C311 Old Description=Cap, 1Uf, 100V, Mlcc, 1210 Rohs Compliant: Yes New Description=Cap, 1Uf, 100V, Mlcc, 1210 Rohs Compliant: Yes |Wurth Elektronik 885012209069
Change Component Description : Designator=C314 Old Description=Cap, 1Uf, 100V, Mlcc, 1210 Rohs Compliant: Yes New Description=Cap, 1Uf, 100V, Mlcc, 1210 Rohs Compliant: Yes |Wurth Elektronik 885012209069
Change Component Description : Designator=R401 Old Description=Res, 47R, 5%, 0.75W/Thick Film/0612 Wide Rohs Compliant: Yes New Description=Res, 47R, 5%, 0.75W/Thick Film/0612 Wide Rohs Compliant: Yes |Wurth Elektronik 561020132004
Change Component Description : Designator=R402 Old Description=Res, 47R, 5%, 0.75W/Thick Film/0612 Wide Rohs Compliant: Yes New Description=Res, 47R, 5%, 0.75W/Thick Film/0612 Wide Rohs Compliant: Yes |Wurth Elektronik 561020132004
Change Component Description : Designator=R403 Old Description=Res, 47R, 5%, 0.75W/Thick Film/0612 Wide Rohs Compliant: Yes New Description=Res, 47R, 5%, 0.75W/Thick Film/0612 Wide Rohs Compliant: Yes |Wurth Elektronik 561020132004
Change Component Description : Designator=R404 Old Description=Res, 47R, 5%, 0.75W/Thick Film/0612 Wide Rohs Compliant: Yes New Description=Res, 47R, 5%, 0.75W/Thick Film/0612 Wide Rohs Compliant: Yes |Wurth Elektronik 561020132004
Added Component: Designator=J1(J_Pinheader_1x13)
Add component (AddParameter): Name = "Category"; Value = "Connectors"; VariantName = "[No Variations]"
Add component (AddParameter): Name = "Color"; Value = "Black"; VariantName = "[No Variations]"
Add component (AddParameter): Name = "ComponentLink1Description"; Value = "http://www.farnell.com/cad/1737268.pdf?src-supplier=Element14"; VariantName = "[No Variations]"
Add component (AddParameter): Name = "ComponentLink1URL"; Value = "http://www.farnell.com/cad/1737268.pdf?src-supplier=Element14"; VariantName = "[No Variations]"
Add component (AddParameter): Name = "ComponentLink2Description"; Value = "https://katalog.we-online.de/em/datasheet/6130xx11121.pdf?src-supplier=Digi-Key"; VariantName = "[No Variations]"
Add component (AddParameter): Name = "ComponentLink2URL"; Value = "https://katalog.we-online.de/em/datasheet/6130xx11121.pdf?src-supplier=Digi-Key"; VariantName = "[No Variations]"
Add component (AddParameter): Name = "Connector Type"; Value = "Male Pin"; VariantName = "[No Variations]"
Add component (AddParameter): Name = "Contact Material"; Value = "Copper"; VariantName = "[No Variations]"
Add component (AddParameter): Name = "Contact Mating Length"; Value = "0.236inch"; VariantName = "[No Variations]"
Add component (AddParameter): Name = "Contact Plating"; Value = "Gold"; VariantName = "[No Variations]"
Add component (AddParameter): Name = "Contact Type"; Value = "Male Pin"; VariantName = "[No Variations]"
Add component (AddParameter): Name = "Gender"; Value = "Male"; VariantName = "[No Variations]"
Add component (AddParameter): Name = "Lead Free"; Value = "Lead Free"; VariantName = "[No Variations]"
Add component (AddParameter): Name = "Manufacturer"; Value = "Wurth Electronics"; VariantName = "[No Variations]"
Add component (AddParameter): Name = "Manufacturer 1"; Value = "Wurth Electronics"; VariantName = "[No Variations]"
Add component (AddParameter): Name = "Manufacturer Part Number"; Value = "61301311121"; VariantName = "[No Variations]"
Add component (AddParameter): Name = "Manufacturer Part Number 1"; Value = "61301211121"; VariantName = "[No Variations]"
Add component (AddParameter): Name = "Mount"; Value = "Through Hole"; VariantName = "[No Variations]"
Add component (AddParameter): Name = "Mounting Technology"; Value = "Through Hole"; VariantName = "[No Variations]"
Add component (AddParameter): Name = "Number of Contacts"; Value = "12"; VariantName = "[No Variations]"
Add component (AddParameter): Name = "Number of Positions"; Value = "12"; VariantName = "[No Variations]"
Add component (AddParameter): Name = "Number of Rows"; Value = "1"; VariantName = "[No Variations]"
Add component (AddParameter): Name = "Packaging"; Value = "Bulk"; VariantName = "[No Variations]"
Add component (AddParameter): Name = "Pitch"; Value = "0.1inch"; VariantName = "[No Variations]"
Add component (AddParameter): Name = "Pricing 1"; Value = "1=0,57000, 10=0,48400, 25=0,40400, 50=0,33700, 100=0,30600, 1000=0,27800 (USD)"; VariantName = "[No Variations]"
Add component (AddParameter): Name = "Pricing 2"; Value = "5=0,73, 100=0,38, 375=0,36, 1500=0,344, 3000=0,324 (EUR)"; VariantName = "[No Variations]"
Add component (AddParameter): Name = "REACH SVHC"; Value = "Unknown"; VariantName = "[No Variations]"
Add component (AddParameter): Name = "Reach SVHC Compliant"; Value = "Unknown"; VariantName = "[No Variations]"
Add component (AddParameter): Name = "RoHS"; Value = "Yes"; VariantName = "[No Variations]"
Add component (AddParameter): Name = "RoHS Compliant"; Value = "Yes"; VariantName = "[No Variations]"
Add component (AddParameter): Name = "Series"; Value = "WR-PHD"; VariantName = "[No Variations]"
Add component (AddParameter): Name = "Stock 1"; Value = "2124"; VariantName = "[No Variations]"
Add component (AddParameter): Name = "Stock 2"; Value = "70"; VariantName = "[No Variations]"
Add component (AddParameter): Name = "Supplier 1"; Value = "Digi-Key"; VariantName = "[No Variations]"
Add component (AddParameter): Name = "Supplier 2"; Value = "Rs"; VariantName = "[No Variations]"
Add component (AddParameter): Name = "Supplier Part Number 2"; Value = "8281610"; VariantName = "[No Variations]"
Add component (AddParameter): Name = "Termination"; Value = "Solder"; VariantName = "[No Variations]"
Added Pin To Net: NetName=Cell0 Pin=J1-1
Added Pin To Net: NetName=Cell1 Pin=J1-2
Added Pin To Net: NetName=Cell2 Pin=J1-3
Added Pin To Net: NetName=Cell3 Pin=J1-4
Added Pin To Net: NetName=Cell4 Pin=J1-5
Added Pin To Net: NetName=Cell5 Pin=J1-6
Added Pin To Net: NetName=Cell6 Pin=J1-7
Added Pin To Net: NetName=Cell7 Pin=J1-8
Added Pin To Net: NetName=Cell8 Pin=J1-9
Added Pin To Net: NetName=Cell9 Pin=J1-10
Added Pin To Net: NetName=Cell10 Pin=J1-11
Added Pin To Net: NetName=Cell11 Pin=J1-12
Added Pin To Net: NetName=Cell12 Pin=J1-12
Added Pin To Net: NetName=Cells+ Pin=L214-1
Added Pin To Net: NetName=Cells+_filtered Pin=R237-2
Added Pin To Net: NetName=Cells+_filtered Pin=R252-1
Added Net: Name=Cells+_filtered
Added Member To Class: ClassName=SLAVE_HW Member=Component J1 61301311121
