Change Net Color : Net Name= C0 Old Net Color=Yellow New Net Color=Default
Change Net Color : Net Name= C1 Old Net Color=Yellow New Net Color=Default
Change Net Color : Net Name= C2 Old Net Color=Yellow New Net Color=Default
Change Net Color : Net Name= C3 Old Net Color=Yellow New Net Color=Default
Change Net Color : Net Name= C4 Old Net Color=Yellow New Net Color=Default
Change Net Color : Net Name= C5 Old Net Color=Yellow New Net Color=Default
Change Net Color : Net Name= C6 Old Net Color=Yellow New Net Color=Default
Change Net Color : Net Name= C7 Old Net Color=Yellow New Net Color=Default
Change Net Color : Net Name= C8 Old Net Color=Yellow New Net Color=Default
Change Net Color : Net Name= C9 Old Net Color=Yellow New Net Color=Default
Change Net Color : Net Name= C10 Old Net Color=Yellow New Net Color=Default
Change Net Color : Net Name= C11 Old Net Color=Yellow New Net Color=Default
Change Net Color : Net Name= C12 Old Net Color=Yellow New Net Color=Default
Change Net Color : Net Name= Cells+ Old Net Color=Yellow New Net Color=Default
Change Net Color : Net Name= NetD200_A Old Net Color=RGB(110, 110, 255) New Net Color=Default
Change Net Color : Net Name= NetD200_K Old Net Color=RGB(110, 110, 255) New Net Color=Default
Change Net Color : Net Name= NetD201_A Old Net Color=RGB(110, 110, 255) New Net Color=Default
Change Net Color : Net Name= NetD201_K Old Net Color=RGB(110, 110, 255) New Net Color=Default
Change Net Color : Net Name= NetD202_A Old Net Color=RGB(110, 110, 255) New Net Color=Default
Change Net Color : Net Name= NetD202_K Old Net Color=RGB(110, 110, 255) New Net Color=Default
Change Net Color : Net Name= NetD203_A Old Net Color=RGB(110, 110, 255) New Net Color=Default
Change Net Color : Net Name= NetD203_K Old Net Color=RGB(110, 110, 255) New Net Color=Default
Change Net Color : Net Name= NetD204_A Old Net Color=RGB(110, 110, 255) New Net Color=Default
Change Net Color : Net Name= NetD204_K Old Net Color=RGB(110, 110, 255) New Net Color=Default
Change Net Color : Net Name= NetD205_A Old Net Color=RGB(110, 110, 255) New Net Color=Default
Change Net Color : Net Name= NetD205_K Old Net Color=RGB(110, 110, 255) New Net Color=Default
Change Net Color : Net Name= NetD206_A Old Net Color=RGB(110, 110, 255) New Net Color=Default
Change Net Color : Net Name= NetD206_K Old Net Color=RGB(110, 110, 255) New Net Color=Default
Change Net Color : Net Name= NetD207_A Old Net Color=RGB(110, 110, 255) New Net Color=Default
Change Net Color : Net Name= NetD207_K Old Net Color=RGB(110, 110, 255) New Net Color=Default
Change Net Color : Net Name= NetD208_A Old Net Color=RGB(110, 110, 255) New Net Color=Default
Change Net Color : Net Name= NetD209_A Old Net Color=RGB(110, 110, 255) New Net Color=Default
Change Net Color : Net Name= NetD209_K Old Net Color=RGB(110, 110, 255) New Net Color=Default
Change Net Color : Net Name= NetD210_A Old Net Color=RGB(110, 110, 255) New Net Color=Default
Change Net Color : Net Name= NetD210_K Old Net Color=RGB(110, 110, 255) New Net Color=Default
Change Net Color : Net Name= NetD211_A Old Net Color=RGB(110, 110, 255) New Net Color=Default
Change Net Color : Net Name= NetD211_K Old Net Color=RGB(110, 110, 255) New Net Color=Default
Change Net Color : Net Name= NetL201_2 Old Net Color=Yellow New Net Color=Default
Change Net Color : Net Name= NetL202_2 Old Net Color=Yellow New Net Color=Default
Change Net Color : Net Name= NetL203_2 Old Net Color=Yellow New Net Color=Default
Change Net Color : Net Name= NetL204_2 Old Net Color=Yellow New Net Color=Default
Change Net Color : Net Name= NetL205_2 Old Net Color=Yellow New Net Color=Default
Change Net Color : Net Name= NetL206_2 Old Net Color=Yellow New Net Color=Default
Change Net Color : Net Name= NetL207_2 Old Net Color=Yellow New Net Color=Default
Change Net Color : Net Name= NetL208_2 Old Net Color=Yellow New Net Color=Default
Change Net Color : Net Name= NetL209_2 Old Net Color=Yellow New Net Color=Default
Change Net Color : Net Name= NetL210_2 Old Net Color=Yellow New Net Color=Default
Change Net Color : Net Name= NetL211_2 Old Net Color=Yellow New Net Color=Default
Change Net Color : Net Name= NetL212_2 Old Net Color=RGB(110, 110, 255) New Net Color=Default
Change Net Color : Net Name= NetL213_2 Old Net Color=Yellow New Net Color=Default
Change Net Color : Net Name= NetL214_2 Old Net Color=Yellow New Net Color=Default
Change Net Color : Net Name= NetQ201_G Old Net Color=RGB(110, 110, 255) New Net Color=Default
Change Net Color : Net Name= NetQ202_G Old Net Color=RGB(110, 110, 255) New Net Color=Default
Change Net Color : Net Name= NetQ203_G Old Net Color=RGB(110, 110, 255) New Net Color=Default
Change Net Color : Net Name= NetQ204_G Old Net Color=RGB(110, 110, 255) New Net Color=Default
Change Net Color : Net Name= NetQ205_G Old Net Color=RGB(110, 110, 255) New Net Color=Default
Change Net Color : Net Name= NetQ206_G Old Net Color=RGB(110, 110, 255) New Net Color=Default
Change Net Color : Net Name= NetQ207_G Old Net Color=RGB(110, 110, 255) New Net Color=Default
Change Net Color : Net Name= NetQ208_G Old Net Color=RGB(110, 110, 255) New Net Color=Default
Change Net Color : Net Name= NetQ209_G Old Net Color=RGB(110, 110, 255) New Net Color=Default
Change Net Color : Net Name= NetQ210_G Old Net Color=RGB(110, 110, 255) New Net Color=Default
Change Net Color : Net Name= NetQ211_G Old Net Color=RGB(110, 110, 255) New Net Color=Default
Change Net Color : Net Name= NetQ212_G Old Net Color=RGB(110, 110, 255) New Net Color=Default
Change Net Color : Net Name= S1 Old Net Color=RGB(110, 110, 255) New Net Color=Default
Change Net Color : Net Name= S2 Old Net Color=RGB(110, 110, 255) New Net Color=Default
Change Net Color : Net Name= S3 Old Net Color=RGB(110, 110, 255) New Net Color=Default
Change Net Color : Net Name= S4 Old Net Color=RGB(110, 110, 255) New Net Color=Default
Change Net Color : Net Name= S5 Old Net Color=RGB(110, 110, 255) New Net Color=Default
Change Net Color : Net Name= S6 Old Net Color=RGB(110, 110, 255) New Net Color=Default
Change Net Color : Net Name= S7 Old Net Color=RGB(110, 110, 255) New Net Color=Default
Change Net Color : Net Name= S8 Old Net Color=RGB(110, 110, 255) New Net Color=Default
Change Net Color : Net Name= S9 Old Net Color=RGB(110, 110, 255) New Net Color=Default
Change Net Color : Net Name= S10 Old Net Color=RGB(110, 110, 255) New Net Color=Default
Change Net Color : Net Name= S12 Old Net Color=RGB(110, 110, 255) New Net Color=Default
