Added Component: Designator=TP201(TestPoint)
Add component (AddParameter): Name = ".Creator"; Value = "GP"; VariantName = "[No Variations]"
Add component (AddParameter): Name = ".PCBcheck"; Value = "GP"; VariantName = "[No Variations]"
Add component (AddParameter): Name = ".SCHcheck"; Value = "GP"; VariantName = "[No Variations]"
Add component (AddParameter): Name = "Category"; Value = "TestPoint"; VariantName = "[No Variations]"
Added Component: Designator=TP202(TestPoint)
Add component (AddParameter): Name = ".Creator"; Value = "GP"; VariantName = "[No Variations]"
Add component (AddParameter): Name = ".PCBcheck"; Value = "GP"; VariantName = "[No Variations]"
Add component (AddParameter): Name = ".SCHcheck"; Value = "GP"; VariantName = "[No Variations]"
Add component (AddParameter): Name = "Category"; Value = "TestPoint"; VariantName = "[No Variations]"
Added Component: Designator=TP203(TestPoint)
Add component (AddParameter): Name = ".Creator"; Value = "GP"; VariantName = "[No Variations]"
Add component (AddParameter): Name = ".PCBcheck"; Value = "GP"; VariantName = "[No Variations]"
Add component (AddParameter): Name = ".SCHcheck"; Value = "GP"; VariantName = "[No Variations]"
Add component (AddParameter): Name = "Category"; Value = "TestPoint"; VariantName = "[No Variations]"
Added Component: Designator=TP204(TestPoint)
Add component (AddParameter): Name = ".Creator"; Value = "GP"; VariantName = "[No Variations]"
Add component (AddParameter): Name = ".PCBcheck"; Value = "GP"; VariantName = "[No Variations]"
Add component (AddParameter): Name = ".SCHcheck"; Value = "GP"; VariantName = "[No Variations]"
Add component (AddParameter): Name = "Category"; Value = "TestPoint"; VariantName = "[No Variations]"
Added Component: Designator=TP205(TestPoint)
Add component (AddParameter): Name = ".Creator"; Value = "GP"; VariantName = "[No Variations]"
Add component (AddParameter): Name = ".PCBcheck"; Value = "GP"; VariantName = "[No Variations]"
Add component (AddParameter): Name = ".SCHcheck"; Value = "GP"; VariantName = "[No Variations]"
Add component (AddParameter): Name = "Category"; Value = "TestPoint"; VariantName = "[No Variations]"
Added Component: Designator=TP206(TestPoint)
Add component (AddParameter): Name = ".Creator"; Value = "GP"; VariantName = "[No Variations]"
Add component (AddParameter): Name = ".PCBcheck"; Value = "GP"; VariantName = "[No Variations]"
Add component (AddParameter): Name = ".SCHcheck"; Value = "GP"; VariantName = "[No Variations]"
Add component (AddParameter): Name = "Category"; Value = "TestPoint"; VariantName = "[No Variations]"
Added Component: Designator=TP207(TestPoint)
Add component (AddParameter): Name = ".Creator"; Value = "GP"; VariantName = "[No Variations]"
Add component (AddParameter): Name = ".PCBcheck"; Value = "GP"; VariantName = "[No Variations]"
Add component (AddParameter): Name = ".SCHcheck"; Value = "GP"; VariantName = "[No Variations]"
Add component (AddParameter): Name = "Category"; Value = "TestPoint"; VariantName = "[No Variations]"
Added Component: Designator=TP208(TestPoint)
Add component (AddParameter): Name = ".Creator"; Value = "GP"; VariantName = "[No Variations]"
Add component (AddParameter): Name = ".PCBcheck"; Value = "GP"; VariantName = "[No Variations]"
Add component (AddParameter): Name = ".SCHcheck"; Value = "GP"; VariantName = "[No Variations]"
Add component (AddParameter): Name = "Category"; Value = "TestPoint"; VariantName = "[No Variations]"
Added Component: Designator=TP209(TestPoint)
Add component (AddParameter): Name = ".Creator"; Value = "GP"; VariantName = "[No Variations]"
Add component (AddParameter): Name = ".PCBcheck"; Value = "GP"; VariantName = "[No Variations]"
Add component (AddParameter): Name = ".SCHcheck"; Value = "GP"; VariantName = "[No Variations]"
Add component (AddParameter): Name = "Category"; Value = "TestPoint"; VariantName = "[No Variations]"
Added Component: Designator=TP210(TestPoint)
Add component (AddParameter): Name = ".Creator"; Value = "GP"; VariantName = "[No Variations]"
Add component (AddParameter): Name = ".PCBcheck"; Value = "GP"; VariantName = "[No Variations]"
Add component (AddParameter): Name = ".SCHcheck"; Value = "GP"; VariantName = "[No Variations]"
Add component (AddParameter): Name = "Category"; Value = "TestPoint"; VariantName = "[No Variations]"
Added Component: Designator=TP211(TestPoint)
Add component (AddParameter): Name = ".Creator"; Value = "GP"; VariantName = "[No Variations]"
Add component (AddParameter): Name = ".PCBcheck"; Value = "GP"; VariantName = "[No Variations]"
Add component (AddParameter): Name = ".SCHcheck"; Value = "GP"; VariantName = "[No Variations]"
Add component (AddParameter): Name = "Category"; Value = "TestPoint"; VariantName = "[No Variations]"
Added Component: Designator=TP212(TestPoint)
Add component (AddParameter): Name = ".Creator"; Value = "GP"; VariantName = "[No Variations]"
Add component (AddParameter): Name = ".PCBcheck"; Value = "GP"; VariantName = "[No Variations]"
Add component (AddParameter): Name = ".SCHcheck"; Value = "GP"; VariantName = "[No Variations]"
Add component (AddParameter): Name = "Category"; Value = "TestPoint"; VariantName = "[No Variations]"
Added Pin To Net: NetName=NetL201_2 Pin=TP201-1
Added Pin To Net: NetName=NetL202_2 Pin=TP202-1
Added Pin To Net: NetName=NetL203_2 Pin=TP203-1
Added Pin To Net: NetName=NetL204_2 Pin=TP204-1
Added Pin To Net: NetName=NetL205_2 Pin=TP205-1
Added Pin To Net: NetName=NetL206_2 Pin=TP206-1
Added Pin To Net: NetName=NetL207_2 Pin=TP207-1
Added Pin To Net: NetName=NetL208_2 Pin=TP208-1
Added Pin To Net: NetName=NetL209_2 Pin=TP209-1
Added Pin To Net: NetName=NetL210_2 Pin=TP210-1
Added Pin To Net: NetName=NetL211_2 Pin=TP211-1
Added Pin To Net: NetName=NetL212_2 Pin=TP212-1
Added Member To Class: ClassName=Balancing Member=Component TP201 TestPoint
Added Member To Class: ClassName=Balancing Member=Component TP202 TestPoint
Added Member To Class: ClassName=Balancing Member=Component TP203 TestPoint
Added Member To Class: ClassName=Balancing Member=Component TP204 TestPoint
Added Member To Class: ClassName=Balancing Member=Component TP205 TestPoint
Added Member To Class: ClassName=Balancing Member=Component TP206 TestPoint
Added Member To Class: ClassName=Balancing Member=Component TP207 TestPoint
Added Member To Class: ClassName=Balancing Member=Component TP208 TestPoint
Added Member To Class: ClassName=Balancing Member=Component TP209 TestPoint
Added Member To Class: ClassName=Balancing Member=Component TP210 TestPoint
Added Member To Class: ClassName=Balancing Member=Component TP211 TestPoint
Added Member To Class: ClassName=Balancing Member=Component TP212 TestPoint
