Removed Pin From Net: NetName=Cell0 Pin=J101-1
Removed Pin From Net: NetName=Cell1 Pin=J101-2
Removed Pin From Net: NetName=Cell2 Pin=J101-3
Removed Pin From Net: NetName=Cell3 Pin=J101-4
Removed Pin From Net: NetName=Cell4 Pin=J101-5
Removed Pin From Net: NetName=Cell5 Pin=J101-6
Removed Pin From Net: NetName=Cell6 Pin=J101-7
Removed Pin From Net: NetName=Cell7 Pin=J101-8
Removed Pin From Net: NetName=Cell8 Pin=J101-9
Removed Pin From Net: NetName=Cell9 Pin=J101-10
Removed Pin From Net: NetName=Cell10 Pin=J101-11
Removed Pin From Net: NetName=Cell11 Pin=J101-12
Removed Pin From Net: NetName=Cell12 Pin=J101-13
Removed Pin From Net: NetName=NTC1 Pin=J301-1
Removed Pin From Net: NetName=NTC2 Pin=J301-2
Removed Pin From Net: NetName=NTC3 Pin=J301-3
Removed Pin From Net: NetName=NTC4 Pin=J301-4
Removed Pin From Net: NetName=NTC5 Pin=J301-5
Removed Pin From Net: NetName=NTC6 Pin=J301-6
Removed Pin From Net: NetName=NTC7 Pin=J301-7
Removed Pin From Net: NetName=NTC8 Pin=J301-8
Removed Member From Class: ClassName=Balancing Member=J101
Removed Member From Class: ClassName=Temperatures Member=J301
Add Component: Footprint Not Found J_Pinheader_1x13
Add Component: Footprint Not Found J_Pinheader_1x8
Add Component: Footprint Not Found J_Pinheader_1x13
Add Pin To Net: Unknown Pin: Pin J1-1
Add Pin To Net: Unknown Pin: Pin J1-2
Add Pin To Net: Unknown Pin: Pin J1-3
Add Pin To Net: Unknown Pin: Pin J1-4
Add Pin To Net: Unknown Pin: Pin J1-5
Add Pin To Net: Unknown Pin: Pin J1-6
Add Pin To Net: Unknown Pin: Pin J1-7
Add Pin To Net: Unknown Pin: Pin J1-8
Add Pin To Net: Unknown Pin: Pin J1-9
Add Pin To Net: Unknown Pin: Pin J1-10
Add Pin To Net: Unknown Pin: Pin J1-11
Add Pin To Net: Unknown Pin: Pin J1-12
Add Pin To Net: Unknown Pin: Pin J1-13
Add Pin To Net: Unknown Pin: Pin J2-1
Add Pin To Net: Unknown Pin: Pin J2-2
Add Pin To Net: Unknown Pin: Pin J2-3
Add Pin To Net: Unknown Pin: Pin J2-4
Add Pin To Net: Unknown Pin: Pin J2-5
Add Pin To Net: Unknown Pin: Pin J2-6
Add Pin To Net: Unknown Pin: Pin J2-7
Add Pin To Net: Unknown Pin: Pin J2-8
Add Pin To Net: Unknown Pin: Pin J?-1
Add Pin To Net: Unknown Pin: Pin J?-2
Add Pin To Net: Unknown Pin: Pin J?-3
Add Pin To Net: Unknown Pin: Pin J?-4
Add Pin To Net: Unknown Pin: Pin J?-5
Add Pin To Net: Unknown Pin: Pin J?-6
Add Pin To Net: Unknown Pin: Pin J?-7
Add Pin To Net: Unknown Pin: Pin J?-8
Add Pin To Net: Unknown Pin: Pin J?-9
Add Pin To Net: Unknown Pin: Pin J?-10
Add Pin To Net: Unknown Pin: Pin J?-11
Add Pin To Net: Unknown Pin: Pin J?-12
Add Pin To Net: Unknown Pin: Pin J?-13
Change Net Color : Old Net Color=RGB(158, 161, 117) New Net Color=RGB(255, 110, 110)
Change Net Color : Old Net Color=RGB(158, 161, 117) New Net Color=RGB(166, 150, 141)
Add Class Member: Failed to add class member : Component J1 61301311121
Add Class Member: Failed to add class member : Component J2 61301211121
Add Class Member: Failed to add class member : Component J? 61301211121
