Removed Pin From Net: NetName=DTEN Pin=C103-2
Removed Pin From Net: NetName=Cell1 Pin=J1-2
Removed Pin From Net: NetName=Cell3 Pin=J1-4
Removed Pin From Net: NetName=Cell4 Pin=J1-5
Removed Pin From Net: NetName=Cell5 Pin=J1-6
Removed Pin From Net: NetName=Cell11 Pin=J1-12
Removed Pin From Net: NetName=Cell12 Pin=J1-13
Removed Pin From Net: NetName=NTC3 Pin=J2-3
Removed Pin From Net: NetName=NTC4 Pin=J2-4
Removed Pin From Net: NetName=NTC5 Pin=J2-5
Removed Pin From Net: NetName=NTC7 Pin=J2-7
Removed Pin From Net: NetName=NTC8 Pin=J2-8
Removed Pin From Net: NetName=DRIVE Pin=U201-38
Removed Member From Class: ClassName=SLAVE_HW Member=J1
Removed Member From Class: ClassName=SLAVE_HW Member=J2
Added Component: Designator=J101(J_Pinheader_1x13)
Add component (AddParameter): Name = "Category"; Value = "Connectors"; VariantName = "[No Variations]"
Add component (AddParameter): Name = "Color"; Value = "Black"; VariantName = "[No Variations]"
Add component (AddParameter): Name = "ComponentLink1Description"; Value = "http://www.farnell.com/cad/1737268.pdf?src-supplier=Element14"; VariantName = "[No Variations]"
Add component (AddParameter): Name = "ComponentLink1URL"; Value = "http://www.farnell.com/cad/1737268.pdf?src-supplier=Element14"; VariantName = "[No Variations]"
Add component (AddParameter): Name = "ComponentLink2Description"; Value = "https://katalog.we-online.de/em/datasheet/6130xx11121.pdf?src-supplier=Digi-Key"; VariantName = "[No Variations]"
Add component (AddParameter): Name = "ComponentLink2URL"; Value = "https://katalog.we-online.de/em/datasheet/6130xx11121.pdf?src-supplier=Digi-Key"; VariantName = "[No Variations]"
Add component (AddParameter): Name = "Connector Type"; Value = "Male Pin"; VariantName = "[No Variations]"
Add component (AddParameter): Name = "Contact Material"; Value = "Copper"; VariantName = "[No Variations]"
Add component (AddParameter): Name = "Contact Mating Length"; Value = "0.236inch"; VariantName = "[No Variations]"
Add component (AddParameter): Name = "Contact Plating"; Value = "Gold"; VariantName = "[No Variations]"
Add component (AddParameter): Name = "Gender"; Value = "Male"; VariantName = "[No Variations]"
Add component (AddParameter): Name = "Manufacturer 1"; Value = "Wurth Electronics"; VariantName = "[No Variations]"
Add component (AddParameter): Name = "Manufacturer Part Number 1"; Value = "61301211121"; VariantName = "[No Variations]"
Add component (AddParameter): Name = "Mount"; Value = "Through Hole"; VariantName = "[No Variations]"
Add component (AddParameter): Name = "Number of Contacts"; Value = "12"; VariantName = "[No Variations]"
Add component (AddParameter): Name = "Number of Positions"; Value = "12"; VariantName = "[No Variations]"
Add component (AddParameter): Name = "Number of Rows"; Value = "1"; VariantName = "[No Variations]"
Add component (AddParameter): Name = "Packaging"; Value = "Bulk"; VariantName = "[No Variations]"
Add component (AddParameter): Name = "Pitch"; Value = "0.1inch"; VariantName = "[No Variations]"
Add component (AddParameter): Name = "Pricing 1"; Value = "1=0,57000, 10=0,48400, 25=0,40400, 50=0,33700, 100=0,30600, 1000=0,27800 (USD)"; VariantName = "[No Variations]"
Add component (AddParameter): Name = "REACH SVHC"; Value = "Unknown"; VariantName = "[No Variations]"
Add component (AddParameter): Name = "RoHS"; Value = "Yes"; VariantName = "[No Variations]"
Add component (AddParameter): Name = "RoHS Compliant"; Value = "Yes"; VariantName = "[No Variations]"
Add component (AddParameter): Name = "Stock 1"; Value = "2124"; VariantName = "[No Variations]"
Add component (AddParameter): Name = "Supplier 1"; Value = "Digi-Key"; VariantName = "[No Variations]"
Add component (AddParameter): Name = "Termination"; Value = "Solder"; VariantName = "[No Variations]"
Added Component: Designator=J?(J_Pinheader_1x8)
Add component (AddParameter): Name = "Category"; Value = "Connectors"; VariantName = "[No Variations]"
Add component (AddParameter): Name = "Color"; Value = "Black"; VariantName = "[No Variations]"
Add component (AddParameter): Name = "ComponentLink1Description"; Value = "http://www.farnell.com/cad/1737268.pdf?src-supplier=Element14"; VariantName = "[No Variations]"
Add component (AddParameter): Name = "ComponentLink1URL"; Value = "http://www.farnell.com/cad/1737268.pdf?src-supplier=Element14"; VariantName = "[No Variations]"
Add component (AddParameter): Name = "ComponentLink2Description"; Value = "https://katalog.we-online.de/em/datasheet/6130xx11121.pdf?src-supplier=Digi-Key"; VariantName = "[No Variations]"
Add component (AddParameter): Name = "ComponentLink2URL"; Value = "https://katalog.we-online.de/em/datasheet/6130xx11121.pdf?src-supplier=Digi-Key"; VariantName = "[No Variations]"
Add component (AddParameter): Name = "Connector Type"; Value = "Male Pin"; VariantName = "[No Variations]"
Add component (AddParameter): Name = "Contact Material"; Value = "Copper"; VariantName = "[No Variations]"
Add component (AddParameter): Name = "Contact Mating Length"; Value = "0.236inch"; VariantName = "[No Variations]"
Add component (AddParameter): Name = "Contact Plating"; Value = "Gold"; VariantName = "[No Variations]"
Add component (AddParameter): Name = "Gender"; Value = "Male"; VariantName = "[No Variations]"
Add component (AddParameter): Name = "Manufacturer 1"; Value = "Wurth Electronics"; VariantName = "[No Variations]"
Add component (AddParameter): Name = "Manufacturer Part Number 1"; Value = "61301211121"; VariantName = "[No Variations]"
Add component (AddParameter): Name = "Mount"; Value = "Through Hole"; VariantName = "[No Variations]"
Add component (AddParameter): Name = "Number of Contacts"; Value = "12"; VariantName = "[No Variations]"
Add component (AddParameter): Name = "Number of Positions"; Value = "12"; VariantName = "[No Variations]"
Add component (AddParameter): Name = "Number of Rows"; Value = "1"; VariantName = "[No Variations]"
Add component (AddParameter): Name = "Packaging"; Value = "Bulk"; VariantName = "[No Variations]"
Add component (AddParameter): Name = "Pitch"; Value = "0.1inch"; VariantName = "[No Variations]"
Add component (AddParameter): Name = "Pricing 1"; Value = "1=0,57000, 10=0,48400, 25=0,40400, 50=0,33700, 100=0,30600, 1000=0,27800 (USD)"; VariantName = "[No Variations]"
Add component (AddParameter): Name = "REACH SVHC"; Value = "Unknown"; VariantName = "[No Variations]"
Add component (AddParameter): Name = "RoHS"; Value = "Yes"; VariantName = "[No Variations]"
Add component (AddParameter): Name = "RoHS Compliant"; Value = "Yes"; VariantName = "[No Variations]"
Add component (AddParameter): Name = "Stock 1"; Value = "2124"; VariantName = "[No Variations]"
Add component (AddParameter): Name = "Supplier 1"; Value = "Digi-Key"; VariantName = "[No Variations]"
Add component (AddParameter): Name = "Termination"; Value = "Solder"; VariantName = "[No Variations]"
Added Pin To Net: NetName=V- Pin=C103-2
Added Pin To Net: NetName=NTC3 Pin=C303-2
Added Pin To Net: NetName=NTC4 Pin=C304-2
Added Pin To Net: NetName=NTC5 Pin=C305-2
Added Pin To Net: NetName=NTC7 Pin=C307-2
Added Pin To Net: NetName=NTC8 Pin=C308-2
Added Pin To Net: NetName=Cell0 Pin=J101-1
Added Pin To Net: NetName=Cell1 Pin=J101-2
Added Pin To Net: NetName=Cell2 Pin=J101-3
Added Pin To Net: NetName=Cell3 Pin=J101-4
Added Pin To Net: NetName=Cell4 Pin=J101-5
Added Pin To Net: NetName=Cell5 Pin=J101-6
Added Pin To Net: NetName=Cell6 Pin=J101-7
Added Pin To Net: NetName=Cell7 Pin=J101-8
Added Pin To Net: NetName=Cell8 Pin=J101-9
Added Pin To Net: NetName=Cell9 Pin=J101-10
Added Pin To Net: NetName=Cell10 Pin=J101-11
Added Pin To Net: NetName=Cell11 Pin=J101-12
Added Pin To Net: NetName=Cell12 Pin=J101-13
Added Pin To Net: NetName=NTC1 Pin=J?-1
Added Pin To Net: NetName=NTC2 Pin=J?-2
Added Pin To Net: NetName=NTC3 Pin=J?-3
Added Pin To Net: NetName=NTC4 Pin=J?-4
Added Pin To Net: NetName=NTC5 Pin=J?-5
Added Pin To Net: NetName=NTC6 Pin=J?-6
Added Pin To Net: NetName=NTC7 Pin=J?-7
Added Pin To Net: NetName=NTC8 Pin=J?-8
Added Pin To Net: NetName=Cell1 Pin=L202-1
Added Pin To Net: NetName=Cell3 Pin=L204-1
Added Pin To Net: NetName=Cell4 Pin=L205-1
Added Pin To Net: NetName=Cell5 Pin=L206-1
Added Pin To Net: NetName=Cell11 Pin=L212-1
Added Pin To Net: NetName=Cell12 Pin=L213-1
Added Pin To Net: NetName=Cell12 Pin=L214-1
Added Pin To Net: NetName=NTC3 Pin=R303-1
Added Pin To Net: NetName=NTC4 Pin=R304-1
Added Pin To Net: NetName=NTC5 Pin=R305-1
Added Pin To Net: NetName=NTC7 Pin=R307-1
Added Pin To Net: NetName=NTC8 Pin=R308-1
Added Pin To Net: NetName=NTC3 Pin=TP303-1
Added Pin To Net: NetName=NTC4 Pin=TP304-1
Added Pin To Net: NetName=NTC5 Pin=TP305-1
Added Pin To Net: NetName=NTC7 Pin=TP307-1
Added Pin To Net: NetName=NTC8 Pin=TP308-1
Added Pin To Net: NetName=NTC5 Pin=U301-1
Added Pin To Net: NetName=NTC7 Pin=U301-2
Added Pin To Net: NetName=NTC8 Pin=U301-4
Added Pin To Net: NetName=NTC4 Pin=U301-12
Added Pin To Net: NetName=NTC3 Pin=U301-15
Change Net Name : Old Net Name=DRIVE New Net Name=GPIO5
Added Pin To Net: NetName=DRIVE Pin=U201-38
Added Net: Name=DRIVE
Add Net: Net with name "Vref2" already exists
Added Member To Class: ClassName=Balancing Member=Component J101 61301211121
Added Member To Class: ClassName=Temperatures Member=Component J? 61301211121
