Removed Pin From Net: NetName=HV_detection Pin=J1-10
Added Component: Designator=F301(FUSE_2.5A_1000V)
Added Component: Designator=J305(J_MicroFit_2x1)
Add component (AddParameter): Name = "Category"; Value = "Headers and Wire Housings"; VariantName = "[No Variations]"
Add component (AddParameter): Name = "ComponentLink1Description"; Value = "https://datasheet.ciiva.com/19462/884109-19462034.pdf?src-supplier=Jameco"; VariantName = "[No Variations]"
Add component (AddParameter): Name = "ComponentLink1URL"; Value = "https://datasheet.ciiva.com/19462/884109-19462034.pdf?src-supplier=Jameco"; VariantName = "[No Variations]"
Add component (AddParameter): Name = "ComponentLink2Description"; Value = "https://datasheet.ciiva.com/5157/0436500215-pcb-headers-148687-5157608.pdf?src-supplier=Mouser"; VariantName = "[No Variations]"
Add component (AddParameter): Name = "ComponentLink2URL"; Value = "https://datasheet.ciiva.com/5157/0436500215-pcb-headers-148687-5157608.pdf?src-supplier=Mouser"; VariantName = "[No Variations]"
Add component (AddParameter): Name = "ComponentLink3Description"; Value = "https://datasheet.ciiva.com/16085/0436500215-pcb-headers-16085668.pdf?src-supplier=Onlinecomponents.com"; VariantName = "[No Variations]"
Add component (AddParameter): Name = "ComponentLink3URL"; Value = "https://datasheet.ciiva.com/16085/0436500215-pcb-headers-16085668.pdf?src-supplier=Onlinecomponents.com"; VariantName = "[No Variations]"
Add component (AddParameter): Name = "ComponentLink4Description"; Value = "https://datasheet.ciiva.com/11748/0900766b80307ce2-11748388.pdf?src-supplier=RSComponents"; VariantName = "[No Variations]"
Add component (AddParameter): Name = "ComponentLink4URL"; Value = "https://datasheet.ciiva.com/11748/0900766b80307ce2-11748388.pdf?src-supplier=RSComponents"; VariantName = "[No Variations]"
Add component (AddParameter): Name = "ComponentLink5Description"; Value = "https://datasheet.ciiva.com/9432/0436500215-pcb-headers-9432850.pdf?src-supplier=Avnet"; VariantName = "[No Variations]"
Add component (AddParameter): Name = "ComponentLink5URL"; Value = "https://datasheet.ciiva.com/9432/0436500215-pcb-headers-9432850.pdf?src-supplier=Avnet"; VariantName = "[No Variations]"
Add component (AddParameter): Name = "ComponentLink6Description"; Value = "https://datasheet.ciiva.com/7920/1889390-7920892.pdf?src-supplier=Element14"; VariantName = "[No Variations]"
Add component (AddParameter): Name = "ComponentLink6URL"; Value = "https://datasheet.ciiva.com/7920/1889390-7920892.pdf?src-supplier=Element14"; VariantName = "[No Variations]"
Add component (AddParameter): Name = "Manufacturer 1"; Value = "Molex"; VariantName = "[No Variations]"
Add component (AddParameter): Name = "Manufacturer Part Number 1"; Value = "43650-0215"; VariantName = "[No Variations]"
Add component (AddParameter): Name = "Pricing 1"; Value = "1=0,87800, 10=0,74400, 80=0,63070, 3264=0,47000, 6528=0,45100, 13056=0,41760 (USD)"; VariantName = "[No Variations]"
Add component (AddParameter): Name = "RoHS"; Value = "Yes"; VariantName = "[No Variations]"
Add component (AddParameter): Name = "Stock 1"; Value = "11086"; VariantName = "[No Variations]"
Add component (AddParameter): Name = "Supplier 1"; Value = "Arrow Electronics"; VariantName = "[No Variations]"
Add component (AddParameter): Name = "Supplier Part Number 1"; Value = "43650-0215"; VariantName = "[No Variations]"
Added Pin To Net: NetName=AIR+_OUT Pin=F301-1
Added Pin To Net: NetName=AIR+_OUT Pin=F301-1
Added Pin To Net: NetName=HV_Accumulator_State Pin=J1-10
Added Pin To Net: NetName=AIR-_AUX_1 Pin=J9-1
Added Pin To Net: NetName=AIR-_Coil_1 Pin=J9-3
Added Pin To Net: NetName=SC_End Pin=J9-4
Added Pin To Net: NetName=AIR+_AUX_1 Pin=J10-1
Added Pin To Net: NetName=AIR+_Coil_1 Pin=J10-3
Added Pin To Net: NetName=SC_End Pin=J10-4
Added Pin To Net: NetName=Precharge_AUX_1 Pin=J11-1
Added Pin To Net: NetName=Precharge_Coil_1 Pin=J11-3
Added Pin To Net: NetName=SC_End Pin=J11-4
Added Pin To Net: NetName=NetF301_2 Pin=F301-2
Added Pin To Net: NetName=NetF301_2 Pin=F301-2
Added Pin To Net: NetName=NetF301_2 Pin=J305-1
Added Pin To Net: NetName=NetF301_2 Pin=J305-2
Added Net: Name=NetF301_2
Added Pin To Net: NetName=NetLabel181 Pin=J9-2
Added Net: Name=NetLabel181
Added Pin To Net: NetName=NetLabel183 Pin=J10-2
Added Net: Name=NetLabel183
Added Pin To Net: NetName=NetLabel189 Pin=J11-2
Added Net: Name=NetLabel189
Added Member To Class: ClassName=Relays_Control Member=Component F301 FUSE_2.5A_1000V
Added Member To Class: ClassName=Relays_Control Member=Component J305 436500215
