Removed Pin From Net: NetName=AIR+_AUX_1 Pin=R408-1
Removed Pin From Net: NetName=Accumulator_Interlock Pin=R408-2
Removed Pin From Net: NetName=HV_detection Pin=R606-1
Removed Pin From Net: NetName=+5 ISO Pin=R606-2
Removed Member From Class: ClassName=Relays_Shutdown_TSAL Member=R419
Removed Member From Class: ClassName=High Voltage Member=R613
Change Component Designator: OldDesignator=R409 NewDesignator=R408
Change Component Designator: OldDesignator=R410 NewDesignator=R409
Change Component Designator: OldDesignator=R411 NewDesignator=R410
Change Component Designator: OldDesignator=R412 NewDesignator=R411
Change Component Designator: OldDesignator=R413 NewDesignator=R412
Change Component Designator: OldDesignator=R414 NewDesignator=R413
Change Component Designator: OldDesignator=R415 NewDesignator=R414
Change Component Designator: OldDesignator=R416 NewDesignator=R415
Change Component Designator: OldDesignator=R417 NewDesignator=R416
Change Component Designator: OldDesignator=R418 NewDesignator=R417
Change Component Designator: OldDesignator=R419 NewDesignator=R418
Change Component Designator: OldDesignator=R607 NewDesignator=R606
Change Component Designator: OldDesignator=R608 NewDesignator=R607
Change Component Designator: OldDesignator=R609 NewDesignator=R608
Change Component Designator: OldDesignator=R610 NewDesignator=R609
Change Component Designator: OldDesignator=R611 NewDesignator=R610
Change Component Designator: OldDesignator=R612 NewDesignator=R611
Change Component Designator: OldDesignator=R613 NewDesignator=R612
Change Net Name : Old Net Name=NetR609_1 New Net Name=NetR608_1
