Replace Part SW* 2MiniSwitch in G:\Mi unidad\e-Tech\Electronics\Electronics Repo\commonfiles\Altium_Libraries_e-Tech_Racing\Schematics\Electromechanical.SchLib with 2MiniSwitch from Electromechanical.SchLib
Replace Part SW* 16RotarySwitch in G:\Mi unidad\e-Tech\Electronics\Electronics Repo\commonfiles\Altium_Libraries_e-Tech_Racing\Schematics\Electromechanical.SchLib with 16RotarySwitch from Electromechanical.SchLib
Replace Part J* J_CAN in G:\Mi unidad\e-Tech\Electronics\Electronics Repo\commonfiles\Altium_Libraries_e-Tech_Racing\Schematics\Electromechanical.SchLib with J_CAN from Electromechanical.SchLib
Replace Part J* J_CON2x1 in G:\Mi unidad\e-Tech\Electronics\Electronics Repo\commonfiles\Altium_Libraries_e-Tech_Racing\Schematics\Electromechanical.SchLib with J_CON2x1 from Electromechanical.SchLib
Replace Part J* J_CON3x1 in G:\Mi unidad\e-Tech\Electronics\Electronics Repo\commonfiles\Altium_Libraries_e-Tech_Racing\Schematics\Electromechanical.SchLib with J_CON3x1 from Electromechanical.SchLib
Replace Part J* J_DB9 in G:\Mi unidad\e-Tech\Electronics\Electronics Repo\commonfiles\Altium_Libraries_e-Tech_Racing\Schematics\Electromechanical.SchLib with J_DB9 from Electromechanical.SchLib
Replace Part J* J_Jumper in G:\Mi unidad\e-Tech\Electronics\Electronics Repo\commonfiles\Altium_Libraries_e-Tech_Racing\Schematics\Electromechanical.SchLib with J_Jumper from Electromechanical.SchLib
Replace Part J* J_MegaFit_2x3 in G:\Mi unidad\e-Tech\Electronics\Electronics Repo\commonfiles\Altium_Libraries_e-Tech_Racing\Schematics\Electromechanical.SchLib with J_MegaFit_2x3 from Electromechanical.SchLib
Replace Part J* J_MicroFit_1x12 in G:\Mi unidad\e-Tech\Electronics\Electronics Repo\commonfiles\Altium_Libraries_e-Tech_Racing\Schematics\Electromechanical.SchLib with J_MicroFit_1x12 from Electromechanical.SchLib
Replace Part J* J_MicroFit_1x12_SMD in G:\Mi unidad\e-Tech\Electronics\Electronics Repo\commonfiles\Altium_Libraries_e-Tech_Racing\Schematics\Electromechanical.SchLib with J_MicroFit_1x12_SMD from Electromechanical.SchLib
Replace Part J* J_MicroFit_2x2 in G:\Mi unidad\e-Tech\Electronics\Electronics Repo\commonfiles\Altium_Libraries_e-Tech_Racing\Schematics\Electromechanical.SchLib with J_MicroFit_2x2 from Electromechanical.SchLib
Replace Part J* J_MicroFit_2x4 in G:\Mi unidad\e-Tech\Electronics\Electronics Repo\commonfiles\Altium_Libraries_e-Tech_Racing\Schematics\Electromechanical.SchLib with J_MicroFit_2x4 from Electromechanical.SchLib
Replace Part J* J_MiniFit_1x2 in G:\Mi unidad\e-Tech\Electronics\Electronics Repo\commonfiles\Altium_Libraries_e-Tech_Racing\Schematics\Electromechanical.SchLib with J_MiniFit_1x2 from Electromechanical.SchLib
Replace Part J* J_NanoFit_1x4 in G:\Mi unidad\e-Tech\Electronics\Electronics Repo\commonfiles\Altium_Libraries_e-Tech_Racing\Schematics\Electromechanical.SchLib with J_NanoFit_1x4 from Electromechanical.SchLib
Replace Part J* J_NanoFit_1x4_V in G:\Mi unidad\e-Tech\Electronics\Electronics Repo\commonfiles\Altium_Libraries_e-Tech_Racing\Schematics\Electromechanical.SchLib with J_NanoFit_1x4_V from Electromechanical.SchLib
Replace Part J* J_NanoFit_1x4_V_W in G:\Mi unidad\e-Tech\Electronics\Electronics Repo\commonfiles\Altium_Libraries_e-Tech_Racing\Schematics\Electromechanical.SchLib with J_NanoFit_1x4_V_W from Electromechanical.SchLib
Replace Part J* J_NanoFit_2x3_V in G:\Mi unidad\e-Tech\Electronics\Electronics Repo\commonfiles\Altium_Libraries_e-Tech_Racing\Schematics\Electromechanical.SchLib with J_NanoFit_2x3_V from Electromechanical.SchLib
Replace Part J* J_NanoFit_2x4 in G:\Mi unidad\e-Tech\Electronics\Electronics Repo\commonfiles\Altium_Libraries_e-Tech_Racing\Schematics\Electromechanical.SchLib with J_NanoFit_2x4 from Electromechanical.SchLib
Replace Part J* J_NanoFit_2x4_V in G:\Mi unidad\e-Tech\Electronics\Electronics Repo\commonfiles\Altium_Libraries_e-Tech_Racing\Schematics\Electromechanical.SchLib with J_NanoFit_2x4_V from Electromechanical.SchLib
Replace Part J* J_NanoFit_2x8 in G:\Mi unidad\e-Tech\Electronics\Electronics Repo\commonfiles\Altium_Libraries_e-Tech_Racing\Schematics\Electromechanical.SchLib with J_NanoFit_2x8 from Electromechanical.SchLib
Replace Part J* J_NanoFit_2x8_V in G:\Mi unidad\e-Tech\Electronics\Electronics Repo\commonfiles\Altium_Libraries_e-Tech_Racing\Schematics\Electromechanical.SchLib with J_NanoFit_2x8_V from Electromechanical.SchLib
Replace Part J* J_Pickit3 in G:\Mi unidad\e-Tech\Electronics\Electronics Repo\commonfiles\Altium_Libraries_e-Tech_Racing\Schematics\Electromechanical.SchLib with J_Pickit3 from Electromechanical.SchLib
Replace Part J* J_Pinheader_1x8 in G:\Mi unidad\e-Tech\Electronics\Electronics Repo\commonfiles\Altium_Libraries_e-Tech_Racing\Schematics\Electromechanical.SchLib with J_Pinheader_1x8 from Electromechanical.SchLib
Replace Part J* J_Pinheader_1x12 in G:\Mi unidad\e-Tech\Electronics\Electronics Repo\commonfiles\Altium_Libraries_e-Tech_Racing\Schematics\Electromechanical.SchLib with J_Pinheader_1x12 from Electromechanical.SchLib
Replace Part J* J_SocketHeader_1x8 in G:\Mi unidad\e-Tech\Electronics\Electronics Repo\commonfiles\Altium_Libraries_e-Tech_Racing\Schematics\Electromechanical.SchLib with J_SocketHeader_1x8 from Electromechanical.SchLib
Replace Part J* J_SocketHeader_1x12 in G:\Mi unidad\e-Tech\Electronics\Electronics Repo\commonfiles\Altium_Libraries_e-Tech_Racing\Schematics\Electromechanical.SchLib with J_SocketHeader_1x12 from Electromechanical.SchLib
Replace Part J* J_Supply in G:\Mi unidad\e-Tech\Electronics\Electronics Repo\commonfiles\Altium_Libraries_e-Tech_Racing\Schematics\Electromechanical.SchLib with J_Supply from Electromechanical.SchLib
Replace Part J* J_UART in G:\Mi unidad\e-Tech\Electronics\Electronics Repo\commonfiles\Altium_Libraries_e-Tech_Racing\Schematics\Electromechanical.SchLib with J_UART from Electromechanical.SchLib
Replace Part X* Relay_DAR72410FU in G:\Mi unidad\e-Tech\Electronics\Electronics Repo\commonfiles\Altium_Libraries_e-Tech_Racing\Schematics\Electromechanical.SchLib with Relay_DAR72410FU from Electromechanical.SchLib
Replace Part X* Relay_DBR72410FU in G:\Mi unidad\e-Tech\Electronics\Electronics Repo\commonfiles\Altium_Libraries_e-Tech_Racing\Schematics\Electromechanical.SchLib with Relay_DBR72410FU from Electromechanical.SchLib
Replace Part X* Relay_G5V-1-DC5 in G:\Mi unidad\e-Tech\Electronics\Electronics Repo\commonfiles\Altium_Libraries_e-Tech_Racing\Schematics\Electromechanical.SchLib with Relay_G5V-1-DC5 from Electromechanical.SchLib
Replace Part J* USB_MINI2.0 in G:\Mi unidad\e-Tech\Electronics\Electronics Repo\commonfiles\Altium_Libraries_e-Tech_Racing\Schematics\Electromechanical.SchLib with USB_MINI2.0 from Electromechanical.SchLib
