Replace Part U* Array_4_TRTNPN-0.5/40-SOIC in G:\Mi unidad\e-Tech\Electronics\Electronics Repo\commonfiles\Altium_Libraries_e-Tech_Racing\Schematics\Semiconductor.SchLib with Array_4_TRTNPN-0.5/40-SOIC from Semiconductor.SchLib
Replace Part U* Array_4_TRTPNP-0.2/40-SOIC in G:\Mi unidad\e-Tech\Electronics\Electronics Repo\commonfiles\Altium_Libraries_e-Tech_Racing\Schematics\Semiconductor.SchLib with Array_4_TRTPNP-0.2/40-SOIC from Semiconductor.SchLib
Replace Part DCDC* DCDC60W-2405 in G:\Mi unidad\e-Tech\Electronics\Electronics Repo\commonfiles\Altium_Libraries_e-Tech_Racing\Schematics\Semiconductor.SchLib with DCDC60W-2405 from Semiconductor.SchLib
Replace Part DCDC* DCDC60W-2412 in G:\Mi unidad\e-Tech\Electronics\Electronics Repo\commonfiles\Altium_Libraries_e-Tech_Racing\Schematics\Semiconductor.SchLib with DCDC60W-2412 from Semiconductor.SchLib
Replace Part DCDC* DCDC60W-2424 in G:\Mi unidad\e-Tech\Electronics\Electronics Repo\commonfiles\Altium_Libraries_e-Tech_Racing\Schematics\Semiconductor.SchLib with DCDC60W-2424 from Semiconductor.SchLib
Replace Part DCDC* DCDC240W-4824 in G:\Mi unidad\e-Tech\Electronics\Electronics Repo\commonfiles\Altium_Libraries_e-Tech_Racing\Schematics\Semiconductor.SchLib with DCDC240W-4824 from Semiconductor.SchLib
Replace Part DCDC* DCDC-42V/5V-1A in G:\Mi unidad\e-Tech\Electronics\Electronics Repo\commonfiles\Altium_Libraries_e-Tech_Racing\Schematics\Semiconductor.SchLib with DCDC-42V/5V-1A from Semiconductor.SchLib
Replace Part DCDC* DCDC-72V/5V-0.5A in G:\Mi unidad\e-Tech\Electronics\Electronics Repo\commonfiles\Altium_Libraries_e-Tech_Racing\Schematics\Semiconductor.SchLib with DCDC-72V/5V-0.5A from Semiconductor.SchLib
Replace Part U* DCDC-Fixed Isolated Module in G:\Mi unidad\e-Tech\Electronics\Electronics Repo\commonfiles\Altium_Libraries_e-Tech_Racing\Schematics\Semiconductor.SchLib with DCDC-Fixed Isolated Module from Semiconductor.SchLib
Replace Part DCDC* DCDC-ISO-1000V/5V-1A in G:\Mi unidad\e-Tech\Electronics\Electronics Repo\commonfiles\Altium_Libraries_e-Tech_Racing\Schematics\Semiconductor.SchLib with DCDC-ISO-1000V/5V-1A from Semiconductor.SchLib
Replace Part DCDC* DCDC_Integrated isolated converter ADuM5242 in G:\Mi unidad\e-Tech\Electronics\Electronics Repo\commonfiles\Altium_Libraries_e-Tech_Racing\Schematics\Semiconductor.SchLib with DCDC_Integrated isolated converter ADuM5242 from Semiconductor.SchLib
Replace Part DCDC* DCDC_RNM-0505S/P in G:\Mi unidad\e-Tech\Electronics\Electronics Repo\commonfiles\Altium_Libraries_e-Tech_Racing\Schematics\Semiconductor.SchLib with DCDC_RNM-0505S/P from Semiconductor.SchLib
Replace Part D* DSC-0.5/40-SOD_323 in G:\Mi unidad\e-Tech\Electronics\Electronics Repo\commonfiles\Altium_Libraries_e-Tech_Racing\Schematics\Semiconductor.SchLib with DSC-0.5/40-SOD_323 from Semiconductor.SchLib
Replace Part D* DZ-6.2V-DO-214AC in G:\Mi unidad\e-Tech\Electronics\Electronics Repo\commonfiles\Altium_Libraries_e-Tech_Racing\Schematics\Semiconductor.SchLib with DZ-6.2V-DO-214AC from Semiconductor.SchLib
Replace Part U* LDO_10V-0.8/3V3-SOT223 in G:\Mi unidad\e-Tech\Electronics\Electronics Repo\commonfiles\Altium_Libraries_e-Tech_Racing\Schematics\Semiconductor.SchLib with LDO_10V-0.8/3V3-SOT223 from Semiconductor.SchLib
Replace Part U* LDO_35V-1/12V-TO220 in G:\Mi unidad\e-Tech\Electronics\Electronics Repo\commonfiles\Altium_Libraries_e-Tech_Racing\Schematics\Semiconductor.SchLib with LDO_35V-1/12V-TO220 from Semiconductor.SchLib
Replace Part D* LEDBGS-1206-40 in G:\Mi unidad\e-Tech\Electronics\Electronics Repo\commonfiles\Altium_Libraries_e-Tech_Racing\Schematics\Semiconductor.SchLib with LEDBGS-1206-40 from Semiconductor.SchLib
Replace Part D* LEDBS-0805-145 in G:\Mi unidad\e-Tech\Electronics\Electronics Repo\commonfiles\Altium_Libraries_e-Tech_Racing\Schematics\Semiconductor.SchLib with LEDBS-0805-145 from Semiconductor.SchLib
Replace Part D* LEDBS-1206-145 in G:\Mi unidad\e-Tech\Electronics\Electronics Repo\commonfiles\Altium_Libraries_e-Tech_Racing\Schematics\Semiconductor.SchLib with LEDBS-1206-145 from Semiconductor.SchLib
Replace Part D* LEDGS-0805-450 in G:\Mi unidad\e-Tech\Electronics\Electronics Repo\commonfiles\Altium_Libraries_e-Tech_Racing\Schematics\Semiconductor.SchLib with LEDGS-0805-450 from Semiconductor.SchLib
Replace Part D* LEDGS-1206-450 in G:\Mi unidad\e-Tech\Electronics\Electronics Repo\commonfiles\Altium_Libraries_e-Tech_Racing\Schematics\Semiconductor.SchLib with LEDGS-1206-450 from Semiconductor.SchLib
Replace Part D* LEDGS-1411-1000 in G:\Mi unidad\e-Tech\Electronics\Electronics Repo\commonfiles\Altium_Libraries_e-Tech_Racing\Schematics\Semiconductor.SchLib with LEDGS-1411-1000 from Semiconductor.SchLib
Replace Part D* LEDGS-2214-1200 in G:\Mi unidad\e-Tech\Electronics\Electronics Repo\commonfiles\Altium_Libraries_e-Tech_Racing\Schematics\Semiconductor.SchLib with LEDGS-2214-1200 from Semiconductor.SchLib
Replace Part D* LEDGS-3535-85 in G:\Mi unidad\e-Tech\Electronics\Electronics Repo\commonfiles\Altium_Libraries_e-Tech_Racing\Schematics\Semiconductor.SchLib with LEDGS-3535-85 from Semiconductor.SchLib
Replace Part D* LEDRS-0805-150 in G:\Mi unidad\e-Tech\Electronics\Electronics Repo\commonfiles\Altium_Libraries_e-Tech_Racing\Schematics\Semiconductor.SchLib with LEDRS-0805-150 from Semiconductor.SchLib
Replace Part D* LEDRS-1206-150 in G:\Mi unidad\e-Tech\Electronics\Electronics Repo\commonfiles\Altium_Libraries_e-Tech_Racing\Schematics\Semiconductor.SchLib with LEDRS-1206-150 from Semiconductor.SchLib
Replace Part D* LEDRS-1206-1100-Reverse in G:\Mi unidad\e-Tech\Electronics\Electronics Repo\commonfiles\Altium_Libraries_e-Tech_Racing\Schematics\Semiconductor.SchLib with LEDRS-1206-1100-Reverse from Semiconductor.SchLib
Replace Part D* LEDRS-1411-300 in G:\Mi unidad\e-Tech\Electronics\Electronics Repo\commonfiles\Altium_Libraries_e-Tech_Racing\Schematics\Semiconductor.SchLib with LEDRS-1411-300 from Semiconductor.SchLib
Replace Part D* LEDRS-3535-55 in G:\Mi unidad\e-Tech\Electronics\Electronics Repo\commonfiles\Altium_Libraries_e-Tech_Racing\Schematics\Semiconductor.SchLib with LEDRS-3535-55 from Semiconductor.SchLib
Replace Part D* LEDVS-0805-40 in G:\Mi unidad\e-Tech\Electronics\Electronics Repo\commonfiles\Altium_Libraries_e-Tech_Racing\Schematics\Semiconductor.SchLib with LEDVS-0805-40 from Semiconductor.SchLib
Replace Part D* LEDYS-0805-120 in G:\Mi unidad\e-Tech\Electronics\Electronics Repo\commonfiles\Altium_Libraries_e-Tech_Racing\Schematics\Semiconductor.SchLib with LEDYS-0805-120 from Semiconductor.SchLib
Replace Part D* LEDYS-1206-120 in G:\Mi unidad\e-Tech\Electronics\Electronics Repo\commonfiles\Altium_Libraries_e-Tech_Racing\Schematics\Semiconductor.SchLib with LEDYS-1206-120 from Semiconductor.SchLib
Replace Part D* LEDYS-3528-260 in G:\Mi unidad\e-Tech\Electronics\Electronics Repo\commonfiles\Altium_Libraries_e-Tech_Racing\Schematics\Semiconductor.SchLib with LEDYS-3528-260 from Semiconductor.SchLib
Replace Part U* Optocoupler_4N35 in G:\Mi unidad\e-Tech\Electronics\Electronics Repo\commonfiles\Altium_Libraries_e-Tech_Racing\Schematics\Semiconductor.SchLib with Optocoupler_4N35 from Semiconductor.SchLib
Replace Part Q* TRT-NCH-3/35-CPH in G:\Mi unidad\e-Tech\Electronics\Electronics Repo\commonfiles\Altium_Libraries_e-Tech_Racing\Schematics\Semiconductor.SchLib with TRT-NCH-3/35-CPH from Semiconductor.SchLib
Replace Part Q* TRT-NCH-8/40-SQ in G:\Mi unidad\e-Tech\Electronics\Electronics Repo\commonfiles\Altium_Libraries_e-Tech_Racing\Schematics\Semiconductor.SchLib with TRT-NCH-8/40-SQ from Semiconductor.SchLib
Replace Part Q* TRT-NPN-0.5/45-SOT23 in G:\Mi unidad\e-Tech\Electronics\Electronics Repo\commonfiles\Altium_Libraries_e-Tech_Racing\Schematics\Semiconductor.SchLib with TRT-NPN-0.5/45-SOT23 from Semiconductor.SchLib
Replace Part Q* TRT-PCH-2/30-BSS in G:\Mi unidad\e-Tech\Electronics\Electronics Repo\commonfiles\Altium_Libraries_e-Tech_Racing\Schematics\Semiconductor.SchLib with TRT-PCH-2/30-BSS from Semiconductor.SchLib
Replace Part Q* TRT_NPN_0.3/30-SOT23 in G:\Mi unidad\e-Tech\Electronics\Electronics Repo\commonfiles\Altium_Libraries_e-Tech_Racing\Schematics\Semiconductor.SchLib with TRT_NPN_0.3/30-SOT23 from Semiconductor.SchLib
Replace Part Q* TRTNPN-4/80-SOIC in G:\Mi unidad\e-Tech\Electronics\Electronics Repo\commonfiles\Altium_Libraries_e-Tech_Racing\Schematics\Semiconductor.SchLib with TRTNPN-4/80-SOIC from Semiconductor.SchLib
