Replace Part C101 C10u-50V-1210FNPMLCC-X7R in G:\Mi unidad\e-Tech\Electronics\Electronics Repo\BMS\AMS_Slave\AMS_Slave_PCB\[1] Supply.SchDoc with C10u-50V-1210FNPMLCC-X7R from Passives.SchLib
Replace Part C102 C1u-50V-0805FNPC-X7R in G:\Mi unidad\e-Tech\Electronics\Electronics Repo\BMS\AMS_Slave\AMS_Slave_PCB\[1] Supply.SchDoc with C1u-50V-0805FNPC-X7R from Passives.SchLib
Replace Part C103 C100n-50V-0805FNPC-X7R in G:\Mi unidad\e-Tech\Electronics\Electronics Repo\BMS\AMS_Slave\AMS_Slave_PCB\[1] Supply.SchDoc with C100n-50V-0805FNPC-X7R from Passives.SchLib
Replace Part C104 C10n-50V-0805FNPC-X7R in G:\Mi unidad\e-Tech\Electronics\Electronics Repo\BMS\AMS_Slave\AMS_Slave_PCB\[1] Supply.SchDoc with C10n-50V-0805FNPC-X7R from Passives.SchLib
Replace Part C105 C100n-50V-0805FNPC-X7R in G:\Mi unidad\e-Tech\Electronics\Electronics Repo\BMS\AMS_Slave\AMS_Slave_PCB\[1] Supply.SchDoc with C100n-50V-0805FNPC-X7R from Passives.SchLib
Replace Part C106 C100n-50V-0805FNPC-X7R in G:\Mi unidad\e-Tech\Electronics\Electronics Repo\BMS\AMS_Slave\AMS_Slave_PCB\[1] Supply.SchDoc with C100n-50V-0805FNPC-X7R from Passives.SchLib
Replace Part D101 DTVS-BD-30k-SOD323 in G:\Mi unidad\e-Tech\Electronics\Electronics Repo\BMS\AMS_Slave\AMS_Slave_PCB\[1] Supply.SchDoc with DTVS-BD-30k-SOD323 from Filter components.SchLib
Replace Part D102 DSC-0.5/40-SOD_323 in G:\Mi unidad\e-Tech\Electronics\Electronics Repo\BMS\AMS_Slave\AMS_Slave_PCB\[1] Supply.SchDoc with DSC-0.5/40-SOD_323 from Semiconductor.SchLib
Replace Part D103 LEDVS-0805-40 in G:\Mi unidad\e-Tech\Electronics\Electronics Repo\BMS\AMS_Slave\AMS_Slave_PCB\[1] Supply.SchDoc with LEDVS-0805-40 from Semiconductor.SchLib
Replace Part D104 LEDVS-0805-40 in G:\Mi unidad\e-Tech\Electronics\Electronics Repo\BMS\AMS_Slave\AMS_Slave_PCB\[1] Supply.SchDoc with LEDVS-0805-40 from Semiconductor.SchLib
Replace Part DCDC101 DCDC-72V/5V-0.5A in G:\Mi unidad\e-Tech\Electronics\Electronics Repo\BMS\AMS_Slave\AMS_Slave_PCB\[1] Supply.SchDoc with DCDC-72V/5V-0.5A from Semiconductor.SchLib
Replace Part F101 Fuse_1A_63V_1206 in G:\Mi unidad\e-Tech\Electronics\Electronics Repo\BMS\AMS_Slave\AMS_Slave_PCB\[1] Supply.SchDoc with Fuse_1A_63V_1206 from Filter components.SchLib
Replace Part J101 J_Jumper in G:\Mi unidad\e-Tech\Electronics\Electronics Repo\BMS\AMS_Slave\AMS_Slave_PCB\[1] Supply.SchDoc with J_Jumper from Electromechanical.SchLib
Replace Part R101 R470-0805FTK in G:\Mi unidad\e-Tech\Electronics\Electronics Repo\BMS\AMS_Slave\AMS_Slave_PCB\[1] Supply.SchDoc with R470-0805FTK from Passives.SchLib
Replace Part R102 R470-0805FTK in G:\Mi unidad\e-Tech\Electronics\Electronics Repo\BMS\AMS_Slave\AMS_Slave_PCB\[1] Supply.SchDoc with R470-0805FTK from Passives.SchLib
Replace Part TP101 TestPoint in G:\Mi unidad\e-Tech\Electronics\Electronics Repo\BMS\AMS_Slave\AMS_Slave_PCB\[1] Supply.SchDoc with TestPoint from e-Tech_Racing.SchLib
Replace Part TP102 TestPoint in G:\Mi unidad\e-Tech\Electronics\Electronics Repo\BMS\AMS_Slave\AMS_Slave_PCB\[1] Supply.SchDoc with TestPoint from e-Tech_Racing.SchLib
Replace Part TP103 TestPoint in G:\Mi unidad\e-Tech\Electronics\Electronics Repo\BMS\AMS_Slave\AMS_Slave_PCB\[1] Supply.SchDoc with TestPoint from e-Tech_Racing.SchLib
Replace Part TP104 TestPoint in G:\Mi unidad\e-Tech\Electronics\Electronics Repo\BMS\AMS_Slave\AMS_Slave_PCB\[1] Supply.SchDoc with TestPoint from e-Tech_Racing.SchLib
Replace Part TP105 TestPoint in G:\Mi unidad\e-Tech\Electronics\Electronics Repo\BMS\AMS_Slave\AMS_Slave_PCB\[1] Supply.SchDoc with TestPoint from e-Tech_Racing.SchLib
Replace Part TP106 TestPoint in G:\Mi unidad\e-Tech\Electronics\Electronics Repo\BMS\AMS_Slave\AMS_Slave_PCB\[1] Supply.SchDoc with TestPoint from e-Tech_Racing.SchLib
Replace Part U101 LDO_10V-0.8/3V3-SOT223 in G:\Mi unidad\e-Tech\Electronics\Electronics Repo\BMS\AMS_Slave\AMS_Slave_PCB\[1] Supply.SchDoc with LDO_10V-0.8/3V3-SOT223 from Semiconductor.SchLib
