Replace Symbol from C101 C10u-50V-1210FNPMLCC-X7R in C:\Users\dwegg\Google Drive\e-Tech\Electronics\Electronics Repo\BMS\AMS_Slave\AMS_Slave_PCB\[1] Supply.SchDoc with C10u-50V-1210FNPMLCC-X7R from Passives.SchLib
Replace Symbol from C102 C1u-50V-0805FNPC-X7R in C:\Users\dwegg\Google Drive\e-Tech\Electronics\Electronics Repo\BMS\AMS_Slave\AMS_Slave_PCB\[1] Supply.SchDoc with C1u-50V-0805FNPC-X7R from Passives.SchLib
Replace Symbol from C103 C100n-50V-0805FNPC-X7R in C:\Users\dwegg\Google Drive\e-Tech\Electronics\Electronics Repo\BMS\AMS_Slave\AMS_Slave_PCB\[1] Supply.SchDoc with C100n-50V-0805FNPC-X7R from Passives.SchLib
Replace Symbol from C104 C10n-50V-0805FNPC-X7R in C:\Users\dwegg\Google Drive\e-Tech\Electronics\Electronics Repo\BMS\AMS_Slave\AMS_Slave_PCB\[1] Supply.SchDoc with C10n-50V-0805FNPC-X7R from Passives.SchLib
Replace Symbol from C105 C100n-50V-0805FNPC-X7R in C:\Users\dwegg\Google Drive\e-Tech\Electronics\Electronics Repo\BMS\AMS_Slave\AMS_Slave_PCB\[1] Supply.SchDoc with C100n-50V-0805FNPC-X7R from Passives.SchLib
Replace Symbol from C106 C100n-50V-0805FNPC-X7R in C:\Users\dwegg\Google Drive\e-Tech\Electronics\Electronics Repo\BMS\AMS_Slave\AMS_Slave_PCB\[1] Supply.SchDoc with C100n-50V-0805FNPC-X7R from Passives.SchLib
Replace Symbol from D101 DTVS-6V-DO-214AC in C:\Users\dwegg\Google Drive\e-Tech\Electronics\Electronics Repo\BMS\AMS_Slave\AMS_Slave_PCB\[1] Supply.SchDoc with DTVS-6V-DO-214AC from Filter components.SchLib
Replace Symbol from D102 LEDVS-0805-40 in C:\Users\dwegg\Google Drive\e-Tech\Electronics\Electronics Repo\BMS\AMS_Slave\AMS_Slave_PCB\[1] Supply.SchDoc with LEDVS-0805-40 from Semiconductor.SchLib
Replace Symbol from D103 LEDVS-0805-40 in C:\Users\dwegg\Google Drive\e-Tech\Electronics\Electronics Repo\BMS\AMS_Slave\AMS_Slave_PCB\[1] Supply.SchDoc with LEDVS-0805-40 from Semiconductor.SchLib
Replace Symbol from DCDC101 DCDC-42V/5V-1A in C:\Users\dwegg\Google Drive\e-Tech\Electronics\Electronics Repo\BMS\AMS_Slave\AMS_Slave_PCB\[1] Supply.SchDoc with DCDC-42V/5V-1A from Semiconductor.SchLib
Replace Symbol from F101 Fuse_1A_63V_1206 in C:\Users\dwegg\Google Drive\e-Tech\Electronics\Electronics Repo\BMS\AMS_Slave\AMS_Slave_PCB\[1] Supply.SchDoc with Fuse_1A_63V_1206 from Filter components.SchLib
Replace Symbol from R101 R470-0805FTK in C:\Users\dwegg\Google Drive\e-Tech\Electronics\Electronics Repo\BMS\AMS_Slave\AMS_Slave_PCB\[1] Supply.SchDoc with R470-0805FTK from Passives.SchLib
Replace Symbol from R102 R470-0805FTK in C:\Users\dwegg\Google Drive\e-Tech\Electronics\Electronics Repo\BMS\AMS_Slave\AMS_Slave_PCB\[1] Supply.SchDoc with R470-0805FTK from Passives.SchLib
Replace Symbol from TP101 TestPoint in C:\Users\dwegg\Google Drive\e-Tech\Electronics\Electronics Repo\BMS\AMS_Slave\AMS_Slave_PCB\[1] Supply.SchDoc with TestPoint from e-Tech_Racing.SchLib
Replace Symbol from TP102 TestPoint in C:\Users\dwegg\Google Drive\e-Tech\Electronics\Electronics Repo\BMS\AMS_Slave\AMS_Slave_PCB\[1] Supply.SchDoc with TestPoint from e-Tech_Racing.SchLib
Replace Symbol from TP103 TestPoint in C:\Users\dwegg\Google Drive\e-Tech\Electronics\Electronics Repo\BMS\AMS_Slave\AMS_Slave_PCB\[1] Supply.SchDoc with TestPoint from e-Tech_Racing.SchLib
Replace Symbol from TP104 TestPoint in C:\Users\dwegg\Google Drive\e-Tech\Electronics\Electronics Repo\BMS\AMS_Slave\AMS_Slave_PCB\[1] Supply.SchDoc with TestPoint from e-Tech_Racing.SchLib
Replace Symbol from TP105 TestPoint in C:\Users\dwegg\Google Drive\e-Tech\Electronics\Electronics Repo\BMS\AMS_Slave\AMS_Slave_PCB\[1] Supply.SchDoc with TestPoint from e-Tech_Racing.SchLib
Replace Symbol from TP106 TestPoint in C:\Users\dwegg\Google Drive\e-Tech\Electronics\Electronics Repo\BMS\AMS_Slave\AMS_Slave_PCB\[1] Supply.SchDoc with TestPoint from e-Tech_Racing.SchLib
Replace Symbol from U102 LDO_10V-0.8/3V3-SOT223 in C:\Users\dwegg\Google Drive\e-Tech\Electronics\Electronics Repo\BMS\AMS_Slave\AMS_Slave_PCB\[1] Supply.SchDoc with LDO_10V-0.8/3V3-SOT223 from Semiconductor.SchLib
