Replace Part C201 C15p-50V-0805FNPC-NP0 in C:\Users\dwegg\Google Drive\e-Tech\Electronics\Electronics Repo\BMS\AMS_Slave\AMS_Slave_PCB\[2] MCU.SchDoc with C15p-50V-0805FNPC-NP0 from Passives.SchLib
Replace Part C202 C15p-50V-0805FNPC-NP0 in C:\Users\dwegg\Google Drive\e-Tech\Electronics\Electronics Repo\BMS\AMS_Slave\AMS_Slave_PCB\[2] MCU.SchDoc with C15p-50V-0805FNPC-NP0 from Passives.SchLib
Replace Part C204 C10n-50V-0805FNPC-X7R in C:\Users\dwegg\Google Drive\e-Tech\Electronics\Electronics Repo\BMS\AMS_Slave\AMS_Slave_PCB\[2] MCU.SchDoc with C10n-50V-0805FNPC-X7R from Passives.SchLib
Replace Part C205 C100n-50V-0805FNPC-X7R in C:\Users\dwegg\Google Drive\e-Tech\Electronics\Electronics Repo\BMS\AMS_Slave\AMS_Slave_PCB\[2] MCU.SchDoc with C100n-50V-0805FNPC-X7R from Passives.SchLib
Replace Part C206 C10n-50V-0805FNPC-X7R in C:\Users\dwegg\Google Drive\e-Tech\Electronics\Electronics Repo\BMS\AMS_Slave\AMS_Slave_PCB\[2] MCU.SchDoc with C10n-50V-0805FNPC-X7R from Passives.SchLib
Replace Part C207 C100n-50V-0805FNPC-X7R in C:\Users\dwegg\Google Drive\e-Tech\Electronics\Electronics Repo\BMS\AMS_Slave\AMS_Slave_PCB\[2] MCU.SchDoc with C100n-50V-0805FNPC-X7R from Passives.SchLib
Replace Part C208 C10n-50V-0805FNPC-X7R in C:\Users\dwegg\Google Drive\e-Tech\Electronics\Electronics Repo\BMS\AMS_Slave\AMS_Slave_PCB\[2] MCU.SchDoc with C10n-50V-0805FNPC-X7R from Passives.SchLib
Replace Part D201 LEDBS-0805-145 in C:\Users\dwegg\Google Drive\e-Tech\Electronics\Electronics Repo\BMS\AMS_Slave\AMS_Slave_PCB\[2] MCU.SchDoc with LEDBS-0805-145 from Semiconductor.SchLib
Replace Part D202 LEDBS-0805-145 in C:\Users\dwegg\Google Drive\e-Tech\Electronics\Electronics Repo\BMS\AMS_Slave\AMS_Slave_PCB\[2] MCU.SchDoc with LEDBS-0805-145 from Semiconductor.SchLib
Replace Part D203 LEDRS-0805-150 in C:\Users\dwegg\Google Drive\e-Tech\Electronics\Electronics Repo\BMS\AMS_Slave\AMS_Slave_PCB\[2] MCU.SchDoc with LEDRS-0805-150 from Semiconductor.SchLib
Replace Part J201 J_Pickit3 in C:\Users\dwegg\Google Drive\e-Tech\Electronics\Electronics Repo\BMS\AMS_Slave\AMS_Slave_PCB\[2] MCU.SchDoc with J_Pickit3 from Electromechanical.SchLib
Replace Part J202 J_UART in C:\Users\dwegg\Google Drive\e-Tech\Electronics\Electronics Repo\BMS\AMS_Slave\AMS_Slave_PCB\[2] MCU.SchDoc with J_UART from Electromechanical.SchLib
Replace Part R201 R470-0805FTK in C:\Users\dwegg\Google Drive\e-Tech\Electronics\Electronics Repo\BMS\AMS_Slave\AMS_Slave_PCB\[2] MCU.SchDoc with R470-0805FTK from Passives.SchLib
Replace Part R202 R470-0805FTK in C:\Users\dwegg\Google Drive\e-Tech\Electronics\Electronics Repo\BMS\AMS_Slave\AMS_Slave_PCB\[2] MCU.SchDoc with R470-0805FTK from Passives.SchLib
Replace Part R203 R470-0805FTK in C:\Users\dwegg\Google Drive\e-Tech\Electronics\Electronics Repo\BMS\AMS_Slave\AMS_Slave_PCB\[2] MCU.SchDoc with R470-0805FTK from Passives.SchLib
Replace Part R204 R4.7K-0805FTK in C:\Users\dwegg\Google Drive\e-Tech\Electronics\Electronics Repo\BMS\AMS_Slave\AMS_Slave_PCB\[2] MCU.SchDoc with R4.7K-0805FTK from Passives.SchLib
Replace Part R205 R4.7K-0805FTK in C:\Users\dwegg\Google Drive\e-Tech\Electronics\Electronics Repo\BMS\AMS_Slave\AMS_Slave_PCB\[2] MCU.SchDoc with R4.7K-0805FTK from Passives.SchLib
Replace Part R206 R4.7K-0805FTK in C:\Users\dwegg\Google Drive\e-Tech\Electronics\Electronics Repo\BMS\AMS_Slave\AMS_Slave_PCB\[2] MCU.SchDoc with R4.7K-0805FTK from Passives.SchLib
Replace Part R207 R4.7K-0805FTK in C:\Users\dwegg\Google Drive\e-Tech\Electronics\Electronics Repo\BMS\AMS_Slave\AMS_Slave_PCB\[2] MCU.SchDoc with R4.7K-0805FTK from Passives.SchLib
Replace Part R208 R4.7K-0805FTK in C:\Users\dwegg\Google Drive\e-Tech\Electronics\Electronics Repo\BMS\AMS_Slave\AMS_Slave_PCB\[2] MCU.SchDoc with R4.7K-0805FTK from Passives.SchLib
Replace Part R209 R4.7K-0805FTK in C:\Users\dwegg\Google Drive\e-Tech\Electronics\Electronics Repo\BMS\AMS_Slave\AMS_Slave_PCB\[2] MCU.SchDoc with R4.7K-0805FTK from Passives.SchLib
Replace Part R210 R10k-0805FTK in C:\Users\dwegg\Google Drive\e-Tech\Electronics\Electronics Repo\BMS\AMS_Slave\AMS_Slave_PCB\[2] MCU.SchDoc with R10k-0805FTK from Passives.SchLib
Replace Part R211 R100-0805FTK in C:\Users\dwegg\Google Drive\e-Tech\Electronics\Electronics Repo\BMS\AMS_Slave\AMS_Slave_PCB\[2] MCU.SchDoc with R100-0805FTK from Passives.SchLib
Replace Part R212 R10k-0805FTK in C:\Users\dwegg\Google Drive\e-Tech\Electronics\Electronics Repo\BMS\AMS_Slave\AMS_Slave_PCB\[2] MCU.SchDoc with R10k-0805FTK from Passives.SchLib
Replace Part R213 R10k-0805FTK in C:\Users\dwegg\Google Drive\e-Tech\Electronics\Electronics Repo\BMS\AMS_Slave\AMS_Slave_PCB\[2] MCU.SchDoc with R10k-0805FTK from Passives.SchLib
Replace Part R214 R10k-0805FTK in C:\Users\dwegg\Google Drive\e-Tech\Electronics\Electronics Repo\BMS\AMS_Slave\AMS_Slave_PCB\[2] MCU.SchDoc with R10k-0805FTK from Passives.SchLib
Replace Part R215 R10k-0805FTK in C:\Users\dwegg\Google Drive\e-Tech\Electronics\Electronics Repo\BMS\AMS_Slave\AMS_Slave_PCB\[2] MCU.SchDoc with R10k-0805FTK from Passives.SchLib
Replace Part SW201 16RotarySwitch in C:\Users\dwegg\Google Drive\e-Tech\Electronics\Electronics Repo\BMS\AMS_Slave\AMS_Slave_PCB\[2] MCU.SchDoc with 16RotarySwitch from Electromechanical.SchLib
Replace Part TP201 TestPoint in C:\Users\dwegg\Google Drive\e-Tech\Electronics\Electronics Repo\BMS\AMS_Slave\AMS_Slave_PCB\[2] MCU.SchDoc with TestPoint from e-Tech_Racing.SchLib
Replace Part TP202 TestPoint in C:\Users\dwegg\Google Drive\e-Tech\Electronics\Electronics Repo\BMS\AMS_Slave\AMS_Slave_PCB\[2] MCU.SchDoc with TestPoint from e-Tech_Racing.SchLib
Replace Part TP203 TestPoint in C:\Users\dwegg\Google Drive\e-Tech\Electronics\Electronics Repo\BMS\AMS_Slave\AMS_Slave_PCB\[2] MCU.SchDoc with TestPoint from e-Tech_Racing.SchLib
Replace Part TP204 TestPoint in C:\Users\dwegg\Google Drive\e-Tech\Electronics\Electronics Repo\BMS\AMS_Slave\AMS_Slave_PCB\[2] MCU.SchDoc with TestPoint from e-Tech_Racing.SchLib
Replace Part TP205 TestPoint in C:\Users\dwegg\Google Drive\e-Tech\Electronics\Electronics Repo\BMS\AMS_Slave\AMS_Slave_PCB\[2] MCU.SchDoc with TestPoint from e-Tech_Racing.SchLib
Replace Part TP206 TestPoint in C:\Users\dwegg\Google Drive\e-Tech\Electronics\Electronics Repo\BMS\AMS_Slave\AMS_Slave_PCB\[2] MCU.SchDoc with TestPoint from e-Tech_Racing.SchLib
Replace Part TP207 TestPoint in C:\Users\dwegg\Google Drive\e-Tech\Electronics\Electronics Repo\BMS\AMS_Slave\AMS_Slave_PCB\[2] MCU.SchDoc with TestPoint from e-Tech_Racing.SchLib
Replace Part TP208 TestPoint in C:\Users\dwegg\Google Drive\e-Tech\Electronics\Electronics Repo\BMS\AMS_Slave\AMS_Slave_PCB\[2] MCU.SchDoc with TestPoint from e-Tech_Racing.SchLib
Replace Part TP209 TestPoint in C:\Users\dwegg\Google Drive\e-Tech\Electronics\Electronics Repo\BMS\AMS_Slave\AMS_Slave_PCB\[2] MCU.SchDoc with TestPoint from e-Tech_Racing.SchLib
Replace Part TP210 TestPoint in C:\Users\dwegg\Google Drive\e-Tech\Electronics\Electronics Repo\BMS\AMS_Slave\AMS_Slave_PCB\[2] MCU.SchDoc with TestPoint from e-Tech_Racing.SchLib
Replace Part TP211 TestPoint in C:\Users\dwegg\Google Drive\e-Tech\Electronics\Electronics Repo\BMS\AMS_Slave\AMS_Slave_PCB\[2] MCU.SchDoc with TestPoint from e-Tech_Racing.SchLib
Replace Part TP212 TestPoint in C:\Users\dwegg\Google Drive\e-Tech\Electronics\Electronics Repo\BMS\AMS_Slave\AMS_Slave_PCB\[2] MCU.SchDoc with TestPoint from e-Tech_Racing.SchLib
Replace Part TP213 TestPoint in C:\Users\dwegg\Google Drive\e-Tech\Electronics\Electronics Repo\BMS\AMS_Slave\AMS_Slave_PCB\[2] MCU.SchDoc with TestPoint from e-Tech_Racing.SchLib
Replace Part TP214 TestPoint in C:\Users\dwegg\Google Drive\e-Tech\Electronics\Electronics Repo\BMS\AMS_Slave\AMS_Slave_PCB\[2] MCU.SchDoc with TestPoint from e-Tech_Racing.SchLib
Replace Part TP215 TestPoint in C:\Users\dwegg\Google Drive\e-Tech\Electronics\Electronics Repo\BMS\AMS_Slave\AMS_Slave_PCB\[2] MCU.SchDoc with TestPoint from e-Tech_Racing.SchLib
Replace Part TP216 TestPoint in C:\Users\dwegg\Google Drive\e-Tech\Electronics\Electronics Repo\BMS\AMS_Slave\AMS_Slave_PCB\[2] MCU.SchDoc with TestPoint from e-Tech_Racing.SchLib
Replace Part TP217 TestPoint in C:\Users\dwegg\Google Drive\e-Tech\Electronics\Electronics Repo\BMS\AMS_Slave\AMS_Slave_PCB\[2] MCU.SchDoc with TestPoint from e-Tech_Racing.SchLib
Replace Part TP218 TestPoint in C:\Users\dwegg\Google Drive\e-Tech\Electronics\Electronics Repo\BMS\AMS_Slave\AMS_Slave_PCB\[2] MCU.SchDoc with TestPoint from e-Tech_Racing.SchLib
Replace Part TP219 TestPoint in C:\Users\dwegg\Google Drive\e-Tech\Electronics\Electronics Repo\BMS\AMS_Slave\AMS_Slave_PCB\[2] MCU.SchDoc with TestPoint from e-Tech_Racing.SchLib
Replace Part TP220 TestPoint in C:\Users\dwegg\Google Drive\e-Tech\Electronics\Electronics Repo\BMS\AMS_Slave\AMS_Slave_PCB\[2] MCU.SchDoc with TestPoint from e-Tech_Racing.SchLib
Replace Part TP221 TestPoint in C:\Users\dwegg\Google Drive\e-Tech\Electronics\Electronics Repo\BMS\AMS_Slave\AMS_Slave_PCB\[2] MCU.SchDoc with TestPoint from e-Tech_Racing.SchLib
Replace Part TP222 TestPoint in C:\Users\dwegg\Google Drive\e-Tech\Electronics\Electronics Repo\BMS\AMS_Slave\AMS_Slave_PCB\[2] MCU.SchDoc with TestPoint from e-Tech_Racing.SchLib
Replace Part TP223 TestPoint in C:\Users\dwegg\Google Drive\e-Tech\Electronics\Electronics Repo\BMS\AMS_Slave\AMS_Slave_PCB\[2] MCU.SchDoc with TestPoint from e-Tech_Racing.SchLib
Replace Part TP224 TestPoint in C:\Users\dwegg\Google Drive\e-Tech\Electronics\Electronics Repo\BMS\AMS_Slave\AMS_Slave_PCB\[2] MCU.SchDoc with TestPoint from e-Tech_Racing.SchLib
Replace Part TP225 TestPoint in C:\Users\dwegg\Google Drive\e-Tech\Electronics\Electronics Repo\BMS\AMS_Slave\AMS_Slave_PCB\[2] MCU.SchDoc with TestPoint from e-Tech_Racing.SchLib
Replace Part TP226 TestPoint in C:\Users\dwegg\Google Drive\e-Tech\Electronics\Electronics Repo\BMS\AMS_Slave\AMS_Slave_PCB\[2] MCU.SchDoc with TestPoint from e-Tech_Racing.SchLib
Replace Part TP227 TestPoint in C:\Users\dwegg\Google Drive\e-Tech\Electronics\Electronics Repo\BMS\AMS_Slave\AMS_Slave_PCB\[2] MCU.SchDoc with TestPoint from e-Tech_Racing.SchLib
Replace Part TP228 TestPoint in C:\Users\dwegg\Google Drive\e-Tech\Electronics\Electronics Repo\BMS\AMS_Slave\AMS_Slave_PCB\[2] MCU.SchDoc with TestPoint from e-Tech_Racing.SchLib
Replace Part TP229 TestPoint in C:\Users\dwegg\Google Drive\e-Tech\Electronics\Electronics Repo\BMS\AMS_Slave\AMS_Slave_PCB\[2] MCU.SchDoc with TestPoint from e-Tech_Racing.SchLib
Replace Part TP230 TestPoint in C:\Users\dwegg\Google Drive\e-Tech\Electronics\Electronics Repo\BMS\AMS_Slave\AMS_Slave_PCB\[2] MCU.SchDoc with TestPoint from e-Tech_Racing.SchLib
Replace Part U201 U_PIC24HJ128GP502 in C:\Users\dwegg\Google Drive\e-Tech\Electronics\Electronics Repo\BMS\AMS_Slave\AMS_Slave_PCB\[2] MCU.SchDoc with U_PIC24HJ128GP502 from Integrated circuits.SchLib
Replace Part XTAL201 XTAL20M_SMD in C:\Users\dwegg\Google Drive\e-Tech\Electronics\Electronics Repo\BMS\AMS_Slave\AMS_Slave_PCB\[2] MCU.SchDoc with XTAL20M_SMD from Passives.SchLib
