Replace Symbol from R205 R4.7K-0805FTK in C:\Users\dwegg\Google Drive\e-Tech\Electronics\Electronics Repo\BMS\AMS_Slave\AMS_Slave_PCB\[2] MCU.SchDoc with R4.7K-0805FTK from Passives.SchLib
Replace Symbol from TP203 TestPoint in C:\Users\dwegg\Google Drive\e-Tech\Electronics\Electronics Repo\BMS\AMS_Slave\AMS_Slave_PCB\[2] MCU.SchDoc with TestPoint from e-Tech_Racing.SchLib
Replace Symbol from TP223 TestPoint in C:\Users\dwegg\Google Drive\e-Tech\Electronics\Electronics Repo\BMS\AMS_Slave\AMS_Slave_PCB\[2] MCU.SchDoc with TestPoint from e-Tech_Racing.SchLib
Replace Symbol from C201 C15p-50V-0805FNPC-NP0 in C:\Users\dwegg\Google Drive\e-Tech\Electronics\Electronics Repo\BMS\AMS_Slave\AMS_Slave_PCB\[2] MCU.SchDoc with C15p-50V-0805FNPC-NP0 from Passives.SchLib
Replace Symbol from C202 C15p-50V-0805FNPC-NP0 in C:\Users\dwegg\Google Drive\e-Tech\Electronics\Electronics Repo\BMS\AMS_Slave\AMS_Slave_PCB\[2] MCU.SchDoc with C15p-50V-0805FNPC-NP0 from Passives.SchLib
Replace Symbol from C204 C10n-50V-0805FNPC-X7R in C:\Users\dwegg\Google Drive\e-Tech\Electronics\Electronics Repo\BMS\AMS_Slave\AMS_Slave_PCB\[2] MCU.SchDoc with C10n-50V-0805FNPC-X7R from Passives.SchLib
Replace Symbol from C205 C100n-50V-0805FNPC-X7R in C:\Users\dwegg\Google Drive\e-Tech\Electronics\Electronics Repo\BMS\AMS_Slave\AMS_Slave_PCB\[2] MCU.SchDoc with C100n-50V-0805FNPC-X7R from Passives.SchLib
Replace Symbol from C206 C10n-50V-0805FNPC-X7R in C:\Users\dwegg\Google Drive\e-Tech\Electronics\Electronics Repo\BMS\AMS_Slave\AMS_Slave_PCB\[2] MCU.SchDoc with C10n-50V-0805FNPC-X7R from Passives.SchLib
Replace Symbol from C207 C100n-50V-0805FNPC-X7R in C:\Users\dwegg\Google Drive\e-Tech\Electronics\Electronics Repo\BMS\AMS_Slave\AMS_Slave_PCB\[2] MCU.SchDoc with C100n-50V-0805FNPC-X7R from Passives.SchLib
Replace Symbol from D201 LEDRS-0805-150 in C:\Users\dwegg\Google Drive\e-Tech\Electronics\Electronics Repo\BMS\AMS_Slave\AMS_Slave_PCB\[2] MCU.SchDoc with LEDRS-0805-150 from Semiconductor.SchLib
Replace Symbol from D202 LEDBS-0805-145 in C:\Users\dwegg\Google Drive\e-Tech\Electronics\Electronics Repo\BMS\AMS_Slave\AMS_Slave_PCB\[2] MCU.SchDoc with LEDBS-0805-145 from Semiconductor.SchLib
Replace Symbol from D203 LEDBS-0805-145 in C:\Users\dwegg\Google Drive\e-Tech\Electronics\Electronics Repo\BMS\AMS_Slave\AMS_Slave_PCB\[2] MCU.SchDoc with LEDBS-0805-145 from Semiconductor.SchLib
Replace Symbol from R201 R470-0805FTK in C:\Users\dwegg\Google Drive\e-Tech\Electronics\Electronics Repo\BMS\AMS_Slave\AMS_Slave_PCB\[2] MCU.SchDoc with R470-0805FTK from Passives.SchLib
Replace Symbol from R202 R470-0805FTK in C:\Users\dwegg\Google Drive\e-Tech\Electronics\Electronics Repo\BMS\AMS_Slave\AMS_Slave_PCB\[2] MCU.SchDoc with R470-0805FTK from Passives.SchLib
Replace Symbol from R203 R470-0805FTK in C:\Users\dwegg\Google Drive\e-Tech\Electronics\Electronics Repo\BMS\AMS_Slave\AMS_Slave_PCB\[2] MCU.SchDoc with R470-0805FTK from Passives.SchLib
Replace Symbol from R204 R10k-1206FTK in C:\Users\dwegg\Google Drive\e-Tech\Electronics\Electronics Repo\BMS\AMS_Slave\AMS_Slave_PCB\[2] MCU.SchDoc with R10k-1206FTK from Passives.SchLib
Replace Symbol from R206 R4.7K-0805FTK in C:\Users\dwegg\Google Drive\e-Tech\Electronics\Electronics Repo\BMS\AMS_Slave\AMS_Slave_PCB\[2] MCU.SchDoc with R4.7K-0805FTK from Passives.SchLib
Replace Symbol from R207 R4.7K-0805FTK in C:\Users\dwegg\Google Drive\e-Tech\Electronics\Electronics Repo\BMS\AMS_Slave\AMS_Slave_PCB\[2] MCU.SchDoc with R4.7K-0805FTK from Passives.SchLib
Replace Symbol from R208 R4.7K-0805FTK in C:\Users\dwegg\Google Drive\e-Tech\Electronics\Electronics Repo\BMS\AMS_Slave\AMS_Slave_PCB\[2] MCU.SchDoc with R4.7K-0805FTK from Passives.SchLib
Replace Symbol from R209 R4.7K-0805FTK in C:\Users\dwegg\Google Drive\e-Tech\Electronics\Electronics Repo\BMS\AMS_Slave\AMS_Slave_PCB\[2] MCU.SchDoc with R4.7K-0805FTK from Passives.SchLib
Replace Symbol from R210 R4.7K-0805FTK in C:\Users\dwegg\Google Drive\e-Tech\Electronics\Electronics Repo\BMS\AMS_Slave\AMS_Slave_PCB\[2] MCU.SchDoc with R4.7K-0805FTK from Passives.SchLib
Replace Symbol from SW201 16RotarySwitch in C:\Users\dwegg\Google Drive\e-Tech\Electronics\Electronics Repo\BMS\AMS_Slave\AMS_Slave_PCB\[2] MCU.SchDoc with 16RotarySwitch from Electromechanical.SchLib
Replace Symbol from TP201 TestPoint in C:\Users\dwegg\Google Drive\e-Tech\Electronics\Electronics Repo\BMS\AMS_Slave\AMS_Slave_PCB\[2] MCU.SchDoc with TestPoint from e-Tech_Racing.SchLib
Replace Symbol from TP202 TestPoint in C:\Users\dwegg\Google Drive\e-Tech\Electronics\Electronics Repo\BMS\AMS_Slave\AMS_Slave_PCB\[2] MCU.SchDoc with TestPoint from e-Tech_Racing.SchLib
Replace Symbol from TP204 TestPoint in C:\Users\dwegg\Google Drive\e-Tech\Electronics\Electronics Repo\BMS\AMS_Slave\AMS_Slave_PCB\[2] MCU.SchDoc with TestPoint from e-Tech_Racing.SchLib
Replace Symbol from TP205 TestPoint in C:\Users\dwegg\Google Drive\e-Tech\Electronics\Electronics Repo\BMS\AMS_Slave\AMS_Slave_PCB\[2] MCU.SchDoc with TestPoint from e-Tech_Racing.SchLib
Replace Symbol from TP206 TestPoint in C:\Users\dwegg\Google Drive\e-Tech\Electronics\Electronics Repo\BMS\AMS_Slave\AMS_Slave_PCB\[2] MCU.SchDoc with TestPoint from e-Tech_Racing.SchLib
Replace Symbol from TP207 TestPoint in C:\Users\dwegg\Google Drive\e-Tech\Electronics\Electronics Repo\BMS\AMS_Slave\AMS_Slave_PCB\[2] MCU.SchDoc with TestPoint from e-Tech_Racing.SchLib
Replace Symbol from TP207 TestPoint in C:\Users\dwegg\Google Drive\e-Tech\Electronics\Electronics Repo\BMS\AMS_Slave\AMS_Slave_PCB\[2] MCU.SchDoc with TestPoint from e-Tech_Racing.SchLib
Replace Symbol from TP208 TestPoint in C:\Users\dwegg\Google Drive\e-Tech\Electronics\Electronics Repo\BMS\AMS_Slave\AMS_Slave_PCB\[2] MCU.SchDoc with TestPoint from e-Tech_Racing.SchLib
Replace Symbol from TP209 TestPoint in C:\Users\dwegg\Google Drive\e-Tech\Electronics\Electronics Repo\BMS\AMS_Slave\AMS_Slave_PCB\[2] MCU.SchDoc with TestPoint from e-Tech_Racing.SchLib
Replace Symbol from TP210 TestPoint in C:\Users\dwegg\Google Drive\e-Tech\Electronics\Electronics Repo\BMS\AMS_Slave\AMS_Slave_PCB\[2] MCU.SchDoc with TestPoint from e-Tech_Racing.SchLib
Replace Symbol from TP211 TestPoint in C:\Users\dwegg\Google Drive\e-Tech\Electronics\Electronics Repo\BMS\AMS_Slave\AMS_Slave_PCB\[2] MCU.SchDoc with TestPoint from e-Tech_Racing.SchLib
Replace Symbol from TP212 TestPoint in C:\Users\dwegg\Google Drive\e-Tech\Electronics\Electronics Repo\BMS\AMS_Slave\AMS_Slave_PCB\[2] MCU.SchDoc with TestPoint from e-Tech_Racing.SchLib
Replace Symbol from TP213 TestPoint in C:\Users\dwegg\Google Drive\e-Tech\Electronics\Electronics Repo\BMS\AMS_Slave\AMS_Slave_PCB\[2] MCU.SchDoc with TestPoint from e-Tech_Racing.SchLib
Replace Symbol from TP214 TestPoint in C:\Users\dwegg\Google Drive\e-Tech\Electronics\Electronics Repo\BMS\AMS_Slave\AMS_Slave_PCB\[2] MCU.SchDoc with TestPoint from e-Tech_Racing.SchLib
Replace Symbol from TP215 TestPoint in C:\Users\dwegg\Google Drive\e-Tech\Electronics\Electronics Repo\BMS\AMS_Slave\AMS_Slave_PCB\[2] MCU.SchDoc with TestPoint from e-Tech_Racing.SchLib
Replace Symbol from TP216 TestPoint in C:\Users\dwegg\Google Drive\e-Tech\Electronics\Electronics Repo\BMS\AMS_Slave\AMS_Slave_PCB\[2] MCU.SchDoc with TestPoint from e-Tech_Racing.SchLib
Replace Symbol from TP217 TestPoint in C:\Users\dwegg\Google Drive\e-Tech\Electronics\Electronics Repo\BMS\AMS_Slave\AMS_Slave_PCB\[2] MCU.SchDoc with TestPoint from e-Tech_Racing.SchLib
Replace Symbol from TP218 TestPoint in C:\Users\dwegg\Google Drive\e-Tech\Electronics\Electronics Repo\BMS\AMS_Slave\AMS_Slave_PCB\[2] MCU.SchDoc with TestPoint from e-Tech_Racing.SchLib
Replace Symbol from TP219 TestPoint in C:\Users\dwegg\Google Drive\e-Tech\Electronics\Electronics Repo\BMS\AMS_Slave\AMS_Slave_PCB\[2] MCU.SchDoc with TestPoint from e-Tech_Racing.SchLib
Replace Symbol from TP220 TestPoint in C:\Users\dwegg\Google Drive\e-Tech\Electronics\Electronics Repo\BMS\AMS_Slave\AMS_Slave_PCB\[2] MCU.SchDoc with TestPoint from e-Tech_Racing.SchLib
Replace Symbol from TP221 TestPoint in C:\Users\dwegg\Google Drive\e-Tech\Electronics\Electronics Repo\BMS\AMS_Slave\AMS_Slave_PCB\[2] MCU.SchDoc with TestPoint from e-Tech_Racing.SchLib
Replace Symbol from TP222 TestPoint in C:\Users\dwegg\Google Drive\e-Tech\Electronics\Electronics Repo\BMS\AMS_Slave\AMS_Slave_PCB\[2] MCU.SchDoc with TestPoint from e-Tech_Racing.SchLib
Replace Symbol from TP224 TestPoint in C:\Users\dwegg\Google Drive\e-Tech\Electronics\Electronics Repo\BMS\AMS_Slave\AMS_Slave_PCB\[2] MCU.SchDoc with TestPoint from e-Tech_Racing.SchLib
Replace Symbol from TP225 TestPoint in C:\Users\dwegg\Google Drive\e-Tech\Electronics\Electronics Repo\BMS\AMS_Slave\AMS_Slave_PCB\[2] MCU.SchDoc with TestPoint from e-Tech_Racing.SchLib
Replace Symbol from TP226 TestPoint in C:\Users\dwegg\Google Drive\e-Tech\Electronics\Electronics Repo\BMS\AMS_Slave\AMS_Slave_PCB\[2] MCU.SchDoc with TestPoint from e-Tech_Racing.SchLib
Replace Symbol from TP227 TestPoint in C:\Users\dwegg\Google Drive\e-Tech\Electronics\Electronics Repo\BMS\AMS_Slave\AMS_Slave_PCB\[2] MCU.SchDoc with TestPoint from e-Tech_Racing.SchLib
Replace Symbol from TP228 TestPoint in C:\Users\dwegg\Google Drive\e-Tech\Electronics\Electronics Repo\BMS\AMS_Slave\AMS_Slave_PCB\[2] MCU.SchDoc with TestPoint from e-Tech_Racing.SchLib
Replace Symbol from TP229 TestPoint in C:\Users\dwegg\Google Drive\e-Tech\Electronics\Electronics Repo\BMS\AMS_Slave\AMS_Slave_PCB\[2] MCU.SchDoc with TestPoint from e-Tech_Racing.SchLib
Replace Symbol from TP230 TestPoint in C:\Users\dwegg\Google Drive\e-Tech\Electronics\Electronics Repo\BMS\AMS_Slave\AMS_Slave_PCB\[2] MCU.SchDoc with TestPoint from e-Tech_Racing.SchLib
Replace Symbol from U201 U_PIC24HJ128GP502 in C:\Users\dwegg\Google Drive\e-Tech\Electronics\Electronics Repo\BMS\AMS_Slave\AMS_Slave_PCB\[2] MCU.SchDoc with U_PIC24HJ128GP502 from Integrated circuits.SchLib
Replace Symbol from XTAL201 XTAL20M_SMD in C:\Users\dwegg\Google Drive\e-Tech\Electronics\Electronics Repo\BMS\AMS_Slave\AMS_Slave_PCB\[2] MCU.SchDoc with XTAL20M_SMD from Passives.SchLib
