Replace Symbol from C301 C1u-50V-0805FNPC-X7R in C:\Users\dwegg\Google Drive\e-Tech\Electronics\Electronics Repo\BMS\AMS_Slave\AMS_Slave_PCB\[3] CAN.SchDoc with C1u-50V-0805FNPC-X7R from Passives.SchLib
Replace Symbol from C302 C100n-50V-0805FNPC-X7R in C:\Users\dwegg\Google Drive\e-Tech\Electronics\Electronics Repo\BMS\AMS_Slave\AMS_Slave_PCB\[3] CAN.SchDoc with C100n-50V-0805FNPC-X7R from Passives.SchLib
Replace Symbol from C303 C10n-50V-0805FNPC-X7R in C:\Users\dwegg\Google Drive\e-Tech\Electronics\Electronics Repo\BMS\AMS_Slave\AMS_Slave_PCB\[3] CAN.SchDoc with C10n-50V-0805FNPC-X7R from Passives.SchLib
Replace Symbol from C304 C10n-50V-0805FNPC-X7R in C:\Users\dwegg\Google Drive\e-Tech\Electronics\Electronics Repo\BMS\AMS_Slave\AMS_Slave_PCB\[3] CAN.SchDoc with C10n-50V-0805FNPC-X7R from Passives.SchLib
Replace Symbol from C305 C10n-50V-0805FNPC-X7R in C:\Users\dwegg\Google Drive\e-Tech\Electronics\Electronics Repo\BMS\AMS_Slave\AMS_Slave_PCB\[3] CAN.SchDoc with C10n-50V-0805FNPC-X7R from Passives.SchLib
Replace Symbol from C306 C10n-50V-0805FNPC-X7R in C:\Users\dwegg\Google Drive\e-Tech\Electronics\Electronics Repo\BMS\AMS_Slave\AMS_Slave_PCB\[3] CAN.SchDoc with C10n-50V-0805FNPC-X7R from Passives.SchLib
Replace Symbol from C307 C10n-50V-0805FNPC-X7R in C:\Users\dwegg\Google Drive\e-Tech\Electronics\Electronics Repo\BMS\AMS_Slave\AMS_Slave_PCB\[3] CAN.SchDoc with C10n-50V-0805FNPC-X7R from Passives.SchLib
Replace Symbol from C308 C10n-50V-0805FNPC-X7R in C:\Users\dwegg\Google Drive\e-Tech\Electronics\Electronics Repo\BMS\AMS_Slave\AMS_Slave_PCB\[3] CAN.SchDoc with C10n-50V-0805FNPC-X7R from Passives.SchLib
Replace Symbol from C309 C10n-50V-0805FNPC-X7R in C:\Users\dwegg\Google Drive\e-Tech\Electronics\Electronics Repo\BMS\AMS_Slave\AMS_Slave_PCB\[3] CAN.SchDoc with C10n-50V-0805FNPC-X7R from Passives.SchLib
Replace Symbol from C310 C10n-50V-0805FNPC-X7R in C:\Users\dwegg\Google Drive\e-Tech\Electronics\Electronics Repo\BMS\AMS_Slave\AMS_Slave_PCB\[3] CAN.SchDoc with C10n-50V-0805FNPC-X7R from Passives.SchLib
Replace Symbol from J301 J_MicroFit_2x2 in C:\Users\dwegg\Google Drive\e-Tech\Electronics\Electronics Repo\BMS\AMS_Slave\AMS_Slave_PCB\[3] CAN.SchDoc with J_MicroFit_2x2 from Electromechanical.SchLib
Replace Symbol from J302 J_MicroFit_2x2 in C:\Users\dwegg\Google Drive\e-Tech\Electronics\Electronics Repo\BMS\AMS_Slave\AMS_Slave_PCB\[3] CAN.SchDoc with J_MicroFit_2x2 from Electromechanical.SchLib
Replace Symbol from R301 R60-0805FTN in C:\Users\dwegg\Google Drive\e-Tech\Electronics\Electronics Repo\BMS\AMS_Slave\AMS_Slave_PCB\[3] CAN.SchDoc with R60-0805FTN from Passives.SchLib
Replace Symbol from R302 R60-0805FTN in C:\Users\dwegg\Google Drive\e-Tech\Electronics\Electronics Repo\BMS\AMS_Slave\AMS_Slave_PCB\[3] CAN.SchDoc with R60-0805FTN from Passives.SchLib
Replace Symbol from TP301 TestPoint in C:\Users\dwegg\Google Drive\e-Tech\Electronics\Electronics Repo\BMS\AMS_Slave\AMS_Slave_PCB\[3] CAN.SchDoc with TestPoint from e-Tech_Racing.SchLib
Replace Symbol from TP302 TestPoint in C:\Users\dwegg\Google Drive\e-Tech\Electronics\Electronics Repo\BMS\AMS_Slave\AMS_Slave_PCB\[3] CAN.SchDoc with TestPoint from e-Tech_Racing.SchLib
Replace Symbol from TP303 TestPoint in C:\Users\dwegg\Google Drive\e-Tech\Electronics\Electronics Repo\BMS\AMS_Slave\AMS_Slave_PCB\[3] CAN.SchDoc with TestPoint from e-Tech_Racing.SchLib
Replace Symbol from TP304 TestPoint in C:\Users\dwegg\Google Drive\e-Tech\Electronics\Electronics Repo\BMS\AMS_Slave\AMS_Slave_PCB\[3] CAN.SchDoc with TestPoint from e-Tech_Racing.SchLib
Replace Symbol from TP305 TestPoint in C:\Users\dwegg\Google Drive\e-Tech\Electronics\Electronics Repo\BMS\AMS_Slave\AMS_Slave_PCB\[3] CAN.SchDoc with TestPoint from e-Tech_Racing.SchLib
Replace Symbol from TP306 TestPoint in C:\Users\dwegg\Google Drive\e-Tech\Electronics\Electronics Repo\BMS\AMS_Slave\AMS_Slave_PCB\[3] CAN.SchDoc with TestPoint from e-Tech_Racing.SchLib
Replace Symbol from TP307 TestPoint in C:\Users\dwegg\Google Drive\e-Tech\Electronics\Electronics Repo\BMS\AMS_Slave\AMS_Slave_PCB\[3] CAN.SchDoc with TestPoint from e-Tech_Racing.SchLib
Replace Symbol from TP308 TestPoint in C:\Users\dwegg\Google Drive\e-Tech\Electronics\Electronics Repo\BMS\AMS_Slave\AMS_Slave_PCB\[3] CAN.SchDoc with TestPoint from e-Tech_Racing.SchLib
Replace Symbol from TP309 TestPoint in C:\Users\dwegg\Google Drive\e-Tech\Electronics\Electronics Repo\BMS\AMS_Slave\AMS_Slave_PCB\[3] CAN.SchDoc with TestPoint from e-Tech_Racing.SchLib
Replace Symbol from U301 Transceiver_CAN_ISO1050 in C:\Users\dwegg\Google Drive\e-Tech\Electronics\Electronics Repo\BMS\AMS_Slave\AMS_Slave_PCB\[3] CAN.SchDoc with Transceiver_CAN_ISO1050 from Integrated circuits.SchLib
