Replace Part C301 C10n-50V-0805FNPC-X7R in C:\Users\dwegg\Google Drive\e-Tech\Electronics\Electronics Repo\BMS\AMS_Slave\AMS_Slave_PCB\[3] CAN.SchDoc with C10n-50V-0805FNPC-X7R from Passives.SchLib
Replace Part C302 C10n-50V-0805FNPC-X7R in C:\Users\dwegg\Google Drive\e-Tech\Electronics\Electronics Repo\BMS\AMS_Slave\AMS_Slave_PCB\[3] CAN.SchDoc with C10n-50V-0805FNPC-X7R from Passives.SchLib
Replace Part C303 C10n-50V-0805FNPC-X7R in C:\Users\dwegg\Google Drive\e-Tech\Electronics\Electronics Repo\BMS\AMS_Slave\AMS_Slave_PCB\[3] CAN.SchDoc with C10n-50V-0805FNPC-X7R from Passives.SchLib
Replace Part C304 C10n-50V-0805FNPC-X7R in C:\Users\dwegg\Google Drive\e-Tech\Electronics\Electronics Repo\BMS\AMS_Slave\AMS_Slave_PCB\[3] CAN.SchDoc with C10n-50V-0805FNPC-X7R from Passives.SchLib
Replace Part C305 C10n-50V-0805FNPC-X7R in C:\Users\dwegg\Google Drive\e-Tech\Electronics\Electronics Repo\BMS\AMS_Slave\AMS_Slave_PCB\[3] CAN.SchDoc with C10n-50V-0805FNPC-X7R from Passives.SchLib
Replace Part C306 C10n-50V-0805FNPC-X7R in C:\Users\dwegg\Google Drive\e-Tech\Electronics\Electronics Repo\BMS\AMS_Slave\AMS_Slave_PCB\[3] CAN.SchDoc with C10n-50V-0805FNPC-X7R from Passives.SchLib
Replace Part C307 C10n-50V-0805FNPC-X7R in C:\Users\dwegg\Google Drive\e-Tech\Electronics\Electronics Repo\BMS\AMS_Slave\AMS_Slave_PCB\[3] CAN.SchDoc with C10n-50V-0805FNPC-X7R from Passives.SchLib
Replace Part C308 C10n-50V-0805FNPC-X7R in C:\Users\dwegg\Google Drive\e-Tech\Electronics\Electronics Repo\BMS\AMS_Slave\AMS_Slave_PCB\[3] CAN.SchDoc with C10n-50V-0805FNPC-X7R from Passives.SchLib
Replace Part C309 C100n-50V-0805FNPC-X7R in C:\Users\dwegg\Google Drive\e-Tech\Electronics\Electronics Repo\BMS\AMS_Slave\AMS_Slave_PCB\[3] CAN.SchDoc with C100n-50V-0805FNPC-X7R from Passives.SchLib
Replace Part C310 C1u-50V-0805FNPC-X7R in C:\Users\dwegg\Google Drive\e-Tech\Electronics\Electronics Repo\BMS\AMS_Slave\AMS_Slave_PCB\[3] CAN.SchDoc with C1u-50V-0805FNPC-X7R from Passives.SchLib
Replace Part C311 C1u-50V-0805FNPC-X7R in C:\Users\dwegg\Google Drive\e-Tech\Electronics\Electronics Repo\BMS\AMS_Slave\AMS_Slave_PCB\[3] CAN.SchDoc with C1u-50V-0805FNPC-X7R from Passives.SchLib
Replace Part C312 C100n-50V-0805FNPC-X7R in C:\Users\dwegg\Google Drive\e-Tech\Electronics\Electronics Repo\BMS\AMS_Slave\AMS_Slave_PCB\[3] CAN.SchDoc with C100n-50V-0805FNPC-X7R from Passives.SchLib
Replace Part C313 C10n-50V-0805FNPC-X7R in C:\Users\dwegg\Google Drive\e-Tech\Electronics\Electronics Repo\BMS\AMS_Slave\AMS_Slave_PCB\[3] CAN.SchDoc with C10n-50V-0805FNPC-X7R from Passives.SchLib
Replace Part R301 R60-0805FTN in C:\Users\dwegg\Google Drive\e-Tech\Electronics\Electronics Repo\BMS\AMS_Slave\AMS_Slave_PCB\[3] CAN.SchDoc with R60-0805FTN from Passives.SchLib
Replace Part R302 R60-0805FTN in C:\Users\dwegg\Google Drive\e-Tech\Electronics\Electronics Repo\BMS\AMS_Slave\AMS_Slave_PCB\[3] CAN.SchDoc with R60-0805FTN from Passives.SchLib
Replace Part TP301 TestPoint in C:\Users\dwegg\Google Drive\e-Tech\Electronics\Electronics Repo\BMS\AMS_Slave\AMS_Slave_PCB\[3] CAN.SchDoc with TestPoint from e-Tech_Racing.SchLib
Replace Part TP302 TestPoint in C:\Users\dwegg\Google Drive\e-Tech\Electronics\Electronics Repo\BMS\AMS_Slave\AMS_Slave_PCB\[3] CAN.SchDoc with TestPoint from e-Tech_Racing.SchLib
Replace Part TP303 TestPoint in C:\Users\dwegg\Google Drive\e-Tech\Electronics\Electronics Repo\BMS\AMS_Slave\AMS_Slave_PCB\[3] CAN.SchDoc with TestPoint from e-Tech_Racing.SchLib
Replace Part TP304 TestPoint in C:\Users\dwegg\Google Drive\e-Tech\Electronics\Electronics Repo\BMS\AMS_Slave\AMS_Slave_PCB\[3] CAN.SchDoc with TestPoint from e-Tech_Racing.SchLib
Replace Part TP305 TestPoint in C:\Users\dwegg\Google Drive\e-Tech\Electronics\Electronics Repo\BMS\AMS_Slave\AMS_Slave_PCB\[3] CAN.SchDoc with TestPoint from e-Tech_Racing.SchLib
Replace Part U301 Transceiver_CAN_ISO1050 in C:\Users\dwegg\Google Drive\e-Tech\Electronics\Electronics Repo\BMS\AMS_Slave\AMS_Slave_PCB\[3] CAN.SchDoc with Transceiver_CAN_ISO1050 from Integrated circuits.SchLib
