Replace Part C301 C1u-50V-0805FNPC-X7R in G:\Mi unidad\e-Tech\Electronics\Electronics Repo\BMS\AMS_Slave\AMS_Slave_PCB\[3] CAN.SchDoc with C1u-50V-0805FNPC-X7R from Passives.SchLib
Replace Part C302 C100n-50V-0805FNPC-X7R in G:\Mi unidad\e-Tech\Electronics\Electronics Repo\BMS\AMS_Slave\AMS_Slave_PCB\[3] CAN.SchDoc with C100n-50V-0805FNPC-X7R from Passives.SchLib
Replace Part C303 C10n-50V-0805FNPC-X7R in G:\Mi unidad\e-Tech\Electronics\Electronics Repo\BMS\AMS_Slave\AMS_Slave_PCB\[3] CAN.SchDoc with C10n-50V-0805FNPC-X7R from Passives.SchLib
Replace Part C304 C10n-50V-0805FNPC-X7R in G:\Mi unidad\e-Tech\Electronics\Electronics Repo\BMS\AMS_Slave\AMS_Slave_PCB\[3] CAN.SchDoc with C10n-50V-0805FNPC-X7R from Passives.SchLib
Replace Part C305 C10n-50V-0805FNPC-X7R in G:\Mi unidad\e-Tech\Electronics\Electronics Repo\BMS\AMS_Slave\AMS_Slave_PCB\[3] CAN.SchDoc with C10n-50V-0805FNPC-X7R from Passives.SchLib
Replace Part C306 C10n-50V-0805FNPC-X7R in G:\Mi unidad\e-Tech\Electronics\Electronics Repo\BMS\AMS_Slave\AMS_Slave_PCB\[3] CAN.SchDoc with C10n-50V-0805FNPC-X7R from Passives.SchLib
Replace Part C307 C10n-50V-0805FNPC-X7R in G:\Mi unidad\e-Tech\Electronics\Electronics Repo\BMS\AMS_Slave\AMS_Slave_PCB\[3] CAN.SchDoc with C10n-50V-0805FNPC-X7R from Passives.SchLib
Replace Part C308 C10n-50V-0805FNPC-X7R in G:\Mi unidad\e-Tech\Electronics\Electronics Repo\BMS\AMS_Slave\AMS_Slave_PCB\[3] CAN.SchDoc with C10n-50V-0805FNPC-X7R from Passives.SchLib
Replace Part C309 C10n-50V-0805FNPC-X7R in G:\Mi unidad\e-Tech\Electronics\Electronics Repo\BMS\AMS_Slave\AMS_Slave_PCB\[3] CAN.SchDoc with C10n-50V-0805FNPC-X7R from Passives.SchLib
Replace Part C310 C10n-50V-0805FNPC-X7R in G:\Mi unidad\e-Tech\Electronics\Electronics Repo\BMS\AMS_Slave\AMS_Slave_PCB\[3] CAN.SchDoc with C10n-50V-0805FNPC-X7R from Passives.SchLib
Replace Part J301 J_MicroFit_2x2 in G:\Mi unidad\e-Tech\Electronics\Electronics Repo\BMS\AMS_Slave\AMS_Slave_PCB\[3] CAN.SchDoc with J_MicroFit_2x2 from Electromechanical.SchLib
Replace Part J302 J_MicroFit_2x2 in G:\Mi unidad\e-Tech\Electronics\Electronics Repo\BMS\AMS_Slave\AMS_Slave_PCB\[3] CAN.SchDoc with J_MicroFit_2x2 from Electromechanical.SchLib
Replace Part R301 R60-0805FTN in G:\Mi unidad\e-Tech\Electronics\Electronics Repo\BMS\AMS_Slave\AMS_Slave_PCB\[3] CAN.SchDoc with R60-0805FTN from Passives.SchLib
Replace Part R302 R60-0805FTN in G:\Mi unidad\e-Tech\Electronics\Electronics Repo\BMS\AMS_Slave\AMS_Slave_PCB\[3] CAN.SchDoc with R60-0805FTN from Passives.SchLib
Replace Part TP301 TestPoint in G:\Mi unidad\e-Tech\Electronics\Electronics Repo\BMS\AMS_Slave\AMS_Slave_PCB\[3] CAN.SchDoc with TestPoint from e-Tech_Racing.SchLib
Replace Part TP302 TestPoint in G:\Mi unidad\e-Tech\Electronics\Electronics Repo\BMS\AMS_Slave\AMS_Slave_PCB\[3] CAN.SchDoc with TestPoint from e-Tech_Racing.SchLib
Replace Part TP303 TestPoint in G:\Mi unidad\e-Tech\Electronics\Electronics Repo\BMS\AMS_Slave\AMS_Slave_PCB\[3] CAN.SchDoc with TestPoint from e-Tech_Racing.SchLib
Replace Part TP304 TestPoint in G:\Mi unidad\e-Tech\Electronics\Electronics Repo\BMS\AMS_Slave\AMS_Slave_PCB\[3] CAN.SchDoc with TestPoint from e-Tech_Racing.SchLib
Replace Part TP305 TestPoint in G:\Mi unidad\e-Tech\Electronics\Electronics Repo\BMS\AMS_Slave\AMS_Slave_PCB\[3] CAN.SchDoc with TestPoint from e-Tech_Racing.SchLib
Replace Part TP306 TestPoint in G:\Mi unidad\e-Tech\Electronics\Electronics Repo\BMS\AMS_Slave\AMS_Slave_PCB\[3] CAN.SchDoc with TestPoint from e-Tech_Racing.SchLib
Replace Part TP307 TestPoint in G:\Mi unidad\e-Tech\Electronics\Electronics Repo\BMS\AMS_Slave\AMS_Slave_PCB\[3] CAN.SchDoc with TestPoint from e-Tech_Racing.SchLib
Replace Part TP308 TestPoint in G:\Mi unidad\e-Tech\Electronics\Electronics Repo\BMS\AMS_Slave\AMS_Slave_PCB\[3] CAN.SchDoc with TestPoint from e-Tech_Racing.SchLib
Replace Part TP309 TestPoint in G:\Mi unidad\e-Tech\Electronics\Electronics Repo\BMS\AMS_Slave\AMS_Slave_PCB\[3] CAN.SchDoc with TestPoint from e-Tech_Racing.SchLib
Replace Part U301 Transceiver_CAN_ISO1050 in G:\Mi unidad\e-Tech\Electronics\Electronics Repo\BMS\AMS_Slave\AMS_Slave_PCB\[3] CAN.SchDoc with Transceiver_CAN_ISO1050 from Integrated circuits.SchLib
