Replace Part C401 C100n-50V-0805FNPC-X7R in G:\Mi unidad\e-Tech\Electronics\Electronics Repo\BMS\AMS_Slave\AMS_Slave_PCB\[4] Temperature_readings.SchDoc with C100n-50V-0805FNPC-X7R from Passives.SchLib
Replace Part C403 C100n-50V-0805FNPC-X7R in G:\Mi unidad\e-Tech\Electronics\Electronics Repo\BMS\AMS_Slave\AMS_Slave_PCB\[4] Temperature_readings.SchDoc with C100n-50V-0805FNPC-X7R from Passives.SchLib
Replace Part C404 C100n-50V-0805FNPC-X7R in G:\Mi unidad\e-Tech\Electronics\Electronics Repo\BMS\AMS_Slave\AMS_Slave_PCB\[4] Temperature_readings.SchDoc with C100n-50V-0805FNPC-X7R from Passives.SchLib
Replace Part C405 C100n-50V-0805FNPC-X7R in G:\Mi unidad\e-Tech\Electronics\Electronics Repo\BMS\AMS_Slave\AMS_Slave_PCB\[4] Temperature_readings.SchDoc with C100n-50V-0805FNPC-X7R from Passives.SchLib
Replace Part C406 C100n-50V-0805FNPC-X7R in G:\Mi unidad\e-Tech\Electronics\Electronics Repo\BMS\AMS_Slave\AMS_Slave_PCB\[4] Temperature_readings.SchDoc with C100n-50V-0805FNPC-X7R from Passives.SchLib
Replace Part C407 C100n-50V-0805FNPC-X7R in G:\Mi unidad\e-Tech\Electronics\Electronics Repo\BMS\AMS_Slave\AMS_Slave_PCB\[4] Temperature_readings.SchDoc with C100n-50V-0805FNPC-X7R from Passives.SchLib
Replace Part C408 C100n-50V-0805FNPC-X7R in G:\Mi unidad\e-Tech\Electronics\Electronics Repo\BMS\AMS_Slave\AMS_Slave_PCB\[4] Temperature_readings.SchDoc with C100n-50V-0805FNPC-X7R from Passives.SchLib
Replace Part C409 C100n-50V-0805FNPC-X7R in G:\Mi unidad\e-Tech\Electronics\Electronics Repo\BMS\AMS_Slave\AMS_Slave_PCB\[4] Temperature_readings.SchDoc with C100n-50V-0805FNPC-X7R from Passives.SchLib
Replace Part C410 C10n-50V-0805FNPC-X7R in G:\Mi unidad\e-Tech\Electronics\Electronics Repo\BMS\AMS_Slave\AMS_Slave_PCB\[4] Temperature_readings.SchDoc with C10n-50V-0805FNPC-X7R from Passives.SchLib
Replace Part C*402 C100n-50V-0805FNPC-X7R in G:\Mi unidad\e-Tech\Electronics\Electronics Repo\BMS\AMS_Slave\AMS_Slave_PCB\[4] Temperature_readings.SchDoc with C100n-50V-0805FNPC-X7R from Passives.SchLib
Replace Part NTC401 NTC_NXRT15XV103FA1B040 in G:\Mi unidad\e-Tech\Electronics\Electronics Repo\BMS\AMS_Slave\AMS_Slave_PCB\[4] Temperature_readings.SchDoc with NTC_NXRT15XV103FA1B040 from Sensors.SchLib
Replace Part R401 R10k-0805FTK in G:\Mi unidad\e-Tech\Electronics\Electronics Repo\BMS\AMS_Slave\AMS_Slave_PCB\[4] Temperature_readings.SchDoc with R10k-0805FTK from Passives.SchLib
Replace Part R402 R10k-0805FTK in G:\Mi unidad\e-Tech\Electronics\Electronics Repo\BMS\AMS_Slave\AMS_Slave_PCB\[4] Temperature_readings.SchDoc with R10k-0805FTK from Passives.SchLib
Replace Part R403 R10k-0805FTK in G:\Mi unidad\e-Tech\Electronics\Electronics Repo\BMS\AMS_Slave\AMS_Slave_PCB\[4] Temperature_readings.SchDoc with R10k-0805FTK from Passives.SchLib
Replace Part R404 R10k-0805FTK in G:\Mi unidad\e-Tech\Electronics\Electronics Repo\BMS\AMS_Slave\AMS_Slave_PCB\[4] Temperature_readings.SchDoc with R10k-0805FTK from Passives.SchLib
Replace Part R405 R10k-0805FTK in G:\Mi unidad\e-Tech\Electronics\Electronics Repo\BMS\AMS_Slave\AMS_Slave_PCB\[4] Temperature_readings.SchDoc with R10k-0805FTK from Passives.SchLib
Replace Part R406 R10k-0805FTK in G:\Mi unidad\e-Tech\Electronics\Electronics Repo\BMS\AMS_Slave\AMS_Slave_PCB\[4] Temperature_readings.SchDoc with R10k-0805FTK from Passives.SchLib
Replace Part R407 R10k-0805FTK in G:\Mi unidad\e-Tech\Electronics\Electronics Repo\BMS\AMS_Slave\AMS_Slave_PCB\[4] Temperature_readings.SchDoc with R10k-0805FTK from Passives.SchLib
Replace Part R408 R10k-0805FTK in G:\Mi unidad\e-Tech\Electronics\Electronics Repo\BMS\AMS_Slave\AMS_Slave_PCB\[4] Temperature_readings.SchDoc with R10k-0805FTK from Passives.SchLib
Replace Part TP401 TestPoint in G:\Mi unidad\e-Tech\Electronics\Electronics Repo\BMS\AMS_Slave\AMS_Slave_PCB\[4] Temperature_readings.SchDoc with TestPoint from e-Tech_Racing.SchLib
Replace Part TP402 TestPoint in G:\Mi unidad\e-Tech\Electronics\Electronics Repo\BMS\AMS_Slave\AMS_Slave_PCB\[4] Temperature_readings.SchDoc with TestPoint from e-Tech_Racing.SchLib
Replace Part TP403 TestPoint in G:\Mi unidad\e-Tech\Electronics\Electronics Repo\BMS\AMS_Slave\AMS_Slave_PCB\[4] Temperature_readings.SchDoc with TestPoint from e-Tech_Racing.SchLib
Replace Part TP404 TestPoint in G:\Mi unidad\e-Tech\Electronics\Electronics Repo\BMS\AMS_Slave\AMS_Slave_PCB\[4] Temperature_readings.SchDoc with TestPoint from e-Tech_Racing.SchLib
Replace Part TP405 TestPoint in G:\Mi unidad\e-Tech\Electronics\Electronics Repo\BMS\AMS_Slave\AMS_Slave_PCB\[4] Temperature_readings.SchDoc with TestPoint from e-Tech_Racing.SchLib
Replace Part TP406 TestPoint in G:\Mi unidad\e-Tech\Electronics\Electronics Repo\BMS\AMS_Slave\AMS_Slave_PCB\[4] Temperature_readings.SchDoc with TestPoint from e-Tech_Racing.SchLib
Replace Part TP407 TestPoint in G:\Mi unidad\e-Tech\Electronics\Electronics Repo\BMS\AMS_Slave\AMS_Slave_PCB\[4] Temperature_readings.SchDoc with TestPoint from e-Tech_Racing.SchLib
Replace Part TP408 TestPoint in G:\Mi unidad\e-Tech\Electronics\Electronics Repo\BMS\AMS_Slave\AMS_Slave_PCB\[4] Temperature_readings.SchDoc with TestPoint from e-Tech_Racing.SchLib
Replace Part TP409 TestPoint in G:\Mi unidad\e-Tech\Electronics\Electronics Repo\BMS\AMS_Slave\AMS_Slave_PCB\[4] Temperature_readings.SchDoc with TestPoint from e-Tech_Racing.SchLib
Replace Part TP410 TestPoint in G:\Mi unidad\e-Tech\Electronics\Electronics Repo\BMS\AMS_Slave\AMS_Slave_PCB\[4] Temperature_readings.SchDoc with TestPoint from e-Tech_Racing.SchLib
Replace Part TP411 TestPoint in G:\Mi unidad\e-Tech\Electronics\Electronics Repo\BMS\AMS_Slave\AMS_Slave_PCB\[4] Temperature_readings.SchDoc with TestPoint from e-Tech_Racing.SchLib
Replace Part TP412 TestPoint in G:\Mi unidad\e-Tech\Electronics\Electronics Repo\BMS\AMS_Slave\AMS_Slave_PCB\[4] Temperature_readings.SchDoc with TestPoint from e-Tech_Racing.SchLib
Replace Part TP413 TestPoint in G:\Mi unidad\e-Tech\Electronics\Electronics Repo\BMS\AMS_Slave\AMS_Slave_PCB\[4] Temperature_readings.SchDoc with TestPoint from e-Tech_Racing.SchLib
Replace Part U401 ADC-LTC1296 in G:\Mi unidad\e-Tech\Electronics\Electronics Repo\BMS\AMS_Slave\AMS_Slave_PCB\[4] Temperature_readings.SchDoc with ADC-LTC1296 from Integrated circuits.SchLib
