Replace Part C501 C10n-50V-0805FNPC-X7R in G:\Mi unidad\e-Tech\Electronics\Electronics Repo\BMS\AMS_Slave\AMS_Slave_PCB\[5] Balancing.SchDoc with C10n-50V-0805FNPC-X7R from Passives.SchLib
Replace Part C502 C10n-50V-0805FNPC-X7R in G:\Mi unidad\e-Tech\Electronics\Electronics Repo\BMS\AMS_Slave\AMS_Slave_PCB\[5] Balancing.SchDoc with C10n-50V-0805FNPC-X7R from Passives.SchLib
Replace Part C503 C10n-50V-0805FNPC-X7R in G:\Mi unidad\e-Tech\Electronics\Electronics Repo\BMS\AMS_Slave\AMS_Slave_PCB\[5] Balancing.SchDoc with C10n-50V-0805FNPC-X7R from Passives.SchLib
Replace Part C504 C10n-50V-0805FNPC-X7R in G:\Mi unidad\e-Tech\Electronics\Electronics Repo\BMS\AMS_Slave\AMS_Slave_PCB\[5] Balancing.SchDoc with C10n-50V-0805FNPC-X7R from Passives.SchLib
Replace Part C505 C10n-50V-0805FNPC-X7R in G:\Mi unidad\e-Tech\Electronics\Electronics Repo\BMS\AMS_Slave\AMS_Slave_PCB\[5] Balancing.SchDoc with C10n-50V-0805FNPC-X7R from Passives.SchLib
Replace Part C506 C10n-50V-0805FNPC-X7R in G:\Mi unidad\e-Tech\Electronics\Electronics Repo\BMS\AMS_Slave\AMS_Slave_PCB\[5] Balancing.SchDoc with C10n-50V-0805FNPC-X7R from Passives.SchLib
Replace Part C507 C10n-50V-0805FNPC-X7R in G:\Mi unidad\e-Tech\Electronics\Electronics Repo\BMS\AMS_Slave\AMS_Slave_PCB\[5] Balancing.SchDoc with C10n-50V-0805FNPC-X7R from Passives.SchLib
Replace Part C508 C10n-50V-0805FNPC-X7R in G:\Mi unidad\e-Tech\Electronics\Electronics Repo\BMS\AMS_Slave\AMS_Slave_PCB\[5] Balancing.SchDoc with C10n-50V-0805FNPC-X7R from Passives.SchLib
Replace Part C509 C10n-50V-0805FNPC-X7R in G:\Mi unidad\e-Tech\Electronics\Electronics Repo\BMS\AMS_Slave\AMS_Slave_PCB\[5] Balancing.SchDoc with C10n-50V-0805FNPC-X7R from Passives.SchLib
Replace Part C510 C10n-50V-0805FNPC-X7R in G:\Mi unidad\e-Tech\Electronics\Electronics Repo\BMS\AMS_Slave\AMS_Slave_PCB\[5] Balancing.SchDoc with C10n-50V-0805FNPC-X7R from Passives.SchLib
Replace Part C511 C10n-50V-0805FNPC-X7R in G:\Mi unidad\e-Tech\Electronics\Electronics Repo\BMS\AMS_Slave\AMS_Slave_PCB\[5] Balancing.SchDoc with C10n-50V-0805FNPC-X7R from Passives.SchLib
Replace Part C512 C10n-50V-0805FNPC-X7R in G:\Mi unidad\e-Tech\Electronics\Electronics Repo\BMS\AMS_Slave\AMS_Slave_PCB\[5] Balancing.SchDoc with C10n-50V-0805FNPC-X7R from Passives.SchLib
Replace Part C513 C1u-50V-0805FNPC-X7R in G:\Mi unidad\e-Tech\Electronics\Electronics Repo\BMS\AMS_Slave\AMS_Slave_PCB\[5] Balancing.SchDoc with C1u-50V-0805FNPC-X7R from Passives.SchLib
Replace Part C514 C1u-50V-0805FNPC-X7R in G:\Mi unidad\e-Tech\Electronics\Electronics Repo\BMS\AMS_Slave\AMS_Slave_PCB\[5] Balancing.SchDoc with C1u-50V-0805FNPC-X7R from Passives.SchLib
Replace Part C515 C1u-50V-0805FNPC-X7R in G:\Mi unidad\e-Tech\Electronics\Electronics Repo\BMS\AMS_Slave\AMS_Slave_PCB\[5] Balancing.SchDoc with C1u-50V-0805FNPC-X7R from Passives.SchLib
Replace Part C516 C100n-50V-0805FNPC-X7R in G:\Mi unidad\e-Tech\Electronics\Electronics Repo\BMS\AMS_Slave\AMS_Slave_PCB\[5] Balancing.SchDoc with C100n-50V-0805FNPC-X7R from Passives.SchLib
Replace Part C517 C10n-50V-0805FNPC-X7R in G:\Mi unidad\e-Tech\Electronics\Electronics Repo\BMS\AMS_Slave\AMS_Slave_PCB\[5] Balancing.SchDoc with C10n-50V-0805FNPC-X7R from Passives.SchLib
Replace Part Q501 TRT-PCH-2/30-BSS in G:\Mi unidad\e-Tech\Electronics\Electronics Repo\BMS\AMS_Slave\AMS_Slave_PCB\[5] Balancing.SchDoc with TRT-PCH-2/30-BSS from Semiconductor.SchLib
Replace Part Q502 TRT-PCH-2/30-BSS in G:\Mi unidad\e-Tech\Electronics\Electronics Repo\BMS\AMS_Slave\AMS_Slave_PCB\[5] Balancing.SchDoc with TRT-PCH-2/30-BSS from Semiconductor.SchLib
Replace Part Q503 TRT-PCH-2/30-BSS in G:\Mi unidad\e-Tech\Electronics\Electronics Repo\BMS\AMS_Slave\AMS_Slave_PCB\[5] Balancing.SchDoc with TRT-PCH-2/30-BSS from Semiconductor.SchLib
Replace Part Q504 TRT-PCH-2/30-BSS in G:\Mi unidad\e-Tech\Electronics\Electronics Repo\BMS\AMS_Slave\AMS_Slave_PCB\[5] Balancing.SchDoc with TRT-PCH-2/30-BSS from Semiconductor.SchLib
Replace Part Q505 TRT-PCH-2/30-BSS in G:\Mi unidad\e-Tech\Electronics\Electronics Repo\BMS\AMS_Slave\AMS_Slave_PCB\[5] Balancing.SchDoc with TRT-PCH-2/30-BSS from Semiconductor.SchLib
Replace Part Q506 TRT-PCH-2/30-BSS in G:\Mi unidad\e-Tech\Electronics\Electronics Repo\BMS\AMS_Slave\AMS_Slave_PCB\[5] Balancing.SchDoc with TRT-PCH-2/30-BSS from Semiconductor.SchLib
Replace Part Q507 TRT-PCH-2/30-BSS in G:\Mi unidad\e-Tech\Electronics\Electronics Repo\BMS\AMS_Slave\AMS_Slave_PCB\[5] Balancing.SchDoc with TRT-PCH-2/30-BSS from Semiconductor.SchLib
Replace Part Q508 TRT-PCH-2/30-BSS in G:\Mi unidad\e-Tech\Electronics\Electronics Repo\BMS\AMS_Slave\AMS_Slave_PCB\[5] Balancing.SchDoc with TRT-PCH-2/30-BSS from Semiconductor.SchLib
Replace Part Q509 TRT-PCH-2/30-BSS in G:\Mi unidad\e-Tech\Electronics\Electronics Repo\BMS\AMS_Slave\AMS_Slave_PCB\[5] Balancing.SchDoc with TRT-PCH-2/30-BSS from Semiconductor.SchLib
Replace Part Q510 TRT-PCH-2/30-BSS in G:\Mi unidad\e-Tech\Electronics\Electronics Repo\BMS\AMS_Slave\AMS_Slave_PCB\[5] Balancing.SchDoc with TRT-PCH-2/30-BSS from Semiconductor.SchLib
Replace Part Q511 TRT-PCH-2/30-BSS in G:\Mi unidad\e-Tech\Electronics\Electronics Repo\BMS\AMS_Slave\AMS_Slave_PCB\[5] Balancing.SchDoc with TRT-PCH-2/30-BSS from Semiconductor.SchLib
Replace Part Q512 TRT-PCH-2/30-BSS in G:\Mi unidad\e-Tech\Electronics\Electronics Repo\BMS\AMS_Slave\AMS_Slave_PCB\[5] Balancing.SchDoc with TRT-PCH-2/30-BSS from Semiconductor.SchLib
Replace Part R501a R15-2512FTK in G:\Mi unidad\e-Tech\Electronics\Electronics Repo\BMS\AMS_Slave\AMS_Slave_PCB\[5] Balancing.SchDoc with R15-2512FTK from Passives.SchLib
Replace Part R501b R15-2512FTK in G:\Mi unidad\e-Tech\Electronics\Electronics Repo\BMS\AMS_Slave\AMS_Slave_PCB\[5] Balancing.SchDoc with R15-2512FTK from Passives.SchLib
Replace Part R502a R15-2512FTK in G:\Mi unidad\e-Tech\Electronics\Electronics Repo\BMS\AMS_Slave\AMS_Slave_PCB\[5] Balancing.SchDoc with R15-2512FTK from Passives.SchLib
Replace Part R502b R15-2512FTK in G:\Mi unidad\e-Tech\Electronics\Electronics Repo\BMS\AMS_Slave\AMS_Slave_PCB\[5] Balancing.SchDoc with R15-2512FTK from Passives.SchLib
Replace Part R503a R15-2512FTK in G:\Mi unidad\e-Tech\Electronics\Electronics Repo\BMS\AMS_Slave\AMS_Slave_PCB\[5] Balancing.SchDoc with R15-2512FTK from Passives.SchLib
Replace Part R503b R15-2512FTK in G:\Mi unidad\e-Tech\Electronics\Electronics Repo\BMS\AMS_Slave\AMS_Slave_PCB\[5] Balancing.SchDoc with R15-2512FTK from Passives.SchLib
Replace Part R504a R15-2512FTK in G:\Mi unidad\e-Tech\Electronics\Electronics Repo\BMS\AMS_Slave\AMS_Slave_PCB\[5] Balancing.SchDoc with R15-2512FTK from Passives.SchLib
Replace Part R504b R15-2512FTK in G:\Mi unidad\e-Tech\Electronics\Electronics Repo\BMS\AMS_Slave\AMS_Slave_PCB\[5] Balancing.SchDoc with R15-2512FTK from Passives.SchLib
Replace Part R505a R15-2512FTK in G:\Mi unidad\e-Tech\Electronics\Electronics Repo\BMS\AMS_Slave\AMS_Slave_PCB\[5] Balancing.SchDoc with R15-2512FTK from Passives.SchLib
Replace Part R505b R15-2512FTK in G:\Mi unidad\e-Tech\Electronics\Electronics Repo\BMS\AMS_Slave\AMS_Slave_PCB\[5] Balancing.SchDoc with R15-2512FTK from Passives.SchLib
Replace Part R506a R15-2512FTK in G:\Mi unidad\e-Tech\Electronics\Electronics Repo\BMS\AMS_Slave\AMS_Slave_PCB\[5] Balancing.SchDoc with R15-2512FTK from Passives.SchLib
Replace Part R506b R15-2512FTK in G:\Mi unidad\e-Tech\Electronics\Electronics Repo\BMS\AMS_Slave\AMS_Slave_PCB\[5] Balancing.SchDoc with R15-2512FTK from Passives.SchLib
Replace Part R507a R15-2512FTK in G:\Mi unidad\e-Tech\Electronics\Electronics Repo\BMS\AMS_Slave\AMS_Slave_PCB\[5] Balancing.SchDoc with R15-2512FTK from Passives.SchLib
Replace Part R507b R15-2512FTK in G:\Mi unidad\e-Tech\Electronics\Electronics Repo\BMS\AMS_Slave\AMS_Slave_PCB\[5] Balancing.SchDoc with R15-2512FTK from Passives.SchLib
Replace Part R508a R15-2512FTK in G:\Mi unidad\e-Tech\Electronics\Electronics Repo\BMS\AMS_Slave\AMS_Slave_PCB\[5] Balancing.SchDoc with R15-2512FTK from Passives.SchLib
Replace Part R508b R15-2512FTK in G:\Mi unidad\e-Tech\Electronics\Electronics Repo\BMS\AMS_Slave\AMS_Slave_PCB\[5] Balancing.SchDoc with R15-2512FTK from Passives.SchLib
Replace Part R509a R15-2512FTK in G:\Mi unidad\e-Tech\Electronics\Electronics Repo\BMS\AMS_Slave\AMS_Slave_PCB\[5] Balancing.SchDoc with R15-2512FTK from Passives.SchLib
Replace Part R509b R15-2512FTK in G:\Mi unidad\e-Tech\Electronics\Electronics Repo\BMS\AMS_Slave\AMS_Slave_PCB\[5] Balancing.SchDoc with R15-2512FTK from Passives.SchLib
Replace Part R510a R15-2512FTK in G:\Mi unidad\e-Tech\Electronics\Electronics Repo\BMS\AMS_Slave\AMS_Slave_PCB\[5] Balancing.SchDoc with R15-2512FTK from Passives.SchLib
Replace Part R510b R15-2512FTK in G:\Mi unidad\e-Tech\Electronics\Electronics Repo\BMS\AMS_Slave\AMS_Slave_PCB\[5] Balancing.SchDoc with R15-2512FTK from Passives.SchLib
Replace Part R511a R15-2512FTK in G:\Mi unidad\e-Tech\Electronics\Electronics Repo\BMS\AMS_Slave\AMS_Slave_PCB\[5] Balancing.SchDoc with R15-2512FTK from Passives.SchLib
Replace Part R511b R15-2512FTK in G:\Mi unidad\e-Tech\Electronics\Electronics Repo\BMS\AMS_Slave\AMS_Slave_PCB\[5] Balancing.SchDoc with R15-2512FTK from Passives.SchLib
Replace Part R512a R15-2512FTK in G:\Mi unidad\e-Tech\Electronics\Electronics Repo\BMS\AMS_Slave\AMS_Slave_PCB\[5] Balancing.SchDoc with R15-2512FTK from Passives.SchLib
Replace Part R512b R15-2512FTK in G:\Mi unidad\e-Tech\Electronics\Electronics Repo\BMS\AMS_Slave\AMS_Slave_PCB\[5] Balancing.SchDoc with R15-2512FTK from Passives.SchLib
Replace Part R513 R1k-0805FTK in G:\Mi unidad\e-Tech\Electronics\Electronics Repo\BMS\AMS_Slave\AMS_Slave_PCB\[5] Balancing.SchDoc with R1k-0805FTK from Passives.SchLib
Replace Part R514 R100-0805FTK in G:\Mi unidad\e-Tech\Electronics\Electronics Repo\BMS\AMS_Slave\AMS_Slave_PCB\[5] Balancing.SchDoc with R100-0805FTK from Passives.SchLib
Replace Part R515 R1k-0805FTK in G:\Mi unidad\e-Tech\Electronics\Electronics Repo\BMS\AMS_Slave\AMS_Slave_PCB\[5] Balancing.SchDoc with R1k-0805FTK from Passives.SchLib
Replace Part R516 R100-0805FTK in G:\Mi unidad\e-Tech\Electronics\Electronics Repo\BMS\AMS_Slave\AMS_Slave_PCB\[5] Balancing.SchDoc with R100-0805FTK from Passives.SchLib
Replace Part R517 R1k-0805FTK in G:\Mi unidad\e-Tech\Electronics\Electronics Repo\BMS\AMS_Slave\AMS_Slave_PCB\[5] Balancing.SchDoc with R1k-0805FTK from Passives.SchLib
Replace Part R518 R100-0805FTK in G:\Mi unidad\e-Tech\Electronics\Electronics Repo\BMS\AMS_Slave\AMS_Slave_PCB\[5] Balancing.SchDoc with R100-0805FTK from Passives.SchLib
Replace Part R519 R1k-0805FTK in G:\Mi unidad\e-Tech\Electronics\Electronics Repo\BMS\AMS_Slave\AMS_Slave_PCB\[5] Balancing.SchDoc with R1k-0805FTK from Passives.SchLib
Replace Part R520 R100-0805FTK in G:\Mi unidad\e-Tech\Electronics\Electronics Repo\BMS\AMS_Slave\AMS_Slave_PCB\[5] Balancing.SchDoc with R100-0805FTK from Passives.SchLib
Replace Part R521 R1k-0805FTK in G:\Mi unidad\e-Tech\Electronics\Electronics Repo\BMS\AMS_Slave\AMS_Slave_PCB\[5] Balancing.SchDoc with R1k-0805FTK from Passives.SchLib
Replace Part R522 R100-0805FTK in G:\Mi unidad\e-Tech\Electronics\Electronics Repo\BMS\AMS_Slave\AMS_Slave_PCB\[5] Balancing.SchDoc with R100-0805FTK from Passives.SchLib
Replace Part R523 R1k-0805FTK in G:\Mi unidad\e-Tech\Electronics\Electronics Repo\BMS\AMS_Slave\AMS_Slave_PCB\[5] Balancing.SchDoc with R1k-0805FTK from Passives.SchLib
Replace Part R524 R100-0805FTK in G:\Mi unidad\e-Tech\Electronics\Electronics Repo\BMS\AMS_Slave\AMS_Slave_PCB\[5] Balancing.SchDoc with R100-0805FTK from Passives.SchLib
Replace Part R525 R1k-0805FTK in G:\Mi unidad\e-Tech\Electronics\Electronics Repo\BMS\AMS_Slave\AMS_Slave_PCB\[5] Balancing.SchDoc with R1k-0805FTK from Passives.SchLib
Replace Part R526 R100-0805FTK in G:\Mi unidad\e-Tech\Electronics\Electronics Repo\BMS\AMS_Slave\AMS_Slave_PCB\[5] Balancing.SchDoc with R100-0805FTK from Passives.SchLib
Replace Part R527 R1k-0805FTK in G:\Mi unidad\e-Tech\Electronics\Electronics Repo\BMS\AMS_Slave\AMS_Slave_PCB\[5] Balancing.SchDoc with R1k-0805FTK from Passives.SchLib
Replace Part R528 R100-0805FTK in G:\Mi unidad\e-Tech\Electronics\Electronics Repo\BMS\AMS_Slave\AMS_Slave_PCB\[5] Balancing.SchDoc with R100-0805FTK from Passives.SchLib
Replace Part R529 R1k-0805FTK in G:\Mi unidad\e-Tech\Electronics\Electronics Repo\BMS\AMS_Slave\AMS_Slave_PCB\[5] Balancing.SchDoc with R1k-0805FTK from Passives.SchLib
Replace Part R530 R100-0805FTK in G:\Mi unidad\e-Tech\Electronics\Electronics Repo\BMS\AMS_Slave\AMS_Slave_PCB\[5] Balancing.SchDoc with R100-0805FTK from Passives.SchLib
Replace Part R531 R1k-0805FTK in G:\Mi unidad\e-Tech\Electronics\Electronics Repo\BMS\AMS_Slave\AMS_Slave_PCB\[5] Balancing.SchDoc with R1k-0805FTK from Passives.SchLib
Replace Part R532 R100-0805FTK in G:\Mi unidad\e-Tech\Electronics\Electronics Repo\BMS\AMS_Slave\AMS_Slave_PCB\[5] Balancing.SchDoc with R100-0805FTK from Passives.SchLib
Replace Part R533 R1k-0805FTK in G:\Mi unidad\e-Tech\Electronics\Electronics Repo\BMS\AMS_Slave\AMS_Slave_PCB\[5] Balancing.SchDoc with R1k-0805FTK from Passives.SchLib
Replace Part R534 R100-0805FTK in G:\Mi unidad\e-Tech\Electronics\Electronics Repo\BMS\AMS_Slave\AMS_Slave_PCB\[5] Balancing.SchDoc with R100-0805FTK from Passives.SchLib
Replace Part R535 R1k-0805FTK in G:\Mi unidad\e-Tech\Electronics\Electronics Repo\BMS\AMS_Slave\AMS_Slave_PCB\[5] Balancing.SchDoc with R1k-0805FTK from Passives.SchLib
Replace Part R536 R100-0805FTK in G:\Mi unidad\e-Tech\Electronics\Electronics Repo\BMS\AMS_Slave\AMS_Slave_PCB\[5] Balancing.SchDoc with R100-0805FTK from Passives.SchLib
Replace Part R537 R100-0805FTK in G:\Mi unidad\e-Tech\Electronics\Electronics Repo\BMS\AMS_Slave\AMS_Slave_PCB\[5] Balancing.SchDoc with R100-0805FTK from Passives.SchLib
Replace Part TP501 TestPoint in G:\Mi unidad\e-Tech\Electronics\Electronics Repo\BMS\AMS_Slave\AMS_Slave_PCB\[5] Balancing.SchDoc with TestPoint from e-Tech_Racing.SchLib
Replace Part TP502 TestPoint in G:\Mi unidad\e-Tech\Electronics\Electronics Repo\BMS\AMS_Slave\AMS_Slave_PCB\[5] Balancing.SchDoc with TestPoint from e-Tech_Racing.SchLib
Replace Part TP503 TestPoint in G:\Mi unidad\e-Tech\Electronics\Electronics Repo\BMS\AMS_Slave\AMS_Slave_PCB\[5] Balancing.SchDoc with TestPoint from e-Tech_Racing.SchLib
Replace Part TP504 TestPoint in G:\Mi unidad\e-Tech\Electronics\Electronics Repo\BMS\AMS_Slave\AMS_Slave_PCB\[5] Balancing.SchDoc with TestPoint from e-Tech_Racing.SchLib
Replace Part TP505 TestPoint in G:\Mi unidad\e-Tech\Electronics\Electronics Repo\BMS\AMS_Slave\AMS_Slave_PCB\[5] Balancing.SchDoc with TestPoint from e-Tech_Racing.SchLib
Replace Part U501 U_LTC6811-2 in G:\Mi unidad\e-Tech\Electronics\Electronics Repo\BMS\AMS_Slave\AMS_Slave_PCB\[5] Balancing.SchDoc with U_LTC6811-2 from Integrated circuits.SchLib
