Replace Part C501 C10n-50V-0805FNPC-X7R in C:\Users\dwegg\Google Drive\e-Tech\Electronics\Electronics Repo\BMS\AMS_Slave\AMS_Slave_PCB\[5] Temperature_readings.SchDoc with C10n-50V-0805FNPC-X7R from Passives.SchLib
Replace Part C502 C10n-50V-0805FNPC-X7R in C:\Users\dwegg\Google Drive\e-Tech\Electronics\Electronics Repo\BMS\AMS_Slave\AMS_Slave_PCB\[5] Temperature_readings.SchDoc with C10n-50V-0805FNPC-X7R from Passives.SchLib
Replace Part C503 C10n-50V-0805FNPC-X7R in C:\Users\dwegg\Google Drive\e-Tech\Electronics\Electronics Repo\BMS\AMS_Slave\AMS_Slave_PCB\[5] Temperature_readings.SchDoc with C10n-50V-0805FNPC-X7R from Passives.SchLib
Replace Part C504 C10n-50V-0805FNPC-X7R in C:\Users\dwegg\Google Drive\e-Tech\Electronics\Electronics Repo\BMS\AMS_Slave\AMS_Slave_PCB\[5] Temperature_readings.SchDoc with C10n-50V-0805FNPC-X7R from Passives.SchLib
Replace Part C505 C10n-50V-0805FNPC-X7R in C:\Users\dwegg\Google Drive\e-Tech\Electronics\Electronics Repo\BMS\AMS_Slave\AMS_Slave_PCB\[5] Temperature_readings.SchDoc with C10n-50V-0805FNPC-X7R from Passives.SchLib
Replace Part C506 C10n-50V-0805FNPC-X7R in C:\Users\dwegg\Google Drive\e-Tech\Electronics\Electronics Repo\BMS\AMS_Slave\AMS_Slave_PCB\[5] Temperature_readings.SchDoc with C10n-50V-0805FNPC-X7R from Passives.SchLib
Replace Part C507 C10n-50V-0805FNPC-X7R in C:\Users\dwegg\Google Drive\e-Tech\Electronics\Electronics Repo\BMS\AMS_Slave\AMS_Slave_PCB\[5] Temperature_readings.SchDoc with C10n-50V-0805FNPC-X7R from Passives.SchLib
Replace Part C508 C10n-50V-0805FNPC-X7R in C:\Users\dwegg\Google Drive\e-Tech\Electronics\Electronics Repo\BMS\AMS_Slave\AMS_Slave_PCB\[5] Temperature_readings.SchDoc with C10n-50V-0805FNPC-X7R from Passives.SchLib
Replace Part C509 C100n-50V-0805FNPC-X7R in C:\Users\dwegg\Google Drive\e-Tech\Electronics\Electronics Repo\BMS\AMS_Slave\AMS_Slave_PCB\[5] Temperature_readings.SchDoc with C100n-50V-0805FNPC-X7R from Passives.SchLib
Replace Part C510 C10n-50V-0805FNPC-X7R in C:\Users\dwegg\Google Drive\e-Tech\Electronics\Electronics Repo\BMS\AMS_Slave\AMS_Slave_PCB\[5] Temperature_readings.SchDoc with C10n-50V-0805FNPC-X7R from Passives.SchLib
Replace Part J501 J_Pinheader_1x8 in C:\Users\dwegg\Google Drive\e-Tech\Electronics\Electronics Repo\BMS\AMS_Slave\AMS_Slave_PCB\[5] Temperature_readings.SchDoc with J_Pinheader_1x8 from Electromechanical.SchLib
Replace Part R501 R10k-0805FTK in C:\Users\dwegg\Google Drive\e-Tech\Electronics\Electronics Repo\BMS\AMS_Slave\AMS_Slave_PCB\[5] Temperature_readings.SchDoc with R10k-0805FTK from Passives.SchLib
Replace Part R502 R10k-0805FTK in C:\Users\dwegg\Google Drive\e-Tech\Electronics\Electronics Repo\BMS\AMS_Slave\AMS_Slave_PCB\[5] Temperature_readings.SchDoc with R10k-0805FTK from Passives.SchLib
Replace Part R503 R10k-0805FTK in C:\Users\dwegg\Google Drive\e-Tech\Electronics\Electronics Repo\BMS\AMS_Slave\AMS_Slave_PCB\[5] Temperature_readings.SchDoc with R10k-0805FTK from Passives.SchLib
Replace Part R504 R10k-0805FTK in C:\Users\dwegg\Google Drive\e-Tech\Electronics\Electronics Repo\BMS\AMS_Slave\AMS_Slave_PCB\[5] Temperature_readings.SchDoc with R10k-0805FTK from Passives.SchLib
Replace Part R505 R10k-0805FTK in C:\Users\dwegg\Google Drive\e-Tech\Electronics\Electronics Repo\BMS\AMS_Slave\AMS_Slave_PCB\[5] Temperature_readings.SchDoc with R10k-0805FTK from Passives.SchLib
Replace Part R506 R10k-0805FTK in C:\Users\dwegg\Google Drive\e-Tech\Electronics\Electronics Repo\BMS\AMS_Slave\AMS_Slave_PCB\[5] Temperature_readings.SchDoc with R10k-0805FTK from Passives.SchLib
Replace Part R507 R10k-0805FTK in C:\Users\dwegg\Google Drive\e-Tech\Electronics\Electronics Repo\BMS\AMS_Slave\AMS_Slave_PCB\[5] Temperature_readings.SchDoc with R10k-0805FTK from Passives.SchLib
Replace Part R508 R10k-0805FTK in C:\Users\dwegg\Google Drive\e-Tech\Electronics\Electronics Repo\BMS\AMS_Slave\AMS_Slave_PCB\[5] Temperature_readings.SchDoc with R10k-0805FTK from Passives.SchLib
Replace Part TP501 TestPoint in C:\Users\dwegg\Google Drive\e-Tech\Electronics\Electronics Repo\BMS\AMS_Slave\AMS_Slave_PCB\[5] Temperature_readings.SchDoc with TestPoint from e-Tech_Racing.SchLib
Replace Part TP502 TestPoint in C:\Users\dwegg\Google Drive\e-Tech\Electronics\Electronics Repo\BMS\AMS_Slave\AMS_Slave_PCB\[5] Temperature_readings.SchDoc with TestPoint from e-Tech_Racing.SchLib
Replace Part TP503 TestPoint in C:\Users\dwegg\Google Drive\e-Tech\Electronics\Electronics Repo\BMS\AMS_Slave\AMS_Slave_PCB\[5] Temperature_readings.SchDoc with TestPoint from e-Tech_Racing.SchLib
Replace Part TP504 TestPoint in C:\Users\dwegg\Google Drive\e-Tech\Electronics\Electronics Repo\BMS\AMS_Slave\AMS_Slave_PCB\[5] Temperature_readings.SchDoc with TestPoint from e-Tech_Racing.SchLib
Replace Part TP505 TestPoint in C:\Users\dwegg\Google Drive\e-Tech\Electronics\Electronics Repo\BMS\AMS_Slave\AMS_Slave_PCB\[5] Temperature_readings.SchDoc with TestPoint from e-Tech_Racing.SchLib
Replace Part TP506 TestPoint in C:\Users\dwegg\Google Drive\e-Tech\Electronics\Electronics Repo\BMS\AMS_Slave\AMS_Slave_PCB\[5] Temperature_readings.SchDoc with TestPoint from e-Tech_Racing.SchLib
Replace Part TP507 TestPoint in C:\Users\dwegg\Google Drive\e-Tech\Electronics\Electronics Repo\BMS\AMS_Slave\AMS_Slave_PCB\[5] Temperature_readings.SchDoc with TestPoint from e-Tech_Racing.SchLib
Replace Part TP508 TestPoint in C:\Users\dwegg\Google Drive\e-Tech\Electronics\Electronics Repo\BMS\AMS_Slave\AMS_Slave_PCB\[5] Temperature_readings.SchDoc with TestPoint from e-Tech_Racing.SchLib
Replace Part TP509 TestPoint in C:\Users\dwegg\Google Drive\e-Tech\Electronics\Electronics Repo\BMS\AMS_Slave\AMS_Slave_PCB\[5] Temperature_readings.SchDoc with TestPoint from e-Tech_Racing.SchLib
Replace Part TP510 TestPoint in C:\Users\dwegg\Google Drive\e-Tech\Electronics\Electronics Repo\BMS\AMS_Slave\AMS_Slave_PCB\[5] Temperature_readings.SchDoc with TestPoint from e-Tech_Racing.SchLib
Replace Part TP511 TestPoint in C:\Users\dwegg\Google Drive\e-Tech\Electronics\Electronics Repo\BMS\AMS_Slave\AMS_Slave_PCB\[5] Temperature_readings.SchDoc with TestPoint from e-Tech_Racing.SchLib
Replace Part TP512 TestPoint in C:\Users\dwegg\Google Drive\e-Tech\Electronics\Electronics Repo\BMS\AMS_Slave\AMS_Slave_PCB\[5] Temperature_readings.SchDoc with TestPoint from e-Tech_Racing.SchLib
Replace Part U501 ADC-LTC1296 in C:\Users\dwegg\Google Drive\e-Tech\Electronics\Electronics Repo\BMS\AMS_Slave\AMS_Slave_PCB\[5] Temperature_readings.SchDoc with ADC-LTC1296 from Integrated circuits.SchLib
