Replace Symbol from C501 C10n-50V-0805FNPC-X7R in C:\Users\dwegg\Google Drive\e-Tech\Electronics\Electronics Repo\BMS\AMS_Slave\AMS_Slave_PCB\[5] Temperature_readings.SchDoc with C10n-50V-0805FNPC-X7R from Passives.SchLib
Replace Symbol from C502 C10n-50V-0805FNPC-X7R in C:\Users\dwegg\Google Drive\e-Tech\Electronics\Electronics Repo\BMS\AMS_Slave\AMS_Slave_PCB\[5] Temperature_readings.SchDoc with C10n-50V-0805FNPC-X7R from Passives.SchLib
Replace Symbol from C503 C10n-50V-0805FNPC-X7R in C:\Users\dwegg\Google Drive\e-Tech\Electronics\Electronics Repo\BMS\AMS_Slave\AMS_Slave_PCB\[5] Temperature_readings.SchDoc with C10n-50V-0805FNPC-X7R from Passives.SchLib
Replace Symbol from C504 C10n-50V-0805FNPC-X7R in C:\Users\dwegg\Google Drive\e-Tech\Electronics\Electronics Repo\BMS\AMS_Slave\AMS_Slave_PCB\[5] Temperature_readings.SchDoc with C10n-50V-0805FNPC-X7R from Passives.SchLib
Replace Symbol from C505 C10n-50V-0805FNPC-X7R in C:\Users\dwegg\Google Drive\e-Tech\Electronics\Electronics Repo\BMS\AMS_Slave\AMS_Slave_PCB\[5] Temperature_readings.SchDoc with C10n-50V-0805FNPC-X7R from Passives.SchLib
Replace Symbol from C506 C10n-50V-0805FNPC-X7R in C:\Users\dwegg\Google Drive\e-Tech\Electronics\Electronics Repo\BMS\AMS_Slave\AMS_Slave_PCB\[5] Temperature_readings.SchDoc with C10n-50V-0805FNPC-X7R from Passives.SchLib
Replace Symbol from C507 C10n-50V-0805FNPC-X7R in C:\Users\dwegg\Google Drive\e-Tech\Electronics\Electronics Repo\BMS\AMS_Slave\AMS_Slave_PCB\[5] Temperature_readings.SchDoc with C10n-50V-0805FNPC-X7R from Passives.SchLib
Replace Symbol from C508 C10n-50V-0805FNPC-X7R in C:\Users\dwegg\Google Drive\e-Tech\Electronics\Electronics Repo\BMS\AMS_Slave\AMS_Slave_PCB\[5] Temperature_readings.SchDoc with C10n-50V-0805FNPC-X7R from Passives.SchLib
Replace Symbol from C509 C100n-50V-0805FNPC-X7R in C:\Users\dwegg\Google Drive\e-Tech\Electronics\Electronics Repo\BMS\AMS_Slave\AMS_Slave_PCB\[5] Temperature_readings.SchDoc with C100n-50V-0805FNPC-X7R from Passives.SchLib
Replace Symbol from C510 C10n-50V-0805FNPC-X7R in C:\Users\dwegg\Google Drive\e-Tech\Electronics\Electronics Repo\BMS\AMS_Slave\AMS_Slave_PCB\[5] Temperature_readings.SchDoc with C10n-50V-0805FNPC-X7R from Passives.SchLib
Replace Symbol from J501 J_MicroFit_2x4 in C:\Users\dwegg\Google Drive\e-Tech\Electronics\Electronics Repo\BMS\AMS_Slave\AMS_Slave_PCB\[5] Temperature_readings.SchDoc with J_MicroFit_2x4 from Electromechanical.SchLib
Replace Symbol from R501 R10k-0805FTK in C:\Users\dwegg\Google Drive\e-Tech\Electronics\Electronics Repo\BMS\AMS_Slave\AMS_Slave_PCB\[5] Temperature_readings.SchDoc with R10k-0805FTK from Passives.SchLib
Replace Symbol from R502 R10k-0805FTK in C:\Users\dwegg\Google Drive\e-Tech\Electronics\Electronics Repo\BMS\AMS_Slave\AMS_Slave_PCB\[5] Temperature_readings.SchDoc with R10k-0805FTK from Passives.SchLib
Replace Symbol from R503 R10k-0805FTK in C:\Users\dwegg\Google Drive\e-Tech\Electronics\Electronics Repo\BMS\AMS_Slave\AMS_Slave_PCB\[5] Temperature_readings.SchDoc with R10k-0805FTK from Passives.SchLib
Replace Symbol from R504 R10k-0805FTK in C:\Users\dwegg\Google Drive\e-Tech\Electronics\Electronics Repo\BMS\AMS_Slave\AMS_Slave_PCB\[5] Temperature_readings.SchDoc with R10k-0805FTK from Passives.SchLib
Replace Symbol from R505 R10k-0805FTK in C:\Users\dwegg\Google Drive\e-Tech\Electronics\Electronics Repo\BMS\AMS_Slave\AMS_Slave_PCB\[5] Temperature_readings.SchDoc with R10k-0805FTK from Passives.SchLib
Replace Symbol from R506 R10k-0805FTK in C:\Users\dwegg\Google Drive\e-Tech\Electronics\Electronics Repo\BMS\AMS_Slave\AMS_Slave_PCB\[5] Temperature_readings.SchDoc with R10k-0805FTK from Passives.SchLib
Replace Symbol from R507 R10k-0805FTK in C:\Users\dwegg\Google Drive\e-Tech\Electronics\Electronics Repo\BMS\AMS_Slave\AMS_Slave_PCB\[5] Temperature_readings.SchDoc with R10k-0805FTK from Passives.SchLib
Replace Symbol from R508 R10k-0805FTK in C:\Users\dwegg\Google Drive\e-Tech\Electronics\Electronics Repo\BMS\AMS_Slave\AMS_Slave_PCB\[5] Temperature_readings.SchDoc with R10k-0805FTK from Passives.SchLib
Replace Symbol from TP501 TestPoint in C:\Users\dwegg\Google Drive\e-Tech\Electronics\Electronics Repo\BMS\AMS_Slave\AMS_Slave_PCB\[5] Temperature_readings.SchDoc with TestPoint from e-Tech_Racing.SchLib
Replace Symbol from TP502 TestPoint in C:\Users\dwegg\Google Drive\e-Tech\Electronics\Electronics Repo\BMS\AMS_Slave\AMS_Slave_PCB\[5] Temperature_readings.SchDoc with TestPoint from e-Tech_Racing.SchLib
Replace Symbol from TP503 TestPoint in C:\Users\dwegg\Google Drive\e-Tech\Electronics\Electronics Repo\BMS\AMS_Slave\AMS_Slave_PCB\[5] Temperature_readings.SchDoc with TestPoint from e-Tech_Racing.SchLib
Replace Symbol from TP504 TestPoint in C:\Users\dwegg\Google Drive\e-Tech\Electronics\Electronics Repo\BMS\AMS_Slave\AMS_Slave_PCB\[5] Temperature_readings.SchDoc with TestPoint from e-Tech_Racing.SchLib
Replace Symbol from TP505 TestPoint in C:\Users\dwegg\Google Drive\e-Tech\Electronics\Electronics Repo\BMS\AMS_Slave\AMS_Slave_PCB\[5] Temperature_readings.SchDoc with TestPoint from e-Tech_Racing.SchLib
Replace Symbol from TP506 TestPoint in C:\Users\dwegg\Google Drive\e-Tech\Electronics\Electronics Repo\BMS\AMS_Slave\AMS_Slave_PCB\[5] Temperature_readings.SchDoc with TestPoint from e-Tech_Racing.SchLib
Replace Symbol from TP507 TestPoint in C:\Users\dwegg\Google Drive\e-Tech\Electronics\Electronics Repo\BMS\AMS_Slave\AMS_Slave_PCB\[5] Temperature_readings.SchDoc with TestPoint from e-Tech_Racing.SchLib
Replace Symbol from TP508 TestPoint in C:\Users\dwegg\Google Drive\e-Tech\Electronics\Electronics Repo\BMS\AMS_Slave\AMS_Slave_PCB\[5] Temperature_readings.SchDoc with TestPoint from e-Tech_Racing.SchLib
Replace Symbol from TP509 TestPoint in C:\Users\dwegg\Google Drive\e-Tech\Electronics\Electronics Repo\BMS\AMS_Slave\AMS_Slave_PCB\[5] Temperature_readings.SchDoc with TestPoint from e-Tech_Racing.SchLib
Replace Symbol from TP510 TestPoint in C:\Users\dwegg\Google Drive\e-Tech\Electronics\Electronics Repo\BMS\AMS_Slave\AMS_Slave_PCB\[5] Temperature_readings.SchDoc with TestPoint from e-Tech_Racing.SchLib
Replace Symbol from TP511 TestPoint in C:\Users\dwegg\Google Drive\e-Tech\Electronics\Electronics Repo\BMS\AMS_Slave\AMS_Slave_PCB\[5] Temperature_readings.SchDoc with TestPoint from e-Tech_Racing.SchLib
Replace Symbol from TP512 TestPoint in C:\Users\dwegg\Google Drive\e-Tech\Electronics\Electronics Repo\BMS\AMS_Slave\AMS_Slave_PCB\[5] Temperature_readings.SchDoc with TestPoint from e-Tech_Racing.SchLib
Replace Symbol from U501 ADC-LTC1296 in C:\Users\dwegg\Google Drive\e-Tech\Electronics\Electronics Repo\BMS\AMS_Slave\AMS_Slave_PCB\[5] Temperature_readings.SchDoc with ADC-LTC1296 from Integrated circuits.SchLib
