Change Component Designator: OldDesignator=J? NewDesignator=J5
Added Component: Designator=R44(CR0805)
Add component. Clean all parameters for all variants
Add component (AddParameter): Name = "ComponentLink1Description"; Value = "Datasheet"; VariantName = "[No Variations]"
Add component (AddParameter): Name = "ComponentLink1URL"; Value = "https://www.bourns.com/docs/product-datasheets/chpreztr.pdf?sfvrsn=566c91f1_11"; VariantName = "[No Variations]"
Add component (AddParameter): Name = "Manufacturer"; Value = "Bourns"; VariantName = "[No Variations]"
Added Component: Designator=R45(CR0805)
Add component. Clean all parameters for all variants
Add component (AddParameter): Name = "ComponentLink1Description"; Value = "Datasheet"; VariantName = "[No Variations]"
Add component (AddParameter): Name = "ComponentLink1URL"; Value = "https://www.bourns.com/docs/product-datasheets/chpreztr.pdf?sfvrsn=566c91f1_11"; VariantName = "[No Variations]"
Add component (AddParameter): Name = "Manufacturer"; Value = "Bourns"; VariantName = "[No Variations]"
Added Component: Designator=R46(CR0805)
Add component. Clean all parameters for all variants
Add component (AddParameter): Name = "ComponentLink1Description"; Value = "Datasheet"; VariantName = "[No Variations]"
Add component (AddParameter): Name = "ComponentLink1URL"; Value = "https://www.bourns.com/docs/product-datasheets/chpreztr.pdf?sfvrsn=566c91f1_11"; VariantName = "[No Variations]"
Add component (AddParameter): Name = "Manufacturer"; Value = "Bourns"; VariantName = "[No Variations]"
Added Component: Designator=R47(CR0805)
Add component. Clean all parameters for all variants
Add component (AddParameter): Name = "ComponentLink1Description"; Value = "Datasheet"; VariantName = "[No Variations]"
Add component (AddParameter): Name = "ComponentLink1URL"; Value = "https://www.bourns.com/docs/product-datasheets/chpreztr.pdf?sfvrsn=566c91f1_11"; VariantName = "[No Variations]"
Add component (AddParameter): Name = "Manufacturer"; Value = "Bourns"; VariantName = "[No Variations]"
Added Component: Designator=R48(CR0805)
Add component. Clean all parameters for all variants
Add component (AddParameter): Name = "ComponentLink1Description"; Value = "Datasheet"; VariantName = "[No Variations]"
Add component (AddParameter): Name = "ComponentLink1URL"; Value = "https://www.bourns.com/docs/product-datasheets/chpreztr.pdf?sfvrsn=566c91f1_11"; VariantName = "[No Variations]"
Add component (AddParameter): Name = "Manufacturer"; Value = "Bourns"; VariantName = "[No Variations]"
Added Component: Designator=R49(CR0805)
Add component. Clean all parameters for all variants
Add component (AddParameter): Name = "ComponentLink1Description"; Value = "Datasheet"; VariantName = "[No Variations]"
Add component (AddParameter): Name = "ComponentLink1URL"; Value = "https://www.bourns.com/docs/product-datasheets/chpreztr.pdf?sfvrsn=566c91f1_11"; VariantName = "[No Variations]"
Add component (AddParameter): Name = "Manufacturer"; Value = "Bourns"; VariantName = "[No Variations]"
Added Component: Designator=R50(CR0805)
Add component. Clean all parameters for all variants
Add component (AddParameter): Name = "ComponentLink1Description"; Value = "Datasheet"; VariantName = "[No Variations]"
Add component (AddParameter): Name = "ComponentLink1URL"; Value = "https://www.bourns.com/docs/product-datasheets/chpreztr.pdf?sfvrsn=566c91f1_11"; VariantName = "[No Variations]"
Add component (AddParameter): Name = "Manufacturer"; Value = "Bourns"; VariantName = "[No Variations]"
Added Component: Designator=R51(CR0805)
Add component. Clean all parameters for all variants
Add component (AddParameter): Name = "ComponentLink1Description"; Value = "Datasheet"; VariantName = "[No Variations]"
Add component (AddParameter): Name = "ComponentLink1URL"; Value = "https://www.bourns.com/docs/product-datasheets/chpreztr.pdf?sfvrsn=566c91f1_11"; VariantName = "[No Variations]"
Add component (AddParameter): Name = "Manufacturer"; Value = "Bourns"; VariantName = "[No Variations]"
Added Component: Designator=R52(CR0805)
Add component. Clean all parameters for all variants
Add component (AddParameter): Name = "ComponentLink1Description"; Value = "Datasheet"; VariantName = "[No Variations]"
Add component (AddParameter): Name = "ComponentLink1URL"; Value = "https://www.bourns.com/docs/product-datasheets/chpreztr.pdf?sfvrsn=566c91f1_11"; VariantName = "[No Variations]"
Add component (AddParameter): Name = "Manufacturer"; Value = "Bourns"; VariantName = "[No Variations]"
Added Component: Designator=R53(CR0805)
Add component. Clean all parameters for all variants
Add component (AddParameter): Name = "ComponentLink1Description"; Value = "Datasheet"; VariantName = "[No Variations]"
Add component (AddParameter): Name = "ComponentLink1URL"; Value = "https://www.bourns.com/docs/product-datasheets/chpreztr.pdf?sfvrsn=566c91f1_11"; VariantName = "[No Variations]"
Add component (AddParameter): Name = "Manufacturer"; Value = "Bourns"; VariantName = "[No Variations]"
Added Component: Designator=R54(CR0805)
Add component. Clean all parameters for all variants
Add component (AddParameter): Name = "ComponentLink1Description"; Value = "Datasheet"; VariantName = "[No Variations]"
Add component (AddParameter): Name = "ComponentLink1URL"; Value = "https://www.bourns.com/docs/product-datasheets/chpreztr.pdf?sfvrsn=566c91f1_11"; VariantName = "[No Variations]"
Add component (AddParameter): Name = "Manufacturer"; Value = "Bourns"; VariantName = "[No Variations]"
Added Component: Designator=R55(CR0805)
Add component. Clean all parameters for all variants
Add component (AddParameter): Name = "ComponentLink1Description"; Value = "Datasheet"; VariantName = "[No Variations]"
Add component (AddParameter): Name = "ComponentLink1URL"; Value = "https://www.bourns.com/docs/product-datasheets/chpreztr.pdf?sfvrsn=566c91f1_11"; VariantName = "[No Variations]"
Add component (AddParameter): Name = "Manufacturer"; Value = "Bourns"; VariantName = "[No Variations]"
Added Component: Designator=R56(CR0805)
Add component. Clean all parameters for all variants
Add component (AddParameter): Name = "ComponentLink1Description"; Value = "Datasheet"; VariantName = "[No Variations]"
Add component (AddParameter): Name = "ComponentLink1URL"; Value = "https://www.bourns.com/docs/product-datasheets/chpreztr.pdf?sfvrsn=566c91f1_11"; VariantName = "[No Variations]"
Add component (AddParameter): Name = "Manufacturer"; Value = "Bourns"; VariantName = "[No Variations]"
Added Pin To Net: NetName=NetFB2_2 Pin=R44-1
Added Pin To Net: NetName=NetC13_2 Pin=R44-2
Added Pin To Net: NetName=NetFB3_2 Pin=R45-1
Added Pin To Net: NetName=NetC14_2 Pin=R45-2
Added Pin To Net: NetName=NetFB4_2 Pin=R46-1
Added Pin To Net: NetName=NetC15_2 Pin=R46-2
Added Pin To Net: NetName=NetFB5_2 Pin=R47-1
Added Pin To Net: NetName=NetC16_2 Pin=R47-2
Added Pin To Net: NetName=NetFB6_2 Pin=R48-1
Added Pin To Net: NetName=NetC17_2 Pin=R48-2
Added Pin To Net: NetName=NetFB7_2 Pin=R49-1
Added Pin To Net: NetName=NetC18_2 Pin=R49-2
Added Pin To Net: NetName=NetFB8_2 Pin=R50-1
Added Pin To Net: NetName=NetC19_2 Pin=R50-2
Added Pin To Net: NetName=NetFB9_2 Pin=R51-1
Added Pin To Net: NetName=NetC20_2 Pin=R51-2
Added Pin To Net: NetName=NetFB10_2 Pin=R52-1
Added Pin To Net: NetName=NetC21_2 Pin=R52-2
Added Pin To Net: NetName=NetFB11_2 Pin=R53-1
Added Pin To Net: NetName=NetC22_2 Pin=R53-2
Added Pin To Net: NetName=NetFB12_2 Pin=R54-1
Added Pin To Net: NetName=NetC23_2 Pin=R54-2
Added Pin To Net: NetName=NetFB13_2 Pin=R55-1
Added Pin To Net: NetName=NetC24_2 Pin=R55-2
Added Pin To Net: NetName=NetFB14_2 Pin=R56-1
Added Member To Class: ClassName=AMS_balancing Member=Component R44 100O
Added Member To Class: ClassName=AMS_balancing Member=Component R45 100O
Added Member To Class: ClassName=AMS_balancing Member=Component R46 100O
Added Member To Class: ClassName=AMS_balancing Member=Component R47 100O
Added Member To Class: ClassName=AMS_balancing Member=Component R48 100O
Added Member To Class: ClassName=AMS_balancing Member=Component R49 100O
Added Member To Class: ClassName=AMS_balancing Member=Component R50 100O
Added Member To Class: ClassName=AMS_balancing Member=Component R51 100O
Added Member To Class: ClassName=AMS_balancing Member=Component R52 100O
Added Member To Class: ClassName=AMS_balancing Member=Component R53 100O
Added Member To Class: ClassName=AMS_balancing Member=Component R54 100O
Added Member To Class: ClassName=AMS_balancing Member=Component R55 100O
Added Member To Class: ClassName=AMS_balancing Member=Component R56 100O
