Removed Pin From Net: NetName=Cell_0 Pin=J3-1
Removed Pin From Net: NetName=NTC1 Pin=J3-2
Removed Pin From Net: NetName=NTC2 Pin=J3-3
Removed Pin From Net: NetName=NTC3 Pin=J3-4
Removed Pin From Net: NetName=NTC7 Pin=J3-5
Removed Pin From Net: NetName=NTC5 Pin=J3-7
Removed Pin From Net: NetName=NTC4 Pin=J3-8
Change Component Footprint: Designator=J3 Old Footprint=J_MicroFit_2x4 New Footprint=J_MicroFit_1x8_SMD
Change Component Comment : Designator=J3 Old Comment=0430450800 New Comment=J_MicroFit_1x8_SMD
Change component parameters: Designator = "J3" ("J3"); Footprint = "J_MicroFit_2x4"; UniqueID = "\GIEDUPAH" ("\GIEDUPAH")
Change component parameters (AddParameter): Name = "Category"; Value = "Headers and Wire Housings"; VariantName = "[No Variations]"
Change component parameters (AddParameter): Name = "ComponentLink1Description"; Value = "https://datasheet.ciiva.com/5148/0436500809-pcb-headers-148727-5148060.pdf?src-supplier=Mouser"; VariantName = "[No Variations]"
Change component parameters (AddParameter): Name = "ComponentLink1URL"; Value = "https://datasheet.ciiva.com/5148/0436500809-pcb-headers-148727-5148060.pdf?src-supplier=Mouser"; VariantName = "[No Variations]"
Change component parameters (AddParameter): Name = "ComponentLink2Description"; Value = "https://datasheet.ciiva.com/30205/0436500809-pcb-headers-30205898.pdf?src-supplier=Onlinecomponents.com"; VariantName = "[No Variations]"
Change component parameters (AddParameter): Name = "ComponentLink2URL"; Value = "https://datasheet.ciiva.com/30205/0436500809-pcb-headers-30205898.pdf?src-supplier=Onlinecomponents.com"; VariantName = "[No Variations]"
Change component parameters (AddParameter): Name = "ComponentLink3Description"; Value = "https://datasheet.ciiva.com/16085/0436500809-pcb-headers-16085981.pdf?src-supplier=Onlinecomponents.com"; VariantName = "[No Variations]"
Change component parameters (AddParameter): Name = "ComponentLink3URL"; Value = "https://datasheet.ciiva.com/16085/0436500809-pcb-headers-16085981.pdf?src-supplier=Onlinecomponents.com"; VariantName = "[No Variations]"
Change component parameters (AddParameter): Name = "Manufacturer"; Value = "Molex"; VariantName = "[No Variations]"
Change component parameters (AddParameter): Name = "Manufacturer Part Number"; Value = "43650-0809"; VariantName = "[No Variations]"
Change component parameters (AddParameter): Name = "Pricing 1"; Value = "1=2,68000, 10=2,36000, 50=2,36000, 100=1,88000, 1000=1,56000, 10000=1,39000 (USD)"; VariantName = "[No Variations]"
Change component parameters (AddParameter): Name = "RoHS"; Value = "Yes"; VariantName = "[No Variations]"
Change component parameters (AddParameter): Name = "Stock 1"; Value = "292"; VariantName = "[No Variations]"
Change component parameters (AddParameter): Name = "Supplier 1"; Value = "Mouser"; VariantName = "[No Variations]"
Change component parameters (AddParameter): Name = "Supplier Part Number 1"; Value = "538-43650-0809"; VariantName = "[No Variations]"
Added Pin To Net: NetName=NTC1 Pin=J3-1
Added Pin To Net: NetName=NTC2 Pin=J3-2
Added Pin To Net: NetName=NTC3 Pin=J3-3
Added Pin To Net: NetName=NTC4 Pin=J3-4
Added Pin To Net: NetName=NTC5 Pin=J3-5
Added Pin To Net: NetName=NTC7 Pin=J3-7
Added Pin To Net: NetName=Cell_0 Pin=J3-8
Change Room Name: Old Name=AMS_Slave_1 New Name=AMS_Slave
Change Room Name: Old Name=Balancing_1 New Name=Balancing
Change Room Name: Old Name=CAN_1 New Name=CAN
Change Room Name: Old Name=MCU_1 New Name=MCU
Change Room Name: Old Name=Supply_1 New Name=Supply
Change Room Name: Old Name=Temperature_readings_1 New Name=Temperature_readings
