Removed Pin From Net: NetName=Cell_0 Pin=D101-1
Removed Pin From Net: NetName=NetD101_2 Pin=D101-2
Removed Pin From Net: NetName=Cells_+ Pin=F101-1
Removed Pin From Net: NetName=NTC2 Pin=J3-1
Removed Pin From Net: NetName=NTC3 Pin=J3-2
Removed Pin From Net: NetName=NTC4 Pin=J3-3
Removed Pin From Net: NetName=NTC5 Pin=J3-4
Removed Pin From Net: NetName=NTC6 Pin=J3-5
Removed Pin From Net: NetName=NTC7 Pin=J3-6
Removed Pin From Net: NetName=NTC8 Pin=J3-7
Removed Pin From Net: NetName=Cell_0 Pin=NTC401-1
Removed Pin From Net: NetName=NTC1 Pin=NTC401-2
Removed Pin From Net: NetName=Cell_0 Pin=R501b-1
Removed Pin From Net: NetName=C0 Pin=R501b-2
Removed Pin From Net: NetName=Cell_1 Pin=R502b-1
Removed Pin From Net: NetName=NetQ501_S Pin=R502b-2
Removed Pin From Net: NetName=Cell_2 Pin=R503b-1
Removed Pin From Net: NetName=NetQ502_S Pin=R503b-2
Removed Pin From Net: NetName=Cell_3 Pin=R504b-1
Removed Pin From Net: NetName=NetQ503_S Pin=R504b-2
Removed Pin From Net: NetName=Cell_4 Pin=R505b-1
Removed Pin From Net: NetName=NetQ504_S Pin=R505b-2
Removed Pin From Net: NetName=Cell_5 Pin=R506b-1
Removed Pin From Net: NetName=NetQ505_S Pin=R506b-2
Removed Pin From Net: NetName=Cell_6 Pin=R507b-1
Removed Pin From Net: NetName=NetQ506_S Pin=R507b-2
Removed Pin From Net: NetName=Cell_7 Pin=R508b-1
Removed Pin From Net: NetName=NetQ507_S Pin=R508b-2
Removed Pin From Net: NetName=Cell_8 Pin=R509b-1
Removed Pin From Net: NetName=NetQ508_S Pin=R509b-2
Removed Pin From Net: NetName=Cell_9 Pin=R510b-1
Removed Pin From Net: NetName=NetQ509_S Pin=R510b-2
Removed Pin From Net: NetName=Cell_10 Pin=R511b-1
Removed Pin From Net: NetName=NetQ510_S Pin=R511b-2
Removed Pin From Net: NetName=Cell_11 Pin=R512b-1
Removed Pin From Net: NetName=NetQ511_S Pin=R512b-2
Removed Pin From Net: NetName=Cells_+ Pin=TP101-1
Removed Member From Class: ClassName=Supply Member=D101
Removed Member From Class: ClassName=Temperature_readings Member=NTC401
Removed Member From Class: ClassName=Balancing Member=R501b
Removed Member From Class: ClassName=Balancing Member=R502b
Removed Member From Class: ClassName=Balancing Member=R503b
Removed Member From Class: ClassName=Balancing Member=R504b
Removed Member From Class: ClassName=Balancing Member=R505b
Removed Member From Class: ClassName=Balancing Member=R506b
Removed Member From Class: ClassName=Balancing Member=R507b
Removed Member From Class: ClassName=Balancing Member=R508b
Removed Member From Class: ClassName=Balancing Member=R509b
Removed Member From Class: ClassName=Balancing Member=R510b
Removed Member From Class: ClassName=Balancing Member=R511b
Removed Member From Class: ClassName=Balancing Member=R512b
Added Pin To Net: NetName=NTC1 Pin=J3-1
Added Pin To Net: NetName=NTC2 Pin=J3-2
Added Pin To Net: NetName=NTC3 Pin=J3-3
Added Pin To Net: NetName=NTC4 Pin=J3-4
Added Pin To Net: NetName=NTC5 Pin=J3-5
Added Pin To Net: NetName=NTC6 Pin=J3-6
Added Pin To Net: NetName=NTC7 Pin=J3-7
Added Pin To Net: NetName=NTC8 Pin=J3-8
Change Net Name : Old Net Name=NetD101_2 New Net Name=NetD102_A
Added Pin To Net: NetName=Cells_+_UVLO Pin=F101-1
Added Pin To Net: NetName=Cells_+_UVLO Pin=TP101-1
Added Net: Name=Cells_+_UVLO
