Change Component Designator: OldDesignator=C801_Cell_1 NewDesignator=C701_Cell_1
Change Component Designator: OldDesignator=C801_Cell_2 NewDesignator=C701_Cell_2
Change Component Designator: OldDesignator=C801_Cell_3 NewDesignator=C701_Cell_3
Change Component Designator: OldDesignator=C801_Cell_4 NewDesignator=C701_Cell_4
Change Component Designator: OldDesignator=C801_Cell_5 NewDesignator=C701_Cell_5
Change Component Designator: OldDesignator=C801_Cell_6 NewDesignator=C701_Cell_6
Change Component Designator: OldDesignator=C801_Cell_7 NewDesignator=C701_Cell_7
Change Component Designator: OldDesignator=C801_Cell_8 NewDesignator=C701_Cell_8
Change Component Designator: OldDesignator=C801_Cell_9 NewDesignator=C701_Cell_9
Change Component Designator: OldDesignator=C801_Cell_10 NewDesignator=C701_Cell_10
Change Component Designator: OldDesignator=C801_Cell_11 NewDesignator=C701_Cell_11
Change Component Designator: OldDesignator=C801_Cell_12 NewDesignator=C701_Cell_12
Change Component Designator: OldDesignator=C802_Cell_1 NewDesignator=C702_Cell_1
Change Component Designator: OldDesignator=C802_Cell_2 NewDesignator=C702_Cell_2
Change Component Designator: OldDesignator=C802_Cell_3 NewDesignator=C702_Cell_3
Change Component Designator: OldDesignator=C802_Cell_4 NewDesignator=C702_Cell_4
Change Component Designator: OldDesignator=C802_Cell_5 NewDesignator=C702_Cell_5
Change Component Designator: OldDesignator=C802_Cell_6 NewDesignator=C702_Cell_6
Change Component Designator: OldDesignator=C802_Cell_7 NewDesignator=C702_Cell_7
Change Component Designator: OldDesignator=C802_Cell_8 NewDesignator=C702_Cell_8
Change Component Designator: OldDesignator=C802_Cell_9 NewDesignator=C702_Cell_9
Change Component Designator: OldDesignator=C802_Cell_10 NewDesignator=C702_Cell_10
Change Component Designator: OldDesignator=C802_Cell_11 NewDesignator=C702_Cell_11
Change Component Designator: OldDesignator=C802_Cell_12 NewDesignator=C702_Cell_12
Change Component Designator: OldDesignator=D801_Cell_1 NewDesignator=D701_Cell_1
Change Component Designator: OldDesignator=D801_Cell_2 NewDesignator=D701_Cell_2
Change Component Designator: OldDesignator=D801_Cell_3 NewDesignator=D701_Cell_3
Change Component Designator: OldDesignator=D801_Cell_4 NewDesignator=D701_Cell_4
Change Component Designator: OldDesignator=D801_Cell_5 NewDesignator=D701_Cell_5
Change Component Designator: OldDesignator=D801_Cell_6 NewDesignator=D701_Cell_6
Change Component Designator: OldDesignator=D801_Cell_7 NewDesignator=D701_Cell_7
Change Component Designator: OldDesignator=D801_Cell_8 NewDesignator=D701_Cell_8
Change Component Designator: OldDesignator=D801_Cell_9 NewDesignator=D701_Cell_9
Change Component Designator: OldDesignator=D801_Cell_10 NewDesignator=D701_Cell_10
Change Component Designator: OldDesignator=D801_Cell_11 NewDesignator=D701_Cell_11
Change Component Designator: OldDesignator=D801_Cell_12 NewDesignator=D701_Cell_12
Change Component Designator: OldDesignator=L801_Cell_1 NewDesignator=L701_Cell_1
Change Component Designator: OldDesignator=L801_Cell_2 NewDesignator=L701_Cell_2
Change Component Designator: OldDesignator=L801_Cell_3 NewDesignator=L701_Cell_3
Change Component Designator: OldDesignator=L801_Cell_4 NewDesignator=L701_Cell_4
Change Component Designator: OldDesignator=L801_Cell_5 NewDesignator=L701_Cell_5
Change Component Designator: OldDesignator=L801_Cell_6 NewDesignator=L701_Cell_6
Change Component Designator: OldDesignator=L801_Cell_7 NewDesignator=L701_Cell_7
Change Component Designator: OldDesignator=L801_Cell_8 NewDesignator=L701_Cell_8
Change Component Designator: OldDesignator=L801_Cell_9 NewDesignator=L701_Cell_9
Change Component Designator: OldDesignator=L801_Cell_10 NewDesignator=L701_Cell_10
Change Component Designator: OldDesignator=L801_Cell_11 NewDesignator=L701_Cell_11
Change Component Designator: OldDesignator=L801_Cell_12 NewDesignator=L701_Cell_12
Change Component Designator: OldDesignator=Q801_Cell_1 NewDesignator=Q701_Cell_1
Change Component Designator: OldDesignator=Q801_Cell_2 NewDesignator=Q701_Cell_2
Change Component Designator: OldDesignator=Q801_Cell_3 NewDesignator=Q701_Cell_3
Change Component Designator: OldDesignator=Q801_Cell_4 NewDesignator=Q701_Cell_4
Change Component Designator: OldDesignator=Q801_Cell_5 NewDesignator=Q701_Cell_5
Change Component Designator: OldDesignator=Q801_Cell_6 NewDesignator=Q701_Cell_6
Change Component Designator: OldDesignator=Q801_Cell_7 NewDesignator=Q701_Cell_7
Change Component Designator: OldDesignator=Q801_Cell_8 NewDesignator=Q701_Cell_8
Change Component Designator: OldDesignator=Q801_Cell_9 NewDesignator=Q701_Cell_9
Change Component Designator: OldDesignator=Q801_Cell_10 NewDesignator=Q701_Cell_10
Change Component Designator: OldDesignator=Q801_Cell_11 NewDesignator=Q701_Cell_11
Change Component Designator: OldDesignator=Q801_Cell_12 NewDesignator=Q701_Cell_12
Change Component Designator: OldDesignator=R802_Cell_1 NewDesignator=R702_Cell_1
Change Component Designator: OldDesignator=R802_Cell_2 NewDesignator=R702_Cell_2
Change Component Designator: OldDesignator=R802_Cell_3 NewDesignator=R702_Cell_3
Change Component Designator: OldDesignator=R802_Cell_4 NewDesignator=R702_Cell_4
Change Component Designator: OldDesignator=R802_Cell_5 NewDesignator=R702_Cell_5
Change Component Designator: OldDesignator=R802_Cell_6 NewDesignator=R702_Cell_6
Change Component Designator: OldDesignator=R802_Cell_7 NewDesignator=R702_Cell_7
Change Component Designator: OldDesignator=R802_Cell_8 NewDesignator=R702_Cell_8
Change Component Designator: OldDesignator=R802_Cell_9 NewDesignator=R702_Cell_9
Change Component Designator: OldDesignator=R802_Cell_10 NewDesignator=R702_Cell_10
Change Component Designator: OldDesignator=R802_Cell_11 NewDesignator=R702_Cell_11
Change Component Designator: OldDesignator=R802_Cell_12 NewDesignator=R702_Cell_12
Change Component Designator: OldDesignator=R803_Cell_1 NewDesignator=R703_Cell_1
Change Component Designator: OldDesignator=R803_Cell_2 NewDesignator=R703_Cell_2
Change Component Designator: OldDesignator=R803_Cell_3 NewDesignator=R703_Cell_3
Change Component Designator: OldDesignator=R803_Cell_4 NewDesignator=R703_Cell_4
Change Component Designator: OldDesignator=R803_Cell_5 NewDesignator=R703_Cell_5
Change Component Designator: OldDesignator=R803_Cell_6 NewDesignator=R703_Cell_6
Change Component Designator: OldDesignator=R803_Cell_7 NewDesignator=R703_Cell_7
Change Component Designator: OldDesignator=R803_Cell_8 NewDesignator=R703_Cell_8
Change Component Designator: OldDesignator=R803_Cell_9 NewDesignator=R703_Cell_9
Change Component Designator: OldDesignator=R803_Cell_10 NewDesignator=R703_Cell_10
Change Component Designator: OldDesignator=R803_Cell_11 NewDesignator=R703_Cell_11
Change Component Designator: OldDesignator=R803_Cell_12 NewDesignator=R703_Cell_12
Change Component Designator: OldDesignator=R804_Cell_1 NewDesignator=R704_Cell_1
Change Component Designator: OldDesignator=R804_Cell_2 NewDesignator=R704_Cell_2
Change Component Designator: OldDesignator=R804_Cell_3 NewDesignator=R704_Cell_3
Change Component Designator: OldDesignator=R804_Cell_4 NewDesignator=R704_Cell_4
Change Component Designator: OldDesignator=R804_Cell_5 NewDesignator=R704_Cell_5
Change Component Designator: OldDesignator=R804_Cell_6 NewDesignator=R704_Cell_6
Change Component Designator: OldDesignator=R804_Cell_7 NewDesignator=R704_Cell_7
Change Component Designator: OldDesignator=R804_Cell_8 NewDesignator=R704_Cell_8
Change Component Designator: OldDesignator=R804_Cell_9 NewDesignator=R704_Cell_9
Change Component Designator: OldDesignator=R804_Cell_10 NewDesignator=R704_Cell_10
Change Component Designator: OldDesignator=R804_Cell_11 NewDesignator=R704_Cell_11
Change Component Designator: OldDesignator=R804_Cell_12 NewDesignator=R704_Cell_12
Change Component Designator: OldDesignator=R*_Cell_1 NewDesignator=R701_Cell_1
Change Component Designator: OldDesignator=R*_Cell_2 NewDesignator=R701_Cell_2
Change Component Designator: OldDesignator=R*_Cell_3 NewDesignator=R701_Cell_3
Change Component Designator: OldDesignator=R*_Cell_4 NewDesignator=R701_Cell_4
Change Component Designator: OldDesignator=R*_Cell_5 NewDesignator=R701_Cell_5
Change Component Designator: OldDesignator=R*_Cell_6 NewDesignator=R701_Cell_6
Change Component Designator: OldDesignator=R*_Cell_7 NewDesignator=R701_Cell_7
Change Component Designator: OldDesignator=R*_Cell_8 NewDesignator=R701_Cell_8
Change Component Designator: OldDesignator=R*_Cell_9 NewDesignator=R701_Cell_9
Change Component Designator: OldDesignator=R*_Cell_10 NewDesignator=R701_Cell_10
Change Component Designator: OldDesignator=R*_Cell_11 NewDesignator=R701_Cell_11
Change Component Designator: OldDesignator=R*_Cell_12 NewDesignator=R701_Cell_12
Change Net Name : Old Net Name=NetD801_Cell_1_A New Net Name=NetD701_Cell_1_A
Change Net Name : Old Net Name=NetD801_Cell_1_K New Net Name=NetD701_Cell_1_K
Change Net Name : Old Net Name=NetD801_Cell_2_A New Net Name=NetD701_Cell_2_A
Change Net Name : Old Net Name=NetD801_Cell_2_K New Net Name=NetD701_Cell_2_K
Change Net Name : Old Net Name=NetD801_Cell_3_A New Net Name=NetD701_Cell_3_A
Change Net Name : Old Net Name=NetD801_Cell_3_K New Net Name=NetD701_Cell_3_K
Change Net Name : Old Net Name=NetD801_Cell_4_A New Net Name=NetD701_Cell_4_A
Change Net Name : Old Net Name=NetD801_Cell_4_K New Net Name=NetD701_Cell_4_K
Change Net Name : Old Net Name=NetD801_Cell_5_A New Net Name=NetD701_Cell_5_A
Change Net Name : Old Net Name=NetD801_Cell_5_K New Net Name=NetD701_Cell_5_K
Change Net Name : Old Net Name=NetD801_Cell_6_A New Net Name=NetD701_Cell_6_A
Change Net Name : Old Net Name=NetD801_Cell_6_K New Net Name=NetD701_Cell_6_K
Change Net Name : Old Net Name=NetD801_Cell_7_A New Net Name=NetD701_Cell_7_A
Change Net Name : Old Net Name=NetD801_Cell_7_K New Net Name=NetD701_Cell_7_K
Change Net Name : Old Net Name=NetD801_Cell_8_A New Net Name=NetD701_Cell_8_A
Change Net Name : Old Net Name=NetD801_Cell_8_K New Net Name=NetD701_Cell_8_K
Change Net Name : Old Net Name=NetD801_Cell_9_A New Net Name=NetD701_Cell_9_A
Change Net Name : Old Net Name=NetD801_Cell_9_K New Net Name=NetD701_Cell_9_K
Change Net Name : Old Net Name=NetD801_Cell_10_A New Net Name=NetD701_Cell_10_A
Change Net Name : Old Net Name=NetD801_Cell_10_K New Net Name=NetD701_Cell_10_K
Change Net Name : Old Net Name=NetD801_Cell_11_A New Net Name=NetD701_Cell_11_A
Change Net Name : Old Net Name=NetD801_Cell_11_K New Net Name=NetD701_Cell_11_K
Change Net Name : Old Net Name=NetD801_Cell_12_A New Net Name=NetD701_Cell_12_A
Change Net Name : Old Net Name=NetD801_Cell_12_K New Net Name=NetD701_Cell_12_K
Change Net Name : Old Net Name=NetL801_Cell_1_2 New Net Name=NetL701_Cell_1_2
Change Net Name : Old Net Name=NetL801_Cell_2_2 New Net Name=NetL701_Cell_2_2
Change Net Name : Old Net Name=NetL801_Cell_3_2 New Net Name=NetL701_Cell_3_2
Change Net Name : Old Net Name=NetL801_Cell_4_2 New Net Name=NetL701_Cell_4_2
Change Net Name : Old Net Name=NetL801_Cell_5_2 New Net Name=NetL701_Cell_5_2
Change Net Name : Old Net Name=NetL801_Cell_6_2 New Net Name=NetL701_Cell_6_2
Change Net Name : Old Net Name=NetL801_Cell_8_2 New Net Name=NetL701_Cell_8_2
Change Net Name : Old Net Name=NetL801_Cell_9_2 New Net Name=NetL701_Cell_9_2
Change Net Name : Old Net Name=NetL801_Cell_10_2 New Net Name=NetL701_Cell_10_2
Change Net Name : Old Net Name=NetL801_Cell_11_2 New Net Name=NetL701_Cell_11_2
Change Net Name : Old Net Name=NetL801_Cell_12_2 New Net Name=NetL701_Cell_12_2
Change Net Name : Old Net Name=NetQ801_Cell_1_G New Net Name=NetQ701_Cell_1_G
Change Net Name : Old Net Name=NetQ801_Cell_1_S New Net Name=NetQ701_Cell_1_S
Change Net Name : Old Net Name=NetQ801_Cell_2_G New Net Name=NetQ701_Cell_2_G
Change Net Name : Old Net Name=NetQ801_Cell_3_G New Net Name=NetQ701_Cell_3_G
Change Net Name : Old Net Name=NetQ801_Cell_4_G New Net Name=NetQ701_Cell_4_G
Change Net Name : Old Net Name=NetQ801_Cell_5_G New Net Name=NetQ701_Cell_5_G
Change Net Name : Old Net Name=NetQ801_Cell_6_G New Net Name=NetQ701_Cell_6_G
Change Net Name : Old Net Name=NetQ801_Cell_7_G New Net Name=NetQ701_Cell_7_G
Change Net Name : Old Net Name=NetQ801_Cell_8_G New Net Name=NetQ701_Cell_8_G
Change Net Name : Old Net Name=NetQ801_Cell_9_G New Net Name=NetQ701_Cell_9_G
Change Net Name : Old Net Name=NetQ801_Cell_10_G New Net Name=NetQ701_Cell_10_G
Change Net Name : Old Net Name=NetQ801_Cell_11_G New Net Name=NetQ701_Cell_11_G
Change Net Name : Old Net Name=NetQ801_Cell_12_G New Net Name=NetQ701_Cell_12_G
Added Member To Class: ClassName=MCU Member=Component R205 CR0805-JW-472ELF
