Removed Pin From Net: NetName=NetL701_Cell_6_2 Pin=L701_Cell_7-2
Removed Pin From Net: NetName=NetL701_Cell_8_2 Pin=Q701_Cell_7-S
Removed Pin From Net: NetName=NetL701_Cell_9_2 Pin=Q701_Cell_8-S
Removed Pin From Net: NetName=NetL701_Cell_10_2 Pin=Q701_Cell_9-S
Removed Pin From Net: NetName=NetL701_Cell_11_2 Pin=Q701_Cell_10-S
Removed Pin From Net: NetName=C12 Pin=Q701_Cell_12-S
Removed Pin From Net: NetName=NetL701_Cell_6_2 Pin=R701_Cell_7-1
Removed Pin From Net: NetName=NetL701_Cell_6_2 Pin=R702_Cell_7-1
Removed Pin From Net: NetName=NetL701_Cell_6_2 Pin=R704_Cell_7-1
Added Pin To Net: NetName=C12 Pin=L701_Cell_12-2
Added Pin To Net: NetName=NetL701_Cell_6_2 Pin=Q701_Cell_7-S
Added Pin To Net: NetName=NetL701_Cell_8_2 Pin=Q701_Cell_9-S
Added Pin To Net: NetName=NetL701_Cell_9_2 Pin=Q701_Cell_10-S
Added Pin To Net: NetName=NetL701_Cell_10_2 Pin=Q701_Cell_11-S
Added Pin To Net: NetName=NetL701_Cell_11_2 Pin=Q701_Cell_12-S
Added Pin To Net: NetName=C12 Pin=R701_Cell_12-1
Added Pin To Net: NetName=C12 Pin=R702_Cell_12-1
Added Pin To Net: NetName=C12 Pin=R704_Cell_12-1
Added Pin To Net: NetName=NetL701_Cell_7_2 Pin=L701_Cell_7-2
Added Pin To Net: NetName=NetL701_Cell_7_2 Pin=Q701_Cell_8-S
Added Pin To Net: NetName=NetL701_Cell_7_2 Pin=R701_Cell_7-1
Added Pin To Net: NetName=NetL701_Cell_7_2 Pin=R702_Cell_7-1
Added Pin To Net: NetName=NetL701_Cell_7_2 Pin=R704_Cell_7-1
Added Net: Name=NetL701_Cell_7_2
