Removed Member From Class: ClassName=Cell_1 Member=C701
Removed Member From Class: ClassName=Cell_3 Member=C701
Removed Member From Class: ClassName=Cell_4 Member=C701
Removed Member From Class: ClassName=Cell_5 Member=C701
Removed Member From Class: ClassName=Cell_6 Member=C701
Removed Member From Class: ClassName=Cell_7 Member=C701
Removed Member From Class: ClassName=Cell_8 Member=C701
Removed Member From Class: ClassName=Cell_9 Member=C701
Removed Member From Class: ClassName=Cell_10 Member=C701
Removed Member From Class: ClassName=Cell_11 Member=C701
Removed Member From Class: ClassName=Cell_12 Member=C701
Removed Member From Class: ClassName=Cell_1 Member=C702
Removed Member From Class: ClassName=Cell_2 Member=C702
Removed Member From Class: ClassName=Cell_4 Member=C702
Removed Member From Class: ClassName=Cell_5 Member=C702
Removed Member From Class: ClassName=Cell_6 Member=C702
Removed Member From Class: ClassName=Cell_7 Member=C702
Removed Member From Class: ClassName=Cell_8 Member=C702
Removed Member From Class: ClassName=Cell_9 Member=C702
Removed Member From Class: ClassName=Cell_10 Member=C702
Removed Member From Class: ClassName=Cell_11 Member=C702
Removed Member From Class: ClassName=Cell_12 Member=C702
Removed Member From Class: ClassName=Cell_1 Member=D701
Removed Member From Class: ClassName=Cell_2 Member=D701
Removed Member From Class: ClassName=Cell_3 Member=D701
Removed Member From Class: ClassName=Cell_4 Member=D701
Removed Member From Class: ClassName=Cell_5 Member=D701
Removed Member From Class: ClassName=Cell_6 Member=D701
Removed Member From Class: ClassName=Cell_7 Member=D701
Removed Member From Class: ClassName=Cell_8 Member=D701
Removed Member From Class: ClassName=Cell_9 Member=D701
Removed Member From Class: ClassName=Cell_10 Member=D701
Removed Member From Class: ClassName=Cell_11 Member=D701
Removed Member From Class: ClassName=Cell_1 Member=L701
Removed Member From Class: ClassName=Cell_3 Member=L701
Removed Member From Class: ClassName=Cell_4 Member=L701
Removed Member From Class: ClassName=Cell_5 Member=L701
Removed Member From Class: ClassName=Cell_6 Member=L701
Removed Member From Class: ClassName=Cell_7 Member=L701
Removed Member From Class: ClassName=Cell_8 Member=L701
Removed Member From Class: ClassName=Cell_9 Member=L701
Removed Member From Class: ClassName=Cell_10 Member=L701
Removed Member From Class: ClassName=Cell_11 Member=L701
Removed Member From Class: ClassName=Cell_12 Member=L701
Removed Member From Class: ClassName=Cell_1 Member=Q701
Removed Member From Class: ClassName=Cell_2 Member=Q701
Removed Member From Class: ClassName=Cell_3 Member=Q701
Removed Member From Class: ClassName=Cell_4 Member=Q701
Removed Member From Class: ClassName=Cell_5 Member=Q701
Removed Member From Class: ClassName=Cell_6 Member=Q701
Removed Member From Class: ClassName=Cell_8 Member=Q701
Removed Member From Class: ClassName=Cell_9 Member=Q701
Removed Member From Class: ClassName=Cell_10 Member=Q701
Removed Member From Class: ClassName=Cell_11 Member=Q701
Removed Member From Class: ClassName=Cell_12 Member=Q701
Removed Member From Class: ClassName=Cell_1 Member=R702
Removed Member From Class: ClassName=Cell_2 Member=R702
Removed Member From Class: ClassName=Cell_3 Member=R702
Removed Member From Class: ClassName=Cell_4 Member=R702
Removed Member From Class: ClassName=Cell_5 Member=R702
Removed Member From Class: ClassName=Cell_7 Member=R702
Removed Member From Class: ClassName=Cell_8 Member=R702
Removed Member From Class: ClassName=Cell_9 Member=R702
Removed Member From Class: ClassName=Cell_10 Member=R702
Removed Member From Class: ClassName=Cell_11 Member=R702
Removed Member From Class: ClassName=Cell_12 Member=R702
Removed Member From Class: ClassName=Cell_1 Member=R703
Removed Member From Class: ClassName=Cell_2 Member=R703
Removed Member From Class: ClassName=Cell_3 Member=R703
Removed Member From Class: ClassName=Cell_5 Member=R703
Removed Member From Class: ClassName=Cell_6 Member=R703
Removed Member From Class: ClassName=Cell_7 Member=R703
Removed Member From Class: ClassName=Cell_8 Member=R703
Removed Member From Class: ClassName=Cell_9 Member=R703
Removed Member From Class: ClassName=Cell_10 Member=R703
Removed Member From Class: ClassName=Cell_11 Member=R703
Removed Member From Class: ClassName=Cell_12 Member=R703
Removed Member From Class: ClassName=Cell_1 Member=R704
Removed Member From Class: ClassName=Cell_2 Member=R704
Removed Member From Class: ClassName=Cell_3 Member=R704
Removed Member From Class: ClassName=Cell_4 Member=R704
Removed Member From Class: ClassName=Cell_5 Member=R704
Removed Member From Class: ClassName=Cell_6 Member=R704
Removed Member From Class: ClassName=Cell_7 Member=R704
Removed Member From Class: ClassName=Cell_8 Member=R704
Removed Member From Class: ClassName=Cell_9 Member=R704
Removed Member From Class: ClassName=Cell_11 Member=R704
Removed Member From Class: ClassName=Cell_12 Member=R704
Change Component Designator: OldDesignator=C701 NewDesignator=C701_Cell_1
Change Component Designator: OldDesignator=C701 NewDesignator=C701_Cell_2
Change Component Designator: OldDesignator=C701 NewDesignator=C701_Cell_3
Change Component Designator: OldDesignator=C701 NewDesignator=C701_Cell_4
Change Component Designator: OldDesignator=C701 NewDesignator=C701_Cell_5
Change Component Designator: OldDesignator=C701 NewDesignator=C701_Cell_6
Change Component Designator: OldDesignator=C701 NewDesignator=C701_Cell_7
Change Component Designator: OldDesignator=C701 NewDesignator=C701_Cell_8
Change Component Designator: OldDesignator=C701 NewDesignator=C701_Cell_9
Change Component Designator: OldDesignator=C701 NewDesignator=C701_Cell_10
Change Component Designator: OldDesignator=C701 NewDesignator=C701_Cell_11
Change Component Designator: OldDesignator=C701 NewDesignator=C701_Cell_12
Change Component Designator: OldDesignator=C702 NewDesignator=C702_Cell_1
Change Component Designator: OldDesignator=C702 NewDesignator=C702_Cell_2
Change Component Designator: OldDesignator=C702 NewDesignator=C702_Cell_3
Change Component Designator: OldDesignator=C702 NewDesignator=C702_Cell_4
Change Component Designator: OldDesignator=C702 NewDesignator=C702_Cell_5
Change Component Designator: OldDesignator=C702 NewDesignator=C702_Cell_6
Change Component Designator: OldDesignator=C702 NewDesignator=C702_Cell_7
Change Component Designator: OldDesignator=C702 NewDesignator=C702_Cell_8
Change Component Designator: OldDesignator=C702 NewDesignator=C702_Cell_9
Change Component Designator: OldDesignator=C702 NewDesignator=C702_Cell_10
Change Component Designator: OldDesignator=C702 NewDesignator=C702_Cell_11
Change Component Designator: OldDesignator=C702 NewDesignator=C702_Cell_12
Change Component Designator: OldDesignator=D701 NewDesignator=D701_Cell_1
Change Component Designator: OldDesignator=D701 NewDesignator=D701_Cell_2
Change Component Designator: OldDesignator=D701 NewDesignator=D701_Cell_3
Change Component Designator: OldDesignator=D701 NewDesignator=D701_Cell_4
Change Component Designator: OldDesignator=D701 NewDesignator=D701_Cell_5
Change Component Designator: OldDesignator=D701 NewDesignator=D701_Cell_6
Change Component Designator: OldDesignator=D701 NewDesignator=D701_Cell_7
Change Component Designator: OldDesignator=D701 NewDesignator=D701_Cell_8
Change Component Designator: OldDesignator=D701 NewDesignator=D701_Cell_9
Change Component Designator: OldDesignator=D701 NewDesignator=D701_Cell_10
Change Component Designator: OldDesignator=D701 NewDesignator=D701_Cell_11
Change Component Designator: OldDesignator=D701 NewDesignator=D701_Cell_12
Change Component Designator: OldDesignator=L701 NewDesignator=L701_Cell_1
Change Component Designator: OldDesignator=L701 NewDesignator=L701_Cell_2
Change Component Designator: OldDesignator=L701 NewDesignator=L701_Cell_3
Change Component Designator: OldDesignator=L701 NewDesignator=L701_Cell_4
Change Component Designator: OldDesignator=L701 NewDesignator=L701_Cell_5
Change Component Designator: OldDesignator=L701 NewDesignator=L701_Cell_6
Change Component Designator: OldDesignator=L701 NewDesignator=L701_Cell_7
Change Component Designator: OldDesignator=L701 NewDesignator=L701_Cell_8
Change Component Designator: OldDesignator=L701 NewDesignator=L701_Cell_9
Change Component Designator: OldDesignator=L701 NewDesignator=L701_Cell_10
Change Component Designator: OldDesignator=L701 NewDesignator=L701_Cell_11
Change Component Designator: OldDesignator=L701 NewDesignator=L701_Cell_12
Change Component Designator: OldDesignator=Q701 NewDesignator=Q701_Cell_1
Change Component Designator: OldDesignator=Q701 NewDesignator=Q701_Cell_2
Change Component Designator: OldDesignator=Q701 NewDesignator=Q701_Cell_3
Change Component Designator: OldDesignator=Q701 NewDesignator=Q701_Cell_4
Change Component Designator: OldDesignator=Q701 NewDesignator=Q701_Cell_5
Change Component Designator: OldDesignator=Q701 NewDesignator=Q701_Cell_6
Change Component Designator: OldDesignator=Q701 NewDesignator=Q701_Cell_7
Change Component Designator: OldDesignator=Q701 NewDesignator=Q701_Cell_8
Change Component Designator: OldDesignator=Q701 NewDesignator=Q701_Cell_9
Change Component Designator: OldDesignator=Q701 NewDesignator=Q701_Cell_10
Change Component Designator: OldDesignator=Q701 NewDesignator=Q701_Cell_11
Change Component Designator: OldDesignator=Q701 NewDesignator=Q701_Cell_12
Change Component Designator: OldDesignator=R702 NewDesignator=R702_Cell_1
Change Component Designator: OldDesignator=R702 NewDesignator=R702_Cell_2
Change Component Designator: OldDesignator=R702 NewDesignator=R702_Cell_3
Change Component Designator: OldDesignator=R702 NewDesignator=R702_Cell_4
Change Component Designator: OldDesignator=R702 NewDesignator=R702_Cell_5
Change Component Designator: OldDesignator=R702 NewDesignator=R702_Cell_6
Change Component Designator: OldDesignator=R702 NewDesignator=R702_Cell_7
Change Component Designator: OldDesignator=R702 NewDesignator=R702_Cell_8
Change Component Designator: OldDesignator=R702 NewDesignator=R702_Cell_9
Change Component Designator: OldDesignator=R702 NewDesignator=R702_Cell_10
Change Component Designator: OldDesignator=R702 NewDesignator=R702_Cell_11
Change Component Designator: OldDesignator=R702 NewDesignator=R702_Cell_12
Change Component Designator: OldDesignator=R703 NewDesignator=R703_Cell_1
Change Component Designator: OldDesignator=R703 NewDesignator=R703_Cell_2
Change Component Designator: OldDesignator=R703 NewDesignator=R703_Cell_3
Change Component Designator: OldDesignator=R703 NewDesignator=R703_Cell_4
Change Component Designator: OldDesignator=R703 NewDesignator=R703_Cell_5
Change Component Designator: OldDesignator=R703 NewDesignator=R703_Cell_6
Change Component Designator: OldDesignator=R703 NewDesignator=R703_Cell_7
Change Component Designator: OldDesignator=R703 NewDesignator=R703_Cell_8
Change Component Designator: OldDesignator=R703 NewDesignator=R703_Cell_9
Change Component Designator: OldDesignator=R703 NewDesignator=R703_Cell_10
Change Component Designator: OldDesignator=R703 NewDesignator=R703_Cell_11
Change Component Designator: OldDesignator=R703 NewDesignator=R703_Cell_12
Change Component Designator: OldDesignator=R704 NewDesignator=R704_Cell_1
Change Component Designator: OldDesignator=R704 NewDesignator=R704_Cell_2
Change Component Designator: OldDesignator=R704 NewDesignator=R704_Cell_3
Change Component Designator: OldDesignator=R704 NewDesignator=R704_Cell_4
Change Component Designator: OldDesignator=R704 NewDesignator=R704_Cell_5
Change Component Designator: OldDesignator=R704 NewDesignator=R704_Cell_6
Change Component Designator: OldDesignator=R704 NewDesignator=R704_Cell_7
Change Component Designator: OldDesignator=R704 NewDesignator=R704_Cell_8
Change Component Designator: OldDesignator=R704 NewDesignator=R704_Cell_9
Change Component Designator: OldDesignator=R704 NewDesignator=R704_Cell_10
Change Component Designator: OldDesignator=R704 NewDesignator=R704_Cell_11
Change Component Designator: OldDesignator=R704 NewDesignator=R704_Cell_12
Added Member To Class: ClassName=Cell_1 Member=Component C701_Cell_1 (C701) 885012207092
Added Member To Class: ClassName=Cell_3 Member=Component C701_Cell_3 (C701) 885012207092
Added Member To Class: ClassName=Cell_4 Member=Component C701_Cell_4 (C701) 885012207092
Added Member To Class: ClassName=Cell_5 Member=Component C701_Cell_5 (C701) 885012207092
Added Member To Class: ClassName=Cell_6 Member=Component C701_Cell_6 (C701) 885012207092
Added Member To Class: ClassName=Cell_7 Member=Component C701_Cell_7 (C701) 885012207092
Added Member To Class: ClassName=Cell_8 Member=Component C701_Cell_8 (C701) 885012207092
Added Member To Class: ClassName=Cell_9 Member=Component C701_Cell_9 (C701) 885012207092
Added Member To Class: ClassName=Cell_10 Member=Component C701_Cell_10 (C701) 885012207092
Added Member To Class: ClassName=Cell_11 Member=Component C701_Cell_11 (C701) 885012207092
Added Member To Class: ClassName=Cell_12 Member=Component C701_Cell_12 (C701) 885012207092
Added Member To Class: ClassName=Cell_1 Member=Component C702_Cell_1 (C702) 885012207092
Added Member To Class: ClassName=Cell_2 Member=Component C702_Cell_2 (C702) 885012207092
Added Member To Class: ClassName=Cell_4 Member=Component C702_Cell_4 (C702) 885012207092
Added Member To Class: ClassName=Cell_5 Member=Component C702_Cell_5 (C702) 885012207092
Added Member To Class: ClassName=Cell_6 Member=Component C702_Cell_6 (C702) 885012207092
Added Member To Class: ClassName=Cell_7 Member=Component C702_Cell_7 (C702) 885012207092
Added Member To Class: ClassName=Cell_8 Member=Component C702_Cell_8 (C702) 885012207092
Added Member To Class: ClassName=Cell_9 Member=Component C702_Cell_9 (C702) 885012207092
Added Member To Class: ClassName=Cell_10 Member=Component C702_Cell_10 (C702) 885012207092
Added Member To Class: ClassName=Cell_11 Member=Component C702_Cell_11 (C702) 885012207092
Added Member To Class: ClassName=Cell_12 Member=Component C702_Cell_12 (C702) 885012207092
Added Member To Class: ClassName=Cell_1 Member=Component D701_Cell_1 (D701) 150080YS75000
Added Member To Class: ClassName=Cell_2 Member=Component D701_Cell_2 (D701) 150080YS75000
Added Member To Class: ClassName=Cell_3 Member=Component D701_Cell_3 (D701) 150080YS75000
Added Member To Class: ClassName=Cell_4 Member=Component D701_Cell_4 (D701) 150080YS75000
Added Member To Class: ClassName=Cell_5 Member=Component D701_Cell_5 (D701) 150080YS75000
Added Member To Class: ClassName=Cell_6 Member=Component D701_Cell_6 (D701) 150080YS75000
Added Member To Class: ClassName=Cell_7 Member=Component D701_Cell_7 (D701) 150080YS75000
Added Member To Class: ClassName=Cell_8 Member=Component D701_Cell_8 (D701) 150080YS75000
Added Member To Class: ClassName=Cell_9 Member=Component D701_Cell_9 (D701) 150080YS75000
Added Member To Class: ClassName=Cell_10 Member=Component D701_Cell_10 (D701) 150080YS75000
Added Member To Class: ClassName=Cell_11 Member=Component D701_Cell_11 (D701) 150080YS75000
Added Member To Class: ClassName=Cell_1 Member=Component L701_Cell_1 (L701) 782853561
Added Member To Class: ClassName=Cell_3 Member=Component L701_Cell_3 (L701) 782853561
Added Member To Class: ClassName=Cell_4 Member=Component L701_Cell_4 (L701) 782853561
Added Member To Class: ClassName=Cell_5 Member=Component L701_Cell_5 (L701) 782853561
Added Member To Class: ClassName=Cell_6 Member=Component L701_Cell_6 (L701) 782853561
Added Member To Class: ClassName=Cell_7 Member=Component L701_Cell_7 (L701) 782853561
Added Member To Class: ClassName=Cell_8 Member=Component L701_Cell_8 (L701) 782853561
Added Member To Class: ClassName=Cell_9 Member=Component L701_Cell_9 (L701) 782853561
Added Member To Class: ClassName=Cell_10 Member=Component L701_Cell_10 (L701) 782853561
Added Member To Class: ClassName=Cell_11 Member=Component L701_Cell_11 (L701) 782853561
Added Member To Class: ClassName=Cell_12 Member=Component L701_Cell_12 (L701) 782853561
Added Member To Class: ClassName=Cell_1 Member=Component Q701_Cell_1 (Q701) BSS308PE
Added Member To Class: ClassName=Cell_2 Member=Component Q701_Cell_2 (Q701) BSS308PE
Added Member To Class: ClassName=Cell_3 Member=Component Q701_Cell_3 (Q701) BSS308PE
Added Member To Class: ClassName=Cell_4 Member=Component Q701_Cell_4 (Q701) BSS308PE
Added Member To Class: ClassName=Cell_5 Member=Component Q701_Cell_5 (Q701) BSS308PE
Added Member To Class: ClassName=Cell_6 Member=Component Q701_Cell_6 (Q701) BSS308PE
Added Member To Class: ClassName=Cell_8 Member=Component Q701_Cell_8 (Q701) BSS308PE
Added Member To Class: ClassName=Cell_9 Member=Component Q701_Cell_9 (Q701) BSS308PE
Added Member To Class: ClassName=Cell_10 Member=Component Q701_Cell_10 (Q701) BSS308PE
Added Member To Class: ClassName=Cell_11 Member=Component Q701_Cell_11 (Q701) BSS308PE
Added Member To Class: ClassName=Cell_12 Member=Component Q701_Cell_12 (Q701) BSS308PE
Added Member To Class: ClassName=Cell_1 Member=Component R702_Cell_1 (R702) CR0805-FX-1000ELF
Added Member To Class: ClassName=Cell_2 Member=Component R702_Cell_2 (R702) CR0805-FX-1000ELF
Added Member To Class: ClassName=Cell_3 Member=Component R702_Cell_3 (R702) CR0805-FX-1000ELF
Added Member To Class: ClassName=Cell_4 Member=Component R702_Cell_4 (R702) CR0805-FX-1000ELF
Added Member To Class: ClassName=Cell_5 Member=Component R702_Cell_5 (R702) CR0805-FX-1000ELF
Added Member To Class: ClassName=Cell_7 Member=Component R702_Cell_7 (R702) CR0805-FX-1000ELF
Added Member To Class: ClassName=Cell_8 Member=Component R702_Cell_8 (R702) CR0805-FX-1000ELF
Added Member To Class: ClassName=Cell_9 Member=Component R702_Cell_9 (R702) CR0805-FX-1000ELF
Added Member To Class: ClassName=Cell_10 Member=Component R702_Cell_10 (R702) CR0805-FX-1000ELF
Added Member To Class: ClassName=Cell_11 Member=Component R702_Cell_11 (R702) CR0805-FX-1000ELF
Added Member To Class: ClassName=Cell_12 Member=Component R702_Cell_12 (R702) CR0805-FX-1000ELF
Added Member To Class: ClassName=Cell_1 Member=Component R703_Cell_1 (R703) CR0805-JW-102ELF
Added Member To Class: ClassName=Cell_2 Member=Component R703_Cell_2 (R703) CR0805-JW-102ELF
Added Member To Class: ClassName=Cell_3 Member=Component R703_Cell_3 (R703) CR0805-JW-102ELF
Added Member To Class: ClassName=Cell_5 Member=Component R703_Cell_5 (R703) CR0805-JW-102ELF
Added Member To Class: ClassName=Cell_6 Member=Component R703_Cell_6 (R703) CR0805-JW-102ELF
Added Member To Class: ClassName=Cell_7 Member=Component R703_Cell_7 (R703) CR0805-JW-102ELF
Added Member To Class: ClassName=Cell_8 Member=Component R703_Cell_8 (R703) CR0805-JW-102ELF
Added Member To Class: ClassName=Cell_9 Member=Component R703_Cell_9 (R703) CR0805-JW-102ELF
Added Member To Class: ClassName=Cell_10 Member=Component R703_Cell_10 (R703) CR0805-JW-102ELF
Added Member To Class: ClassName=Cell_11 Member=Component R703_Cell_11 (R703) CR0805-JW-102ELF
Added Member To Class: ClassName=Cell_12 Member=Component R703_Cell_12 (R703) CR0805-JW-102ELF
Added Member To Class: ClassName=Cell_1 Member=Component R704_Cell_1 (R704) CR0805-FX-4700GLF
Added Member To Class: ClassName=Cell_2 Member=Component R704_Cell_2 (R704) CR0805-FX-4700GLF
Added Member To Class: ClassName=Cell_3 Member=Component R704_Cell_3 (R704) CR0805-FX-4700GLF
Added Member To Class: ClassName=Cell_4 Member=Component R704_Cell_4 (R704) CR0805-FX-4700GLF
Added Member To Class: ClassName=Cell_5 Member=Component R704_Cell_5 (R704) CR0805-FX-4700GLF
Added Member To Class: ClassName=Cell_6 Member=Component R704_Cell_6 (R704) CR0805-FX-4700GLF
Added Member To Class: ClassName=Cell_7 Member=Component R704_Cell_7 (R704) CR0805-FX-4700GLF
Added Member To Class: ClassName=Cell_8 Member=Component R704_Cell_8 (R704) CR0805-FX-4700GLF
Added Member To Class: ClassName=Cell_9 Member=Component R704_Cell_9 (R704) CR0805-FX-4700GLF
Added Member To Class: ClassName=Cell_11 Member=Component R704_Cell_11 (R704) CR0805-FX-4700GLF
Added Member To Class: ClassName=Cell_12 Member=Component R704_Cell_12 (R704) CR0805-FX-4700GLF
