Removed Pin From Net: NetName=Cell_0 Pin=J4-1
Removed Pin From Net: NetName=+5 ISO Pin=U301-16
Added Component: Designator=U*(DCDC-Fixed Isolated Module)
Add component (AddParameter): Name = ".Creator"; Value = "GP"; VariantName = "[No Variations]"
Add component (AddParameter): Name = ".PCBcheck"; Value = ""; VariantName = "[No Variations]"
Add component (AddParameter): Name = ".SCHcheck"; Value = ""; VariantName = "[No Variations]"
Add component (AddParameter): Name = "Category"; Value = "Board Mount Modules"; VariantName = "[No Variations]"
Add component (AddParameter): Name = "ComponentLink1Description"; Value = "Datasheet"; VariantName = "[No Variations]"
Add component (AddParameter): Name = "ComponentLink1URL"; Value = "https://www.we-online.com/catalog/datasheet/176920512.pdf"; VariantName = "[No Variations]"
Add component (AddParameter): Name = "ComponentLink2Description"; Value = "Where buy it"; VariantName = "[No Variations]"
Add component (AddParameter): Name = "ComponentLink2URL"; Value = "https://www.we-online.com/catalog/en/MAGIC-FISM?sq=176920512#176920512"; VariantName = "[No Variations]"
Add component (AddParameter): Name = "Manufacturer"; Value = "Wurth Electronics"; VariantName = "[No Variations]"
Add component (AddParameter): Name = "Manufacturer Part Number"; Value = "176920512"; VariantName = "[No Variations]"
Add component (AddParameter): Name = "Pricing 1"; Value = "1=5,87000, 25=5,08000, 50=4,79000, 100=4,44000, 250=4,34000 (GBP)"; VariantName = "[No Variations]"
Add component (AddParameter): Name = "RoHS"; Value = "Yes"; VariantName = "[No Variations]"
Add component (AddParameter): Name = "Stock 1"; Value = "34"; VariantName = "[No Variations]"
Add component (AddParameter): Name = "Supplier 1"; Value = "RSComponents"; VariantName = "[No Variations]"
Add component (AddParameter): Name = "Supplier Part Number 1"; Value = "2069438"; VariantName = "[No Variations]"
Added Pin To Net: NetName=Cell_0 Pin=U*-4
Added Pin To Net: NetName=+5 Pin=U*-5
Change Net Name : Old Net Name=Cell_0 New Net Name=GND_Slave
Added Pin To Net: NetName=+5_LV Pin=U*-2
Added Net: Name=+5_LV
Add Net: Net with name "+5_LV" already exists
Add Net: Net with name "AMS_CAN_GND" already exists
Added Pin To Net: NetName=Cell_0 Pin=J4-1
Added Net: Name=Cell_0
Add Differential Pair: Number of nets in differential pair AMS_CAN_H is 1 instead of 2
Added Member To Class: ClassName=Supply Member=Component U* 176920512
