Added Pin To Net: NetName=Cell_1 Pin=Q501-S
Added Pin To Net: NetName=Cell_2 Pin=Q502-S
Added Pin To Net: NetName=Cell_3 Pin=Q503-S
Added Pin To Net: NetName=Cell_4 Pin=Q504-S
Added Pin To Net: NetName=Cell_5 Pin=Q505-S
Added Pin To Net: NetName=Cell_6 Pin=Q506-S
Added Pin To Net: NetName=Cell_7 Pin=Q507-S
Added Pin To Net: NetName=Cell_8 Pin=Q508-S
Added Pin To Net: NetName=Cell_9 Pin=Q509-S
Added Pin To Net: NetName=Cell_10 Pin=Q510-S
Added Pin To Net: NetName=Cell_11 Pin=Q511-S
Added Pin To Net: NetName=Cell_1 Pin=R514-1
Added Pin To Net: NetName=Cell_2 Pin=R516-1
Added Pin To Net: NetName=Cell_3 Pin=R518-1
Added Pin To Net: NetName=Cell_4 Pin=R520-1
Added Pin To Net: NetName=Cell_5 Pin=R522-1
Added Pin To Net: NetName=Cell_6 Pin=R524-1
Added Pin To Net: NetName=Cell_7 Pin=R526-1
Added Pin To Net: NetName=Cell_8 Pin=R528-1
Added Pin To Net: NetName=Cell_9 Pin=R530-1
Added Pin To Net: NetName=Cell_10 Pin=R532-1
Added Pin To Net: NetName=Cell_11 Pin=R534-1
Added Pin To Net: NetName=NetQ502_D Pin=Q502-D
Added Pin To Net: NetName=NetQ502_D Pin=R502-2
Added Net: Name=NetQ502_D
Added Pin To Net: NetName=NetQ503_D Pin=Q503-D
Added Pin To Net: NetName=NetQ503_D Pin=R503-2
Added Net: Name=NetQ503_D
Added Pin To Net: NetName=NetQ504_D Pin=Q504-D
Added Pin To Net: NetName=NetQ504_D Pin=R504-2
Added Net: Name=NetQ504_D
Added Pin To Net: NetName=NetQ505_D Pin=Q505-D
Added Pin To Net: NetName=NetQ505_D Pin=R505-2
Added Net: Name=NetQ505_D
Added Pin To Net: NetName=NetQ506_D Pin=Q506-D
Added Pin To Net: NetName=NetQ506_D Pin=R506-2
Added Net: Name=NetQ506_D
Added Pin To Net: NetName=NetQ507_D Pin=Q507-D
Added Pin To Net: NetName=NetQ507_D Pin=R507-2
Added Net: Name=NetQ507_D
Added Pin To Net: NetName=NetQ508_D Pin=Q508-D
Added Pin To Net: NetName=NetQ508_D Pin=R508-2
Added Net: Name=NetQ508_D
Added Pin To Net: NetName=NetQ509_D Pin=Q509-D
Added Pin To Net: NetName=NetQ509_D Pin=R509-2
Added Net: Name=NetQ509_D
Added Pin To Net: NetName=NetQ510_D Pin=Q510-D
Added Pin To Net: NetName=NetQ510_D Pin=R510-2
Added Net: Name=NetQ510_D
Added Pin To Net: NetName=NetQ511_D Pin=Q511-D
Added Pin To Net: NetName=NetQ511_D Pin=R511-2
Added Net: Name=NetQ511_D
Added Pin To Net: NetName=NetQ512_D Pin=Q512-D
Added Pin To Net: NetName=NetQ512_D Pin=R512-2
Added Net: Name=NetQ512_D
