Removed Pin From Net: NetName=Cells_+ Pin=F101-1
Removed Pin From Net: NetName=NTC2 Pin=J3-1
Removed Pin From Net: NetName=NTC3 Pin=J3-2
Removed Pin From Net: NetName=NTC4 Pin=J3-3
Removed Pin From Net: NetName=NTC5 Pin=J3-4
Removed Pin From Net: NetName=NTC6 Pin=J3-5
Removed Pin From Net: NetName=NTC7 Pin=J3-6
Removed Pin From Net: NetName=NTC8 Pin=J3-7
Removed Pin From Net: NetName=Cell_0 Pin=NTC401-1
Removed Pin From Net: NetName=NTC1 Pin=NTC401-2
Removed Pin From Net: NetName=Cell_0 Pin=R501b-1
Removed Pin From Net: NetName=C0 Pin=R501b-2
Removed Pin From Net: NetName=Cell_1 Pin=R502b-1
Removed Pin From Net: NetName=NetQ501_S Pin=R502b-2
Removed Pin From Net: NetName=Cell_2 Pin=R503b-1
Removed Pin From Net: NetName=NetQ502_S Pin=R503b-2
Removed Pin From Net: NetName=Cell_3 Pin=R504b-1
Removed Pin From Net: NetName=NetQ503_S Pin=R504b-2
Removed Pin From Net: NetName=Cell_4 Pin=R505b-1
Removed Pin From Net: NetName=NetQ504_S Pin=R505b-2
Removed Pin From Net: NetName=Cell_5 Pin=R506b-1
Removed Pin From Net: NetName=NetQ505_S Pin=R506b-2
Removed Pin From Net: NetName=Cell_6 Pin=R507b-1
Removed Pin From Net: NetName=NetQ506_S Pin=R507b-2
Removed Pin From Net: NetName=Cell_7 Pin=R508b-1
Removed Pin From Net: NetName=NetQ507_S Pin=R508b-2
Removed Pin From Net: NetName=Cell_8 Pin=R509b-1
Removed Pin From Net: NetName=NetQ508_S Pin=R509b-2
Removed Pin From Net: NetName=Cell_9 Pin=R510b-1
Removed Pin From Net: NetName=NetQ509_S Pin=R510b-2
Removed Pin From Net: NetName=Cell_10 Pin=R511b-1
Removed Pin From Net: NetName=NetQ510_S Pin=R511b-2
Removed Pin From Net: NetName=Cell_11 Pin=R512b-1
Removed Pin From Net: NetName=NetQ511_S Pin=R512b-2
Removed Pin From Net: NetName=Cells_+ Pin=TP101-1
Removed Member From Class: ClassName=Temperature_readings Member=NTC401
Removed Member From Class: ClassName=Balancing Member=R501b
Removed Member From Class: ClassName=Balancing Member=R502b
Removed Member From Class: ClassName=Balancing Member=R503b
Removed Member From Class: ClassName=Balancing Member=R504b
Removed Member From Class: ClassName=Balancing Member=R505b
Removed Member From Class: ClassName=Balancing Member=R506b
Removed Member From Class: ClassName=Balancing Member=R507b
Removed Member From Class: ClassName=Balancing Member=R508b
Removed Member From Class: ClassName=Balancing Member=R509b
Removed Member From Class: ClassName=Balancing Member=R510b
Removed Member From Class: ClassName=Balancing Member=R511b
Removed Member From Class: ClassName=Balancing Member=R512b
Added Component: Designator=Q?(TRT-PCH-2/30-BSS)
Add component (AddParameter): Name = ".Creator"; Value = "DO"; VariantName = "[No Variations]"
Add component (AddParameter): Name = ".PCBcheck"; Value = ""; VariantName = "[No Variations]"
Add component (AddParameter): Name = ".SCHcheck"; Value = ""; VariantName = "[No Variations]"
Add component (AddParameter): Name = "Case/Package"; Value = "TO-236-3"; VariantName = "[No Variations]"
Add component (AddParameter): Name = "Category"; Value = "MOSFETs"; VariantName = "[No Variations]"
Add component (AddParameter): Name = "ComponentLink1Description"; Value = "datasheet"; VariantName = "[No Variations]"
Add component (AddParameter): Name = "ComponentLink1URL"; Value = "https://datasheet.ciiva.com/6379/infineon-bss308pe-ds-v02-03-en-6379920.pdf?src-supplier=Digi-Key"; VariantName = "[No Variations]"
Add component (AddParameter): Name = "ComponentLink2Description"; Value = "https://datasheet.ciiva.com/11171/infineon-bss308pe-ds-v02-03-en-11171385.pdf?src-supplier=Avnet"; VariantName = "[No Variations]"
Add component (AddParameter): Name = "ComponentLink2URL"; Value = "https://datasheet.ciiva.com/11171/infineon-bss308pe-ds-v02-03-en-11171385.pdf?src-supplier=Avnet"; VariantName = "[No Variations]"
Add component (AddParameter): Name = "Continuous Drain Current (ID)"; Value = "2A"; VariantName = "[No Variations]"
Add component (AddParameter): Name = "Drain to Source Voltage (Vdss)"; Value = "30V"; VariantName = "[No Variations]"
Add component (AddParameter): Name = "Fall Time"; Value = "2.8ns"; VariantName = "[No Variations]"
Add component (AddParameter): Name = "Gate to Source Voltage (Vgs)"; Value = "20V"; VariantName = "[No Variations]"
Add component (AddParameter): Name = "Input Capacitance"; Value = "500pF"; VariantName = "[No Variations]"
Add component (AddParameter): Name = "Manufacturer"; Value = "Infineon"; VariantName = "[No Variations]"
Add component (AddParameter): Name = "Manufacturer Part Number"; Value = "BSS308PEH6327"; VariantName = "[No Variations]"
Add component (AddParameter): Name = "Max Operating Temperature"; Value = "150°C"; VariantName = "[No Variations]"
Add component (AddParameter): Name = "Max Power Dissipation"; Value = "500mW"; VariantName = "[No Variations]"
Add component (AddParameter): Name = "Min Operating Temperature"; Value = "-55°C"; VariantName = "[No Variations]"
Add component (AddParameter): Name = "Mount"; Value = "Surface Mount"; VariantName = "[No Variations]"
Add component (AddParameter): Name = "Number of Pins"; Value = "3"; VariantName = "[No Variations]"
Add component (AddParameter): Name = "Package Quantity"; Value = "1"; VariantName = "[No Variations]"
Add component (AddParameter): Name = "Packaging"; Value = "Tape and Reel"; VariantName = "[No Variations]"
Add component (AddParameter): Name = "Pricing 1"; Value = "50=0,50300, 100=0,26400, 250=0,25900, 500=0,25200, 1000=0,24700 (USD)"; VariantName = "[No Variations]"
Add component (AddParameter): Name = "Rds On Max"; Value = "80mR"; VariantName = "[No Variations]"
Add component (AddParameter): Name = "REACH SVHC"; Value = "No SVHC"; VariantName = "[No Variations]"
Add component (AddParameter): Name = "Rise Time"; Value = "7.7ns"; VariantName = "[No Variations]"
Add component (AddParameter): Name = "RoHS"; Value = "Yes"; VariantName = "[No Variations]"
Add component (AddParameter): Name = "Series"; Value = "OptiMOS™"; VariantName = "[No Variations]"
Add component (AddParameter): Name = "Stock 1"; Value = "4000"; VariantName = "[No Variations]"
Add component (AddParameter): Name = "Supplier 1"; Value = "RSComponents"; VariantName = "[No Variations]"
Add component (AddParameter): Name = "Supplier Part Number 1"; Value = "8235500"; VariantName = "[No Variations]"
Add component (AddParameter): Name = "Threshold Voltage"; Value = "-1.5V"; VariantName = "[No Variations]"
Add component (AddParameter): Name = "Turn-Off Delay Time"; Value = "15.3ns"; VariantName = "[No Variations]"
Add component (AddParameter): Name = "Turn-On Delay Time"; Value = "5.6ns"; VariantName = "[No Variations]"
Added Component: Designator=Q?(TRT-NCH-3/35-CPH)
Add component (AddParameter): Name = ".Creator"; Value = "GP"; VariantName = "[No Variations]"
Add component (AddParameter): Name = ".PCBcheck"; Value = ""; VariantName = "[No Variations]"
Add component (AddParameter): Name = ".SCHcheck"; Value = ""; VariantName = "[No Variations]"
Add component (AddParameter): Name = "Case/Package"; Value = "SC"; VariantName = "[No Variations]"
Add component (AddParameter): Name = "Category"; Value = "Transistor"; VariantName = "[No Variations]"
Add component (AddParameter): Name = "ComponentLink1Description"; Value = "Datasheet"; VariantName = "[No Variations]"
Add component (AddParameter): Name = "ComponentLink1URL"; Value = "https://docs.rs-online.com/5847/0900766b812d514d.pdf"; VariantName = "[No Variations]"
Add component (AddParameter): Name = "ComponentLink2Description"; Value = "Where buy it"; VariantName = "[No Variations]"
Add component (AddParameter): Name = "ComponentLink2URL"; Value = "https://es.rs-online.com/web/p/mosfet/8009989"; VariantName = "[No Variations]"
Add component (AddParameter): Name = "ComponentLink3Description"; Value = "https://datasheet.ciiva.com/947/cph3455-d-947201.pdf?src-supplier=Digi-Key"; VariantName = "[No Variations]"
Add component (AddParameter): Name = "ComponentLink3URL"; Value = "https://datasheet.ciiva.com/947/cph3455-d-947201.pdf?src-supplier=Digi-Key"; VariantName = "[No Variations]"
Add component (AddParameter): Name = "ComponentLink4Description"; Value = "https://datasheet.ciiva.com/4444/cph3455-d-91653-4444616.pdf?src-supplier=Mouser"; VariantName = "[No Variations]"
Add component (AddParameter): Name = "ComponentLink4URL"; Value = "https://datasheet.ciiva.com/4444/cph3455-d-91653-4444616.pdf?src-supplier=Mouser"; VariantName = "[No Variations]"
Add component (AddParameter): Name = "ComponentLink5Description"; Value = "https://datasheet.ciiva.com/11164/cph3455-d-11164889.pdf?src-supplier=Avnet"; VariantName = "[No Variations]"
Add component (AddParameter): Name = "ComponentLink5URL"; Value = "https://datasheet.ciiva.com/11164/cph3455-d-11164889.pdf?src-supplier=Avnet"; VariantName = "[No Variations]"
Add component (AddParameter): Name = "Continuous Drain Current (ID)"; Value = "3A"; VariantName = "[No Variations]"
Add component (AddParameter): Name = "Drain to Source Breakdown Voltage"; Value = "35V"; VariantName = "[No Variations]"
Add component (AddParameter): Name = "Drain to Source Resistance"; Value = "108mR"; VariantName = "[No Variations]"
Add component (AddParameter): Name = "Drain to Source Voltage (Vdss)"; Value = "35V"; VariantName = "[No Variations]"
Add component (AddParameter): Name = "Element Configuration"; Value = "Single"; VariantName = "[No Variations]"
Add component (AddParameter): Name = "Fall Time"; Value = "5.7ns"; VariantName = "[No Variations]"
Add component (AddParameter): Name = "Gate to Source Voltage (Vgs)"; Value = "20V"; VariantName = "[No Variations]"
Add component (AddParameter): Name = "Halogen Free"; Value = "Halogen Free"; VariantName = "[No Variations]"
Add component (AddParameter): Name = "Height"; Value = "0.9mm"; VariantName = "[No Variations]"
Add component (AddParameter): Name = "Input Capacitance"; Value = "186pF"; VariantName = "[No Variations]"
Add component (AddParameter): Name = "Lead Free"; Value = "Lead Free"; VariantName = "[No Variations]"
Add component (AddParameter): Name = "Length"; Value = "2.9mm"; VariantName = "[No Variations]"
Add component (AddParameter): Name = "Manufacturer"; Value = "ON Semiconductor"; VariantName = "[No Variations]"
Add component (AddParameter): Name = "Manufacturer Part Number"; Value = "CPH3455-TL-H"; VariantName = "[No Variations]"
Add component (AddParameter): Name = "Max Operating Temperature"; Value = "150°C"; VariantName = "[No Variations]"
Add component (AddParameter): Name = "Max Power Dissipation"; Value = "1W"; VariantName = "[No Variations]"
Add component (AddParameter): Name = "Min Operating Temperature"; Value = "-55°C"; VariantName = "[No Variations]"
Add component (AddParameter): Name = "Number of Pins"; Value = "3"; VariantName = "[No Variations]"
Add component (AddParameter): Name = "Package Quantity"; Value = "3000"; VariantName = "[No Variations]"
Add component (AddParameter): Name = "Packaging"; Value = "Tape and Reel"; VariantName = "[No Variations]"
Add component (AddParameter): Name = "Polarity"; Value = "N-CHANNEL"; VariantName = "[No Variations]"
Add component (AddParameter): Name = "Power Dissipation"; Value = "1W"; VariantName = "[No Variations]"
Add component (AddParameter): Name = "Pricing 1"; Value = "50=0,50400 (USD)"; VariantName = "[No Variations]"
Add component (AddParameter): Name = "Rds On Max"; Value = "104mR"; VariantName = "[No Variations]"
Add component (AddParameter): Name = "Rise Time"; Value = "4.7ns"; VariantName = "[No Variations]"
Add component (AddParameter): Name = "RoHS"; Value = "Yes"; VariantName = "[No Variations]"
Add component (AddParameter): Name = "RoHS Compliant"; Value = "Yes"; VariantName = "[No Variations]"
Add component (AddParameter): Name = "Series"; Value = "-"; VariantName = "[No Variations]"
Add component (AddParameter): Name = "Stock 1"; Value = "1"; VariantName = "[No Variations]"
Add component (AddParameter): Name = "Supplier 1"; Value = "RSComponents"; VariantName = "[No Variations]"
Add component (AddParameter): Name = "Supplier Part Number 1"; Value = "8009989"; VariantName = "[No Variations]"
Add component (AddParameter): Name = "Turn-Off Delay Time"; Value = "15ns"; VariantName = "[No Variations]"
Add component (AddParameter): Name = "Turn-On Delay Time"; Value = "4.2ns"; VariantName = "[No Variations]"
Add component (AddParameter): Name = "Width"; Value = "1.6mm"; VariantName = "[No Variations]"
Added Pin To Net: NetName=NTC1 Pin=J3-1
Added Pin To Net: NetName=NTC2 Pin=J3-2
Added Pin To Net: NetName=NTC3 Pin=J3-3
Added Pin To Net: NetName=NTC4 Pin=J3-4
Added Pin To Net: NetName=NTC5 Pin=J3-5
Added Pin To Net: NetName=NTC6 Pin=J3-6
Added Pin To Net: NetName=NTC7 Pin=J3-7
Added Pin To Net: NetName=NTC8 Pin=J3-8
Added Pin To Net: NetName=Cells_+_UVLO Pin=F101-1
Added Pin To Net: NetName=Cells_+_UVLO Pin=TP101-1
Added Net: Name=Cells_+_UVLO
Added Pin To Net: NetName=GND Pin=Q?-S
Added Net: Name=GND
Added Member To Class: ClassName=Supply Member=Component Q? BSS308PE
Added Member To Class: ClassName=Supply Member=Component Q? CPH3455-TL-H
