Removed Pin From Net: NetName=Cell_1 Pin=J3-2
Removed Pin From Net: NetName=Cell_2 Pin=J3-3
Removed Pin From Net: NetName=Cell_3 Pin=J3-4
Removed Pin From Net: NetName=Cell_4 Pin=J3-5
Removed Pin From Net: NetName=Cell_5 Pin=J3-6
Removed Pin From Net: NetName=Cell_6 Pin=J3-7
Removed Pin From Net: NetName=Cell_7 Pin=J3-8
Removed Pin From Net: NetName=Cell_8 Pin=J3-9
Removed Pin From Net: NetName=Cell_9 Pin=J3-10
Removed Pin From Net: NetName=Cell_10 Pin=J3-11
Removed Pin From Net: NetName=Cell_11 Pin=J3-12
Removed Pin From Net: NetName=Cell_12 Pin=J3-13
Removed Pin From Net: NetName=Cell_0 Pin=J3-14
Removed Pin From Net: NetName=Cell_0 Pin=J3-15
Removed Pin From Net: NetName=Cell_0 Pin=J3-16
Removed Pin From Net: NetName=Cell_0 Pin=J3-17
Removed Pin From Net: NetName=Cell_0 Pin=J3-18
Removed Pin From Net: NetName=Cell_0 Pin=J3-19
Removed Pin From Net: NetName=Cell_0 Pin=J3-20
Removed Pin From Net: NetName=Cell_0 Pin=J3-21
Removed Pin From Net: NetName=NTC7 Pin=J3-22
Removed Pin From Net: NetName=NTC6 Pin=J3-23
Removed Pin From Net: NetName=NTC5 Pin=J3-24
Removed Pin From Net: NetName=NTC4 Pin=J3-25
Removed Pin From Net: NetName=NTC3 Pin=J3-26
Removed Pin From Net: NetName=NTC2 Pin=J3-27
Removed Pin From Net: NetName=NTC1 Pin=J3-28
Change Component Footprint: Designator=J3 Old Footprint=J_C-Grid_R_2x14 New Footprint=J_MicroFit_2x4
Change Component Comment : Designator=J3 Old Comment=15445128 New Comment=0430450800
Change component parameters: Designator = "J3" ("J3"); Footprint = "J_C-Grid_R_2x14"; UniqueID = "\NOJEJVBE" ("\NOJEJVBE")
Change component parameters (AddParameter): Name = ".Creator"; Value = "GP"; VariantName = "[No Variations]"
Change component parameters (AddParameter): Name = ".PCBcheck"; Value = ""; VariantName = "[No Variations]"
Change component parameters (AddParameter): Name = ".SCHcheck"; Value = ""; VariantName = "[No Variations]"
Change component parameters (AddParameter): Name = "Category"; Value = "Headers and Wire Housings"; VariantName = "[No Variations]"
Change component parameters (AddParameter): Name = "Manufacturer 1"; Value = "Molex"; VariantName = "[No Variations]"
Change component parameters (AddParameter): Name = "Manufacturer Part Number 1"; Value = "0430450800"; VariantName = "[No Variations]"
Change component parameters (AddParameter): Name = "Pricing 1"; Value = "1=2,57150, 10=2,34190, 25=2,14460, 50=2,00330, 100=1,89490, 500=1,75400 (USD)"; VariantName = "[No Variations]"
Change component parameters (AddParameter): Name = "RoHS"; Value = "Yes"; VariantName = "[No Variations]"
Change component parameters (AddParameter): Name = "Stock 1"; Value = "47494"; VariantName = "[No Variations]"
Change component parameters (AddParameter): Name = "Supplier 1"; Value = "Arrow Electronics"; VariantName = "[No Variations]"
Change component parameters (AddParameter): Name = "Supplier Part Number 1"; Value = "43045-0800"; VariantName = "[No Variations]"
Added Component: Designator=J4(J_MicroFit_1x12_SMD)
Add component (AddParameter): Name = "Category"; Value = "Headers and Wire Housings"; VariantName = "[No Variations]"
Add component (AddParameter): Name = "ComponentLink1Description"; Value = "https://datasheet.ciiva.com/712/436501209-sd-712211.pdf?src-supplier=Digi-Key"; VariantName = "[No Variations]"
Add component (AddParameter): Name = "ComponentLink1URL"; Value = "https://datasheet.ciiva.com/712/436501209-sd-712211.pdf?src-supplier=Digi-Key"; VariantName = "[No Variations]"
Add component (AddParameter): Name = "ComponentLink2Description"; Value = "https://datasheet.ciiva.com/5153/0436501209-pcb-headers-168539-5153146.pdf?src-supplier=Mouser"; VariantName = "[No Variations]"
Add component (AddParameter): Name = "ComponentLink2URL"; Value = "https://datasheet.ciiva.com/5153/0436501209-pcb-headers-168539-5153146.pdf?src-supplier=Mouser"; VariantName = "[No Variations]"
Add component (AddParameter): Name = "ComponentLink3Description"; Value = "https://datasheet.ciiva.com/30219/0436501209-pcb-headers-30219296.pdf?src-supplier=Onlinecomponents.com"; VariantName = "[No Variations]"
Add component (AddParameter): Name = "ComponentLink3URL"; Value = "https://datasheet.ciiva.com/30219/0436501209-pcb-headers-30219296.pdf?src-supplier=Onlinecomponents.com"; VariantName = "[No Variations]"
Add component (AddParameter): Name = "ComponentLink4Description"; Value = "https://datasheet.ciiva.com/9449/0436501209-pcb-headers-9449475.pdf?src-supplier=Avnet"; VariantName = "[No Variations]"
Add component (AddParameter): Name = "ComponentLink4URL"; Value = "https://datasheet.ciiva.com/9449/0436501209-pcb-headers-9449475.pdf?src-supplier=Avnet"; VariantName = "[No Variations]"
Add component (AddParameter): Name = "ComponentLink5Description"; Value = "https://datasheet.ciiva.com/16086/0436501209-pcb-headers-16086107.pdf?src-supplier=Onlinecomponents.com"; VariantName = "[No Variations]"
Add component (AddParameter): Name = "ComponentLink5URL"; Value = "https://datasheet.ciiva.com/16086/0436501209-pcb-headers-16086107.pdf?src-supplier=Onlinecomponents.com"; VariantName = "[No Variations]"
Add component (AddParameter): Name = "Manufacturer 1"; Value = "Molex"; VariantName = "[No Variations]"
Add component (AddParameter): Name = "Manufacturer Part Number 1"; Value = "43650-1209"; VariantName = "[No Variations]"
Add component (AddParameter): Name = "Pricing 1"; Value = "1=4,73000, 10=4,17000, 25=3,80000, 50=3,44000, 100=3,07000, 250=2,81000, 320=2,81000 (USD)"; VariantName = "[No Variations]"
Add component (AddParameter): Name = "RoHS"; Value = "Yes"; VariantName = "[No Variations]"
Add component (AddParameter): Name = "Stock 1"; Value = "960"; VariantName = "[No Variations]"
Add component (AddParameter): Name = "Supplier 1"; Value = "Newark"; VariantName = "[No Variations]"
Add component (AddParameter): Name = "Supplier Part Number 1"; Value = "73K6361"; VariantName = "[No Variations]"
Added Pin To Net: NetName=NTC1 Pin=J3-2
Added Pin To Net: NetName=NTC2 Pin=J3-3
Added Pin To Net: NetName=NTC3 Pin=J3-4
Added Pin To Net: NetName=NTC7 Pin=J3-5
Added Pin To Net: NetName=NTC6 Pin=J3-6
Added Pin To Net: NetName=NTC5 Pin=J3-7
Added Pin To Net: NetName=NTC4 Pin=J3-8
Added Pin To Net: NetName=Cell_1 Pin=J4-1
Added Pin To Net: NetName=Cell_2 Pin=J4-2
Added Pin To Net: NetName=Cell_3 Pin=J4-3
Added Pin To Net: NetName=Cell_4 Pin=J4-4
Added Pin To Net: NetName=Cell_5 Pin=J4-5
Added Pin To Net: NetName=Cell_6 Pin=J4-6
Added Pin To Net: NetName=Cell_7 Pin=J4-7
Added Pin To Net: NetName=Cell_8 Pin=J4-8
Added Pin To Net: NetName=Cell_9 Pin=J4-9
Added Pin To Net: NetName=Cell_10 Pin=J4-10
Added Pin To Net: NetName=Cell_11 Pin=J4-11
Added Pin To Net: NetName=Cell_12 Pin=J4-12
Added Member To Class: ClassName=AMS_Slave Member=Component J4 436501209
