Removed Pin From Net: NetName=Cell_0 Pin=J3-8
Removed Pin From Net: NetName=Cell_1 Pin=J4-1
Removed Pin From Net: NetName=Cell_2 Pin=J4-2
Removed Pin From Net: NetName=Cell_3 Pin=J4-3
Removed Pin From Net: NetName=Cell_4 Pin=J4-4
Removed Pin From Net: NetName=Cell_5 Pin=J4-5
Removed Pin From Net: NetName=Cell_6 Pin=J4-6
Removed Pin From Net: NetName=Cell_7 Pin=J4-7
Removed Pin From Net: NetName=Cell_8 Pin=J4-8
Removed Pin From Net: NetName=Cell_9 Pin=J4-9
Removed Pin From Net: NetName=Cell_10 Pin=J4-10
Removed Pin From Net: NetName=Cell_11 Pin=J4-11
Removed Pin From Net: NetName=Cell_12 Pin=J4-12
Change Component Footprint: Designator=J3 Old Footprint=J_MicroFit_1x8_SMD New Footprint=J_NanoFit_2X4
Change Component Footprint: Designator=J4 Old Footprint=J_MicroFit_1x12_SMD New Footprint=J_NanoFit_2x8
Change Component Comment : Designator=J4 Old Comment=436501209 New Comment=1053141116
Change Component Comment : Designator=J3 Old Comment=J_MicroFit_1x8_SMD New Comment=105314-1108
Change component parameters: Designator = "J3" ("J3"); Footprint = "J_MicroFit_1x8_SMD"; UniqueID = "\LRSLOOWP" ("\LRSLOOWP")
Change component parameters (AddParameter): Name = ".Creator"; Value = "DO"; VariantName = "[No Variations]"
Change component parameters (AddParameter): Name = ".PCBcheck"; Value = ""; VariantName = "[No Variations]"
Change component parameters (AddParameter): Name = ".SCHcheck"; Value = ""; VariantName = "[No Variations]"
Change component parameters (AddParameter): Name = "Application"; Value = "Wire to board"; VariantName = "[No Variations]"
Change component parameters (AddParameter): Name = "Category"; Value = "Connector"; VariantName = "[No Variations]"
Change component parameters (AddParameter): Name = "Category type"; Value = "PCB header"; VariantName = "[No Variations]"
Change component parameters (AddParameter): Name = "ComponentLink1Description"; Value = "Datasheet"; VariantName = "[No Variations]"
Change component parameters (AddParameter): Name = "ComponentLink1URL"; Value = "https://www.molex.com/molex/products/part-detail/pcb_headers/1053141104"; VariantName = "[No Variations]"
Change component parameters (AddParameter): Name = "ComponentLink2Description"; Value = "Where buy it"; VariantName = "[No Variations]"
Change component parameters (AddParameter): Name = "ComponentLink2URL"; Value = ""; VariantName = "[No Variations]"
Change component parameters (AddParameter): Name = "ComponentLink3Description"; Value = "http://www.farnell.com/datasheets/2551096.pdf?src-supplier=Newark"; VariantName = "[No Variations]"
Change component parameters (AddParameter): Name = "ComponentLink3URL"; Value = "http://www.farnell.com/datasheets/2551096.pdf?src-supplier=Newark"; VariantName = "[No Variations]"
Change component parameters (AddParameter): Name = "ComponentLink4Description"; Value = "https://www.molex.com/pdm_docs/sd/1053141104_sd.pdf?src-supplier=Digi-Key"; VariantName = "[No Variations]"
Change component parameters (AddParameter): Name = "ComponentLink4URL"; Value = "https://www.molex.com/pdm_docs/sd/1053141104_sd.pdf?src-supplier=Digi-Key"; VariantName = "[No Variations]"
Change component parameters (AddParameter): Name = "Connections"; Value = "2x4"; VariantName = "[No Variations]"
Change component parameters (AddParameter): Name = "Connector Type"; Value = "Header,Male Pin"; VariantName = "[No Variations]"
Change component parameters (AddParameter): Name = "Contact Material"; Value = "Brass"; VariantName = "[No Variations]"
Change component parameters (AddParameter): Name = "Contact Plating"; Value = "Tin"; VariantName = "[No Variations]"
Change component parameters (AddParameter): Name = "Contact Shape"; Value = "Square"; VariantName = "[No Variations]"
Change component parameters (AddParameter): Name = "Fastening Type"; Value = "Latch"; VariantName = "[No Variations]"
Change component parameters (AddParameter): Name = "Flammability"; Value = "94V-0"; VariantName = "[No Variations]"
Change component parameters (AddParameter): Name = "Insulation Color"; Value = "Black"; VariantName = "[No Variations]"
Change component parameters (AddParameter): Name = "Insulation Material"; Value = "Polymer"; VariantName = "[No Variations]"
Change component parameters (AddParameter): Name = "Manufacturer"; Value = "Molex"; VariantName = "[No Variations]"
Change component parameters (AddParameter): Name = "Manufacturer part number"; Value = "105314-1108"; VariantName = "[No Variations]"
Change component parameters (AddParameter): Name = "Max Operating Temperature"; Value = "105°C"; VariantName = "[No Variations]"
Change component parameters (AddParameter): Name = "Maximum current"; Value = "7.5 A"; VariantName = "[No Variations]"
Change component parameters (AddParameter): Name = "Maximum voltage"; Value = "750 V AC"; VariantName = "[No Variations]"
Change component parameters (AddParameter): Name = "Min Operating Temperature"; Value = "-40°C"; VariantName = "[No Variations]"
Change component parameters (AddParameter): Name = "Mount"; Value = "Through hole"; VariantName = "[No Variations]"
Change component parameters (AddParameter): Name = "Number of Positions"; Value = "8"; VariantName = "[No Variations]"
Change component parameters (AddParameter): Name = "Number of Rows"; Value = "2"; VariantName = "[No Variations]"
Change component parameters (AddParameter): Name = "Orientation"; Value = "Right Angle"; VariantName = "[No Variations]"
Change component parameters (AddParameter): Name = "Packaging"; Value = "Tray"; VariantName = "[No Variations]"
Change component parameters (AddParameter): Name = "Pricing 1"; Value = "1=1,98000, 10=1,68600, 156=1,39308, 1092=1,09983, 4992=0,97518, 10140=0,95318 (USD)"; VariantName = "[No Variations]"
Change component parameters (AddParameter): Name = "Product name"; Value = "Nano-Fit"; VariantName = "[No Variations]"
Change component parameters (AddParameter): Name = "RoHS"; Value = ""; VariantName = "[No Variations]"
Change component parameters (AddParameter): Name = "RoHS Compliant"; Value = "Yes"; VariantName = "[No Variations]"
Change component parameters (AddParameter): Name = "Stock 1"; Value = "11021"; VariantName = "[No Variations]"
Change component parameters (AddParameter): Name = "Supplier"; Value = ""; VariantName = "[No Variations]"
Change component parameters (AddParameter): Name = "Supplier 1"; Value = "Digi-Key"; VariantName = "[No Variations]"
Change component parameters (AddParameter): Name = "Supplier Part Number 1"; Value = "WM16909-ND"; VariantName = "[No Variations]"
Change component parameters (AddParameter): Name = "Temperature rating"; Value = "-40° to +105°C"; VariantName = "[No Variations]"
Change component parameters (AddParameter): Name = "Termination"; Value = "Solder"; VariantName = "[No Variations]"
Change component parameters: Designator = "J4" ("J4"); Footprint = "J_MicroFit_1x12_SMD"; UniqueID = "\JIZOHDKP" ("\JIZOHDKP")
Change component parameters (AddParameter): Name = ".Creator"; Value = "DO"; VariantName = "[No Variations]"
Change component parameters (AddParameter): Name = ".PCBcheck"; Value = ""; VariantName = "[No Variations]"
Change component parameters (AddParameter): Name = ".SCHcheck"; Value = ""; VariantName = "[No Variations]"
Change component parameters (AddParameter): Name = "Category"; Value = "Headers and Wire Housings"; VariantName = "[No Variations]"
Change component parameters (AddParameter): Name = "ComponentLink1Description"; Value = "https://www.molex.com/pdm_docs/ps/PS-105300-100-001.pdf?src-supplier=Digi-Key"; VariantName = "[No Variations]"
Change component parameters (AddParameter): Name = "ComponentLink1URL"; Value = "https://www.molex.com/pdm_docs/ps/PS-105300-100-001.pdf?src-supplier=Digi-Key"; VariantName = "[No Variations]"
Change component parameters (AddParameter): Name = "ComponentLink2Description"; Value = "Where buy it"; VariantName = "[No Variations]"
Change component parameters (AddParameter): Name = "ComponentLink2URL"; Value = "https://www.molex.com/molex/products/part-detail/pcb_headers/1053141116"; VariantName = "[No Variations]"
Change component parameters (AddParameter): Name = "Manufacturer"; Value = "Molex"; VariantName = "[No Variations]"
Change component parameters (AddParameter): Name = "Manufacturer Part Number"; Value = "105314-1116"; VariantName = "[No Variations]"
Change component parameters (AddParameter): Name = "Pricing 1"; Value = "1=3,37000, 10=3,24000, 25=2,88000, 50=2,81000, 100=2,73000, 250=2,44000 (USD)"; VariantName = "[No Variations]"
Change component parameters (AddParameter): Name = "RoHS"; Value = "Yes"; VariantName = "[No Variations]"
Change component parameters (AddParameter): Name = "Stock 1"; Value = "366"; VariantName = "[No Variations]"
Change component parameters (AddParameter): Name = "Supplier 1"; Value = "Newark"; VariantName = "[No Variations]"
Change component parameters (AddParameter): Name = "Supplier Part Number 1"; Value = "33AC7692"; VariantName = "[No Variations]"
Added Pin To Net: NetName=Cell_0 Pin=J4-1
Added Pin To Net: NetName=Cell_0 Pin=J4-2
Added Pin To Net: NetName=Cell_1 Pin=J4-3
Added Pin To Net: NetName=Cell_2 Pin=J4-4
Added Pin To Net: NetName=Cell_3 Pin=J4-5
Added Pin To Net: NetName=Cell_4 Pin=J4-6
Added Pin To Net: NetName=Cell_5 Pin=J4-7
Added Pin To Net: NetName=Cell_6 Pin=J4-8
Added Pin To Net: NetName=Cell_7 Pin=J4-9
Added Pin To Net: NetName=Cell_8 Pin=J4-10
Added Pin To Net: NetName=Cell_9 Pin=J4-11
Added Pin To Net: NetName=Cell_10 Pin=J4-12
Added Pin To Net: NetName=Cell_11 Pin=J4-13
Added Pin To Net: NetName=Cell_12 Pin=J4-14
Added Member To Class: ClassName=Temperature_readings Member=Component TP409 TestPoint
