Removed Pin From Net: NetName=GND_Slave Pin=DCDC102-4
Removed Pin From Net: NetName=+5 Pin=DCDC102-5
Change Component Footprint: Designator=DCDC102 Old Footprint=DCDC-Fixed Isolated Module New Footprint=DCDC_RNM-0505S/P
Change Component Comment : Designator=DCDC102 Old Comment=176920512 New Comment=RNM-0505S/P
Change component parameters: Designator = "DCDC102" ("DCDC102"); Footprint = "DCDC-Fixed Isolated Module"; UniqueID = "\ZCZEHRDS\LGKJXLBA" ("\ZCZEHRDS\LGKJXLBA")
Change component parameters (AddParameter): Name = ".Creator"; Value = "GP"; VariantName = "[No Variations]"
Change component parameters (AddParameter): Name = ".PCBcheck"; Value = ""; VariantName = "[No Variations]"
Change component parameters (AddParameter): Name = ".SCHcheck"; Value = ""; VariantName = "[No Variations]"
Change component parameters (AddParameter): Name = "Case/Package"; Value = "DIP"; VariantName = "[No Variations]"
Change component parameters (AddParameter): Name = "Category"; Value = "Voltage Regulators - Switching"; VariantName = "[No Variations]"
Change component parameters (AddParameter): Name = "ComponentLink1Description"; Value = "Where buy it"; VariantName = "[No Variations]"
Change component parameters (AddParameter): Name = "ComponentLink1URL"; Value = "https://recom-power.com/en/products/dc-dc-converters/rec-p-RNM-0505S!sP.html?0"; VariantName = "[No Variations]"
Change component parameters (AddParameter): Name = "ComponentLink2Description"; Value = "https://datasheet.ciiva.com/2172/rnm-2172491.pdf?src-supplier=Digi-Key"; VariantName = "[No Variations]"
Change component parameters (AddParameter): Name = "ComponentLink2URL"; Value = "https://datasheet.ciiva.com/2172/rnm-2172491.pdf?src-supplier=Digi-Key"; VariantName = "[No Variations]"
Change component parameters (AddParameter): Name = "Current - Output 1"; Value = "200mA"; VariantName = "[No Variations]"
Change component parameters (AddParameter): Name = "Depth"; Value = "8.3mm"; VariantName = "[No Variations]"
Change component parameters (AddParameter): Name = "Efficiency"; Value = "78%"; VariantName = "[No Variations]"
Change component parameters (AddParameter): Name = "Features"; Value = "SCP"; VariantName = "[No Variations]"
Change component parameters (AddParameter): Name = "Height"; Value = "6.8mm"; VariantName = "[No Variations]"
Change component parameters (AddParameter): Name = "Isolation"; Value = "Isolated"; VariantName = "[No Variations]"
Change component parameters (AddParameter): Name = "Isolation Voltage"; Value = "1kV"; VariantName = "[No Variations]"
Change component parameters (AddParameter): Name = "Lead Free"; Value = "Lead Free"; VariantName = "[No Variations]"
Change component parameters (AddParameter): Name = "Length"; Value = "8.3mm"; VariantName = "[No Variations]"
Change component parameters (AddParameter): Name = "Manufacturer"; Value = "Recom"; VariantName = "[No Variations]"
Change component parameters (AddParameter): Name = "Manufacturer Part Number"; Value = "RNM-0505S/P"; VariantName = "[No Variations]"
Change component parameters (AddParameter): Name = "Max Input Voltage"; Value = "5.5V"; VariantName = "[No Variations]"
Change component parameters (AddParameter): Name = "Max Input Voltage (DC)"; Value = "5.5V"; VariantName = "[No Variations]"
Change component parameters (AddParameter): Name = "Max Operating Temperature"; Value = "85°C"; VariantName = "[No Variations]"
Change component parameters (AddParameter): Name = "Max Output Current"; Value = "200mA"; VariantName = "[No Variations]"
Change component parameters (AddParameter): Name = "Max Output Power"; Value = "1W"; VariantName = "[No Variations]"
Change component parameters (AddParameter): Name = "Max Output Voltage"; Value = "5V"; VariantName = "[No Variations]"
Change component parameters (AddParameter): Name = "Max Power Dissipation"; Value = "1W"; VariantName = "[No Variations]"
Change component parameters (AddParameter): Name = "Min Input Voltage"; Value = "4.5V"; VariantName = "[No Variations]"
Change component parameters (AddParameter): Name = "Min Input Voltage (DC)"; Value = "4.5V"; VariantName = "[No Variations]"
Change component parameters (AddParameter): Name = "Min Operating Temperature"; Value = "-40°C"; VariantName = "[No Variations]"
Change component parameters (AddParameter): Name = "Mount"; Value = "Through Hole"; VariantName = "[No Variations]"
Change component parameters (AddParameter): Name = "Nominal Input Voltage"; Value = "5V"; VariantName = "[No Variations]"
Change component parameters (AddParameter): Name = "Number of Outputs"; Value = "1"; VariantName = "[No Variations]"
Change component parameters (AddParameter): Name = "Number of Pins"; Value = "4"; VariantName = "[No Variations]"
Change component parameters (AddParameter): Name = "Output Current"; Value = "200mA"; VariantName = "[No Variations]"
Change component parameters (AddParameter): Name = "Output Power"; Value = "1W"; VariantName = "[No Variations]"
Change component parameters (AddParameter): Name = "Output Voltage"; Value = "5V"; VariantName = "[No Variations]"
Change component parameters (AddParameter): Name = "Package Quantity"; Value = "60"; VariantName = "[No Variations]"
Change component parameters (AddParameter): Name = "Packaging"; Value = "Rail/Tube"; VariantName = "[No Variations]"
Change component parameters (AddParameter): Name = "Pricing 1"; Value = "1=8,32000, 5=8,20400, 10=8,08600, 25=7,84840, 50=7,61040, 100=7,37260, 250=7,13476, 440=6,65909 (USD)"; VariantName = "[No Variations]"
Change component parameters (AddParameter): Name = "RoHS"; Value = "Yes"; VariantName = "[No Variations]"
Change component parameters (AddParameter): Name = "RoHS Compliant"; Value = "Yes"; VariantName = "[No Variations]"
Change component parameters (AddParameter): Name = "Series"; Value = "ECONOLINE RNM"; VariantName = "[No Variations]"
Change component parameters (AddParameter): Name = "Supplier 1"; Value = "Digi-Key"; VariantName = "[No Variations]"
Change component parameters (AddParameter): Name = "Supplier Part Number 1"; Value = "945-2307-5-ND"; VariantName = "[No Variations]"
Change component parameters (AddParameter): Name = "Voltage - Output 1"; Value = "5V"; VariantName = "[No Variations]"
Change component parameters (AddParameter): Name = "Weight"; Value = "1.1g"; VariantName = "[No Variations]"
Change component parameters (AddParameter): Name = "Width"; Value = "8.3mm"; VariantName = "[No Variations]"
Added Pin To Net: NetName=AMS_CAN_GND Pin=DCDC102-1
Added Pin To Net: NetName=+5_LV Pin=DCDC102-3
Added Pin To Net: NetName=+5 Pin=DCDC102-4
Added Pin To Net: NetName=GND_Slave Pin=DCDC102-5
Added Pin To Net: NetName=+5_LV Pin=J1-4
Added Pin To Net: NetName=+5_LV Pin=J2-4
