Change Component Footprint: Designator=J6 Old Footprint=61300811121-top New Footprint=61300811121-bottom
Change component parameters: Designator = "R20"; Footprint = "352115RFT"; UniqueID = "\IPTOEXAI"
Change component parameters. Clean all parameters for all variants
Change component parameters (AddParameter): Name = "ComponentLink1Description"; Value = "Datasheet"; VariantName = "[No Variations]"
Change component parameters (AddParameter): Name = "ComponentLink1URL"; Value = "https://www.te.com/commerce/DocumentDelivery/DDEController?Action=showdoc&DocId=Data+Sheet%7F9-1773463-5%7FD%7Fpdf%7FEnglish%7FENG_DS_9-1773463-5_D.pdf%7F2176070-5"; VariantName = "[No Variations]"
Change component parameters (AddParameter): Name = "Manufacturer"; Value = "TE Connectivity"; VariantName = "[No Variations]"
Change component parameters (AddParameter): Name = "Power Rating"; Value = "2W"; VariantName = "[No Variations]"
Change component parameters (AddParameter): Name = "Value"; Value = "15O"; VariantName = "[No Variations]"
Change component parameters: Designator = "R21"; Footprint = "352115RFT"; UniqueID = "\VQPMRTMM"
Change component parameters. Clean all parameters for all variants
Change component parameters (AddParameter): Name = "ComponentLink1Description"; Value = "Datasheet"; VariantName = "[No Variations]"
Change component parameters (AddParameter): Name = "ComponentLink1URL"; Value = "https://www.te.com/commerce/DocumentDelivery/DDEController?Action=showdoc&DocId=Data+Sheet%7F9-1773463-5%7FD%7Fpdf%7FEnglish%7FENG_DS_9-1773463-5_D.pdf%7F2176070-5"; VariantName = "[No Variations]"
Change component parameters (AddParameter): Name = "Manufacturer"; Value = "TE Connectivity"; VariantName = "[No Variations]"
Change component parameters (AddParameter): Name = "Power Rating"; Value = "2W"; VariantName = "[No Variations]"
Change component parameters (AddParameter): Name = "Value"; Value = "15O"; VariantName = "[No Variations]"
Change component parameters: Designator = "R22"; Footprint = "352115RFT"; UniqueID = "\GUPBZDJK"
Change component parameters. Clean all parameters for all variants
Change component parameters (AddParameter): Name = "ComponentLink1Description"; Value = "Datasheet"; VariantName = "[No Variations]"
Change component parameters (AddParameter): Name = "ComponentLink1URL"; Value = "https://www.te.com/commerce/DocumentDelivery/DDEController?Action=showdoc&DocId=Data+Sheet%7F9-1773463-5%7FD%7Fpdf%7FEnglish%7FENG_DS_9-1773463-5_D.pdf%7F2176070-5"; VariantName = "[No Variations]"
Change component parameters (AddParameter): Name = "Manufacturer"; Value = "TE Connectivity"; VariantName = "[No Variations]"
Change component parameters (AddParameter): Name = "Power Rating"; Value = "2W"; VariantName = "[No Variations]"
Change component parameters (AddParameter): Name = "Value"; Value = "15O"; VariantName = "[No Variations]"
Change component parameters: Designator = "R23"; Footprint = "352115RFT"; UniqueID = "\SKLKBIVH"
Change component parameters. Clean all parameters for all variants
Change component parameters (AddParameter): Name = "ComponentLink1Description"; Value = "Datasheet"; VariantName = "[No Variations]"
Change component parameters (AddParameter): Name = "ComponentLink1URL"; Value = "https://www.te.com/commerce/DocumentDelivery/DDEController?Action=showdoc&DocId=Data+Sheet%7F9-1773463-5%7FD%7Fpdf%7FEnglish%7FENG_DS_9-1773463-5_D.pdf%7F2176070-5"; VariantName = "[No Variations]"
Change component parameters (AddParameter): Name = "Manufacturer"; Value = "TE Connectivity"; VariantName = "[No Variations]"
Change component parameters (AddParameter): Name = "Power Rating"; Value = "2W"; VariantName = "[No Variations]"
Change component parameters (AddParameter): Name = "Value"; Value = "15O"; VariantName = "[No Variations]"
Change component parameters: Designator = "R24"; Footprint = "352115RFT"; UniqueID = "\UANSQNFL"
Change component parameters. Clean all parameters for all variants
Change component parameters (AddParameter): Name = "ComponentLink1Description"; Value = "Datasheet"; VariantName = "[No Variations]"
Change component parameters (AddParameter): Name = "ComponentLink1URL"; Value = "https://www.te.com/commerce/DocumentDelivery/DDEController?Action=showdoc&DocId=Data+Sheet%7F9-1773463-5%7FD%7Fpdf%7FEnglish%7FENG_DS_9-1773463-5_D.pdf%7F2176070-5"; VariantName = "[No Variations]"
Change component parameters (AddParameter): Name = "Manufacturer"; Value = "TE Connectivity"; VariantName = "[No Variations]"
Change component parameters (AddParameter): Name = "Power Rating"; Value = "2W"; VariantName = "[No Variations]"
Change component parameters (AddParameter): Name = "Value"; Value = "15O"; VariantName = "[No Variations]"
Change component parameters: Designator = "R25"; Footprint = "352115RFT"; UniqueID = "\WBFMLFJX"
Change component parameters. Clean all parameters for all variants
Change component parameters (AddParameter): Name = "ComponentLink1Description"; Value = "Datasheet"; VariantName = "[No Variations]"
Change component parameters (AddParameter): Name = "ComponentLink1URL"; Value = "https://www.te.com/commerce/DocumentDelivery/DDEController?Action=showdoc&DocId=Data+Sheet%7F9-1773463-5%7FD%7Fpdf%7FEnglish%7FENG_DS_9-1773463-5_D.pdf%7F2176070-5"; VariantName = "[No Variations]"
Change component parameters (AddParameter): Name = "Manufacturer"; Value = "TE Connectivity"; VariantName = "[No Variations]"
Change component parameters (AddParameter): Name = "Power Rating"; Value = "2W"; VariantName = "[No Variations]"
Change component parameters (AddParameter): Name = "Value"; Value = "15O"; VariantName = "[No Variations]"
Change component parameters: Designator = "R26"; Footprint = "352115RFT"; UniqueID = "\GZRXKIWE"
Change component parameters. Clean all parameters for all variants
Change component parameters (AddParameter): Name = "ComponentLink1Description"; Value = "Datasheet"; VariantName = "[No Variations]"
Change component parameters (AddParameter): Name = "ComponentLink1URL"; Value = "https://www.te.com/commerce/DocumentDelivery/DDEController?Action=showdoc&DocId=Data+Sheet%7F9-1773463-5%7FD%7Fpdf%7FEnglish%7FENG_DS_9-1773463-5_D.pdf%7F2176070-5"; VariantName = "[No Variations]"
Change component parameters (AddParameter): Name = "Manufacturer"; Value = "TE Connectivity"; VariantName = "[No Variations]"
Change component parameters (AddParameter): Name = "Power Rating"; Value = "2W"; VariantName = "[No Variations]"
Change component parameters (AddParameter): Name = "Value"; Value = "15O"; VariantName = "[No Variations]"
Change component parameters: Designator = "R27"; Footprint = "352115RFT"; UniqueID = "\FXTNTTVT"
Change component parameters. Clean all parameters for all variants
Change component parameters (AddParameter): Name = "ComponentLink1Description"; Value = "Datasheet"; VariantName = "[No Variations]"
Change component parameters (AddParameter): Name = "ComponentLink1URL"; Value = "https://www.te.com/commerce/DocumentDelivery/DDEController?Action=showdoc&DocId=Data+Sheet%7F9-1773463-5%7FD%7Fpdf%7FEnglish%7FENG_DS_9-1773463-5_D.pdf%7F2176070-5"; VariantName = "[No Variations]"
Change component parameters (AddParameter): Name = "Manufacturer"; Value = "TE Connectivity"; VariantName = "[No Variations]"
Change component parameters (AddParameter): Name = "Power Rating"; Value = "2W"; VariantName = "[No Variations]"
Change component parameters (AddParameter): Name = "Value"; Value = "15O"; VariantName = "[No Variations]"
Change component parameters: Designator = "R28"; Footprint = "352115RFT"; UniqueID = "\QQMROLKR"
Change component parameters. Clean all parameters for all variants
Change component parameters (AddParameter): Name = "ComponentLink1Description"; Value = "Datasheet"; VariantName = "[No Variations]"
Change component parameters (AddParameter): Name = "ComponentLink1URL"; Value = "https://www.te.com/commerce/DocumentDelivery/DDEController?Action=showdoc&DocId=Data+Sheet%7F9-1773463-5%7FD%7Fpdf%7FEnglish%7FENG_DS_9-1773463-5_D.pdf%7F2176070-5"; VariantName = "[No Variations]"
Change component parameters (AddParameter): Name = "Manufacturer"; Value = "TE Connectivity"; VariantName = "[No Variations]"
Change component parameters (AddParameter): Name = "Power Rating"; Value = "2W"; VariantName = "[No Variations]"
Change component parameters (AddParameter): Name = "Value"; Value = "15O"; VariantName = "[No Variations]"
Change component parameters: Designator = "R29"; Footprint = "352115RFT"; UniqueID = "\GCGLLZVA"
Change component parameters. Clean all parameters for all variants
Change component parameters (AddParameter): Name = "ComponentLink1Description"; Value = "Datasheet"; VariantName = "[No Variations]"
Change component parameters (AddParameter): Name = "ComponentLink1URL"; Value = "https://www.te.com/commerce/DocumentDelivery/DDEController?Action=showdoc&DocId=Data+Sheet%7F9-1773463-5%7FD%7Fpdf%7FEnglish%7FENG_DS_9-1773463-5_D.pdf%7F2176070-5"; VariantName = "[No Variations]"
Change component parameters (AddParameter): Name = "Manufacturer"; Value = "TE Connectivity"; VariantName = "[No Variations]"
Change component parameters (AddParameter): Name = "Power Rating"; Value = "2W"; VariantName = "[No Variations]"
Change component parameters (AddParameter): Name = "Value"; Value = "15O"; VariantName = "[No Variations]"
Change component parameters: Designator = "R30"; Footprint = "352115RFT"; UniqueID = "\NZQIOPTE"
Change component parameters. Clean all parameters for all variants
Change component parameters (AddParameter): Name = "ComponentLink1Description"; Value = "Datasheet"; VariantName = "[No Variations]"
Change component parameters (AddParameter): Name = "ComponentLink1URL"; Value = "https://www.te.com/commerce/DocumentDelivery/DDEController?Action=showdoc&DocId=Data+Sheet%7F9-1773463-5%7FD%7Fpdf%7FEnglish%7FENG_DS_9-1773463-5_D.pdf%7F2176070-5"; VariantName = "[No Variations]"
Change component parameters (AddParameter): Name = "Manufacturer"; Value = "TE Connectivity"; VariantName = "[No Variations]"
Change component parameters (AddParameter): Name = "Power Rating"; Value = "2W"; VariantName = "[No Variations]"
Change component parameters (AddParameter): Name = "Value"; Value = "15O"; VariantName = "[No Variations]"
Change component parameters: Designator = "R31"; Footprint = "352115RFT"; UniqueID = "\AQJOELTX"
Change component parameters. Clean all parameters for all variants
Change component parameters (AddParameter): Name = "ComponentLink1Description"; Value = "Datasheet"; VariantName = "[No Variations]"
Change component parameters (AddParameter): Name = "ComponentLink1URL"; Value = "https://www.te.com/commerce/DocumentDelivery/DDEController?Action=showdoc&DocId=Data+Sheet%7F9-1773463-5%7FD%7Fpdf%7FEnglish%7FENG_DS_9-1773463-5_D.pdf%7F2176070-5"; VariantName = "[No Variations]"
Change component parameters (AddParameter): Name = "Manufacturer"; Value = "TE Connectivity"; VariantName = "[No Variations]"
Change component parameters (AddParameter): Name = "Power Rating"; Value = "2W"; VariantName = "[No Variations]"
Change component parameters (AddParameter): Name = "Value"; Value = "15O"; VariantName = "[No Variations]"
Added Member To Class: ClassName=AMS_balancing Member=Component C13 50V, 10nF
Added Member To Class: ClassName=AMS_balancing Member=Component C14 50V, 10nF
Added Member To Class: ClassName=AMS_balancing Member=Component C15 50V, 10nF
Added Member To Class: ClassName=AMS_balancing Member=Component C16 50V, 10nF
Added Member To Class: ClassName=AMS_balancing Member=Component C17 50V, 10nF
Added Member To Class: ClassName=AMS_balancing Member=Component C18 50V, 10nF
Added Member To Class: ClassName=AMS_balancing Member=Component C19 50V, 10nF
Added Member To Class: ClassName=AMS_balancing Member=Component C20 50V, 10nF
Added Member To Class: ClassName=AMS_balancing Member=Component C21 50V, 10nF
Added Member To Class: ClassName=AMS_balancing Member=Component C22 50V, 10nF
Added Member To Class: ClassName=AMS_balancing Member=Component C23 50V, 10nF
Added Member To Class: ClassName=AMS_balancing Member=Component C24 50V, 10nF
Added Member To Class: ClassName=AMS_balancing Member=Component C25 50V, 10nF
Added Member To Class: ClassName=AMS_balancing Member=Component C38 50V, 10nF
Added Member To Class: ClassName=AMS_balancing Member=Component C39 50V, 100nF
Added Member To Class: ClassName=AMS_balancing Member=Component D4 Yellow
Added Member To Class: ClassName=AMS_balancing Member=Component D5 Yellow
Added Member To Class: ClassName=AMS_balancing Member=Component D6 Yellow
Added Member To Class: ClassName=AMS_balancing Member=Component D7 Yellow
Added Member To Class: ClassName=AMS_balancing Member=Component D8 Yellow
Added Member To Class: ClassName=AMS_balancing Member=Component D9 Yellow
Added Member To Class: ClassName=AMS_balancing Member=Component D10 Yellow
Added Member To Class: ClassName=AMS_balancing Member=Component D11 Yellow
Added Member To Class: ClassName=AMS_balancing Member=Component D12 Yellow
Added Member To Class: ClassName=AMS_balancing Member=Component D13 Yellow
Added Member To Class: ClassName=AMS_balancing Member=Component D14 Yellow
Added Member To Class: ClassName=AMS_balancing Member=Component D15 Yellow
Added Member To Class: ClassName=AMS_balancing Member=Component FB1 560 Ohm
Added Member To Class: ClassName=AMS_balancing Member=Component FB2 560 Ohm
Added Member To Class: ClassName=AMS_balancing Member=Component FB3 560 Ohm
Added Member To Class: ClassName=AMS_balancing Member=Component FB4 560 Ohm
Added Member To Class: ClassName=AMS_balancing Member=Component FB5 560 Ohm
Added Member To Class: ClassName=AMS_balancing Member=Component FB6 560 Ohm
Added Member To Class: ClassName=AMS_balancing Member=Component FB7 560 Ohm
Added Member To Class: ClassName=AMS_balancing Member=Component FB8 560 Ohm
Added Member To Class: ClassName=AMS_balancing Member=Component FB9 560 Ohm
Added Member To Class: ClassName=AMS_balancing Member=Component FB10 560 Ohm
Added Member To Class: ClassName=AMS_balancing Member=Component FB11 560 Ohm
Added Member To Class: ClassName=AMS_balancing Member=Component FB12 560 Ohm
Added Member To Class: ClassName=AMS_balancing Member=Component FB13 560 Ohm
Added Member To Class: ClassName=AMS_balancing Member=Component FB14 560 Ohm
Added Member To Class: ClassName=AMS_balancing Member=Component FB15 560 Ohm
Added Member To Class: ClassName=AMS_balancing Member=Component Q1 BSS308PE
Added Member To Class: ClassName=AMS_balancing Member=Component Q2 BSS308PE
Added Member To Class: ClassName=AMS_balancing Member=Component Q3 BSS308PE
Added Member To Class: ClassName=AMS_balancing Member=Component Q4 BSS308PE
Added Member To Class: ClassName=AMS_balancing Member=Component Q5 BSS308PE
Added Member To Class: ClassName=AMS_balancing Member=Component Q6 BSS308PE
Added Member To Class: ClassName=AMS_balancing Member=Component Q7 BSS308PE
Added Member To Class: ClassName=AMS_balancing Member=Component Q8 BSS308PE
Added Member To Class: ClassName=AMS_balancing Member=Component Q9 BSS308PE
Added Member To Class: ClassName=AMS_balancing Member=Component Q10 BSS308PE
Added Member To Class: ClassName=AMS_balancing Member=Component Q11 BSS308PE
Added Member To Class: ClassName=AMS_balancing Member=Component Q12 BSS308PE
Added Member To Class: ClassName=AMS_balancing Member=Component R8 470O
Added Member To Class: ClassName=AMS_balancing Member=Component R9 470O
Added Member To Class: ClassName=AMS_balancing Member=Component R10 470O
Added Member To Class: ClassName=AMS_balancing Member=Component R11 470O
Added Member To Class: ClassName=AMS_balancing Member=Component R12 470O
Added Member To Class: ClassName=AMS_balancing Member=Component R13 470O
Added Member To Class: ClassName=AMS_balancing Member=Component R14 470O
Added Member To Class: ClassName=AMS_balancing Member=Component R15 470O
Added Member To Class: ClassName=AMS_balancing Member=Component R16 470O
Added Member To Class: ClassName=AMS_balancing Member=Component R17 470O
Added Member To Class: ClassName=AMS_balancing Member=Component R18 470O
Added Member To Class: ClassName=AMS_balancing Member=Component R19 470O
Added Member To Class: ClassName=AMS_balancing Member=Component R20 2W, 15O
Added Member To Class: ClassName=AMS_balancing Member=Component R21 2W, 15O
Added Member To Class: ClassName=AMS_balancing Member=Component R22 2W, 15O
Added Member To Class: ClassName=AMS_balancing Member=Component R23 2W, 15O
Added Member To Class: ClassName=AMS_balancing Member=Component R24 2W, 15O
Added Member To Class: ClassName=AMS_balancing Member=Component R25 2W, 15O
Added Member To Class: ClassName=AMS_balancing Member=Component R26 2W, 15O
Added Member To Class: ClassName=AMS_balancing Member=Component R27 2W, 15O
Added Member To Class: ClassName=AMS_balancing Member=Component R28 2W, 15O
Added Member To Class: ClassName=AMS_balancing Member=Component R29 2W, 15O
Added Member To Class: ClassName=AMS_balancing Member=Component R30 2W, 15O
Added Member To Class: ClassName=AMS_balancing Member=Component R31 2W, 15O
Added Member To Class: ClassName=AMS_balancing Member=Component R32 1kO
Added Member To Class: ClassName=AMS_balancing Member=Component R33 1kO
Added Member To Class: ClassName=AMS_balancing Member=Component R34 1kO
Added Member To Class: ClassName=AMS_balancing Member=Component R38 1kO
Added Member To Class: ClassName=AMS_balancing Member=Component R44 100O
Added Member To Class: ClassName=AMS_balancing Member=Component R45 100O
Added Member To Class: ClassName=AMS_balancing Member=Component R46 100O
