Removed Pin From Net: NetName=NTC1 Pin=R301-1
Removed Pin From Net: NetName=NTC2 Pin=R302-1
Removed Pin From Net: NetName=NTC3 Pin=R303-1
Removed Pin From Net: NetName=NTC4 Pin=R304-1
Removed Pin From Net: NetName=NTC5 Pin=R305-1
Removed Pin From Net: NetName=NTC6 Pin=R306-1
Removed Pin From Net: NetName=NTC7 Pin=R307-1
Removed Pin From Net: NetName=NTC8_9 Pin=R308-1
Removed Pin From Net: NetName=NTC5 Pin=U301-1
Removed Pin From Net: NetName=NTC7 Pin=U301-2
Removed Pin From Net: NetName=NTC8_9 Pin=U301-4
Removed Pin From Net: NetName=NTC6 Pin=U301-5
Removed Pin From Net: NetName=NTC4 Pin=U301-12
Removed Pin From Net: NetName=NTC1 Pin=U301-13
Removed Pin From Net: NetName=NTC2 Pin=U301-14
Removed Pin From Net: NetName=NTC3 Pin=U301-15
Added Pin To Net: NetName=NTC8_9 Pin=R301-1
Added Pin To Net: NetName=NTC7 Pin=R302-1
Added Pin To Net: NetName=NTC6 Pin=R303-1
Added Pin To Net: NetName=NTC5 Pin=R304-1
Added Pin To Net: NetName=NTC4 Pin=R305-1
Added Pin To Net: NetName=NTC3 Pin=R306-1
Added Pin To Net: NetName=NTC2 Pin=R307-1
Added Pin To Net: NetName=NTC1 Pin=R308-1
Added Pin To Net: NetName=NTC4 Pin=U301-1
Added Pin To Net: NetName=NTC2 Pin=U301-2
Added Pin To Net: NetName=NTC1 Pin=U301-4
Added Pin To Net: NetName=NTC3 Pin=U301-5
Added Pin To Net: NetName=NTC5 Pin=U301-12
Added Pin To Net: NetName=NTC8_9 Pin=U301-13
Added Pin To Net: NetName=NTC7 Pin=U301-14
Added Pin To Net: NetName=NTC6 Pin=U301-15
